<?xml version="1.0" encoding="UTF-8"?>
<testsuite name="com.integration.com.nicindustries.hibernate.memcached.spymemcached.SpyMemcacheClientFactoryIT" tests="4" skipped="0" failures="0" errors="0" timestamp="2022-07-27T22:32:01" hostname="macbook-pro.nicindustries.local" time="2.55">
  <properties/>
  <testcase name="testAuth" classname="com.integration.com.nicindustries.hibernate.memcached.spymemcached.SpyMemcacheClientFactoryIT" time="2.533"/>
  <testcase name="testAllPropertiesSet" classname="com.integration.com.nicindustries.hibernate.memcached.spymemcached.SpyMemcacheClientFactoryIT" time="0.003"/>
  <testcase name="testDefaults" classname="com.integration.com.nicindustries.hibernate.memcached.spymemcached.SpyMemcacheClientFactoryIT" time="0.002"/>
  <testcase name="testNoAuth" classname="com.integration.com.nicindustries.hibernate.memcached.spymemcached.SpyMemcacheClientFactoryIT" time="0.012"/>
  <system-out><![CDATA[9782 [Test worker] INFO net.spy.memcached.MemcachedConnection  - Setting retryQueueSize to -1
9784 [Test worker] INFO net.spy.memcached.MemcachedConnection  - Added {QA sa=localhost/127.0.0.1:11211, #Rops=0, #Wops=0, #iq=0, topRop=null, topWop=null, toWrite=0, interested=0} to connect queue
9784 [Test worker] DEBUG com.nicindustries.hibernate.memcached.spymemcached.SpyMemcacheClientFactory$3  - Metric collection disabled.
9784 [Memcached IO over {MemcachedConnection to localhost/127.0.0.1:11211}] DEBUG net.spy.memcached.MemcachedConnection  - Done dealing with queue.
9784 [Test worker] DEBUG com.nicindustries.hibernate.memcached.spymemcached.SpyMemcache  - MemcachedClient.set(ten)
9784 [Memcached IO over {MemcachedConnection to localhost/127.0.0.1:11211}] DEBUG net.spy.memcached.MemcachedConnection  - Selecting with delay of 1000ms
9784 [Memcached IO over {MemcachedConnection to localhost/127.0.0.1:11211}] DEBUG net.spy.memcached.MemcachedConnection  - Checked the selectors.
9784 [Memcached IO over {MemcachedConnection to localhost/127.0.0.1:11211}] DEBUG net.spy.memcached.MemcachedConnection  - Selected 1, selected 1 keys
9784 [Memcached IO over {MemcachedConnection to localhost/127.0.0.1:11211}] DEBUG net.spy.memcached.MemcachedConnection  - Handling IO for:  channel=java.nio.channels.SocketChannel[connection-pending remote=localhost/127.0.0.1:11211], selector=sun.nio.ch.KQueueSelectorImpl@2bb038ca, interestOps=8, readyOps=8 (r=false, w=false, c=true, op={QA sa=localhost/127.0.0.1:11211, #Rops=0, #Wops=0, #iq=0, topRop=null, topWop=null, toWrite=0, interested=8})
9784 [Memcached IO over {MemcachedConnection to localhost/127.0.0.1:11211}] DEBUG net.spy.memcached.MemcachedConnection  - Connection state changed for channel=java.nio.channels.SocketChannel[connection-pending remote=localhost/127.0.0.1:11211], selector=sun.nio.ch.KQueueSelectorImpl@2bb038ca, interestOps=8, readyOps=8
9785 [Memcached IO over {MemcachedConnection to localhost/127.0.0.1:11211}] DEBUG net.spy.memcached.protocol.binary.BinaryMemcachedNodeImpl  - Setting interested opts to 0
9785 [Memcached IO over {MemcachedConnection to localhost/127.0.0.1:11211}] DEBUG net.spy.memcached.MemcachedConnection  - Handling queue
9785 [Thread-10] DEBUG net.spy.memcached.auth.AuthThread  - SASL List Mechanisms took 0ms on {QA sa=localhost/127.0.0.1:11211, #Rops=0, #Wops=0, #iq=0, topRop=null, topWop=null, toWrite=0, interested=8}
9785 [Memcached IO over {MemcachedConnection to localhost/127.0.0.1:11211}] DEBUG net.spy.memcached.protocol.binary.BinaryMemcachedNodeImpl  - Setting interested opts to 0
9785 [Memcached IO over {MemcachedConnection to localhost/127.0.0.1:11211}] DEBUG net.spy.memcached.MemcachedConnection  - Done dealing with queue.
9785 [Memcached IO over {MemcachedConnection to localhost/127.0.0.1:11211}] DEBUG net.spy.memcached.MemcachedConnection  - Selecting with delay of 1000ms
9785 [Memcached IO over {MemcachedConnection to localhost/127.0.0.1:11211}] DEBUG net.spy.memcached.MemcachedConnection  - Checked the selectors.
9785 [Test worker] DEBUG com.nicindustries.hibernate.memcached.spymemcached.SpyMemcache  - MemcachedClient.get(ten)
9809 [Thread-10] DEBUG net.spy.memcached.protocol.binary.SASLAuthOperationImpl  - Using SASL auth mechanism: PLAIN
9809 [Thread-10] DEBUG net.spy.memcached.MemcachedConnection  - Added SASL auth operation to {QA sa=localhost/127.0.0.1:11211, #Rops=0, #Wops=0, #iq=1, topRop=null, topWop=null, toWrite=0, interested=0}
9809 [Memcached IO over {MemcachedConnection to localhost/127.0.0.1:11211}] DEBUG net.spy.memcached.MemcachedConnection  - No selectors ready, interrupted: false
9810 [Memcached IO over {MemcachedConnection to localhost/127.0.0.1:11211}] DEBUG net.spy.memcached.MemcachedConnection  - Handling queue
9810 [Memcached IO over {MemcachedConnection to localhost/127.0.0.1:11211}] DEBUG net.spy.memcached.protocol.binary.BinaryMemcachedNodeImpl  - Setting interested opts to 4
9810 [Memcached IO over {MemcachedConnection to localhost/127.0.0.1:11211}] DEBUG net.spy.memcached.MemcachedConnection  - Done dealing with queue.
9810 [Memcached IO over {MemcachedConnection to localhost/127.0.0.1:11211}] DEBUG net.spy.memcached.MemcachedConnection  - Selecting with delay of 1000ms
9810 [Memcached IO over {MemcachedConnection to localhost/127.0.0.1:11211}] DEBUG net.spy.memcached.MemcachedConnection  - Checked the selectors.
9810 [Memcached IO over {MemcachedConnection to localhost/127.0.0.1:11211}] DEBUG net.spy.memcached.MemcachedConnection  - Selected 1, selected 1 keys
9810 [Memcached IO over {MemcachedConnection to localhost/127.0.0.1:11211}] DEBUG net.spy.memcached.MemcachedConnection  - Handling IO for:  channel=java.nio.channels.SocketChannel[connected local=/127.0.0.1:61833 remote=localhost/127.0.0.1:11211], selector=sun.nio.ch.KQueueSelectorImpl@2bb038ca, interestOps=4, readyOps=4 (r=false, w=true, c=false, op={QA sa=localhost/127.0.0.1:11211, #Rops=0, #Wops=1, #iq=0, topRop=null, topWop=SASL auth operation, toWrite=0, interested=4})
9810 [Memcached IO over {MemcachedConnection to localhost/127.0.0.1:11211}] DEBUG net.spy.memcached.protocol.binary.SASLAuthOperationImpl  - Transitioned state from WRITE_QUEUED to WRITING
9810 [Memcached IO over {MemcachedConnection to localhost/127.0.0.1:11211}] DEBUG net.spy.memcached.protocol.binary.BinaryMemcachedNodeImpl  - After copying stuff from SASL auth operation: java.nio.DirectByteBuffer[pos=39 lim=16384 cap=16384]
9810 [Memcached IO over {MemcachedConnection to localhost/127.0.0.1:11211}] DEBUG net.spy.memcached.protocol.binary.SASLAuthOperationImpl  - Transitioned state from WRITING to READING
9810 [Memcached IO over {MemcachedConnection to localhost/127.0.0.1:11211}] DEBUG net.spy.memcached.protocol.binary.BinaryMemcachedNodeImpl  - Finished writing SASL auth operation
9810 [Memcached IO over {MemcachedConnection to localhost/127.0.0.1:11211}] DEBUG net.spy.memcached.protocol.binary.BinaryMemcachedNodeImpl  - Wrote 39 bytes
9810 [Memcached IO over {MemcachedConnection to localhost/127.0.0.1:11211}] DEBUG net.spy.memcached.protocol.binary.BinaryMemcachedNodeImpl  - Setting interested opts to 1
9810 [Memcached IO over {MemcachedConnection to localhost/127.0.0.1:11211}] DEBUG net.spy.memcached.MemcachedConnection  - Done dealing with queue.
9810 [Memcached IO over {MemcachedConnection to localhost/127.0.0.1:11211}] DEBUG net.spy.memcached.MemcachedConnection  - Selecting with delay of 1000ms
9810 [Memcached IO over {MemcachedConnection to localhost/127.0.0.1:11211}] DEBUG net.spy.memcached.MemcachedConnection  - Checked the selectors.
9812 [Memcached IO over {MemcachedConnection to localhost/127.0.0.1:11211}] DEBUG net.spy.memcached.MemcachedConnection  - Selected 1, selected 1 keys
9812 [Memcached IO over {MemcachedConnection to localhost/127.0.0.1:11211}] DEBUG net.spy.memcached.MemcachedConnection  - Handling IO for:  channel=java.nio.channels.SocketChannel[connected local=/127.0.0.1:61833 remote=localhost/127.0.0.1:11211], selector=sun.nio.ch.KQueueSelectorImpl@2bb038ca, interestOps=1, readyOps=1 (r=true, w=false, c=false, op={QA sa=localhost/127.0.0.1:11211, #Rops=1, #Wops=0, #iq=0, topRop=SASL auth operation, topWop=null, toWrite=0, interested=1})
9812 [Memcached IO over {MemcachedConnection to localhost/127.0.0.1:11211}] DEBUG net.spy.memcached.MemcachedConnection  - Read 39 bytes
9812 [Memcached IO over {MemcachedConnection to localhost/127.0.0.1:11211}] DEBUG net.spy.memcached.protocol.binary.SASLAuthOperationImpl  - Reading 24 header bytes
9812 [Memcached IO over {MemcachedConnection to localhost/127.0.0.1:11211}] DEBUG net.spy.memcached.protocol.binary.SASLAuthOperationImpl  - Reading 15 payload bytes
9812 [Memcached IO over {MemcachedConnection to localhost/127.0.0.1:11211}] DEBUG net.spy.memcached.protocol.binary.SASLAuthOperationImpl  - Transitioned state from READING to COMPLETE
9812 [Memcached IO over {MemcachedConnection to localhost/127.0.0.1:11211}] DEBUG net.spy.memcached.MemcachedConnection  - Completed read op: SASL auth operation and giving the next 0 bytes
9812 [Memcached IO over {MemcachedConnection to localhost/127.0.0.1:11211}] DEBUG net.spy.memcached.protocol.binary.BinaryMemcachedNodeImpl  - Setting interested opts to 0
9812 [Memcached IO over {MemcachedConnection to localhost/127.0.0.1:11211}] DEBUG net.spy.memcached.MemcachedConnection  - Done dealing with queue.
9813 [Memcached IO over {MemcachedConnection to localhost/127.0.0.1:11211}] DEBUG net.spy.memcached.MemcachedConnection  - Selecting with delay of 1000ms
9813 [Memcached IO over {MemcachedConnection to localhost/127.0.0.1:11211}] DEBUG net.spy.memcached.MemcachedConnection  - Checked the selectors.
9918 [Thread-10] DEBUG net.spy.memcached.auth.AuthThread  - SASL Step took 132ms on {QA sa=localhost/127.0.0.1:11211, #Rops=0, #Wops=0, #iq=0, topRop=null, topWop=null, toWrite=0, interested=0}
9918 [Thread-10] WARN net.spy.memcached.auth.AuthThread  - Authentication failed to localhost/127.0.0.1:11211, Status: {OperationStatus success=false:  Unknown command}
9921 [Thread-10] DEBUG net.spy.memcached.protocol.binary.SASLStepOperationImpl  - Using SASL auth mechanism: PLAIN
9921 [Thread-10] DEBUG net.spy.memcached.MemcachedConnection  - Added SASL steps operation to {QA sa=localhost/127.0.0.1:11211, #Rops=0, #Wops=0, #iq=1, topRop=null, topWop=null, toWrite=0, interested=0}
9921 [Memcached IO over {MemcachedConnection to localhost/127.0.0.1:11211}] DEBUG net.spy.memcached.MemcachedConnection  - No selectors ready, interrupted: false
9922 [Memcached IO over {MemcachedConnection to localhost/127.0.0.1:11211}] DEBUG net.spy.memcached.MemcachedConnection  - Handling queue
9922 [Memcached IO over {MemcachedConnection to localhost/127.0.0.1:11211}] DEBUG net.spy.memcached.protocol.binary.BinaryMemcachedNodeImpl  - Setting interested opts to 4
9922 [Memcached IO over {MemcachedConnection to localhost/127.0.0.1:11211}] DEBUG net.spy.memcached.MemcachedConnection  - Done dealing with queue.
9922 [Memcached IO over {MemcachedConnection to localhost/127.0.0.1:11211}] DEBUG net.spy.memcached.MemcachedConnection  - Selecting with delay of 1000ms
9922 [Memcached IO over {MemcachedConnection to localhost/127.0.0.1:11211}] DEBUG net.spy.memcached.MemcachedConnection  - Checked the selectors.
9922 [Memcached IO over {MemcachedConnection to localhost/127.0.0.1:11211}] DEBUG net.spy.memcached.MemcachedConnection  - Selected 1, selected 1 keys
9922 [Memcached IO over {MemcachedConnection to localhost/127.0.0.1:11211}] DEBUG net.spy.memcached.MemcachedConnection  - Handling IO for:  channel=java.nio.channels.SocketChannel[connected local=/127.0.0.1:61833 remote=localhost/127.0.0.1:11211], selector=sun.nio.ch.KQueueSelectorImpl@2bb038ca, interestOps=4, readyOps=4 (r=false, w=true, c=false, op={QA sa=localhost/127.0.0.1:11211, #Rops=0, #Wops=1, #iq=0, topRop=null, topWop=SASL steps operation, toWrite=0, interested=4})
9922 [Memcached IO over {MemcachedConnection to localhost/127.0.0.1:11211}] DEBUG net.spy.memcached.protocol.binary.SASLStepOperationImpl  - Transitioned state from WRITE_QUEUED to WRITING
9922 [Memcached IO over {MemcachedConnection to localhost/127.0.0.1:11211}] DEBUG net.spy.memcached.protocol.binary.BinaryMemcachedNodeImpl  - After copying stuff from SASL steps operation: java.nio.DirectByteBuffer[pos=39 lim=16384 cap=16384]
9922 [Memcached IO over {MemcachedConnection to localhost/127.0.0.1:11211}] DEBUG net.spy.memcached.protocol.binary.SASLStepOperationImpl  - Transitioned state from WRITING to READING
9922 [Memcached IO over {MemcachedConnection to localhost/127.0.0.1:11211}] DEBUG net.spy.memcached.protocol.binary.BinaryMemcachedNodeImpl  - Finished writing SASL steps operation
9933 [Memcached IO over {MemcachedConnection to localhost/127.0.0.1:11211}] DEBUG net.spy.memcached.protocol.binary.BinaryMemcachedNodeImpl  - Wrote 39 bytes
9934 [Memcached IO over {MemcachedConnection to localhost/127.0.0.1:11211}] DEBUG net.spy.memcached.protocol.binary.BinaryMemcachedNodeImpl  - Setting interested opts to 1
9934 [Memcached IO over {MemcachedConnection to localhost/127.0.0.1:11211}] DEBUG net.spy.memcached.MemcachedConnection  - Done dealing with queue.
9934 [Memcached IO over {MemcachedConnection to localhost/127.0.0.1:11211}] DEBUG net.spy.memcached.MemcachedConnection  - Selecting with delay of 1000ms
9934 [Memcached IO over {MemcachedConnection to localhost/127.0.0.1:11211}] DEBUG net.spy.memcached.MemcachedConnection  - Checked the selectors.
9934 [Memcached IO over {MemcachedConnection to localhost/127.0.0.1:11211}] DEBUG net.spy.memcached.MemcachedConnection  - Selected 1, selected 1 keys
9935 [Memcached IO over {MemcachedConnection to localhost/127.0.0.1:11211}] DEBUG net.spy.memcached.MemcachedConnection  - Handling IO for:  channel=java.nio.channels.SocketChannel[connected local=/127.0.0.1:61833 remote=localhost/127.0.0.1:11211], selector=sun.nio.ch.KQueueSelectorImpl@2bb038ca, interestOps=1, readyOps=1 (r=true, w=false, c=false, op={QA sa=localhost/127.0.0.1:11211, #Rops=1, #Wops=0, #iq=0, topRop=SASL steps operation, topWop=null, toWrite=0, interested=1})
9935 [Memcached IO over {MemcachedConnection to localhost/127.0.0.1:11211}] DEBUG net.spy.memcached.MemcachedConnection  - Read 39 bytes
9935 [Memcached IO over {MemcachedConnection to localhost/127.0.0.1:11211}] DEBUG net.spy.memcached.protocol.binary.SASLStepOperationImpl  - Reading 24 header bytes
9935 [Memcached IO over {MemcachedConnection to localhost/127.0.0.1:11211}] DEBUG net.spy.memcached.protocol.binary.SASLStepOperationImpl  - Reading 15 payload bytes
9935 [Memcached IO over {MemcachedConnection to localhost/127.0.0.1:11211}] DEBUG net.spy.memcached.protocol.binary.SASLStepOperationImpl  - Transitioned state from READING to COMPLETE
9935 [Memcached IO over {MemcachedConnection to localhost/127.0.0.1:11211}] DEBUG net.spy.memcached.MemcachedConnection  - Completed read op: SASL steps operation and giving the next 0 bytes
9935 [Memcached IO over {MemcachedConnection to localhost/127.0.0.1:11211}] DEBUG net.spy.memcached.protocol.binary.BinaryMemcachedNodeImpl  - Setting interested opts to 0
9935 [Memcached IO over {MemcachedConnection to localhost/127.0.0.1:11211}] DEBUG net.spy.memcached.MemcachedConnection  - Done dealing with queue.
9936 [Memcached IO over {MemcachedConnection to localhost/127.0.0.1:11211}] DEBUG net.spy.memcached.MemcachedConnection  - Selecting with delay of 1000ms
9936 [Memcached IO over {MemcachedConnection to localhost/127.0.0.1:11211}] DEBUG net.spy.memcached.MemcachedConnection  - Checked the selectors.
10041 [Thread-10] DEBUG net.spy.memcached.auth.AuthThread  - SASL Step took 122ms on {QA sa=localhost/127.0.0.1:11211, #Rops=0, #Wops=0, #iq=0, topRop=null, topWop=null, toWrite=0, interested=0}
10042 [Thread-10] WARN net.spy.memcached.auth.AuthThread  - Authentication failed to localhost/127.0.0.1:11211, Status: {OperationStatus success=false:  Unknown command}
10044 [Thread-10] DEBUG net.spy.memcached.protocol.binary.SASLStepOperationImpl  - Using SASL auth mechanism: PLAIN
10044 [Thread-10] DEBUG net.spy.memcached.MemcachedConnection  - Added SASL steps operation to {QA sa=localhost/127.0.0.1:11211, #Rops=0, #Wops=0, #iq=1, topRop=null, topWop=null, toWrite=0, interested=0}
10045 [Memcached IO over {MemcachedConnection to localhost/127.0.0.1:11211}] DEBUG net.spy.memcached.MemcachedConnection  - No selectors ready, interrupted: false
10045 [Memcached IO over {MemcachedConnection to localhost/127.0.0.1:11211}] DEBUG net.spy.memcached.MemcachedConnection  - Handling queue
10045 [Memcached IO over {MemcachedConnection to localhost/127.0.0.1:11211}] DEBUG net.spy.memcached.protocol.binary.BinaryMemcachedNodeImpl  - Setting interested opts to 4
10045 [Memcached IO over {MemcachedConnection to localhost/127.0.0.1:11211}] DEBUG net.spy.memcached.MemcachedConnection  - Done dealing with queue.
10045 [Memcached IO over {MemcachedConnection to localhost/127.0.0.1:11211}] DEBUG net.spy.memcached.MemcachedConnection  - Selecting with delay of 1000ms
10045 [Memcached IO over {MemcachedConnection to localhost/127.0.0.1:11211}] DEBUG net.spy.memcached.MemcachedConnection  - Checked the selectors.
10045 [Memcached IO over {MemcachedConnection to localhost/127.0.0.1:11211}] DEBUG net.spy.memcached.MemcachedConnection  - Selected 1, selected 1 keys
10045 [Memcached IO over {MemcachedConnection to localhost/127.0.0.1:11211}] DEBUG net.spy.memcached.MemcachedConnection  - Handling IO for:  channel=java.nio.channels.SocketChannel[connected local=/127.0.0.1:61833 remote=localhost/127.0.0.1:11211], selector=sun.nio.ch.KQueueSelectorImpl@2bb038ca, interestOps=4, readyOps=4 (r=false, w=true, c=false, op={QA sa=localhost/127.0.0.1:11211, #Rops=0, #Wops=1, #iq=0, topRop=null, topWop=SASL steps operation, toWrite=0, interested=4})
10045 [Memcached IO over {MemcachedConnection to localhost/127.0.0.1:11211}] DEBUG net.spy.memcached.protocol.binary.SASLStepOperationImpl  - Transitioned state from WRITE_QUEUED to WRITING
10046 [Memcached IO over {MemcachedConnection to localhost/127.0.0.1:11211}] DEBUG net.spy.memcached.protocol.binary.BinaryMemcachedNodeImpl  - After copying stuff from SASL steps operation: java.nio.DirectByteBuffer[pos=39 lim=16384 cap=16384]
10046 [Memcached IO over {MemcachedConnection to localhost/127.0.0.1:11211}] DEBUG net.spy.memcached.protocol.binary.SASLStepOperationImpl  - Transitioned state from WRITING to READING
10046 [Memcached IO over {MemcachedConnection to localhost/127.0.0.1:11211}] DEBUG net.spy.memcached.protocol.binary.BinaryMemcachedNodeImpl  - Finished writing SASL steps operation
10046 [Memcached IO over {MemcachedConnection to localhost/127.0.0.1:11211}] DEBUG net.spy.memcached.protocol.binary.BinaryMemcachedNodeImpl  - Wrote 39 bytes
10046 [Memcached IO over {MemcachedConnection to localhost/127.0.0.1:11211}] DEBUG net.spy.memcached.protocol.binary.BinaryMemcachedNodeImpl  - Setting interested opts to 1
10046 [Memcached IO over {MemcachedConnection to localhost/127.0.0.1:11211}] DEBUG net.spy.memcached.MemcachedConnection  - Done dealing with queue.
10046 [Memcached IO over {MemcachedConnection to localhost/127.0.0.1:11211}] DEBUG net.spy.memcached.MemcachedConnection  - Selecting with delay of 1000ms
10046 [Memcached IO over {MemcachedConnection to localhost/127.0.0.1:11211}] DEBUG net.spy.memcached.MemcachedConnection  - Checked the selectors.
10054 [Memcached IO over {MemcachedConnection to localhost/127.0.0.1:11211}] DEBUG net.spy.memcached.MemcachedConnection  - Selected 1, selected 1 keys
10054 [Memcached IO over {MemcachedConnection to localhost/127.0.0.1:11211}] DEBUG net.spy.memcached.MemcachedConnection  - Handling IO for:  channel=java.nio.channels.SocketChannel[connected local=/127.0.0.1:61833 remote=localhost/127.0.0.1:11211], selector=sun.nio.ch.KQueueSelectorImpl@2bb038ca, interestOps=1, readyOps=1 (r=true, w=false, c=false, op={QA sa=localhost/127.0.0.1:11211, #Rops=1, #Wops=0, #iq=0, topRop=SASL steps operation, topWop=null, toWrite=0, interested=1})
10054 [Memcached IO over {MemcachedConnection to localhost/127.0.0.1:11211}] DEBUG net.spy.memcached.MemcachedConnection  - Read 39 bytes
10054 [Memcached IO over {MemcachedConnection to localhost/127.0.0.1:11211}] DEBUG net.spy.memcached.protocol.binary.SASLStepOperationImpl  - Reading 24 header bytes
10054 [Memcached IO over {MemcachedConnection to localhost/127.0.0.1:11211}] DEBUG net.spy.memcached.protocol.binary.SASLStepOperationImpl  - Reading 15 payload bytes
10054 [Memcached IO over {MemcachedConnection to localhost/127.0.0.1:11211}] DEBUG net.spy.memcached.protocol.binary.SASLStepOperationImpl  - Transitioned state from READING to COMPLETE
10054 [Memcached IO over {MemcachedConnection to localhost/127.0.0.1:11211}] DEBUG net.spy.memcached.MemcachedConnection  - Completed read op: SASL steps operation and giving the next 0 bytes
10054 [Memcached IO over {MemcachedConnection to localhost/127.0.0.1:11211}] DEBUG net.spy.memcached.protocol.binary.BinaryMemcachedNodeImpl  - Setting interested opts to 0
10054 [Memcached IO over {MemcachedConnection to localhost/127.0.0.1:11211}] DEBUG net.spy.memcached.MemcachedConnection  - Done dealing with queue.
10054 [Memcached IO over {MemcachedConnection to localhost/127.0.0.1:11211}] DEBUG net.spy.memcached.MemcachedConnection  - Selecting with delay of 1000ms
10054 [Memcached IO over {MemcachedConnection to localhost/127.0.0.1:11211}] DEBUG net.spy.memcached.MemcachedConnection  - Checked the selectors.
10160 [Thread-10] DEBUG net.spy.memcached.auth.AuthThread  - SASL Step took 117ms on {QA sa=localhost/127.0.0.1:11211, #Rops=0, #Wops=0, #iq=0, topRop=null, topWop=null, toWrite=0, interested=0}
10160 [Thread-10] WARN net.spy.memcached.auth.AuthThread  - Authentication failed to localhost/127.0.0.1:11211, Status: {OperationStatus success=false:  Unknown command}
10162 [Thread-10] DEBUG net.spy.memcached.protocol.binary.SASLStepOperationImpl  - Using SASL auth mechanism: PLAIN
10162 [Thread-10] DEBUG net.spy.memcached.MemcachedConnection  - Added SASL steps operation to {QA sa=localhost/127.0.0.1:11211, #Rops=0, #Wops=0, #iq=1, topRop=null, topWop=null, toWrite=0, interested=0}
10163 [Memcached IO over {MemcachedConnection to localhost/127.0.0.1:11211}] DEBUG net.spy.memcached.MemcachedConnection  - No selectors ready, interrupted: false
10163 [Memcached IO over {MemcachedConnection to localhost/127.0.0.1:11211}] DEBUG net.spy.memcached.MemcachedConnection  - Handling queue
10164 [Memcached IO over {MemcachedConnection to localhost/127.0.0.1:11211}] DEBUG net.spy.memcached.protocol.binary.BinaryMemcachedNodeImpl  - Setting interested opts to 4
10164 [Memcached IO over {MemcachedConnection to localhost/127.0.0.1:11211}] DEBUG net.spy.memcached.MemcachedConnection  - Done dealing with queue.
10164 [Memcached IO over {MemcachedConnection to localhost/127.0.0.1:11211}] DEBUG net.spy.memcached.MemcachedConnection  - Selecting with delay of 1000ms
10164 [Memcached IO over {MemcachedConnection to localhost/127.0.0.1:11211}] DEBUG net.spy.memcached.MemcachedConnection  - Checked the selectors.
10164 [Memcached IO over {MemcachedConnection to localhost/127.0.0.1:11211}] DEBUG net.spy.memcached.MemcachedConnection  - Selected 1, selected 1 keys
10164 [Memcached IO over {MemcachedConnection to localhost/127.0.0.1:11211}] DEBUG net.spy.memcached.MemcachedConnection  - Handling IO for:  channel=java.nio.channels.SocketChannel[connected local=/127.0.0.1:61833 remote=localhost/127.0.0.1:11211], selector=sun.nio.ch.KQueueSelectorImpl@2bb038ca, interestOps=4, readyOps=4 (r=false, w=true, c=false, op={QA sa=localhost/127.0.0.1:11211, #Rops=0, #Wops=1, #iq=0, topRop=null, topWop=SASL steps operation, toWrite=0, interested=4})
10175 [Memcached IO over {MemcachedConnection to localhost/127.0.0.1:11211}] DEBUG net.spy.memcached.protocol.binary.SASLStepOperationImpl  - Transitioned state from WRITE_QUEUED to WRITING
10175 [Memcached IO over {MemcachedConnection to localhost/127.0.0.1:11211}] DEBUG net.spy.memcached.protocol.binary.BinaryMemcachedNodeImpl  - After copying stuff from SASL steps operation: java.nio.DirectByteBuffer[pos=39 lim=16384 cap=16384]
10175 [Memcached IO over {MemcachedConnection to localhost/127.0.0.1:11211}] DEBUG net.spy.memcached.protocol.binary.SASLStepOperationImpl  - Transitioned state from WRITING to READING
10175 [Memcached IO over {MemcachedConnection to localhost/127.0.0.1:11211}] DEBUG net.spy.memcached.protocol.binary.BinaryMemcachedNodeImpl  - Finished writing SASL steps operation
10175 [Memcached IO over {MemcachedConnection to localhost/127.0.0.1:11211}] DEBUG net.spy.memcached.protocol.binary.BinaryMemcachedNodeImpl  - Wrote 39 bytes
10175 [Memcached IO over {MemcachedConnection to localhost/127.0.0.1:11211}] DEBUG net.spy.memcached.protocol.binary.BinaryMemcachedNodeImpl  - Setting interested opts to 1
10175 [Memcached IO over {MemcachedConnection to localhost/127.0.0.1:11211}] DEBUG net.spy.memcached.MemcachedConnection  - Done dealing with queue.
10175 [Memcached IO over {MemcachedConnection to localhost/127.0.0.1:11211}] DEBUG net.spy.memcached.MemcachedConnection  - Selecting with delay of 1000ms
10175 [Memcached IO over {MemcachedConnection to localhost/127.0.0.1:11211}] DEBUG net.spy.memcached.MemcachedConnection  - Checked the selectors.
10189 [Memcached IO over {MemcachedConnection to localhost/127.0.0.1:11211}] DEBUG net.spy.memcached.MemcachedConnection  - Selected 1, selected 1 keys
10189 [Memcached IO over {MemcachedConnection to localhost/127.0.0.1:11211}] DEBUG net.spy.memcached.MemcachedConnection  - Handling IO for:  channel=java.nio.channels.SocketChannel[connected local=/127.0.0.1:61833 remote=localhost/127.0.0.1:11211], selector=sun.nio.ch.KQueueSelectorImpl@2bb038ca, interestOps=1, readyOps=1 (r=true, w=false, c=false, op={QA sa=localhost/127.0.0.1:11211, #Rops=1, #Wops=0, #iq=0, topRop=SASL steps operation, topWop=null, toWrite=0, interested=1})
10189 [Memcached IO over {MemcachedConnection to localhost/127.0.0.1:11211}] DEBUG net.spy.memcached.MemcachedConnection  - Read 39 bytes
10189 [Memcached IO over {MemcachedConnection to localhost/127.0.0.1:11211}] DEBUG net.spy.memcached.protocol.binary.SASLStepOperationImpl  - Reading 24 header bytes
10189 [Memcached IO over {MemcachedConnection to localhost/127.0.0.1:11211}] DEBUG net.spy.memcached.protocol.binary.SASLStepOperationImpl  - Reading 15 payload bytes
10189 [Memcached IO over {MemcachedConnection to localhost/127.0.0.1:11211}] DEBUG net.spy.memcached.protocol.binary.SASLStepOperationImpl  - Transitioned state from READING to COMPLETE
10189 [Memcached IO over {MemcachedConnection to localhost/127.0.0.1:11211}] DEBUG net.spy.memcached.MemcachedConnection  - Completed read op: SASL steps operation and giving the next 0 bytes
10189 [Memcached IO over {MemcachedConnection to localhost/127.0.0.1:11211}] DEBUG net.spy.memcached.protocol.binary.BinaryMemcachedNodeImpl  - Setting interested opts to 0
10189 [Memcached IO over {MemcachedConnection to localhost/127.0.0.1:11211}] DEBUG net.spy.memcached.MemcachedConnection  - Done dealing with queue.
10189 [Memcached IO over {MemcachedConnection to localhost/127.0.0.1:11211}] DEBUG net.spy.memcached.MemcachedConnection  - Selecting with delay of 1000ms
10189 [Memcached IO over {MemcachedConnection to localhost/127.0.0.1:11211}] DEBUG net.spy.memcached.MemcachedConnection  - Checked the selectors.
10292 [Thread-10] DEBUG net.spy.memcached.auth.AuthThread  - SASL Step took 131ms on {QA sa=localhost/127.0.0.1:11211, #Rops=0, #Wops=0, #iq=0, topRop=null, topWop=null, toWrite=0, interested=0}
10292 [Thread-10] WARN net.spy.memcached.auth.AuthThread  - Authentication failed to localhost/127.0.0.1:11211, Status: {OperationStatus success=false:  Unknown command}
10292 [Thread-10] DEBUG net.spy.memcached.protocol.binary.SASLStepOperationImpl  - Using SASL auth mechanism: PLAIN
10292 [Thread-10] DEBUG net.spy.memcached.MemcachedConnection  - Added SASL steps operation to {QA sa=localhost/127.0.0.1:11211, #Rops=0, #Wops=0, #iq=1, topRop=null, topWop=null, toWrite=0, interested=0}
10293 [Memcached IO over {MemcachedConnection to localhost/127.0.0.1:11211}] DEBUG net.spy.memcached.MemcachedConnection  - No selectors ready, interrupted: false
10293 [Memcached IO over {MemcachedConnection to localhost/127.0.0.1:11211}] DEBUG net.spy.memcached.MemcachedConnection  - Handling queue
10293 [Memcached IO over {MemcachedConnection to localhost/127.0.0.1:11211}] DEBUG net.spy.memcached.protocol.binary.BinaryMemcachedNodeImpl  - Setting interested opts to 4
10293 [Memcached IO over {MemcachedConnection to localhost/127.0.0.1:11211}] DEBUG net.spy.memcached.MemcachedConnection  - Done dealing with queue.
10293 [Memcached IO over {MemcachedConnection to localhost/127.0.0.1:11211}] DEBUG net.spy.memcached.MemcachedConnection  - Selecting with delay of 1000ms
10293 [Memcached IO over {MemcachedConnection to localhost/127.0.0.1:11211}] DEBUG net.spy.memcached.MemcachedConnection  - Checked the selectors.
10293 [Memcached IO over {MemcachedConnection to localhost/127.0.0.1:11211}] DEBUG net.spy.memcached.MemcachedConnection  - Selected 1, selected 1 keys
10293 [Memcached IO over {MemcachedConnection to localhost/127.0.0.1:11211}] DEBUG net.spy.memcached.MemcachedConnection  - Handling IO for:  channel=java.nio.channels.SocketChannel[connected local=/127.0.0.1:61833 remote=localhost/127.0.0.1:11211], selector=sun.nio.ch.KQueueSelectorImpl@2bb038ca, interestOps=4, readyOps=4 (r=false, w=true, c=false, op={QA sa=localhost/127.0.0.1:11211, #Rops=0, #Wops=1, #iq=0, topRop=null, topWop=SASL steps operation, toWrite=0, interested=4})
10293 [Memcached IO over {MemcachedConnection to localhost/127.0.0.1:11211}] DEBUG net.spy.memcached.protocol.binary.SASLStepOperationImpl  - Transitioned state from WRITE_QUEUED to WRITING
10293 [Memcached IO over {MemcachedConnection to localhost/127.0.0.1:11211}] DEBUG net.spy.memcached.protocol.binary.BinaryMemcachedNodeImpl  - After copying stuff from SASL steps operation: java.nio.DirectByteBuffer[pos=39 lim=16384 cap=16384]
10293 [Memcached IO over {MemcachedConnection to localhost/127.0.0.1:11211}] DEBUG net.spy.memcached.protocol.binary.SASLStepOperationImpl  - Transitioned state from WRITING to READING
10293 [Memcached IO over {MemcachedConnection to localhost/127.0.0.1:11211}] DEBUG net.spy.memcached.protocol.binary.BinaryMemcachedNodeImpl  - Finished writing SASL steps operation
10293 [Memcached IO over {MemcachedConnection to localhost/127.0.0.1:11211}] DEBUG net.spy.memcached.protocol.binary.BinaryMemcachedNodeImpl  - Wrote 39 bytes
10293 [Memcached IO over {MemcachedConnection to localhost/127.0.0.1:11211}] DEBUG net.spy.memcached.protocol.binary.BinaryMemcachedNodeImpl  - Setting interested opts to 1
10293 [Memcached IO over {MemcachedConnection to localhost/127.0.0.1:11211}] DEBUG net.spy.memcached.MemcachedConnection  - Done dealing with queue.
10293 [Memcached IO over {MemcachedConnection to localhost/127.0.0.1:11211}] DEBUG net.spy.memcached.MemcachedConnection  - Selecting with delay of 1000ms
10293 [Memcached IO over {MemcachedConnection to localhost/127.0.0.1:11211}] DEBUG net.spy.memcached.MemcachedConnection  - Checked the selectors.
10295 [Memcached IO over {MemcachedConnection to localhost/127.0.0.1:11211}] DEBUG net.spy.memcached.MemcachedConnection  - Selected 1, selected 1 keys
10296 [Memcached IO over {MemcachedConnection to localhost/127.0.0.1:11211}] DEBUG net.spy.memcached.MemcachedConnection  - Handling IO for:  channel=java.nio.channels.SocketChannel[connected local=/127.0.0.1:61833 remote=localhost/127.0.0.1:11211], selector=sun.nio.ch.KQueueSelectorImpl@2bb038ca, interestOps=1, readyOps=1 (r=true, w=false, c=false, op={QA sa=localhost/127.0.0.1:11211, #Rops=1, #Wops=0, #iq=0, topRop=SASL steps operation, topWop=null, toWrite=0, interested=1})
10296 [Memcached IO over {MemcachedConnection to localhost/127.0.0.1:11211}] DEBUG net.spy.memcached.MemcachedConnection  - Read 39 bytes
10296 [Memcached IO over {MemcachedConnection to localhost/127.0.0.1:11211}] DEBUG net.spy.memcached.protocol.binary.SASLStepOperationImpl  - Reading 24 header bytes
10296 [Memcached IO over {MemcachedConnection to localhost/127.0.0.1:11211}] DEBUG net.spy.memcached.protocol.binary.SASLStepOperationImpl  - Reading 15 payload bytes
10296 [Memcached IO over {MemcachedConnection to localhost/127.0.0.1:11211}] DEBUG net.spy.memcached.protocol.binary.SASLStepOperationImpl  - Transitioned state from READING to COMPLETE
10296 [Memcached IO over {MemcachedConnection to localhost/127.0.0.1:11211}] DEBUG net.spy.memcached.MemcachedConnection  - Completed read op: SASL steps operation and giving the next 0 bytes
10296 [Memcached IO over {MemcachedConnection to localhost/127.0.0.1:11211}] DEBUG net.spy.memcached.protocol.binary.BinaryMemcachedNodeImpl  - Setting interested opts to 0
10296 [Memcached IO over {MemcachedConnection to localhost/127.0.0.1:11211}] DEBUG net.spy.memcached.MemcachedConnection  - Done dealing with queue.
10296 [Memcached IO over {MemcachedConnection to localhost/127.0.0.1:11211}] DEBUG net.spy.memcached.MemcachedConnection  - Selecting with delay of 1000ms
10296 [Memcached IO over {MemcachedConnection to localhost/127.0.0.1:11211}] DEBUG net.spy.memcached.MemcachedConnection  - Checked the selectors.
10401 [Thread-10] DEBUG net.spy.memcached.auth.AuthThread  - SASL Step took 109ms on {QA sa=localhost/127.0.0.1:11211, #Rops=0, #Wops=0, #iq=0, topRop=null, topWop=null, toWrite=0, interested=0}
10401 [Thread-10] WARN net.spy.memcached.auth.AuthThread  - Authentication failed to localhost/127.0.0.1:11211, Status: {OperationStatus success=false:  Unknown command}
10401 [Thread-10] DEBUG net.spy.memcached.protocol.binary.SASLStepOperationImpl  - Using SASL auth mechanism: PLAIN
10402 [Thread-10] DEBUG net.spy.memcached.MemcachedConnection  - Added SASL steps operation to {QA sa=localhost/127.0.0.1:11211, #Rops=0, #Wops=0, #iq=1, topRop=null, topWop=null, toWrite=0, interested=0}
10402 [Memcached IO over {MemcachedConnection to localhost/127.0.0.1:11211}] DEBUG net.spy.memcached.MemcachedConnection  - No selectors ready, interrupted: false
10402 [Memcached IO over {MemcachedConnection to localhost/127.0.0.1:11211}] DEBUG net.spy.memcached.MemcachedConnection  - Handling queue
10402 [Memcached IO over {MemcachedConnection to localhost/127.0.0.1:11211}] DEBUG net.spy.memcached.protocol.binary.BinaryMemcachedNodeImpl  - Setting interested opts to 4
10402 [Memcached IO over {MemcachedConnection to localhost/127.0.0.1:11211}] DEBUG net.spy.memcached.MemcachedConnection  - Done dealing with queue.
10402 [Memcached IO over {MemcachedConnection to localhost/127.0.0.1:11211}] DEBUG net.spy.memcached.MemcachedConnection  - Selecting with delay of 1000ms
10402 [Memcached IO over {MemcachedConnection to localhost/127.0.0.1:11211}] DEBUG net.spy.memcached.MemcachedConnection  - Checked the selectors.
10402 [Memcached IO over {MemcachedConnection to localhost/127.0.0.1:11211}] DEBUG net.spy.memcached.MemcachedConnection  - Selected 1, selected 1 keys
10402 [Memcached IO over {MemcachedConnection to localhost/127.0.0.1:11211}] DEBUG net.spy.memcached.MemcachedConnection  - Handling IO for:  channel=java.nio.channels.SocketChannel[connected local=/127.0.0.1:61833 remote=localhost/127.0.0.1:11211], selector=sun.nio.ch.KQueueSelectorImpl@2bb038ca, interestOps=4, readyOps=4 (r=false, w=true, c=false, op={QA sa=localhost/127.0.0.1:11211, #Rops=0, #Wops=1, #iq=0, topRop=null, topWop=SASL steps operation, toWrite=0, interested=4})
10402 [Memcached IO over {MemcachedConnection to localhost/127.0.0.1:11211}] DEBUG net.spy.memcached.protocol.binary.SASLStepOperationImpl  - Transitioned state from WRITE_QUEUED to WRITING
10402 [Memcached IO over {MemcachedConnection to localhost/127.0.0.1:11211}] DEBUG net.spy.memcached.protocol.binary.BinaryMemcachedNodeImpl  - After copying stuff from SASL steps operation: java.nio.DirectByteBuffer[pos=39 lim=16384 cap=16384]
10402 [Memcached IO over {MemcachedConnection to localhost/127.0.0.1:11211}] DEBUG net.spy.memcached.protocol.binary.SASLStepOperationImpl  - Transitioned state from WRITING to READING
10402 [Memcached IO over {MemcachedConnection to localhost/127.0.0.1:11211}] DEBUG net.spy.memcached.protocol.binary.BinaryMemcachedNodeImpl  - Finished writing SASL steps operation
10403 [Memcached IO over {MemcachedConnection to localhost/127.0.0.1:11211}] DEBUG net.spy.memcached.protocol.binary.BinaryMemcachedNodeImpl  - Wrote 39 bytes
10403 [Memcached IO over {MemcachedConnection to localhost/127.0.0.1:11211}] DEBUG net.spy.memcached.protocol.binary.BinaryMemcachedNodeImpl  - Setting interested opts to 1
10403 [Memcached IO over {MemcachedConnection to localhost/127.0.0.1:11211}] DEBUG net.spy.memcached.MemcachedConnection  - Done dealing with queue.
10403 [Memcached IO over {MemcachedConnection to localhost/127.0.0.1:11211}] DEBUG net.spy.memcached.MemcachedConnection  - Selecting with delay of 1000ms
10403 [Memcached IO over {MemcachedConnection to localhost/127.0.0.1:11211}] DEBUG net.spy.memcached.MemcachedConnection  - Checked the selectors.
10411 [Memcached IO over {MemcachedConnection to localhost/127.0.0.1:11211}] DEBUG net.spy.memcached.MemcachedConnection  - Selected 1, selected 1 keys
10411 [Memcached IO over {MemcachedConnection to localhost/127.0.0.1:11211}] DEBUG net.spy.memcached.MemcachedConnection  - Handling IO for:  channel=java.nio.channels.SocketChannel[connected local=/127.0.0.1:61833 remote=localhost/127.0.0.1:11211], selector=sun.nio.ch.KQueueSelectorImpl@2bb038ca, interestOps=1, readyOps=1 (r=true, w=false, c=false, op={QA sa=localhost/127.0.0.1:11211, #Rops=1, #Wops=0, #iq=0, topRop=SASL steps operation, topWop=null, toWrite=0, interested=1})
10411 [Memcached IO over {MemcachedConnection to localhost/127.0.0.1:11211}] DEBUG net.spy.memcached.MemcachedConnection  - Read 39 bytes
10411 [Memcached IO over {MemcachedConnection to localhost/127.0.0.1:11211}] DEBUG net.spy.memcached.protocol.binary.SASLStepOperationImpl  - Reading 24 header bytes
10411 [Memcached IO over {MemcachedConnection to localhost/127.0.0.1:11211}] DEBUG net.spy.memcached.protocol.binary.SASLStepOperationImpl  - Reading 15 payload bytes
10411 [Memcached IO over {MemcachedConnection to localhost/127.0.0.1:11211}] DEBUG net.spy.memcached.protocol.binary.SASLStepOperationImpl  - Transitioned state from READING to COMPLETE
10412 [Memcached IO over {MemcachedConnection to localhost/127.0.0.1:11211}] DEBUG net.spy.memcached.MemcachedConnection  - Completed read op: SASL steps operation and giving the next 0 bytes
10412 [Memcached IO over {MemcachedConnection to localhost/127.0.0.1:11211}] DEBUG net.spy.memcached.protocol.binary.BinaryMemcachedNodeImpl  - Setting interested opts to 0
10412 [Memcached IO over {MemcachedConnection to localhost/127.0.0.1:11211}] DEBUG net.spy.memcached.MemcachedConnection  - Done dealing with queue.
10412 [Memcached IO over {MemcachedConnection to localhost/127.0.0.1:11211}] DEBUG net.spy.memcached.MemcachedConnection  - Selecting with delay of 1000ms
10412 [Memcached IO over {MemcachedConnection to localhost/127.0.0.1:11211}] DEBUG net.spy.memcached.MemcachedConnection  - Checked the selectors.
10517 [Thread-10] DEBUG net.spy.memcached.auth.AuthThread  - SASL Step took 115ms on {QA sa=localhost/127.0.0.1:11211, #Rops=0, #Wops=0, #iq=0, topRop=null, topWop=null, toWrite=0, interested=0}
10517 [Thread-10] WARN net.spy.memcached.auth.AuthThread  - Authentication failed to localhost/127.0.0.1:11211, Status: {OperationStatus success=false:  Unknown command}
10518 [Thread-10] DEBUG net.spy.memcached.protocol.binary.SASLStepOperationImpl  - Using SASL auth mechanism: PLAIN
10519 [Thread-10] DEBUG net.spy.memcached.MemcachedConnection  - Added SASL steps operation to {QA sa=localhost/127.0.0.1:11211, #Rops=0, #Wops=0, #iq=1, topRop=null, topWop=null, toWrite=0, interested=0}
10519 [Memcached IO over {MemcachedConnection to localhost/127.0.0.1:11211}] DEBUG net.spy.memcached.MemcachedConnection  - No selectors ready, interrupted: false
10519 [Memcached IO over {MemcachedConnection to localhost/127.0.0.1:11211}] DEBUG net.spy.memcached.MemcachedConnection  - Handling queue
10519 [Memcached IO over {MemcachedConnection to localhost/127.0.0.1:11211}] DEBUG net.spy.memcached.protocol.binary.BinaryMemcachedNodeImpl  - Setting interested opts to 4
10519 [Memcached IO over {MemcachedConnection to localhost/127.0.0.1:11211}] DEBUG net.spy.memcached.MemcachedConnection  - Done dealing with queue.
10519 [Memcached IO over {MemcachedConnection to localhost/127.0.0.1:11211}] DEBUG net.spy.memcached.MemcachedConnection  - Selecting with delay of 1000ms
10519 [Memcached IO over {MemcachedConnection to localhost/127.0.0.1:11211}] DEBUG net.spy.memcached.MemcachedConnection  - Checked the selectors.
10519 [Memcached IO over {MemcachedConnection to localhost/127.0.0.1:11211}] DEBUG net.spy.memcached.MemcachedConnection  - Selected 1, selected 1 keys
10519 [Memcached IO over {MemcachedConnection to localhost/127.0.0.1:11211}] DEBUG net.spy.memcached.MemcachedConnection  - Handling IO for:  channel=java.nio.channels.SocketChannel[connected local=/127.0.0.1:61833 remote=localhost/127.0.0.1:11211], selector=sun.nio.ch.KQueueSelectorImpl@2bb038ca, interestOps=4, readyOps=4 (r=false, w=true, c=false, op={QA sa=localhost/127.0.0.1:11211, #Rops=0, #Wops=1, #iq=0, topRop=null, topWop=SASL steps operation, toWrite=0, interested=4})
10520 [Memcached IO over {MemcachedConnection to localhost/127.0.0.1:11211}] DEBUG net.spy.memcached.protocol.binary.SASLStepOperationImpl  - Transitioned state from WRITE_QUEUED to WRITING
10520 [Memcached IO over {MemcachedConnection to localhost/127.0.0.1:11211}] DEBUG net.spy.memcached.protocol.binary.BinaryMemcachedNodeImpl  - After copying stuff from SASL steps operation: java.nio.DirectByteBuffer[pos=39 lim=16384 cap=16384]
10520 [Memcached IO over {MemcachedConnection to localhost/127.0.0.1:11211}] DEBUG net.spy.memcached.protocol.binary.SASLStepOperationImpl  - Transitioned state from WRITING to READING
10520 [Memcached IO over {MemcachedConnection to localhost/127.0.0.1:11211}] DEBUG net.spy.memcached.protocol.binary.BinaryMemcachedNodeImpl  - Finished writing SASL steps operation
10520 [Memcached IO over {MemcachedConnection to localhost/127.0.0.1:11211}] DEBUG net.spy.memcached.protocol.binary.BinaryMemcachedNodeImpl  - Wrote 39 bytes
10520 [Memcached IO over {MemcachedConnection to localhost/127.0.0.1:11211}] DEBUG net.spy.memcached.protocol.binary.BinaryMemcachedNodeImpl  - Setting interested opts to 1
10520 [Memcached IO over {MemcachedConnection to localhost/127.0.0.1:11211}] DEBUG net.spy.memcached.MemcachedConnection  - Done dealing with queue.
10520 [Memcached IO over {MemcachedConnection to localhost/127.0.0.1:11211}] DEBUG net.spy.memcached.MemcachedConnection  - Selecting with delay of 1000ms
10520 [Memcached IO over {MemcachedConnection to localhost/127.0.0.1:11211}] DEBUG net.spy.memcached.MemcachedConnection  - Checked the selectors.
10527 [Memcached IO over {MemcachedConnection to localhost/127.0.0.1:11211}] DEBUG net.spy.memcached.MemcachedConnection  - Selected 1, selected 1 keys
10528 [Memcached IO over {MemcachedConnection to localhost/127.0.0.1:11211}] DEBUG net.spy.memcached.MemcachedConnection  - Handling IO for:  channel=java.nio.channels.SocketChannel[connected local=/127.0.0.1:61833 remote=localhost/127.0.0.1:11211], selector=sun.nio.ch.KQueueSelectorImpl@2bb038ca, interestOps=1, readyOps=1 (r=true, w=false, c=false, op={QA sa=localhost/127.0.0.1:11211, #Rops=1, #Wops=0, #iq=0, topRop=SASL steps operation, topWop=null, toWrite=0, interested=1})
10528 [Memcached IO over {MemcachedConnection to localhost/127.0.0.1:11211}] DEBUG net.spy.memcached.MemcachedConnection  - Read 39 bytes
10528 [Memcached IO over {MemcachedConnection to localhost/127.0.0.1:11211}] DEBUG net.spy.memcached.protocol.binary.SASLStepOperationImpl  - Reading 24 header bytes
10528 [Memcached IO over {MemcachedConnection to localhost/127.0.0.1:11211}] DEBUG net.spy.memcached.protocol.binary.SASLStepOperationImpl  - Reading 15 payload bytes
10528 [Memcached IO over {MemcachedConnection to localhost/127.0.0.1:11211}] DEBUG net.spy.memcached.protocol.binary.SASLStepOperationImpl  - Transitioned state from READING to COMPLETE
10528 [Memcached IO over {MemcachedConnection to localhost/127.0.0.1:11211}] DEBUG net.spy.memcached.MemcachedConnection  - Completed read op: SASL steps operation and giving the next 0 bytes
10528 [Memcached IO over {MemcachedConnection to localhost/127.0.0.1:11211}] DEBUG net.spy.memcached.protocol.binary.BinaryMemcachedNodeImpl  - Setting interested opts to 0
10528 [Memcached IO over {MemcachedConnection to localhost/127.0.0.1:11211}] DEBUG net.spy.memcached.MemcachedConnection  - Done dealing with queue.
10528 [Memcached IO over {MemcachedConnection to localhost/127.0.0.1:11211}] DEBUG net.spy.memcached.MemcachedConnection  - Selecting with delay of 1000ms
10528 [Memcached IO over {MemcachedConnection to localhost/127.0.0.1:11211}] DEBUG net.spy.memcached.MemcachedConnection  - Checked the selectors.
10634 [Thread-10] DEBUG net.spy.memcached.auth.AuthThread  - SASL Step took 116ms on {QA sa=localhost/127.0.0.1:11211, #Rops=0, #Wops=0, #iq=0, topRop=null, topWop=null, toWrite=0, interested=0}
10635 [Thread-10] WARN net.spy.memcached.auth.AuthThread  - Authentication failed to localhost/127.0.0.1:11211, Status: {OperationStatus success=false:  Unknown command}
10636 [Thread-10] DEBUG net.spy.memcached.protocol.binary.SASLStepOperationImpl  - Using SASL auth mechanism: PLAIN
10637 [Thread-10] DEBUG net.spy.memcached.MemcachedConnection  - Added SASL steps operation to {QA sa=localhost/127.0.0.1:11211, #Rops=0, #Wops=0, #iq=1, topRop=null, topWop=null, toWrite=0, interested=0}
10640 [Memcached IO over {MemcachedConnection to localhost/127.0.0.1:11211}] DEBUG net.spy.memcached.MemcachedConnection  - No selectors ready, interrupted: false
10640 [Memcached IO over {MemcachedConnection to localhost/127.0.0.1:11211}] DEBUG net.spy.memcached.MemcachedConnection  - Handling queue
10640 [Memcached IO over {MemcachedConnection to localhost/127.0.0.1:11211}] DEBUG net.spy.memcached.protocol.binary.BinaryMemcachedNodeImpl  - Setting interested opts to 4
10640 [Memcached IO over {MemcachedConnection to localhost/127.0.0.1:11211}] DEBUG net.spy.memcached.MemcachedConnection  - Done dealing with queue.
10640 [Memcached IO over {MemcachedConnection to localhost/127.0.0.1:11211}] DEBUG net.spy.memcached.MemcachedConnection  - Selecting with delay of 1000ms
10640 [Memcached IO over {MemcachedConnection to localhost/127.0.0.1:11211}] DEBUG net.spy.memcached.MemcachedConnection  - Checked the selectors.
10640 [Memcached IO over {MemcachedConnection to localhost/127.0.0.1:11211}] DEBUG net.spy.memcached.MemcachedConnection  - Selected 1, selected 1 keys
10640 [Memcached IO over {MemcachedConnection to localhost/127.0.0.1:11211}] DEBUG net.spy.memcached.MemcachedConnection  - Handling IO for:  channel=java.nio.channels.SocketChannel[connected local=/127.0.0.1:61833 remote=localhost/127.0.0.1:11211], selector=sun.nio.ch.KQueueSelectorImpl@2bb038ca, interestOps=4, readyOps=4 (r=false, w=true, c=false, op={QA sa=localhost/127.0.0.1:11211, #Rops=0, #Wops=1, #iq=0, topRop=null, topWop=SASL steps operation, toWrite=0, interested=4})
10640 [Memcached IO over {MemcachedConnection to localhost/127.0.0.1:11211}] DEBUG net.spy.memcached.protocol.binary.SASLStepOperationImpl  - Transitioned state from WRITE_QUEUED to WRITING
10640 [Memcached IO over {MemcachedConnection to localhost/127.0.0.1:11211}] DEBUG net.spy.memcached.protocol.binary.BinaryMemcachedNodeImpl  - After copying stuff from SASL steps operation: java.nio.DirectByteBuffer[pos=39 lim=16384 cap=16384]
10640 [Memcached IO over {MemcachedConnection to localhost/127.0.0.1:11211}] DEBUG net.spy.memcached.protocol.binary.SASLStepOperationImpl  - Transitioned state from WRITING to READING
10640 [Memcached IO over {MemcachedConnection to localhost/127.0.0.1:11211}] DEBUG net.spy.memcached.protocol.binary.BinaryMemcachedNodeImpl  - Finished writing SASL steps operation
10642 [Memcached IO over {MemcachedConnection to localhost/127.0.0.1:11211}] DEBUG net.spy.memcached.protocol.binary.BinaryMemcachedNodeImpl  - Wrote 39 bytes
10646 [Memcached IO over {MemcachedConnection to localhost/127.0.0.1:11211}] DEBUG net.spy.memcached.protocol.binary.BinaryMemcachedNodeImpl  - Setting interested opts to 1
10648 [Memcached IO over {MemcachedConnection to localhost/127.0.0.1:11211}] DEBUG net.spy.memcached.MemcachedConnection  - Done dealing with queue.
10648 [Memcached IO over {MemcachedConnection to localhost/127.0.0.1:11211}] DEBUG net.spy.memcached.MemcachedConnection  - Selecting with delay of 1000ms
10648 [Memcached IO over {MemcachedConnection to localhost/127.0.0.1:11211}] DEBUG net.spy.memcached.MemcachedConnection  - Checked the selectors.
10649 [Memcached IO over {MemcachedConnection to localhost/127.0.0.1:11211}] DEBUG net.spy.memcached.MemcachedConnection  - Done dealing with queue.
10649 [Memcached IO over {MemcachedConnection to localhost/127.0.0.1:11211}] DEBUG net.spy.memcached.MemcachedConnection  - Selecting with delay of 1000ms
10649 [Memcached IO over {MemcachedConnection to localhost/127.0.0.1:11211}] DEBUG net.spy.memcached.MemcachedConnection  - Checked the selectors.
10652 [Memcached IO over {MemcachedConnection to localhost/127.0.0.1:11211}] DEBUG net.spy.memcached.MemcachedConnection  - Selected 1, selected 1 keys
10652 [Memcached IO over {MemcachedConnection to localhost/127.0.0.1:11211}] DEBUG net.spy.memcached.MemcachedConnection  - Handling IO for:  channel=java.nio.channels.SocketChannel[connected local=/127.0.0.1:61833 remote=localhost/127.0.0.1:11211], selector=sun.nio.ch.KQueueSelectorImpl@2bb038ca, interestOps=1, readyOps=1 (r=true, w=false, c=false, op={QA sa=localhost/127.0.0.1:11211, #Rops=1, #Wops=0, #iq=0, topRop=SASL steps operation, topWop=null, toWrite=0, interested=1})
10652 [Memcached IO over {MemcachedConnection to localhost/127.0.0.1:11211}] DEBUG net.spy.memcached.MemcachedConnection  - Read 39 bytes
10652 [Memcached IO over {MemcachedConnection to localhost/127.0.0.1:11211}] DEBUG net.spy.memcached.protocol.binary.SASLStepOperationImpl  - Reading 24 header bytes
10652 [Memcached IO over {MemcachedConnection to localhost/127.0.0.1:11211}] DEBUG net.spy.memcached.protocol.binary.SASLStepOperationImpl  - Reading 15 payload bytes
10652 [Memcached IO over {MemcachedConnection to localhost/127.0.0.1:11211}] DEBUG net.spy.memcached.protocol.binary.SASLStepOperationImpl  - Transitioned state from READING to COMPLETE
10652 [Memcached IO over {MemcachedConnection to localhost/127.0.0.1:11211}] DEBUG net.spy.memcached.MemcachedConnection  - Completed read op: SASL steps operation and giving the next 0 bytes
10652 [Memcached IO over {MemcachedConnection to localhost/127.0.0.1:11211}] DEBUG net.spy.memcached.protocol.binary.BinaryMemcachedNodeImpl  - Setting interested opts to 0
10652 [Memcached IO over {MemcachedConnection to localhost/127.0.0.1:11211}] DEBUG net.spy.memcached.MemcachedConnection  - Done dealing with queue.
10652 [Memcached IO over {MemcachedConnection to localhost/127.0.0.1:11211}] DEBUG net.spy.memcached.MemcachedConnection  - Selecting with delay of 1000ms
10652 [Memcached IO over {MemcachedConnection to localhost/127.0.0.1:11211}] DEBUG net.spy.memcached.MemcachedConnection  - Checked the selectors.
10706 [Memcached IO over {MemcachedConnection to localhost/127.0.0.1:11211}] DEBUG net.spy.memcached.MemcachedConnection  - Done dealing with queue.
10706 [Memcached IO over {MemcachedConnection to localhost/127.0.0.1:11211}] DEBUG net.spy.memcached.MemcachedConnection  - Selecting with delay of 1000ms
10706 [Memcached IO over {MemcachedConnection to localhost/127.0.0.1:11211}] DEBUG net.spy.memcached.MemcachedConnection  - Checked the selectors.
10757 [Thread-10] DEBUG net.spy.memcached.auth.AuthThread  - SASL Step took 122ms on {QA sa=localhost/127.0.0.1:11211, #Rops=0, #Wops=0, #iq=0, topRop=null, topWop=null, toWrite=0, interested=0}
10758 [Thread-10] WARN net.spy.memcached.auth.AuthThread  - Authentication failed to localhost/127.0.0.1:11211, Status: {OperationStatus success=false:  Unknown command}
10758 [Thread-10] DEBUG net.spy.memcached.protocol.binary.SASLStepOperationImpl  - Using SASL auth mechanism: PLAIN
10759 [Thread-10] DEBUG net.spy.memcached.MemcachedConnection  - Added SASL steps operation to {QA sa=localhost/127.0.0.1:11211, #Rops=0, #Wops=0, #iq=1, topRop=null, topWop=null, toWrite=0, interested=0}
10759 [Memcached IO over {MemcachedConnection to localhost/127.0.0.1:11211}] DEBUG net.spy.memcached.MemcachedConnection  - No selectors ready, interrupted: false
10759 [Memcached IO over {MemcachedConnection to localhost/127.0.0.1:11211}] DEBUG net.spy.memcached.MemcachedConnection  - Handling queue
10759 [Memcached IO over {MemcachedConnection to localhost/127.0.0.1:11211}] DEBUG net.spy.memcached.protocol.binary.BinaryMemcachedNodeImpl  - Setting interested opts to 4
10759 [Memcached IO over {MemcachedConnection to localhost/127.0.0.1:11211}] DEBUG net.spy.memcached.MemcachedConnection  - Done dealing with queue.
10759 [Memcached IO over {MemcachedConnection to localhost/127.0.0.1:11211}] DEBUG net.spy.memcached.MemcachedConnection  - Selecting with delay of 1000ms
10759 [Memcached IO over {MemcachedConnection to localhost/127.0.0.1:11211}] DEBUG net.spy.memcached.MemcachedConnection  - Checked the selectors.
10759 [Memcached IO over {MemcachedConnection to localhost/127.0.0.1:11211}] DEBUG net.spy.memcached.MemcachedConnection  - Selected 1, selected 1 keys
10759 [Memcached IO over {MemcachedConnection to localhost/127.0.0.1:11211}] DEBUG net.spy.memcached.MemcachedConnection  - Handling IO for:  channel=java.nio.channels.SocketChannel[connected local=/127.0.0.1:61833 remote=localhost/127.0.0.1:11211], selector=sun.nio.ch.KQueueSelectorImpl@2bb038ca, interestOps=4, readyOps=4 (r=false, w=true, c=false, op={QA sa=localhost/127.0.0.1:11211, #Rops=0, #Wops=1, #iq=0, topRop=null, topWop=SASL steps operation, toWrite=0, interested=4})
10759 [Memcached IO over {MemcachedConnection to localhost/127.0.0.1:11211}] DEBUG net.spy.memcached.protocol.binary.SASLStepOperationImpl  - Transitioned state from WRITE_QUEUED to WRITING
10759 [Memcached IO over {MemcachedConnection to localhost/127.0.0.1:11211}] DEBUG net.spy.memcached.protocol.binary.BinaryMemcachedNodeImpl  - After copying stuff from SASL steps operation: java.nio.DirectByteBuffer[pos=39 lim=16384 cap=16384]
10759 [Memcached IO over {MemcachedConnection to localhost/127.0.0.1:11211}] DEBUG net.spy.memcached.protocol.binary.SASLStepOperationImpl  - Transitioned state from WRITING to READING
10759 [Memcached IO over {MemcachedConnection to localhost/127.0.0.1:11211}] DEBUG net.spy.memcached.protocol.binary.BinaryMemcachedNodeImpl  - Finished writing SASL steps operation
10760 [Memcached IO over {MemcachedConnection to localhost/127.0.0.1:11211}] DEBUG net.spy.memcached.protocol.binary.BinaryMemcachedNodeImpl  - Wrote 39 bytes
10760 [Memcached IO over {MemcachedConnection to localhost/127.0.0.1:11211}] DEBUG net.spy.memcached.protocol.binary.BinaryMemcachedNodeImpl  - Setting interested opts to 1
10760 [Memcached IO over {MemcachedConnection to localhost/127.0.0.1:11211}] DEBUG net.spy.memcached.MemcachedConnection  - Done dealing with queue.
10760 [Memcached IO over {MemcachedConnection to localhost/127.0.0.1:11211}] DEBUG net.spy.memcached.MemcachedConnection  - Selecting with delay of 1000ms
10760 [Memcached IO over {MemcachedConnection to localhost/127.0.0.1:11211}] DEBUG net.spy.memcached.MemcachedConnection  - Checked the selectors.
10765 [Memcached IO over {MemcachedConnection to localhost/127.0.0.1:11211}] DEBUG net.spy.memcached.MemcachedConnection  - Selected 1, selected 1 keys
10765 [Memcached IO over {MemcachedConnection to localhost/127.0.0.1:11211}] DEBUG net.spy.memcached.MemcachedConnection  - Handling IO for:  channel=java.nio.channels.SocketChannel[connected local=/127.0.0.1:61833 remote=localhost/127.0.0.1:11211], selector=sun.nio.ch.KQueueSelectorImpl@2bb038ca, interestOps=1, readyOps=1 (r=true, w=false, c=false, op={QA sa=localhost/127.0.0.1:11211, #Rops=1, #Wops=0, #iq=0, topRop=SASL steps operation, topWop=null, toWrite=0, interested=1})
10765 [Memcached IO over {MemcachedConnection to localhost/127.0.0.1:11211}] DEBUG net.spy.memcached.MemcachedConnection  - Read 39 bytes
10765 [Memcached IO over {MemcachedConnection to localhost/127.0.0.1:11211}] DEBUG net.spy.memcached.protocol.binary.SASLStepOperationImpl  - Reading 24 header bytes
10765 [Memcached IO over {MemcachedConnection to localhost/127.0.0.1:11211}] DEBUG net.spy.memcached.protocol.binary.SASLStepOperationImpl  - Reading 15 payload bytes
10766 [Memcached IO over {MemcachedConnection to localhost/127.0.0.1:11211}] DEBUG net.spy.memcached.protocol.binary.SASLStepOperationImpl  - Transitioned state from READING to COMPLETE
10766 [Memcached IO over {MemcachedConnection to localhost/127.0.0.1:11211}] DEBUG net.spy.memcached.MemcachedConnection  - Completed read op: SASL steps operation and giving the next 0 bytes
10766 [Memcached IO over {MemcachedConnection to localhost/127.0.0.1:11211}] DEBUG net.spy.memcached.protocol.binary.BinaryMemcachedNodeImpl  - Setting interested opts to 0
10766 [Memcached IO over {MemcachedConnection to localhost/127.0.0.1:11211}] DEBUG net.spy.memcached.MemcachedConnection  - Done dealing with queue.
10766 [Memcached IO over {MemcachedConnection to localhost/127.0.0.1:11211}] DEBUG net.spy.memcached.MemcachedConnection  - Selecting with delay of 1000ms
10766 [Memcached IO over {MemcachedConnection to localhost/127.0.0.1:11211}] DEBUG net.spy.memcached.MemcachedConnection  - Checked the selectors.
10778 [Memcached IO over {MemcachedConnection to localhost/127.0.0.1:11211}] DEBUG net.spy.memcached.MemcachedConnection  - Done dealing with queue.
10778 [Memcached IO over {MemcachedConnection to localhost/127.0.0.1:11211}] DEBUG net.spy.memcached.MemcachedConnection  - Selecting with delay of 1000ms
10778 [Memcached IO over {MemcachedConnection to localhost/127.0.0.1:11211}] DEBUG net.spy.memcached.MemcachedConnection  - Checked the selectors.
10872 [Thread-10] DEBUG net.spy.memcached.auth.AuthThread  - SASL Step took 114ms on {QA sa=localhost/127.0.0.1:11211, #Rops=0, #Wops=0, #iq=0, topRop=null, topWop=null, toWrite=0, interested=0}
10872 [Thread-10] WARN net.spy.memcached.auth.AuthThread  - Authentication failed to localhost/127.0.0.1:11211, Status: {OperationStatus success=false:  Unknown command}
10873 [Thread-10] DEBUG net.spy.memcached.protocol.binary.SASLStepOperationImpl  - Using SASL auth mechanism: PLAIN
10874 [Thread-10] DEBUG net.spy.memcached.MemcachedConnection  - Added SASL steps operation to {QA sa=localhost/127.0.0.1:11211, #Rops=0, #Wops=0, #iq=1, topRop=null, topWop=null, toWrite=0, interested=0}
10874 [Memcached IO over {MemcachedConnection to localhost/127.0.0.1:11211}] DEBUG net.spy.memcached.MemcachedConnection  - No selectors ready, interrupted: false
10874 [Memcached IO over {MemcachedConnection to localhost/127.0.0.1:11211}] DEBUG net.spy.memcached.MemcachedConnection  - Handling queue
10874 [Memcached IO over {MemcachedConnection to localhost/127.0.0.1:11211}] DEBUG net.spy.memcached.protocol.binary.BinaryMemcachedNodeImpl  - Setting interested opts to 4
10875 [Memcached IO over {MemcachedConnection to localhost/127.0.0.1:11211}] DEBUG net.spy.memcached.MemcachedConnection  - Done dealing with queue.
10875 [Memcached IO over {MemcachedConnection to localhost/127.0.0.1:11211}] DEBUG net.spy.memcached.MemcachedConnection  - Selecting with delay of 1000ms
10875 [Memcached IO over {MemcachedConnection to localhost/127.0.0.1:11211}] DEBUG net.spy.memcached.MemcachedConnection  - Checked the selectors.
10875 [Memcached IO over {MemcachedConnection to localhost/127.0.0.1:11211}] DEBUG net.spy.memcached.MemcachedConnection  - Selected 1, selected 1 keys
10875 [Memcached IO over {MemcachedConnection to localhost/127.0.0.1:11211}] DEBUG net.spy.memcached.MemcachedConnection  - Handling IO for:  channel=java.nio.channels.SocketChannel[connected local=/127.0.0.1:61833 remote=localhost/127.0.0.1:11211], selector=sun.nio.ch.KQueueSelectorImpl@2bb038ca, interestOps=4, readyOps=4 (r=false, w=true, c=false, op={QA sa=localhost/127.0.0.1:11211, #Rops=0, #Wops=1, #iq=0, topRop=null, topWop=SASL steps operation, toWrite=0, interested=4})
10875 [Memcached IO over {MemcachedConnection to localhost/127.0.0.1:11211}] DEBUG net.spy.memcached.protocol.binary.SASLStepOperationImpl  - Transitioned state from WRITE_QUEUED to WRITING
10875 [Memcached IO over {MemcachedConnection to localhost/127.0.0.1:11211}] DEBUG net.spy.memcached.protocol.binary.BinaryMemcachedNodeImpl  - After copying stuff from SASL steps operation: java.nio.DirectByteBuffer[pos=39 lim=16384 cap=16384]
10875 [Memcached IO over {MemcachedConnection to localhost/127.0.0.1:11211}] DEBUG net.spy.memcached.protocol.binary.SASLStepOperationImpl  - Transitioned state from WRITING to READING
10875 [Memcached IO over {MemcachedConnection to localhost/127.0.0.1:11211}] DEBUG net.spy.memcached.protocol.binary.BinaryMemcachedNodeImpl  - Finished writing SASL steps operation
10875 [Memcached IO over {MemcachedConnection to localhost/127.0.0.1:11211}] DEBUG net.spy.memcached.protocol.binary.BinaryMemcachedNodeImpl  - Wrote 39 bytes
10875 [Memcached IO over {MemcachedConnection to localhost/127.0.0.1:11211}] DEBUG net.spy.memcached.protocol.binary.BinaryMemcachedNodeImpl  - Setting interested opts to 1
10875 [Memcached IO over {MemcachedConnection to localhost/127.0.0.1:11211}] DEBUG net.spy.memcached.MemcachedConnection  - Done dealing with queue.
10875 [Memcached IO over {MemcachedConnection to localhost/127.0.0.1:11211}] DEBUG net.spy.memcached.MemcachedConnection  - Selecting with delay of 1000ms
10875 [Memcached IO over {MemcachedConnection to localhost/127.0.0.1:11211}] DEBUG net.spy.memcached.MemcachedConnection  - Checked the selectors.
10881 [Memcached IO over {MemcachedConnection to localhost/127.0.0.1:11211}] DEBUG net.spy.memcached.MemcachedConnection  - Selected 1, selected 1 keys
10881 [Memcached IO over {MemcachedConnection to localhost/127.0.0.1:11211}] DEBUG net.spy.memcached.MemcachedConnection  - Handling IO for:  channel=java.nio.channels.SocketChannel[connected local=/127.0.0.1:61833 remote=localhost/127.0.0.1:11211], selector=sun.nio.ch.KQueueSelectorImpl@2bb038ca, interestOps=1, readyOps=1 (r=true, w=false, c=false, op={QA sa=localhost/127.0.0.1:11211, #Rops=1, #Wops=0, #iq=0, topRop=SASL steps operation, topWop=null, toWrite=0, interested=1})
10882 [Memcached IO over {MemcachedConnection to localhost/127.0.0.1:11211}] DEBUG net.spy.memcached.MemcachedConnection  - Read 39 bytes
10882 [Memcached IO over {MemcachedConnection to localhost/127.0.0.1:11211}] DEBUG net.spy.memcached.protocol.binary.SASLStepOperationImpl  - Reading 24 header bytes
10882 [Memcached IO over {MemcachedConnection to localhost/127.0.0.1:11211}] DEBUG net.spy.memcached.protocol.binary.SASLStepOperationImpl  - Reading 15 payload bytes
10882 [Memcached IO over {MemcachedConnection to localhost/127.0.0.1:11211}] DEBUG net.spy.memcached.protocol.binary.SASLStepOperationImpl  - Transitioned state from READING to COMPLETE
10882 [Memcached IO over {MemcachedConnection to localhost/127.0.0.1:11211}] DEBUG net.spy.memcached.MemcachedConnection  - Completed read op: SASL steps operation and giving the next 0 bytes
10882 [Memcached IO over {MemcachedConnection to localhost/127.0.0.1:11211}] DEBUG net.spy.memcached.protocol.binary.BinaryMemcachedNodeImpl  - Setting interested opts to 0
10882 [Memcached IO over {MemcachedConnection to localhost/127.0.0.1:11211}] DEBUG net.spy.memcached.MemcachedConnection  - Done dealing with queue.
10882 [Memcached IO over {MemcachedConnection to localhost/127.0.0.1:11211}] DEBUG net.spy.memcached.MemcachedConnection  - Selecting with delay of 1000ms
10882 [Memcached IO over {MemcachedConnection to localhost/127.0.0.1:11211}] DEBUG net.spy.memcached.MemcachedConnection  - Checked the selectors.
10985 [Thread-10] DEBUG net.spy.memcached.auth.AuthThread  - SASL Step took 112ms on {QA sa=localhost/127.0.0.1:11211, #Rops=0, #Wops=0, #iq=0, topRop=null, topWop=null, toWrite=0, interested=0}
10985 [Thread-10] WARN net.spy.memcached.auth.AuthThread  - Authentication failed to localhost/127.0.0.1:11211, Status: {OperationStatus success=false:  Unknown command}
10986 [Thread-10] DEBUG net.spy.memcached.protocol.binary.SASLStepOperationImpl  - Using SASL auth mechanism: PLAIN
10987 [Thread-10] DEBUG net.spy.memcached.MemcachedConnection  - Added SASL steps operation to {QA sa=localhost/127.0.0.1:11211, #Rops=0, #Wops=0, #iq=1, topRop=null, topWop=null, toWrite=0, interested=0}
10987 [Memcached IO over {MemcachedConnection to localhost/127.0.0.1:11211}] DEBUG net.spy.memcached.MemcachedConnection  - No selectors ready, interrupted: false
10987 [Memcached IO over {MemcachedConnection to localhost/127.0.0.1:11211}] DEBUG net.spy.memcached.MemcachedConnection  - Handling queue
10987 [Memcached IO over {MemcachedConnection to localhost/127.0.0.1:11211}] DEBUG net.spy.memcached.protocol.binary.BinaryMemcachedNodeImpl  - Setting interested opts to 4
10987 [Memcached IO over {MemcachedConnection to localhost/127.0.0.1:11211}] DEBUG net.spy.memcached.MemcachedConnection  - Done dealing with queue.
10987 [Memcached IO over {MemcachedConnection to localhost/127.0.0.1:11211}] DEBUG net.spy.memcached.MemcachedConnection  - Selecting with delay of 1000ms
10987 [Memcached IO over {MemcachedConnection to localhost/127.0.0.1:11211}] DEBUG net.spy.memcached.MemcachedConnection  - Checked the selectors.
10987 [Memcached IO over {MemcachedConnection to localhost/127.0.0.1:11211}] DEBUG net.spy.memcached.MemcachedConnection  - Selected 1, selected 1 keys
10988 [Memcached IO over {MemcachedConnection to localhost/127.0.0.1:11211}] DEBUG net.spy.memcached.MemcachedConnection  - Handling IO for:  channel=java.nio.channels.SocketChannel[connected local=/127.0.0.1:61833 remote=localhost/127.0.0.1:11211], selector=sun.nio.ch.KQueueSelectorImpl@2bb038ca, interestOps=4, readyOps=4 (r=false, w=true, c=false, op={QA sa=localhost/127.0.0.1:11211, #Rops=0, #Wops=1, #iq=0, topRop=null, topWop=SASL steps operation, toWrite=0, interested=4})
10988 [Memcached IO over {MemcachedConnection to localhost/127.0.0.1:11211}] DEBUG net.spy.memcached.protocol.binary.SASLStepOperationImpl  - Transitioned state from WRITE_QUEUED to WRITING
10988 [Memcached IO over {MemcachedConnection to localhost/127.0.0.1:11211}] DEBUG net.spy.memcached.protocol.binary.BinaryMemcachedNodeImpl  - After copying stuff from SASL steps operation: java.nio.DirectByteBuffer[pos=39 lim=16384 cap=16384]
10988 [Memcached IO over {MemcachedConnection to localhost/127.0.0.1:11211}] DEBUG net.spy.memcached.protocol.binary.SASLStepOperationImpl  - Transitioned state from WRITING to READING
10988 [Memcached IO over {MemcachedConnection to localhost/127.0.0.1:11211}] DEBUG net.spy.memcached.protocol.binary.BinaryMemcachedNodeImpl  - Finished writing SASL steps operation
10988 [Memcached IO over {MemcachedConnection to localhost/127.0.0.1:11211}] DEBUG net.spy.memcached.protocol.binary.BinaryMemcachedNodeImpl  - Wrote 39 bytes
10988 [Memcached IO over {MemcachedConnection to localhost/127.0.0.1:11211}] DEBUG net.spy.memcached.protocol.binary.BinaryMemcachedNodeImpl  - Setting interested opts to 1
10988 [Memcached IO over {MemcachedConnection to localhost/127.0.0.1:11211}] DEBUG net.spy.memcached.MemcachedConnection  - Done dealing with queue.
10988 [Memcached IO over {MemcachedConnection to localhost/127.0.0.1:11211}] DEBUG net.spy.memcached.MemcachedConnection  - Selecting with delay of 1000ms
10988 [Memcached IO over {MemcachedConnection to localhost/127.0.0.1:11211}] DEBUG net.spy.memcached.MemcachedConnection  - Checked the selectors.
10994 [Memcached IO over {MemcachedConnection to localhost/127.0.0.1:11211}] DEBUG net.spy.memcached.MemcachedConnection  - Selected 1, selected 1 keys
10994 [Memcached IO over {MemcachedConnection to localhost/127.0.0.1:11211}] DEBUG net.spy.memcached.MemcachedConnection  - Handling IO for:  channel=java.nio.channels.SocketChannel[connected local=/127.0.0.1:61833 remote=localhost/127.0.0.1:11211], selector=sun.nio.ch.KQueueSelectorImpl@2bb038ca, interestOps=1, readyOps=1 (r=true, w=false, c=false, op={QA sa=localhost/127.0.0.1:11211, #Rops=1, #Wops=0, #iq=0, topRop=SASL steps operation, topWop=null, toWrite=0, interested=1})
10994 [Memcached IO over {MemcachedConnection to localhost/127.0.0.1:11211}] DEBUG net.spy.memcached.MemcachedConnection  - Read 39 bytes
10994 [Memcached IO over {MemcachedConnection to localhost/127.0.0.1:11211}] DEBUG net.spy.memcached.protocol.binary.SASLStepOperationImpl  - Reading 24 header bytes
10994 [Memcached IO over {MemcachedConnection to localhost/127.0.0.1:11211}] DEBUG net.spy.memcached.protocol.binary.SASLStepOperationImpl  - Reading 15 payload bytes
10995 [Memcached IO over {MemcachedConnection to localhost/127.0.0.1:11211}] DEBUG net.spy.memcached.protocol.binary.SASLStepOperationImpl  - Transitioned state from READING to COMPLETE
10995 [Memcached IO over {MemcachedConnection to localhost/127.0.0.1:11211}] DEBUG net.spy.memcached.MemcachedConnection  - Completed read op: SASL steps operation and giving the next 0 bytes
10995 [Memcached IO over {MemcachedConnection to localhost/127.0.0.1:11211}] DEBUG net.spy.memcached.protocol.binary.BinaryMemcachedNodeImpl  - Setting interested opts to 0
10995 [Memcached IO over {MemcachedConnection to localhost/127.0.0.1:11211}] DEBUG net.spy.memcached.MemcachedConnection  - Done dealing with queue.
10995 [Memcached IO over {MemcachedConnection to localhost/127.0.0.1:11211}] DEBUG net.spy.memcached.MemcachedConnection  - Selecting with delay of 1000ms
10995 [Memcached IO over {MemcachedConnection to localhost/127.0.0.1:11211}] DEBUG net.spy.memcached.MemcachedConnection  - Checked the selectors.
11098 [Thread-10] DEBUG net.spy.memcached.auth.AuthThread  - SASL Step took 112ms on {QA sa=localhost/127.0.0.1:11211, #Rops=0, #Wops=0, #iq=0, topRop=null, topWop=null, toWrite=0, interested=0}
11098 [Thread-10] WARN net.spy.memcached.auth.AuthThread  - Authentication failed to localhost/127.0.0.1:11211, Status: {OperationStatus success=false:  Unknown command}
11099 [Thread-10] DEBUG net.spy.memcached.protocol.binary.SASLStepOperationImpl  - Using SASL auth mechanism: PLAIN
11099 [Thread-10] DEBUG net.spy.memcached.MemcachedConnection  - Added SASL steps operation to {QA sa=localhost/127.0.0.1:11211, #Rops=0, #Wops=0, #iq=1, topRop=null, topWop=null, toWrite=0, interested=0}
11100 [Memcached IO over {MemcachedConnection to localhost/127.0.0.1:11211}] DEBUG net.spy.memcached.MemcachedConnection  - No selectors ready, interrupted: false
11100 [Memcached IO over {MemcachedConnection to localhost/127.0.0.1:11211}] DEBUG net.spy.memcached.MemcachedConnection  - Handling queue
11100 [Memcached IO over {MemcachedConnection to localhost/127.0.0.1:11211}] DEBUG net.spy.memcached.protocol.binary.BinaryMemcachedNodeImpl  - Setting interested opts to 4
11100 [Memcached IO over {MemcachedConnection to localhost/127.0.0.1:11211}] DEBUG net.spy.memcached.MemcachedConnection  - Done dealing with queue.
11100 [Memcached IO over {MemcachedConnection to localhost/127.0.0.1:11211}] DEBUG net.spy.memcached.MemcachedConnection  - Selecting with delay of 1000ms
11100 [Memcached IO over {MemcachedConnection to localhost/127.0.0.1:11211}] DEBUG net.spy.memcached.MemcachedConnection  - Checked the selectors.
11100 [Memcached IO over {MemcachedConnection to localhost/127.0.0.1:11211}] DEBUG net.spy.memcached.MemcachedConnection  - Selected 1, selected 1 keys
11100 [Memcached IO over {MemcachedConnection to localhost/127.0.0.1:11211}] DEBUG net.spy.memcached.MemcachedConnection  - Handling IO for:  channel=java.nio.channels.SocketChannel[connected local=/127.0.0.1:61833 remote=localhost/127.0.0.1:11211], selector=sun.nio.ch.KQueueSelectorImpl@2bb038ca, interestOps=4, readyOps=4 (r=false, w=true, c=false, op={QA sa=localhost/127.0.0.1:11211, #Rops=0, #Wops=1, #iq=0, topRop=null, topWop=SASL steps operation, toWrite=0, interested=4})
11100 [Memcached IO over {MemcachedConnection to localhost/127.0.0.1:11211}] DEBUG net.spy.memcached.protocol.binary.SASLStepOperationImpl  - Transitioned state from WRITE_QUEUED to WRITING
11100 [Memcached IO over {MemcachedConnection to localhost/127.0.0.1:11211}] DEBUG net.spy.memcached.protocol.binary.BinaryMemcachedNodeImpl  - After copying stuff from SASL steps operation: java.nio.DirectByteBuffer[pos=39 lim=16384 cap=16384]
11101 [Memcached IO over {MemcachedConnection to localhost/127.0.0.1:11211}] DEBUG net.spy.memcached.protocol.binary.SASLStepOperationImpl  - Transitioned state from WRITING to READING
11101 [Memcached IO over {MemcachedConnection to localhost/127.0.0.1:11211}] DEBUG net.spy.memcached.protocol.binary.BinaryMemcachedNodeImpl  - Finished writing SASL steps operation
11101 [Memcached IO over {MemcachedConnection to localhost/127.0.0.1:11211}] DEBUG net.spy.memcached.protocol.binary.BinaryMemcachedNodeImpl  - Wrote 39 bytes
11101 [Memcached IO over {MemcachedConnection to localhost/127.0.0.1:11211}] DEBUG net.spy.memcached.protocol.binary.BinaryMemcachedNodeImpl  - Setting interested opts to 1
11101 [Memcached IO over {MemcachedConnection to localhost/127.0.0.1:11211}] DEBUG net.spy.memcached.MemcachedConnection  - Done dealing with queue.
11101 [Memcached IO over {MemcachedConnection to localhost/127.0.0.1:11211}] DEBUG net.spy.memcached.MemcachedConnection  - Selecting with delay of 1000ms
11101 [Memcached IO over {MemcachedConnection to localhost/127.0.0.1:11211}] DEBUG net.spy.memcached.MemcachedConnection  - Checked the selectors.
11108 [Memcached IO over {MemcachedConnection to localhost/127.0.0.1:11211}] DEBUG net.spy.memcached.MemcachedConnection  - Selected 1, selected 1 keys
11108 [Memcached IO over {MemcachedConnection to localhost/127.0.0.1:11211}] DEBUG net.spy.memcached.MemcachedConnection  - Handling IO for:  channel=java.nio.channels.SocketChannel[connected local=/127.0.0.1:61833 remote=localhost/127.0.0.1:11211], selector=sun.nio.ch.KQueueSelectorImpl@2bb038ca, interestOps=1, readyOps=1 (r=true, w=false, c=false, op={QA sa=localhost/127.0.0.1:11211, #Rops=1, #Wops=0, #iq=0, topRop=SASL steps operation, topWop=null, toWrite=0, interested=1})
11108 [Memcached IO over {MemcachedConnection to localhost/127.0.0.1:11211}] DEBUG net.spy.memcached.MemcachedConnection  - Read 39 bytes
11108 [Memcached IO over {MemcachedConnection to localhost/127.0.0.1:11211}] DEBUG net.spy.memcached.protocol.binary.SASLStepOperationImpl  - Reading 24 header bytes
11108 [Memcached IO over {MemcachedConnection to localhost/127.0.0.1:11211}] DEBUG net.spy.memcached.protocol.binary.SASLStepOperationImpl  - Reading 15 payload bytes
11108 [Memcached IO over {MemcachedConnection to localhost/127.0.0.1:11211}] DEBUG net.spy.memcached.protocol.binary.SASLStepOperationImpl  - Transitioned state from READING to COMPLETE
11108 [Memcached IO over {MemcachedConnection to localhost/127.0.0.1:11211}] DEBUG net.spy.memcached.MemcachedConnection  - Completed read op: SASL steps operation and giving the next 0 bytes
11108 [Memcached IO over {MemcachedConnection to localhost/127.0.0.1:11211}] DEBUG net.spy.memcached.protocol.binary.BinaryMemcachedNodeImpl  - Setting interested opts to 0
11108 [Memcached IO over {MemcachedConnection to localhost/127.0.0.1:11211}] DEBUG net.spy.memcached.MemcachedConnection  - Done dealing with queue.
11109 [Memcached IO over {MemcachedConnection to localhost/127.0.0.1:11211}] DEBUG net.spy.memcached.MemcachedConnection  - Selecting with delay of 1000ms
11109 [Memcached IO over {MemcachedConnection to localhost/127.0.0.1:11211}] DEBUG net.spy.memcached.MemcachedConnection  - Checked the selectors.
11214 [Thread-10] DEBUG net.spy.memcached.auth.AuthThread  - SASL Step took 115ms on {QA sa=localhost/127.0.0.1:11211, #Rops=0, #Wops=0, #iq=0, topRop=null, topWop=null, toWrite=0, interested=0}
11214 [Thread-10] WARN net.spy.memcached.auth.AuthThread  - Authentication failed to localhost/127.0.0.1:11211, Status: {OperationStatus success=false:  Unknown command}
11216 [Thread-10] DEBUG net.spy.memcached.protocol.binary.SASLStepOperationImpl  - Using SASL auth mechanism: PLAIN
11216 [Thread-10] DEBUG net.spy.memcached.MemcachedConnection  - Added SASL steps operation to {QA sa=localhost/127.0.0.1:11211, #Rops=0, #Wops=0, #iq=1, topRop=null, topWop=null, toWrite=0, interested=0}
11217 [Memcached IO over {MemcachedConnection to localhost/127.0.0.1:11211}] DEBUG net.spy.memcached.MemcachedConnection  - No selectors ready, interrupted: false
11218 [Memcached IO over {MemcachedConnection to localhost/127.0.0.1:11211}] DEBUG net.spy.memcached.MemcachedConnection  - Handling queue
11218 [Memcached IO over {MemcachedConnection to localhost/127.0.0.1:11211}] DEBUG net.spy.memcached.protocol.binary.BinaryMemcachedNodeImpl  - Setting interested opts to 4
11218 [Memcached IO over {MemcachedConnection to localhost/127.0.0.1:11211}] DEBUG net.spy.memcached.MemcachedConnection  - Done dealing with queue.
11218 [Memcached IO over {MemcachedConnection to localhost/127.0.0.1:11211}] DEBUG net.spy.memcached.MemcachedConnection  - Selecting with delay of 1000ms
11218 [Memcached IO over {MemcachedConnection to localhost/127.0.0.1:11211}] DEBUG net.spy.memcached.MemcachedConnection  - Checked the selectors.
11218 [Memcached IO over {MemcachedConnection to localhost/127.0.0.1:11211}] DEBUG net.spy.memcached.MemcachedConnection  - Selected 1, selected 1 keys
11218 [Memcached IO over {MemcachedConnection to localhost/127.0.0.1:11211}] DEBUG net.spy.memcached.MemcachedConnection  - Handling IO for:  channel=java.nio.channels.SocketChannel[connected local=/127.0.0.1:61833 remote=localhost/127.0.0.1:11211], selector=sun.nio.ch.KQueueSelectorImpl@2bb038ca, interestOps=4, readyOps=4 (r=false, w=true, c=false, op={QA sa=localhost/127.0.0.1:11211, #Rops=0, #Wops=1, #iq=0, topRop=null, topWop=SASL steps operation, toWrite=0, interested=4})
11218 [Memcached IO over {MemcachedConnection to localhost/127.0.0.1:11211}] DEBUG net.spy.memcached.protocol.binary.SASLStepOperationImpl  - Transitioned state from WRITE_QUEUED to WRITING
11218 [Memcached IO over {MemcachedConnection to localhost/127.0.0.1:11211}] DEBUG net.spy.memcached.protocol.binary.BinaryMemcachedNodeImpl  - After copying stuff from SASL steps operation: java.nio.DirectByteBuffer[pos=39 lim=16384 cap=16384]
11218 [Memcached IO over {MemcachedConnection to localhost/127.0.0.1:11211}] DEBUG net.spy.memcached.protocol.binary.SASLStepOperationImpl  - Transitioned state from WRITING to READING
11218 [Memcached IO over {MemcachedConnection to localhost/127.0.0.1:11211}] DEBUG net.spy.memcached.protocol.binary.BinaryMemcachedNodeImpl  - Finished writing SASL steps operation
11218 [Memcached IO over {MemcachedConnection to localhost/127.0.0.1:11211}] DEBUG net.spy.memcached.protocol.binary.BinaryMemcachedNodeImpl  - Wrote 39 bytes
11218 [Memcached IO over {MemcachedConnection to localhost/127.0.0.1:11211}] DEBUG net.spy.memcached.protocol.binary.BinaryMemcachedNodeImpl  - Setting interested opts to 1
11218 [Memcached IO over {MemcachedConnection to localhost/127.0.0.1:11211}] DEBUG net.spy.memcached.MemcachedConnection  - Done dealing with queue.
11219 [Memcached IO over {MemcachedConnection to localhost/127.0.0.1:11211}] DEBUG net.spy.memcached.MemcachedConnection  - Selecting with delay of 1000ms
11219 [Memcached IO over {MemcachedConnection to localhost/127.0.0.1:11211}] DEBUG net.spy.memcached.MemcachedConnection  - Checked the selectors.
11228 [Memcached IO over {MemcachedConnection to localhost/127.0.0.1:11211}] DEBUG net.spy.memcached.MemcachedConnection  - Selected 1, selected 1 keys
11229 [Memcached IO over {MemcachedConnection to localhost/127.0.0.1:11211}] DEBUG net.spy.memcached.MemcachedConnection  - Handling IO for:  channel=java.nio.channels.SocketChannel[connected local=/127.0.0.1:61833 remote=localhost/127.0.0.1:11211], selector=sun.nio.ch.KQueueSelectorImpl@2bb038ca, interestOps=1, readyOps=1 (r=true, w=false, c=false, op={QA sa=localhost/127.0.0.1:11211, #Rops=1, #Wops=0, #iq=0, topRop=SASL steps operation, topWop=null, toWrite=0, interested=1})
11229 [Memcached IO over {MemcachedConnection to localhost/127.0.0.1:11211}] DEBUG net.spy.memcached.MemcachedConnection  - Read 39 bytes
11229 [Memcached IO over {MemcachedConnection to localhost/127.0.0.1:11211}] DEBUG net.spy.memcached.protocol.binary.SASLStepOperationImpl  - Reading 24 header bytes
11229 [Memcached IO over {MemcachedConnection to localhost/127.0.0.1:11211}] DEBUG net.spy.memcached.protocol.binary.SASLStepOperationImpl  - Reading 15 payload bytes
11229 [Memcached IO over {MemcachedConnection to localhost/127.0.0.1:11211}] DEBUG net.spy.memcached.protocol.binary.SASLStepOperationImpl  - Transitioned state from READING to COMPLETE
11229 [Memcached IO over {MemcachedConnection to localhost/127.0.0.1:11211}] DEBUG net.spy.memcached.MemcachedConnection  - Completed read op: SASL steps operation and giving the next 0 bytes
11229 [Memcached IO over {MemcachedConnection to localhost/127.0.0.1:11211}] DEBUG net.spy.memcached.protocol.binary.BinaryMemcachedNodeImpl  - Setting interested opts to 0
11229 [Memcached IO over {MemcachedConnection to localhost/127.0.0.1:11211}] DEBUG net.spy.memcached.MemcachedConnection  - Done dealing with queue.
11229 [Memcached IO over {MemcachedConnection to localhost/127.0.0.1:11211}] DEBUG net.spy.memcached.MemcachedConnection  - Selecting with delay of 1000ms
11229 [Memcached IO over {MemcachedConnection to localhost/127.0.0.1:11211}] DEBUG net.spy.memcached.MemcachedConnection  - Checked the selectors.
11334 [Thread-10] DEBUG net.spy.memcached.auth.AuthThread  - SASL Step took 119ms on {QA sa=localhost/127.0.0.1:11211, #Rops=0, #Wops=0, #iq=0, topRop=null, topWop=null, toWrite=0, interested=0}
11335 [Thread-10] WARN net.spy.memcached.auth.AuthThread  - Authentication failed to localhost/127.0.0.1:11211, Status: {OperationStatus success=false:  Unknown command}
11335 [Thread-10] DEBUG net.spy.memcached.protocol.binary.SASLStepOperationImpl  - Using SASL auth mechanism: PLAIN
11336 [Thread-10] DEBUG net.spy.memcached.MemcachedConnection  - Added SASL steps operation to {QA sa=localhost/127.0.0.1:11211, #Rops=0, #Wops=0, #iq=1, topRop=null, topWop=null, toWrite=0, interested=0}
11337 [Memcached IO over {MemcachedConnection to localhost/127.0.0.1:11211}] DEBUG net.spy.memcached.MemcachedConnection  - No selectors ready, interrupted: false
11337 [Memcached IO over {MemcachedConnection to localhost/127.0.0.1:11211}] DEBUG net.spy.memcached.MemcachedConnection  - Handling queue
11337 [Memcached IO over {MemcachedConnection to localhost/127.0.0.1:11211}] DEBUG net.spy.memcached.protocol.binary.BinaryMemcachedNodeImpl  - Setting interested opts to 4
11337 [Memcached IO over {MemcachedConnection to localhost/127.0.0.1:11211}] DEBUG net.spy.memcached.MemcachedConnection  - Done dealing with queue.
11337 [Memcached IO over {MemcachedConnection to localhost/127.0.0.1:11211}] DEBUG net.spy.memcached.MemcachedConnection  - Selecting with delay of 1000ms
11337 [Memcached IO over {MemcachedConnection to localhost/127.0.0.1:11211}] DEBUG net.spy.memcached.MemcachedConnection  - Checked the selectors.
11337 [Memcached IO over {MemcachedConnection to localhost/127.0.0.1:11211}] DEBUG net.spy.memcached.MemcachedConnection  - Selected 1, selected 1 keys
11337 [Memcached IO over {MemcachedConnection to localhost/127.0.0.1:11211}] DEBUG net.spy.memcached.MemcachedConnection  - Handling IO for:  channel=java.nio.channels.SocketChannel[connected local=/127.0.0.1:61833 remote=localhost/127.0.0.1:11211], selector=sun.nio.ch.KQueueSelectorImpl@2bb038ca, interestOps=4, readyOps=4 (r=false, w=true, c=false, op={QA sa=localhost/127.0.0.1:11211, #Rops=0, #Wops=1, #iq=0, topRop=null, topWop=SASL steps operation, toWrite=0, interested=4})
11337 [Memcached IO over {MemcachedConnection to localhost/127.0.0.1:11211}] DEBUG net.spy.memcached.protocol.binary.SASLStepOperationImpl  - Transitioned state from WRITE_QUEUED to WRITING
11337 [Memcached IO over {MemcachedConnection to localhost/127.0.0.1:11211}] DEBUG net.spy.memcached.protocol.binary.BinaryMemcachedNodeImpl  - After copying stuff from SASL steps operation: java.nio.DirectByteBuffer[pos=39 lim=16384 cap=16384]
11337 [Memcached IO over {MemcachedConnection to localhost/127.0.0.1:11211}] DEBUG net.spy.memcached.protocol.binary.SASLStepOperationImpl  - Transitioned state from WRITING to READING
11337 [Memcached IO over {MemcachedConnection to localhost/127.0.0.1:11211}] DEBUG net.spy.memcached.protocol.binary.BinaryMemcachedNodeImpl  - Finished writing SASL steps operation
11337 [Memcached IO over {MemcachedConnection to localhost/127.0.0.1:11211}] DEBUG net.spy.memcached.protocol.binary.BinaryMemcachedNodeImpl  - Wrote 39 bytes
11337 [Memcached IO over {MemcachedConnection to localhost/127.0.0.1:11211}] DEBUG net.spy.memcached.protocol.binary.BinaryMemcachedNodeImpl  - Setting interested opts to 1
11337 [Memcached IO over {MemcachedConnection to localhost/127.0.0.1:11211}] DEBUG net.spy.memcached.MemcachedConnection  - Done dealing with queue.
11337 [Memcached IO over {MemcachedConnection to localhost/127.0.0.1:11211}] DEBUG net.spy.memcached.MemcachedConnection  - Selecting with delay of 1000ms
11337 [Memcached IO over {MemcachedConnection to localhost/127.0.0.1:11211}] DEBUG net.spy.memcached.MemcachedConnection  - Checked the selectors.
11343 [Memcached IO over {MemcachedConnection to localhost/127.0.0.1:11211}] DEBUG net.spy.memcached.MemcachedConnection  - Selected 1, selected 1 keys
11344 [Memcached IO over {MemcachedConnection to localhost/127.0.0.1:11211}] DEBUG net.spy.memcached.MemcachedConnection  - Handling IO for:  channel=java.nio.channels.SocketChannel[connected local=/127.0.0.1:61833 remote=localhost/127.0.0.1:11211], selector=sun.nio.ch.KQueueSelectorImpl@2bb038ca, interestOps=1, readyOps=1 (r=true, w=false, c=false, op={QA sa=localhost/127.0.0.1:11211, #Rops=1, #Wops=0, #iq=0, topRop=SASL steps operation, topWop=null, toWrite=0, interested=1})
11344 [Memcached IO over {MemcachedConnection to localhost/127.0.0.1:11211}] DEBUG net.spy.memcached.MemcachedConnection  - Read 39 bytes
11344 [Memcached IO over {MemcachedConnection to localhost/127.0.0.1:11211}] DEBUG net.spy.memcached.protocol.binary.SASLStepOperationImpl  - Reading 24 header bytes
11344 [Memcached IO over {MemcachedConnection to localhost/127.0.0.1:11211}] DEBUG net.spy.memcached.protocol.binary.SASLStepOperationImpl  - Reading 15 payload bytes
11344 [Memcached IO over {MemcachedConnection to localhost/127.0.0.1:11211}] DEBUG net.spy.memcached.protocol.binary.SASLStepOperationImpl  - Transitioned state from READING to COMPLETE
11344 [Memcached IO over {MemcachedConnection to localhost/127.0.0.1:11211}] DEBUG net.spy.memcached.MemcachedConnection  - Completed read op: SASL steps operation and giving the next 0 bytes
11344 [Memcached IO over {MemcachedConnection to localhost/127.0.0.1:11211}] DEBUG net.spy.memcached.protocol.binary.BinaryMemcachedNodeImpl  - Setting interested opts to 0
11344 [Memcached IO over {MemcachedConnection to localhost/127.0.0.1:11211}] DEBUG net.spy.memcached.MemcachedConnection  - Done dealing with queue.
11344 [Memcached IO over {MemcachedConnection to localhost/127.0.0.1:11211}] DEBUG net.spy.memcached.MemcachedConnection  - Selecting with delay of 1000ms
11344 [Memcached IO over {MemcachedConnection to localhost/127.0.0.1:11211}] DEBUG net.spy.memcached.MemcachedConnection  - Checked the selectors.
11446 [Thread-10] DEBUG net.spy.memcached.auth.AuthThread  - SASL Step took 110ms on {QA sa=localhost/127.0.0.1:11211, #Rops=0, #Wops=0, #iq=0, topRop=null, topWop=null, toWrite=0, interested=0}
11446 [Thread-10] WARN net.spy.memcached.auth.AuthThread  - Authentication failed to localhost/127.0.0.1:11211, Status: {OperationStatus success=false:  Unknown command}
11446 [Thread-10] DEBUG net.spy.memcached.protocol.binary.SASLStepOperationImpl  - Using SASL auth mechanism: PLAIN
11447 [Thread-10] DEBUG net.spy.memcached.MemcachedConnection  - Added SASL steps operation to {QA sa=localhost/127.0.0.1:11211, #Rops=0, #Wops=0, #iq=1, topRop=null, topWop=null, toWrite=0, interested=0}
11447 [Memcached IO over {MemcachedConnection to localhost/127.0.0.1:11211}] DEBUG net.spy.memcached.MemcachedConnection  - No selectors ready, interrupted: false
11447 [Memcached IO over {MemcachedConnection to localhost/127.0.0.1:11211}] DEBUG net.spy.memcached.MemcachedConnection  - Handling queue
11447 [Memcached IO over {MemcachedConnection to localhost/127.0.0.1:11211}] DEBUG net.spy.memcached.protocol.binary.BinaryMemcachedNodeImpl  - Setting interested opts to 4
11447 [Memcached IO over {MemcachedConnection to localhost/127.0.0.1:11211}] DEBUG net.spy.memcached.MemcachedConnection  - Done dealing with queue.
11447 [Memcached IO over {MemcachedConnection to localhost/127.0.0.1:11211}] DEBUG net.spy.memcached.MemcachedConnection  - Selecting with delay of 1000ms
11447 [Memcached IO over {MemcachedConnection to localhost/127.0.0.1:11211}] DEBUG net.spy.memcached.MemcachedConnection  - Checked the selectors.
11447 [Memcached IO over {MemcachedConnection to localhost/127.0.0.1:11211}] DEBUG net.spy.memcached.MemcachedConnection  - Selected 1, selected 1 keys
11447 [Memcached IO over {MemcachedConnection to localhost/127.0.0.1:11211}] DEBUG net.spy.memcached.MemcachedConnection  - Handling IO for:  channel=java.nio.channels.SocketChannel[connected local=/127.0.0.1:61833 remote=localhost/127.0.0.1:11211], selector=sun.nio.ch.KQueueSelectorImpl@2bb038ca, interestOps=4, readyOps=4 (r=false, w=true, c=false, op={QA sa=localhost/127.0.0.1:11211, #Rops=0, #Wops=1, #iq=0, topRop=null, topWop=SASL steps operation, toWrite=0, interested=4})
11447 [Memcached IO over {MemcachedConnection to localhost/127.0.0.1:11211}] DEBUG net.spy.memcached.protocol.binary.SASLStepOperationImpl  - Transitioned state from WRITE_QUEUED to WRITING
11447 [Memcached IO over {MemcachedConnection to localhost/127.0.0.1:11211}] DEBUG net.spy.memcached.protocol.binary.BinaryMemcachedNodeImpl  - After copying stuff from SASL steps operation: java.nio.DirectByteBuffer[pos=39 lim=16384 cap=16384]
11447 [Memcached IO over {MemcachedConnection to localhost/127.0.0.1:11211}] DEBUG net.spy.memcached.protocol.binary.SASLStepOperationImpl  - Transitioned state from WRITING to READING
11447 [Memcached IO over {MemcachedConnection to localhost/127.0.0.1:11211}] DEBUG net.spy.memcached.protocol.binary.BinaryMemcachedNodeImpl  - Finished writing SASL steps operation
11447 [Memcached IO over {MemcachedConnection to localhost/127.0.0.1:11211}] DEBUG net.spy.memcached.protocol.binary.BinaryMemcachedNodeImpl  - Wrote 39 bytes
11447 [Memcached IO over {MemcachedConnection to localhost/127.0.0.1:11211}] DEBUG net.spy.memcached.protocol.binary.BinaryMemcachedNodeImpl  - Setting interested opts to 1
11447 [Memcached IO over {MemcachedConnection to localhost/127.0.0.1:11211}] DEBUG net.spy.memcached.MemcachedConnection  - Done dealing with queue.
11447 [Memcached IO over {MemcachedConnection to localhost/127.0.0.1:11211}] DEBUG net.spy.memcached.MemcachedConnection  - Selecting with delay of 1000ms
11447 [Memcached IO over {MemcachedConnection to localhost/127.0.0.1:11211}] DEBUG net.spy.memcached.MemcachedConnection  - Checked the selectors.
11450 [Memcached IO over {MemcachedConnection to localhost/127.0.0.1:11211}] DEBUG net.spy.memcached.MemcachedConnection  - Selected 1, selected 1 keys
11451 [Memcached IO over {MemcachedConnection to localhost/127.0.0.1:11211}] DEBUG net.spy.memcached.MemcachedConnection  - Handling IO for:  channel=java.nio.channels.SocketChannel[connected local=/127.0.0.1:61833 remote=localhost/127.0.0.1:11211], selector=sun.nio.ch.KQueueSelectorImpl@2bb038ca, interestOps=1, readyOps=1 (r=true, w=false, c=false, op={QA sa=localhost/127.0.0.1:11211, #Rops=1, #Wops=0, #iq=0, topRop=SASL steps operation, topWop=null, toWrite=0, interested=1})
11451 [Memcached IO over {MemcachedConnection to localhost/127.0.0.1:11211}] DEBUG net.spy.memcached.MemcachedConnection  - Read 39 bytes
11451 [Memcached IO over {MemcachedConnection to localhost/127.0.0.1:11211}] DEBUG net.spy.memcached.protocol.binary.SASLStepOperationImpl  - Reading 24 header bytes
11451 [Memcached IO over {MemcachedConnection to localhost/127.0.0.1:11211}] DEBUG net.spy.memcached.protocol.binary.SASLStepOperationImpl  - Reading 15 payload bytes
11451 [Memcached IO over {MemcachedConnection to localhost/127.0.0.1:11211}] DEBUG net.spy.memcached.protocol.binary.SASLStepOperationImpl  - Transitioned state from READING to COMPLETE
11451 [Memcached IO over {MemcachedConnection to localhost/127.0.0.1:11211}] DEBUG net.spy.memcached.MemcachedConnection  - Completed read op: SASL steps operation and giving the next 0 bytes
11451 [Memcached IO over {MemcachedConnection to localhost/127.0.0.1:11211}] DEBUG net.spy.memcached.protocol.binary.BinaryMemcachedNodeImpl  - Setting interested opts to 0
11451 [Memcached IO over {MemcachedConnection to localhost/127.0.0.1:11211}] DEBUG net.spy.memcached.MemcachedConnection  - Done dealing with queue.
11451 [Memcached IO over {MemcachedConnection to localhost/127.0.0.1:11211}] DEBUG net.spy.memcached.MemcachedConnection  - Selecting with delay of 1000ms
11451 [Memcached IO over {MemcachedConnection to localhost/127.0.0.1:11211}] DEBUG net.spy.memcached.MemcachedConnection  - Checked the selectors.
11554 [Thread-10] DEBUG net.spy.memcached.auth.AuthThread  - SASL Step took 108ms on {QA sa=localhost/127.0.0.1:11211, #Rops=0, #Wops=0, #iq=0, topRop=null, topWop=null, toWrite=0, interested=0}
11554 [Thread-10] WARN net.spy.memcached.auth.AuthThread  - Authentication failed to localhost/127.0.0.1:11211, Status: {OperationStatus success=false:  Unknown command}
11555 [Thread-10] DEBUG net.spy.memcached.protocol.binary.SASLStepOperationImpl  - Using SASL auth mechanism: PLAIN
11556 [Thread-10] DEBUG net.spy.memcached.MemcachedConnection  - Added SASL steps operation to {QA sa=localhost/127.0.0.1:11211, #Rops=0, #Wops=0, #iq=1, topRop=null, topWop=null, toWrite=0, interested=0}
11556 [Memcached IO over {MemcachedConnection to localhost/127.0.0.1:11211}] DEBUG net.spy.memcached.MemcachedConnection  - No selectors ready, interrupted: false
11556 [Memcached IO over {MemcachedConnection to localhost/127.0.0.1:11211}] DEBUG net.spy.memcached.MemcachedConnection  - Handling queue
11556 [Memcached IO over {MemcachedConnection to localhost/127.0.0.1:11211}] DEBUG net.spy.memcached.protocol.binary.BinaryMemcachedNodeImpl  - Setting interested opts to 4
11556 [Memcached IO over {MemcachedConnection to localhost/127.0.0.1:11211}] DEBUG net.spy.memcached.MemcachedConnection  - Done dealing with queue.
11556 [Memcached IO over {MemcachedConnection to localhost/127.0.0.1:11211}] DEBUG net.spy.memcached.MemcachedConnection  - Selecting with delay of 1000ms
11556 [Memcached IO over {MemcachedConnection to localhost/127.0.0.1:11211}] DEBUG net.spy.memcached.MemcachedConnection  - Checked the selectors.
11556 [Memcached IO over {MemcachedConnection to localhost/127.0.0.1:11211}] DEBUG net.spy.memcached.MemcachedConnection  - Selected 1, selected 1 keys
11556 [Memcached IO over {MemcachedConnection to localhost/127.0.0.1:11211}] DEBUG net.spy.memcached.MemcachedConnection  - Handling IO for:  channel=java.nio.channels.SocketChannel[connected local=/127.0.0.1:61833 remote=localhost/127.0.0.1:11211], selector=sun.nio.ch.KQueueSelectorImpl@2bb038ca, interestOps=4, readyOps=4 (r=false, w=true, c=false, op={QA sa=localhost/127.0.0.1:11211, #Rops=0, #Wops=1, #iq=0, topRop=null, topWop=SASL steps operation, toWrite=0, interested=4})
11557 [Memcached IO over {MemcachedConnection to localhost/127.0.0.1:11211}] DEBUG net.spy.memcached.protocol.binary.SASLStepOperationImpl  - Transitioned state from WRITE_QUEUED to WRITING
11557 [Memcached IO over {MemcachedConnection to localhost/127.0.0.1:11211}] DEBUG net.spy.memcached.protocol.binary.BinaryMemcachedNodeImpl  - After copying stuff from SASL steps operation: java.nio.DirectByteBuffer[pos=39 lim=16384 cap=16384]
11557 [Memcached IO over {MemcachedConnection to localhost/127.0.0.1:11211}] DEBUG net.spy.memcached.protocol.binary.SASLStepOperationImpl  - Transitioned state from WRITING to READING
11557 [Memcached IO over {MemcachedConnection to localhost/127.0.0.1:11211}] DEBUG net.spy.memcached.protocol.binary.BinaryMemcachedNodeImpl  - Finished writing SASL steps operation
11557 [Memcached IO over {MemcachedConnection to localhost/127.0.0.1:11211}] DEBUG net.spy.memcached.protocol.binary.BinaryMemcachedNodeImpl  - Wrote 39 bytes
11557 [Memcached IO over {MemcachedConnection to localhost/127.0.0.1:11211}] DEBUG net.spy.memcached.protocol.binary.BinaryMemcachedNodeImpl  - Setting interested opts to 1
11557 [Memcached IO over {MemcachedConnection to localhost/127.0.0.1:11211}] DEBUG net.spy.memcached.MemcachedConnection  - Done dealing with queue.
11557 [Memcached IO over {MemcachedConnection to localhost/127.0.0.1:11211}] DEBUG net.spy.memcached.MemcachedConnection  - Selecting with delay of 1000ms
11557 [Memcached IO over {MemcachedConnection to localhost/127.0.0.1:11211}] DEBUG net.spy.memcached.MemcachedConnection  - Checked the selectors.
11563 [Memcached IO over {MemcachedConnection to localhost/127.0.0.1:11211}] DEBUG net.spy.memcached.MemcachedConnection  - Selected 1, selected 1 keys
11563 [Memcached IO over {MemcachedConnection to localhost/127.0.0.1:11211}] DEBUG net.spy.memcached.MemcachedConnection  - Handling IO for:  channel=java.nio.channels.SocketChannel[connected local=/127.0.0.1:61833 remote=localhost/127.0.0.1:11211], selector=sun.nio.ch.KQueueSelectorImpl@2bb038ca, interestOps=1, readyOps=1 (r=true, w=false, c=false, op={QA sa=localhost/127.0.0.1:11211, #Rops=1, #Wops=0, #iq=0, topRop=SASL steps operation, topWop=null, toWrite=0, interested=1})
11563 [Memcached IO over {MemcachedConnection to localhost/127.0.0.1:11211}] DEBUG net.spy.memcached.MemcachedConnection  - Read 39 bytes
11563 [Memcached IO over {MemcachedConnection to localhost/127.0.0.1:11211}] DEBUG net.spy.memcached.protocol.binary.SASLStepOperationImpl  - Reading 24 header bytes
11563 [Memcached IO over {MemcachedConnection to localhost/127.0.0.1:11211}] DEBUG net.spy.memcached.protocol.binary.SASLStepOperationImpl  - Reading 15 payload bytes
11563 [Memcached IO over {MemcachedConnection to localhost/127.0.0.1:11211}] DEBUG net.spy.memcached.protocol.binary.SASLStepOperationImpl  - Transitioned state from READING to COMPLETE
11563 [Memcached IO over {MemcachedConnection to localhost/127.0.0.1:11211}] DEBUG net.spy.memcached.MemcachedConnection  - Completed read op: SASL steps operation and giving the next 0 bytes
11563 [Memcached IO over {MemcachedConnection to localhost/127.0.0.1:11211}] DEBUG net.spy.memcached.protocol.binary.BinaryMemcachedNodeImpl  - Setting interested opts to 0
11564 [Memcached IO over {MemcachedConnection to localhost/127.0.0.1:11211}] DEBUG net.spy.memcached.MemcachedConnection  - Done dealing with queue.
11564 [Memcached IO over {MemcachedConnection to localhost/127.0.0.1:11211}] DEBUG net.spy.memcached.MemcachedConnection  - Selecting with delay of 1000ms
11564 [Memcached IO over {MemcachedConnection to localhost/127.0.0.1:11211}] DEBUG net.spy.memcached.MemcachedConnection  - Checked the selectors.
11655 [Memcached IO over {MemcachedConnection to localhost/127.0.0.1:11211}] DEBUG net.spy.memcached.MemcachedConnection  - Done dealing with queue.
11655 [Memcached IO over {MemcachedConnection to localhost/127.0.0.1:11211}] DEBUG net.spy.memcached.MemcachedConnection  - Selecting with delay of 1000ms
11655 [Memcached IO over {MemcachedConnection to localhost/127.0.0.1:11211}] DEBUG net.spy.memcached.MemcachedConnection  - Checked the selectors.
11667 [Thread-10] DEBUG net.spy.memcached.auth.AuthThread  - SASL Step took 112ms on {QA sa=localhost/127.0.0.1:11211, #Rops=0, #Wops=0, #iq=0, topRop=null, topWop=null, toWrite=0, interested=0}
11668 [Thread-10] WARN net.spy.memcached.auth.AuthThread  - Authentication failed to localhost/127.0.0.1:11211, Status: {OperationStatus success=false:  Unknown command}
11669 [Thread-10] DEBUG net.spy.memcached.protocol.binary.SASLStepOperationImpl  - Using SASL auth mechanism: PLAIN
11669 [Thread-10] DEBUG net.spy.memcached.MemcachedConnection  - Added SASL steps operation to {QA sa=localhost/127.0.0.1:11211, #Rops=0, #Wops=0, #iq=1, topRop=null, topWop=null, toWrite=0, interested=0}
11669 [Memcached IO over {MemcachedConnection to localhost/127.0.0.1:11211}] DEBUG net.spy.memcached.MemcachedConnection  - No selectors ready, interrupted: false
11669 [Memcached IO over {MemcachedConnection to localhost/127.0.0.1:11211}] DEBUG net.spy.memcached.MemcachedConnection  - Handling queue
11670 [Memcached IO over {MemcachedConnection to localhost/127.0.0.1:11211}] DEBUG net.spy.memcached.protocol.binary.BinaryMemcachedNodeImpl  - Setting interested opts to 4
11670 [Memcached IO over {MemcachedConnection to localhost/127.0.0.1:11211}] DEBUG net.spy.memcached.MemcachedConnection  - Done dealing with queue.
11670 [Memcached IO over {MemcachedConnection to localhost/127.0.0.1:11211}] DEBUG net.spy.memcached.MemcachedConnection  - Selecting with delay of 1000ms
11670 [Memcached IO over {MemcachedConnection to localhost/127.0.0.1:11211}] DEBUG net.spy.memcached.MemcachedConnection  - Checked the selectors.
11670 [Memcached IO over {MemcachedConnection to localhost/127.0.0.1:11211}] DEBUG net.spy.memcached.MemcachedConnection  - Selected 1, selected 1 keys
11670 [Memcached IO over {MemcachedConnection to localhost/127.0.0.1:11211}] DEBUG net.spy.memcached.MemcachedConnection  - Handling IO for:  channel=java.nio.channels.SocketChannel[connected local=/127.0.0.1:61833 remote=localhost/127.0.0.1:11211], selector=sun.nio.ch.KQueueSelectorImpl@2bb038ca, interestOps=4, readyOps=4 (r=false, w=true, c=false, op={QA sa=localhost/127.0.0.1:11211, #Rops=0, #Wops=1, #iq=0, topRop=null, topWop=SASL steps operation, toWrite=0, interested=4})
11670 [Memcached IO over {MemcachedConnection to localhost/127.0.0.1:11211}] DEBUG net.spy.memcached.protocol.binary.SASLStepOperationImpl  - Transitioned state from WRITE_QUEUED to WRITING
11670 [Memcached IO over {MemcachedConnection to localhost/127.0.0.1:11211}] DEBUG net.spy.memcached.protocol.binary.BinaryMemcachedNodeImpl  - After copying stuff from SASL steps operation: java.nio.DirectByteBuffer[pos=39 lim=16384 cap=16384]
11670 [Memcached IO over {MemcachedConnection to localhost/127.0.0.1:11211}] DEBUG net.spy.memcached.protocol.binary.SASLStepOperationImpl  - Transitioned state from WRITING to READING
11670 [Memcached IO over {MemcachedConnection to localhost/127.0.0.1:11211}] DEBUG net.spy.memcached.protocol.binary.BinaryMemcachedNodeImpl  - Finished writing SASL steps operation
11670 [Memcached IO over {MemcachedConnection to localhost/127.0.0.1:11211}] DEBUG net.spy.memcached.protocol.binary.BinaryMemcachedNodeImpl  - Wrote 39 bytes
11670 [Memcached IO over {MemcachedConnection to localhost/127.0.0.1:11211}] DEBUG net.spy.memcached.protocol.binary.BinaryMemcachedNodeImpl  - Setting interested opts to 1
11670 [Memcached IO over {MemcachedConnection to localhost/127.0.0.1:11211}] DEBUG net.spy.memcached.MemcachedConnection  - Done dealing with queue.
11670 [Memcached IO over {MemcachedConnection to localhost/127.0.0.1:11211}] DEBUG net.spy.memcached.MemcachedConnection  - Selecting with delay of 1000ms
11670 [Memcached IO over {MemcachedConnection to localhost/127.0.0.1:11211}] DEBUG net.spy.memcached.MemcachedConnection  - Checked the selectors.
11675 [Memcached IO over {MemcachedConnection to localhost/127.0.0.1:11211}] DEBUG net.spy.memcached.MemcachedConnection  - Selected 1, selected 1 keys
11676 [Memcached IO over {MemcachedConnection to localhost/127.0.0.1:11211}] DEBUG net.spy.memcached.MemcachedConnection  - Handling IO for:  channel=java.nio.channels.SocketChannel[connected local=/127.0.0.1:61833 remote=localhost/127.0.0.1:11211], selector=sun.nio.ch.KQueueSelectorImpl@2bb038ca, interestOps=1, readyOps=1 (r=true, w=false, c=false, op={QA sa=localhost/127.0.0.1:11211, #Rops=1, #Wops=0, #iq=0, topRop=SASL steps operation, topWop=null, toWrite=0, interested=1})
11676 [Memcached IO over {MemcachedConnection to localhost/127.0.0.1:11211}] DEBUG net.spy.memcached.MemcachedConnection  - Read 39 bytes
11676 [Memcached IO over {MemcachedConnection to localhost/127.0.0.1:11211}] DEBUG net.spy.memcached.protocol.binary.SASLStepOperationImpl  - Reading 24 header bytes
11676 [Memcached IO over {MemcachedConnection to localhost/127.0.0.1:11211}] DEBUG net.spy.memcached.protocol.binary.SASLStepOperationImpl  - Reading 15 payload bytes
11676 [Memcached IO over {MemcachedConnection to localhost/127.0.0.1:11211}] DEBUG net.spy.memcached.protocol.binary.SASLStepOperationImpl  - Transitioned state from READING to COMPLETE
11676 [Memcached IO over {MemcachedConnection to localhost/127.0.0.1:11211}] DEBUG net.spy.memcached.MemcachedConnection  - Completed read op: SASL steps operation and giving the next 0 bytes
11676 [Memcached IO over {MemcachedConnection to localhost/127.0.0.1:11211}] DEBUG net.spy.memcached.protocol.binary.BinaryMemcachedNodeImpl  - Setting interested opts to 0
11676 [Memcached IO over {MemcachedConnection to localhost/127.0.0.1:11211}] DEBUG net.spy.memcached.MemcachedConnection  - Done dealing with queue.
11676 [Memcached IO over {MemcachedConnection to localhost/127.0.0.1:11211}] DEBUG net.spy.memcached.MemcachedConnection  - Selecting with delay of 1000ms
11676 [Memcached IO over {MemcachedConnection to localhost/127.0.0.1:11211}] DEBUG net.spy.memcached.MemcachedConnection  - Checked the selectors.
11707 [Memcached IO over {MemcachedConnection to localhost/127.0.0.1:11211}] DEBUG net.spy.memcached.MemcachedConnection  - Done dealing with queue.
11707 [Memcached IO over {MemcachedConnection to localhost/127.0.0.1:11211}] DEBUG net.spy.memcached.MemcachedConnection  - Selecting with delay of 1000ms
11707 [Memcached IO over {MemcachedConnection to localhost/127.0.0.1:11211}] DEBUG net.spy.memcached.MemcachedConnection  - Checked the selectors.
11779 [Memcached IO over {MemcachedConnection to localhost/127.0.0.1:11211}] DEBUG net.spy.memcached.MemcachedConnection  - Done dealing with queue.
11779 [Memcached IO over {MemcachedConnection to localhost/127.0.0.1:11211}] DEBUG net.spy.memcached.MemcachedConnection  - Selecting with delay of 1000ms
11779 [Memcached IO over {MemcachedConnection to localhost/127.0.0.1:11211}] DEBUG net.spy.memcached.MemcachedConnection  - Checked the selectors.
11782 [Thread-10] DEBUG net.spy.memcached.auth.AuthThread  - SASL Step took 114ms on {QA sa=localhost/127.0.0.1:11211, #Rops=0, #Wops=0, #iq=0, topRop=null, topWop=null, toWrite=0, interested=0}
11782 [Thread-10] WARN net.spy.memcached.auth.AuthThread  - Authentication failed to localhost/127.0.0.1:11211, Status: {OperationStatus success=false:  Unknown command}
11784 [Thread-10] DEBUG net.spy.memcached.protocol.binary.SASLStepOperationImpl  - Using SASL auth mechanism: PLAIN
11785 [Thread-10] DEBUG net.spy.memcached.MemcachedConnection  - Added SASL steps operation to {QA sa=localhost/127.0.0.1:11211, #Rops=0, #Wops=0, #iq=1, topRop=null, topWop=null, toWrite=0, interested=0}
11791 [Memcached IO over {MemcachedConnection to localhost/127.0.0.1:11211}] DEBUG net.spy.memcached.MemcachedConnection  - No selectors ready, interrupted: false
11791 [Memcached IO over {MemcachedConnection to localhost/127.0.0.1:11211}] DEBUG net.spy.memcached.MemcachedConnection  - Handling queue
11791 [Memcached IO over {MemcachedConnection to localhost/127.0.0.1:11211}] DEBUG net.spy.memcached.protocol.binary.BinaryMemcachedNodeImpl  - Setting interested opts to 4
11791 [Memcached IO over {MemcachedConnection to localhost/127.0.0.1:11211}] DEBUG net.spy.memcached.MemcachedConnection  - Done dealing with queue.
11791 [Memcached IO over {MemcachedConnection to localhost/127.0.0.1:11211}] DEBUG net.spy.memcached.MemcachedConnection  - Selecting with delay of 1000ms
11791 [Memcached IO over {MemcachedConnection to localhost/127.0.0.1:11211}] DEBUG net.spy.memcached.MemcachedConnection  - Checked the selectors.
11791 [Memcached IO over {MemcachedConnection to localhost/127.0.0.1:11211}] DEBUG net.spy.memcached.MemcachedConnection  - Selected 1, selected 1 keys
11791 [Memcached IO over {MemcachedConnection to localhost/127.0.0.1:11211}] DEBUG net.spy.memcached.MemcachedConnection  - Handling IO for:  channel=java.nio.channels.SocketChannel[connected local=/127.0.0.1:61833 remote=localhost/127.0.0.1:11211], selector=sun.nio.ch.KQueueSelectorImpl@2bb038ca, interestOps=4, readyOps=4 (r=false, w=true, c=false, op={QA sa=localhost/127.0.0.1:11211, #Rops=0, #Wops=1, #iq=0, topRop=null, topWop=SASL steps operation, toWrite=0, interested=4})
11792 [Memcached IO over {MemcachedConnection to localhost/127.0.0.1:11211}] DEBUG net.spy.memcached.protocol.binary.SASLStepOperationImpl  - Transitioned state from WRITE_QUEUED to WRITING
11792 [Memcached IO over {MemcachedConnection to localhost/127.0.0.1:11211}] DEBUG net.spy.memcached.protocol.binary.BinaryMemcachedNodeImpl  - After copying stuff from SASL steps operation: java.nio.DirectByteBuffer[pos=39 lim=16384 cap=16384]
11792 [Memcached IO over {MemcachedConnection to localhost/127.0.0.1:11211}] DEBUG net.spy.memcached.protocol.binary.SASLStepOperationImpl  - Transitioned state from WRITING to READING
11792 [Memcached IO over {MemcachedConnection to localhost/127.0.0.1:11211}] DEBUG net.spy.memcached.protocol.binary.BinaryMemcachedNodeImpl  - Finished writing SASL steps operation
11792 [Memcached IO over {MemcachedConnection to localhost/127.0.0.1:11211}] DEBUG net.spy.memcached.protocol.binary.BinaryMemcachedNodeImpl  - Wrote 39 bytes
11792 [Memcached IO over {MemcachedConnection to localhost/127.0.0.1:11211}] DEBUG net.spy.memcached.protocol.binary.BinaryMemcachedNodeImpl  - Setting interested opts to 1
11792 [Memcached IO over {MemcachedConnection to localhost/127.0.0.1:11211}] DEBUG net.spy.memcached.MemcachedConnection  - Done dealing with queue.
11792 [Memcached IO over {MemcachedConnection to localhost/127.0.0.1:11211}] DEBUG net.spy.memcached.MemcachedConnection  - Selecting with delay of 1000ms
11792 [Memcached IO over {MemcachedConnection to localhost/127.0.0.1:11211}] DEBUG net.spy.memcached.MemcachedConnection  - Checked the selectors.
11804 [Memcached IO over {MemcachedConnection to localhost/127.0.0.1:11211}] DEBUG net.spy.memcached.MemcachedConnection  - Selected 1, selected 1 keys
11804 [Memcached IO over {MemcachedConnection to localhost/127.0.0.1:11211}] DEBUG net.spy.memcached.MemcachedConnection  - Handling IO for:  channel=java.nio.channels.SocketChannel[connected local=/127.0.0.1:61833 remote=localhost/127.0.0.1:11211], selector=sun.nio.ch.KQueueSelectorImpl@2bb038ca, interestOps=1, readyOps=1 (r=true, w=false, c=false, op={QA sa=localhost/127.0.0.1:11211, #Rops=1, #Wops=0, #iq=0, topRop=SASL steps operation, topWop=null, toWrite=0, interested=1})
11804 [Memcached IO over {MemcachedConnection to localhost/127.0.0.1:11211}] DEBUG net.spy.memcached.MemcachedConnection  - Read 39 bytes
11804 [Memcached IO over {MemcachedConnection to localhost/127.0.0.1:11211}] DEBUG net.spy.memcached.protocol.binary.SASLStepOperationImpl  - Reading 24 header bytes
11804 [Memcached IO over {MemcachedConnection to localhost/127.0.0.1:11211}] DEBUG net.spy.memcached.protocol.binary.SASLStepOperationImpl  - Reading 15 payload bytes
11804 [Memcached IO over {MemcachedConnection to localhost/127.0.0.1:11211}] DEBUG net.spy.memcached.protocol.binary.SASLStepOperationImpl  - Transitioned state from READING to COMPLETE
11804 [Memcached IO over {MemcachedConnection to localhost/127.0.0.1:11211}] DEBUG net.spy.memcached.MemcachedConnection  - Completed read op: SASL steps operation and giving the next 0 bytes
11804 [Memcached IO over {MemcachedConnection to localhost/127.0.0.1:11211}] DEBUG net.spy.memcached.protocol.binary.BinaryMemcachedNodeImpl  - Setting interested opts to 0
11804 [Memcached IO over {MemcachedConnection to localhost/127.0.0.1:11211}] DEBUG net.spy.memcached.MemcachedConnection  - Done dealing with queue.
11804 [Memcached IO over {MemcachedConnection to localhost/127.0.0.1:11211}] DEBUG net.spy.memcached.MemcachedConnection  - Selecting with delay of 1000ms
11804 [Memcached IO over {MemcachedConnection to localhost/127.0.0.1:11211}] DEBUG net.spy.memcached.MemcachedConnection  - Checked the selectors.
11909 [Thread-10] DEBUG net.spy.memcached.auth.AuthThread  - SASL Step took 126ms on {QA sa=localhost/127.0.0.1:11211, #Rops=0, #Wops=0, #iq=0, topRop=null, topWop=null, toWrite=0, interested=0}
11909 [Thread-10] WARN net.spy.memcached.auth.AuthThread  - Authentication failed to localhost/127.0.0.1:11211, Status: {OperationStatus success=false:  Unknown command}
11910 [Thread-10] DEBUG net.spy.memcached.protocol.binary.SASLStepOperationImpl  - Using SASL auth mechanism: PLAIN
11911 [Thread-10] DEBUG net.spy.memcached.MemcachedConnection  - Added SASL steps operation to {QA sa=localhost/127.0.0.1:11211, #Rops=0, #Wops=0, #iq=1, topRop=null, topWop=null, toWrite=0, interested=0}
11911 [Memcached IO over {MemcachedConnection to localhost/127.0.0.1:11211}] DEBUG net.spy.memcached.MemcachedConnection  - No selectors ready, interrupted: false
11912 [Memcached IO over {MemcachedConnection to localhost/127.0.0.1:11211}] DEBUG net.spy.memcached.MemcachedConnection  - Handling queue
11912 [Memcached IO over {MemcachedConnection to localhost/127.0.0.1:11211}] DEBUG net.spy.memcached.protocol.binary.BinaryMemcachedNodeImpl  - Setting interested opts to 4
11912 [Memcached IO over {MemcachedConnection to localhost/127.0.0.1:11211}] DEBUG net.spy.memcached.MemcachedConnection  - Done dealing with queue.
11912 [Memcached IO over {MemcachedConnection to localhost/127.0.0.1:11211}] DEBUG net.spy.memcached.MemcachedConnection  - Selecting with delay of 1000ms
11912 [Memcached IO over {MemcachedConnection to localhost/127.0.0.1:11211}] DEBUG net.spy.memcached.MemcachedConnection  - Checked the selectors.
11912 [Memcached IO over {MemcachedConnection to localhost/127.0.0.1:11211}] DEBUG net.spy.memcached.MemcachedConnection  - Selected 1, selected 1 keys
11912 [Memcached IO over {MemcachedConnection to localhost/127.0.0.1:11211}] DEBUG net.spy.memcached.MemcachedConnection  - Handling IO for:  channel=java.nio.channels.SocketChannel[connected local=/127.0.0.1:61833 remote=localhost/127.0.0.1:11211], selector=sun.nio.ch.KQueueSelectorImpl@2bb038ca, interestOps=4, readyOps=4 (r=false, w=true, c=false, op={QA sa=localhost/127.0.0.1:11211, #Rops=0, #Wops=1, #iq=0, topRop=null, topWop=SASL steps operation, toWrite=0, interested=4})
11912 [Memcached IO over {MemcachedConnection to localhost/127.0.0.1:11211}] DEBUG net.spy.memcached.protocol.binary.SASLStepOperationImpl  - Transitioned state from WRITE_QUEUED to WRITING
11912 [Memcached IO over {MemcachedConnection to localhost/127.0.0.1:11211}] DEBUG net.spy.memcached.protocol.binary.BinaryMemcachedNodeImpl  - After copying stuff from SASL steps operation: java.nio.DirectByteBuffer[pos=39 lim=16384 cap=16384]
11912 [Memcached IO over {MemcachedConnection to localhost/127.0.0.1:11211}] DEBUG net.spy.memcached.protocol.binary.SASLStepOperationImpl  - Transitioned state from WRITING to READING
11912 [Memcached IO over {MemcachedConnection to localhost/127.0.0.1:11211}] DEBUG net.spy.memcached.protocol.binary.BinaryMemcachedNodeImpl  - Finished writing SASL steps operation
11912 [Memcached IO over {MemcachedConnection to localhost/127.0.0.1:11211}] DEBUG net.spy.memcached.protocol.binary.BinaryMemcachedNodeImpl  - Wrote 39 bytes
11912 [Memcached IO over {MemcachedConnection to localhost/127.0.0.1:11211}] DEBUG net.spy.memcached.protocol.binary.BinaryMemcachedNodeImpl  - Setting interested opts to 1
11912 [Memcached IO over {MemcachedConnection to localhost/127.0.0.1:11211}] DEBUG net.spy.memcached.MemcachedConnection  - Done dealing with queue.
11912 [Memcached IO over {MemcachedConnection to localhost/127.0.0.1:11211}] DEBUG net.spy.memcached.MemcachedConnection  - Selecting with delay of 1000ms
11912 [Memcached IO over {MemcachedConnection to localhost/127.0.0.1:11211}] DEBUG net.spy.memcached.MemcachedConnection  - Checked the selectors.
11916 [Memcached IO over {MemcachedConnection to localhost/127.0.0.1:11211}] DEBUG net.spy.memcached.MemcachedConnection  - Selected 1, selected 1 keys
11918 [Memcached IO over {MemcachedConnection to localhost/127.0.0.1:11211}] DEBUG net.spy.memcached.MemcachedConnection  - Handling IO for:  channel=java.nio.channels.SocketChannel[connected local=/127.0.0.1:61833 remote=localhost/127.0.0.1:11211], selector=sun.nio.ch.KQueueSelectorImpl@2bb038ca, interestOps=1, readyOps=1 (r=true, w=false, c=false, op={QA sa=localhost/127.0.0.1:11211, #Rops=1, #Wops=0, #iq=0, topRop=SASL steps operation, topWop=null, toWrite=0, interested=1})
11918 [Memcached IO over {MemcachedConnection to localhost/127.0.0.1:11211}] DEBUG net.spy.memcached.MemcachedConnection  - Read 39 bytes
11918 [Memcached IO over {MemcachedConnection to localhost/127.0.0.1:11211}] DEBUG net.spy.memcached.protocol.binary.SASLStepOperationImpl  - Reading 24 header bytes
11918 [Memcached IO over {MemcachedConnection to localhost/127.0.0.1:11211}] DEBUG net.spy.memcached.protocol.binary.SASLStepOperationImpl  - Reading 15 payload bytes
11918 [Memcached IO over {MemcachedConnection to localhost/127.0.0.1:11211}] DEBUG net.spy.memcached.protocol.binary.SASLStepOperationImpl  - Transitioned state from READING to COMPLETE
11918 [Memcached IO over {MemcachedConnection to localhost/127.0.0.1:11211}] DEBUG net.spy.memcached.MemcachedConnection  - Completed read op: SASL steps operation and giving the next 0 bytes
11918 [Memcached IO over {MemcachedConnection to localhost/127.0.0.1:11211}] DEBUG net.spy.memcached.protocol.binary.BinaryMemcachedNodeImpl  - Setting interested opts to 0
11918 [Memcached IO over {MemcachedConnection to localhost/127.0.0.1:11211}] DEBUG net.spy.memcached.MemcachedConnection  - Done dealing with queue.
11918 [Memcached IO over {MemcachedConnection to localhost/127.0.0.1:11211}] DEBUG net.spy.memcached.MemcachedConnection  - Selecting with delay of 1000ms
11918 [Memcached IO over {MemcachedConnection to localhost/127.0.0.1:11211}] DEBUG net.spy.memcached.MemcachedConnection  - Checked the selectors.
12024 [Thread-10] DEBUG net.spy.memcached.auth.AuthThread  - SASL Step took 114ms on {QA sa=localhost/127.0.0.1:11211, #Rops=0, #Wops=0, #iq=0, topRop=null, topWop=null, toWrite=0, interested=0}
12024 [Thread-10] WARN net.spy.memcached.auth.AuthThread  - Authentication failed to localhost/127.0.0.1:11211, Status: {OperationStatus success=false:  Unknown command}
12025 [Thread-10] DEBUG net.spy.memcached.protocol.binary.SASLStepOperationImpl  - Using SASL auth mechanism: PLAIN
12026 [Thread-10] DEBUG net.spy.memcached.MemcachedConnection  - Added SASL steps operation to {QA sa=localhost/127.0.0.1:11211, #Rops=0, #Wops=0, #iq=1, topRop=null, topWop=null, toWrite=0, interested=0}
12026 [Memcached IO over {MemcachedConnection to localhost/127.0.0.1:11211}] DEBUG net.spy.memcached.MemcachedConnection  - No selectors ready, interrupted: false
12026 [Memcached IO over {MemcachedConnection to localhost/127.0.0.1:11211}] DEBUG net.spy.memcached.MemcachedConnection  - Handling queue
12026 [Memcached IO over {MemcachedConnection to localhost/127.0.0.1:11211}] DEBUG net.spy.memcached.protocol.binary.BinaryMemcachedNodeImpl  - Setting interested opts to 4
12027 [Memcached IO over {MemcachedConnection to localhost/127.0.0.1:11211}] DEBUG net.spy.memcached.MemcachedConnection  - Done dealing with queue.
12027 [Memcached IO over {MemcachedConnection to localhost/127.0.0.1:11211}] DEBUG net.spy.memcached.MemcachedConnection  - Selecting with delay of 1000ms
12027 [Memcached IO over {MemcachedConnection to localhost/127.0.0.1:11211}] DEBUG net.spy.memcached.MemcachedConnection  - Checked the selectors.
12027 [Memcached IO over {MemcachedConnection to localhost/127.0.0.1:11211}] DEBUG net.spy.memcached.MemcachedConnection  - Selected 1, selected 1 keys
12027 [Memcached IO over {MemcachedConnection to localhost/127.0.0.1:11211}] DEBUG net.spy.memcached.MemcachedConnection  - Handling IO for:  channel=java.nio.channels.SocketChannel[connected local=/127.0.0.1:61833 remote=localhost/127.0.0.1:11211], selector=sun.nio.ch.KQueueSelectorImpl@2bb038ca, interestOps=4, readyOps=4 (r=false, w=true, c=false, op={QA sa=localhost/127.0.0.1:11211, #Rops=0, #Wops=1, #iq=0, topRop=null, topWop=SASL steps operation, toWrite=0, interested=4})
12027 [Memcached IO over {MemcachedConnection to localhost/127.0.0.1:11211}] DEBUG net.spy.memcached.protocol.binary.SASLStepOperationImpl  - Transitioned state from WRITE_QUEUED to WRITING
12027 [Memcached IO over {MemcachedConnection to localhost/127.0.0.1:11211}] DEBUG net.spy.memcached.protocol.binary.BinaryMemcachedNodeImpl  - After copying stuff from SASL steps operation: java.nio.DirectByteBuffer[pos=39 lim=16384 cap=16384]
12027 [Memcached IO over {MemcachedConnection to localhost/127.0.0.1:11211}] DEBUG net.spy.memcached.protocol.binary.SASLStepOperationImpl  - Transitioned state from WRITING to READING
12027 [Memcached IO over {MemcachedConnection to localhost/127.0.0.1:11211}] DEBUG net.spy.memcached.protocol.binary.BinaryMemcachedNodeImpl  - Finished writing SASL steps operation
12027 [Memcached IO over {MemcachedConnection to localhost/127.0.0.1:11211}] DEBUG net.spy.memcached.protocol.binary.BinaryMemcachedNodeImpl  - Wrote 39 bytes
12027 [Memcached IO over {MemcachedConnection to localhost/127.0.0.1:11211}] DEBUG net.spy.memcached.protocol.binary.BinaryMemcachedNodeImpl  - Setting interested opts to 1
12027 [Memcached IO over {MemcachedConnection to localhost/127.0.0.1:11211}] DEBUG net.spy.memcached.MemcachedConnection  - Done dealing with queue.
12028 [Memcached IO over {MemcachedConnection to localhost/127.0.0.1:11211}] DEBUG net.spy.memcached.MemcachedConnection  - Selecting with delay of 1000ms
12028 [Memcached IO over {MemcachedConnection to localhost/127.0.0.1:11211}] DEBUG net.spy.memcached.MemcachedConnection  - Checked the selectors.
12035 [Memcached IO over {MemcachedConnection to localhost/127.0.0.1:11211}] DEBUG net.spy.memcached.MemcachedConnection  - Selected 1, selected 1 keys
12035 [Memcached IO over {MemcachedConnection to localhost/127.0.0.1:11211}] DEBUG net.spy.memcached.MemcachedConnection  - Handling IO for:  channel=java.nio.channels.SocketChannel[connected local=/127.0.0.1:61833 remote=localhost/127.0.0.1:11211], selector=sun.nio.ch.KQueueSelectorImpl@2bb038ca, interestOps=1, readyOps=1 (r=true, w=false, c=false, op={QA sa=localhost/127.0.0.1:11211, #Rops=1, #Wops=0, #iq=0, topRop=SASL steps operation, topWop=null, toWrite=0, interested=1})
12035 [Memcached IO over {MemcachedConnection to localhost/127.0.0.1:11211}] DEBUG net.spy.memcached.MemcachedConnection  - Read 39 bytes
12035 [Memcached IO over {MemcachedConnection to localhost/127.0.0.1:11211}] DEBUG net.spy.memcached.protocol.binary.SASLStepOperationImpl  - Reading 24 header bytes
12035 [Memcached IO over {MemcachedConnection to localhost/127.0.0.1:11211}] DEBUG net.spy.memcached.protocol.binary.SASLStepOperationImpl  - Reading 15 payload bytes
12035 [Memcached IO over {MemcachedConnection to localhost/127.0.0.1:11211}] DEBUG net.spy.memcached.protocol.binary.SASLStepOperationImpl  - Transitioned state from READING to COMPLETE
12035 [Memcached IO over {MemcachedConnection to localhost/127.0.0.1:11211}] DEBUG net.spy.memcached.MemcachedConnection  - Completed read op: SASL steps operation and giving the next 0 bytes
12035 [Memcached IO over {MemcachedConnection to localhost/127.0.0.1:11211}] DEBUG net.spy.memcached.protocol.binary.BinaryMemcachedNodeImpl  - Setting interested opts to 0
12035 [Memcached IO over {MemcachedConnection to localhost/127.0.0.1:11211}] DEBUG net.spy.memcached.MemcachedConnection  - Done dealing with queue.
12035 [Memcached IO over {MemcachedConnection to localhost/127.0.0.1:11211}] DEBUG net.spy.memcached.MemcachedConnection  - Selecting with delay of 1000ms
12035 [Memcached IO over {MemcachedConnection to localhost/127.0.0.1:11211}] DEBUG net.spy.memcached.MemcachedConnection  - Checked the selectors.
12139 [Thread-10] DEBUG net.spy.memcached.auth.AuthThread  - SASL Step took 114ms on {QA sa=localhost/127.0.0.1:11211, #Rops=0, #Wops=0, #iq=0, topRop=null, topWop=null, toWrite=0, interested=0}
12139 [Thread-10] WARN net.spy.memcached.auth.AuthThread  - Authentication failed to localhost/127.0.0.1:11211, Status: {OperationStatus success=false:  Unknown command}
12139 [Thread-10] DEBUG net.spy.memcached.protocol.binary.SASLStepOperationImpl  - Using SASL auth mechanism: PLAIN
12139 [Thread-10] DEBUG net.spy.memcached.MemcachedConnection  - Added SASL steps operation to {QA sa=localhost/127.0.0.1:11211, #Rops=0, #Wops=0, #iq=1, topRop=null, topWop=null, toWrite=0, interested=0}
12139 [Memcached IO over {MemcachedConnection to localhost/127.0.0.1:11211}] DEBUG net.spy.memcached.MemcachedConnection  - No selectors ready, interrupted: false
12140 [Memcached IO over {MemcachedConnection to localhost/127.0.0.1:11211}] DEBUG net.spy.memcached.MemcachedConnection  - Handling queue
12140 [Memcached IO over {MemcachedConnection to localhost/127.0.0.1:11211}] DEBUG net.spy.memcached.protocol.binary.BinaryMemcachedNodeImpl  - Setting interested opts to 4
12140 [Memcached IO over {MemcachedConnection to localhost/127.0.0.1:11211}] DEBUG net.spy.memcached.MemcachedConnection  - Done dealing with queue.
12140 [Memcached IO over {MemcachedConnection to localhost/127.0.0.1:11211}] DEBUG net.spy.memcached.MemcachedConnection  - Selecting with delay of 1000ms
12140 [Memcached IO over {MemcachedConnection to localhost/127.0.0.1:11211}] DEBUG net.spy.memcached.MemcachedConnection  - Checked the selectors.
12140 [Memcached IO over {MemcachedConnection to localhost/127.0.0.1:11211}] DEBUG net.spy.memcached.MemcachedConnection  - Selected 1, selected 1 keys
12140 [Memcached IO over {MemcachedConnection to localhost/127.0.0.1:11211}] DEBUG net.spy.memcached.MemcachedConnection  - Handling IO for:  channel=java.nio.channels.SocketChannel[connected local=/127.0.0.1:61833 remote=localhost/127.0.0.1:11211], selector=sun.nio.ch.KQueueSelectorImpl@2bb038ca, interestOps=4, readyOps=4 (r=false, w=true, c=false, op={QA sa=localhost/127.0.0.1:11211, #Rops=0, #Wops=1, #iq=0, topRop=null, topWop=SASL steps operation, toWrite=0, interested=4})
12140 [Memcached IO over {MemcachedConnection to localhost/127.0.0.1:11211}] DEBUG net.spy.memcached.protocol.binary.SASLStepOperationImpl  - Transitioned state from WRITE_QUEUED to WRITING
12140 [Memcached IO over {MemcachedConnection to localhost/127.0.0.1:11211}] DEBUG net.spy.memcached.protocol.binary.BinaryMemcachedNodeImpl  - After copying stuff from SASL steps operation: java.nio.DirectByteBuffer[pos=39 lim=16384 cap=16384]
12140 [Memcached IO over {MemcachedConnection to localhost/127.0.0.1:11211}] DEBUG net.spy.memcached.protocol.binary.SASLStepOperationImpl  - Transitioned state from WRITING to READING
12140 [Memcached IO over {MemcachedConnection to localhost/127.0.0.1:11211}] DEBUG net.spy.memcached.protocol.binary.BinaryMemcachedNodeImpl  - Finished writing SASL steps operation
12140 [Memcached IO over {MemcachedConnection to localhost/127.0.0.1:11211}] DEBUG net.spy.memcached.protocol.binary.BinaryMemcachedNodeImpl  - Wrote 39 bytes
12140 [Memcached IO over {MemcachedConnection to localhost/127.0.0.1:11211}] DEBUG net.spy.memcached.protocol.binary.BinaryMemcachedNodeImpl  - Setting interested opts to 1
12140 [Memcached IO over {MemcachedConnection to localhost/127.0.0.1:11211}] DEBUG net.spy.memcached.MemcachedConnection  - Done dealing with queue.
12140 [Memcached IO over {MemcachedConnection to localhost/127.0.0.1:11211}] DEBUG net.spy.memcached.MemcachedConnection  - Selecting with delay of 1000ms
12140 [Memcached IO over {MemcachedConnection to localhost/127.0.0.1:11211}] DEBUG net.spy.memcached.MemcachedConnection  - Checked the selectors.
12146 [Memcached IO over {MemcachedConnection to localhost/127.0.0.1:11211}] DEBUG net.spy.memcached.MemcachedConnection  - Selected 1, selected 1 keys
12147 [Memcached IO over {MemcachedConnection to localhost/127.0.0.1:11211}] DEBUG net.spy.memcached.MemcachedConnection  - Handling IO for:  channel=java.nio.channels.SocketChannel[connected local=/127.0.0.1:61833 remote=localhost/127.0.0.1:11211], selector=sun.nio.ch.KQueueSelectorImpl@2bb038ca, interestOps=1, readyOps=1 (r=true, w=false, c=false, op={QA sa=localhost/127.0.0.1:11211, #Rops=1, #Wops=0, #iq=0, topRop=SASL steps operation, topWop=null, toWrite=0, interested=1})
12147 [Memcached IO over {MemcachedConnection to localhost/127.0.0.1:11211}] DEBUG net.spy.memcached.MemcachedConnection  - Read 39 bytes
12147 [Memcached IO over {MemcachedConnection to localhost/127.0.0.1:11211}] DEBUG net.spy.memcached.protocol.binary.SASLStepOperationImpl  - Reading 24 header bytes
12147 [Memcached IO over {MemcachedConnection to localhost/127.0.0.1:11211}] DEBUG net.spy.memcached.protocol.binary.SASLStepOperationImpl  - Reading 15 payload bytes
12147 [Memcached IO over {MemcachedConnection to localhost/127.0.0.1:11211}] DEBUG net.spy.memcached.protocol.binary.SASLStepOperationImpl  - Transitioned state from READING to COMPLETE
12148 [Memcached IO over {MemcachedConnection to localhost/127.0.0.1:11211}] DEBUG net.spy.memcached.MemcachedConnection  - Completed read op: SASL steps operation and giving the next 0 bytes
12149 [Memcached IO over {MemcachedConnection to localhost/127.0.0.1:11211}] DEBUG net.spy.memcached.protocol.binary.BinaryMemcachedNodeImpl  - Setting interested opts to 0
12149 [Memcached IO over {MemcachedConnection to localhost/127.0.0.1:11211}] DEBUG net.spy.memcached.MemcachedConnection  - Done dealing with queue.
12149 [Memcached IO over {MemcachedConnection to localhost/127.0.0.1:11211}] DEBUG net.spy.memcached.MemcachedConnection  - Selecting with delay of 1000ms
12149 [Memcached IO over {MemcachedConnection to localhost/127.0.0.1:11211}] DEBUG net.spy.memcached.MemcachedConnection  - Checked the selectors.
12253 [Thread-10] DEBUG net.spy.memcached.auth.AuthThread  - SASL Step took 114ms on {QA sa=localhost/127.0.0.1:11211, #Rops=0, #Wops=0, #iq=0, topRop=null, topWop=null, toWrite=0, interested=0}
12254 [Thread-10] WARN net.spy.memcached.auth.AuthThread  - Authentication failed to localhost/127.0.0.1:11211, Status: {OperationStatus success=false:  Unknown command}
12255 [Thread-10] DEBUG net.spy.memcached.protocol.binary.SASLStepOperationImpl  - Using SASL auth mechanism: PLAIN
12255 [Thread-10] DEBUG net.spy.memcached.MemcachedConnection  - Added SASL steps operation to {QA sa=localhost/127.0.0.1:11211, #Rops=0, #Wops=0, #iq=1, topRop=null, topWop=null, toWrite=0, interested=0}
12256 [Memcached IO over {MemcachedConnection to localhost/127.0.0.1:11211}] DEBUG net.spy.memcached.MemcachedConnection  - No selectors ready, interrupted: false
12256 [Memcached IO over {MemcachedConnection to localhost/127.0.0.1:11211}] DEBUG net.spy.memcached.MemcachedConnection  - Handling queue
12256 [Memcached IO over {MemcachedConnection to localhost/127.0.0.1:11211}] DEBUG net.spy.memcached.protocol.binary.BinaryMemcachedNodeImpl  - Setting interested opts to 4
12256 [Memcached IO over {MemcachedConnection to localhost/127.0.0.1:11211}] DEBUG net.spy.memcached.MemcachedConnection  - Done dealing with queue.
12256 [Memcached IO over {MemcachedConnection to localhost/127.0.0.1:11211}] DEBUG net.spy.memcached.MemcachedConnection  - Selecting with delay of 1000ms
12256 [Memcached IO over {MemcachedConnection to localhost/127.0.0.1:11211}] DEBUG net.spy.memcached.MemcachedConnection  - Checked the selectors.
12256 [Memcached IO over {MemcachedConnection to localhost/127.0.0.1:11211}] DEBUG net.spy.memcached.MemcachedConnection  - Selected 1, selected 1 keys
12257 [Memcached IO over {MemcachedConnection to localhost/127.0.0.1:11211}] DEBUG net.spy.memcached.MemcachedConnection  - Handling IO for:  channel=java.nio.channels.SocketChannel[connected local=/127.0.0.1:61833 remote=localhost/127.0.0.1:11211], selector=sun.nio.ch.KQueueSelectorImpl@2bb038ca, interestOps=4, readyOps=4 (r=false, w=true, c=false, op={QA sa=localhost/127.0.0.1:11211, #Rops=0, #Wops=1, #iq=0, topRop=null, topWop=SASL steps operation, toWrite=0, interested=4})
12257 [Memcached IO over {MemcachedConnection to localhost/127.0.0.1:11211}] DEBUG net.spy.memcached.protocol.binary.SASLStepOperationImpl  - Transitioned state from WRITE_QUEUED to WRITING
12257 [Memcached IO over {MemcachedConnection to localhost/127.0.0.1:11211}] DEBUG net.spy.memcached.protocol.binary.BinaryMemcachedNodeImpl  - After copying stuff from SASL steps operation: java.nio.DirectByteBuffer[pos=39 lim=16384 cap=16384]
12257 [Memcached IO over {MemcachedConnection to localhost/127.0.0.1:11211}] DEBUG net.spy.memcached.protocol.binary.SASLStepOperationImpl  - Transitioned state from WRITING to READING
12257 [Memcached IO over {MemcachedConnection to localhost/127.0.0.1:11211}] DEBUG net.spy.memcached.protocol.binary.BinaryMemcachedNodeImpl  - Finished writing SASL steps operation
12257 [Memcached IO over {MemcachedConnection to localhost/127.0.0.1:11211}] DEBUG net.spy.memcached.protocol.binary.BinaryMemcachedNodeImpl  - Wrote 39 bytes
12257 [Memcached IO over {MemcachedConnection to localhost/127.0.0.1:11211}] DEBUG net.spy.memcached.protocol.binary.BinaryMemcachedNodeImpl  - Setting interested opts to 1
12257 [Memcached IO over {MemcachedConnection to localhost/127.0.0.1:11211}] DEBUG net.spy.memcached.MemcachedConnection  - Done dealing with queue.
12257 [Memcached IO over {MemcachedConnection to localhost/127.0.0.1:11211}] DEBUG net.spy.memcached.MemcachedConnection  - Selecting with delay of 1000ms
12257 [Memcached IO over {MemcachedConnection to localhost/127.0.0.1:11211}] DEBUG net.spy.memcached.MemcachedConnection  - Checked the selectors.
12266 [Memcached IO over {MemcachedConnection to localhost/127.0.0.1:11211}] DEBUG net.spy.memcached.MemcachedConnection  - Selected 1, selected 1 keys
12266 [Memcached IO over {MemcachedConnection to localhost/127.0.0.1:11211}] DEBUG net.spy.memcached.MemcachedConnection  - Handling IO for:  channel=java.nio.channels.SocketChannel[connected local=/127.0.0.1:61833 remote=localhost/127.0.0.1:11211], selector=sun.nio.ch.KQueueSelectorImpl@2bb038ca, interestOps=1, readyOps=1 (r=true, w=false, c=false, op={QA sa=localhost/127.0.0.1:11211, #Rops=1, #Wops=0, #iq=0, topRop=SASL steps operation, topWop=null, toWrite=0, interested=1})
12266 [Memcached IO over {MemcachedConnection to localhost/127.0.0.1:11211}] DEBUG net.spy.memcached.MemcachedConnection  - Read 39 bytes
12266 [Memcached IO over {MemcachedConnection to localhost/127.0.0.1:11211}] DEBUG net.spy.memcached.protocol.binary.SASLStepOperationImpl  - Reading 24 header bytes
12266 [Memcached IO over {MemcachedConnection to localhost/127.0.0.1:11211}] DEBUG net.spy.memcached.protocol.binary.SASLStepOperationImpl  - Reading 15 payload bytes
12266 [Memcached IO over {MemcachedConnection to localhost/127.0.0.1:11211}] DEBUG net.spy.memcached.protocol.binary.SASLStepOperationImpl  - Transitioned state from READING to COMPLETE
12266 [Memcached IO over {MemcachedConnection to localhost/127.0.0.1:11211}] DEBUG net.spy.memcached.MemcachedConnection  - Completed read op: SASL steps operation and giving the next 0 bytes
12266 [Memcached IO over {MemcachedConnection to localhost/127.0.0.1:11211}] DEBUG net.spy.memcached.protocol.binary.BinaryMemcachedNodeImpl  - Setting interested opts to 0
12266 [Memcached IO over {MemcachedConnection to localhost/127.0.0.1:11211}] DEBUG net.spy.memcached.MemcachedConnection  - Done dealing with queue.
12266 [Memcached IO over {MemcachedConnection to localhost/127.0.0.1:11211}] DEBUG net.spy.memcached.MemcachedConnection  - Selecting with delay of 1000ms
12267 [Memcached IO over {MemcachedConnection to localhost/127.0.0.1:11211}] DEBUG net.spy.memcached.MemcachedConnection  - Checked the selectors.
12297 [Test worker] WARN com.nicindustries.hibernate.memcached.LoggingMemcacheExceptionHandler  - Cache 'get' failed for key [ten]
net.spy.memcached.OperationTimeoutException: Timeout waiting for value: waited 2,500 ms. Node status: Connection Status { localhost/127.0.0.1:11211 active: true, authed: false, last read: 27 ms ago }
	at net.spy.memcached.MemcachedClient.get(MemcachedClient.java:1240)
	at net.spy.memcached.MemcachedClient.get(MemcachedClient.java:1256)
	at com.nicindustries.hibernate.memcached.spymemcached.SpyMemcache.get(SpyMemcache.java:42)
	at com.integration.com.nicindustries.hibernate.memcached.spymemcached.SpyMemcacheClientFactoryIT.testAuth(SpyMemcacheClientFactoryIT.java:71)
	at java.base/jdk.internal.reflect.NativeMethodAccessorImpl.invoke0(Native Method)
	at java.base/jdk.internal.reflect.NativeMethodAccessorImpl.invoke(NativeMethodAccessorImpl.java:77)
	at java.base/jdk.internal.reflect.DelegatingMethodAccessorImpl.invoke(DelegatingMethodAccessorImpl.java:43)
	at java.base/java.lang.reflect.Method.invoke(Method.java:568)
	at org.junit.runners.model.FrameworkMethod$1.runReflectiveCall(FrameworkMethod.java:59)
	at org.junit.internal.runners.model.ReflectiveCallable.run(ReflectiveCallable.java:12)
	at org.junit.runners.model.FrameworkMethod.invokeExplosively(FrameworkMethod.java:56)
	at org.junit.internal.runners.statements.InvokeMethod.evaluate(InvokeMethod.java:17)
	at org.junit.internal.runners.statements.RunAfters.evaluate(RunAfters.java:27)
	at org.junit.runners.ParentRunner$3.evaluate(ParentRunner.java:306)
	at org.junit.runners.BlockJUnit4ClassRunner$1.evaluate(BlockJUnit4ClassRunner.java:100)
	at org.junit.runners.ParentRunner.runLeaf(ParentRunner.java:366)
	at org.junit.runners.BlockJUnit4ClassRunner.runChild(BlockJUnit4ClassRunner.java:103)
	at org.junit.runners.BlockJUnit4ClassRunner.runChild(BlockJUnit4ClassRunner.java:63)
	at org.junit.runners.ParentRunner$4.run(ParentRunner.java:331)
	at org.junit.runners.ParentRunner$1.schedule(ParentRunner.java:79)
	at org.junit.runners.ParentRunner.runChildren(ParentRunner.java:329)
	at org.junit.runners.ParentRunner.access$100(ParentRunner.java:66)
	at org.junit.runners.ParentRunner$2.evaluate(ParentRunner.java:293)
	at org.junit.runners.ParentRunner$3.evaluate(ParentRunner.java:306)
	at org.junit.runners.ParentRunner.run(ParentRunner.java:413)
	at org.gradle.api.internal.tasks.testing.junit.JUnitTestClassExecutor.runTestClass(JUnitTestClassExecutor.java:110)
	at org.gradle.api.internal.tasks.testing.junit.JUnitTestClassExecutor.execute(JUnitTestClassExecutor.java:58)
	at org.gradle.api.internal.tasks.testing.junit.JUnitTestClassExecutor.execute(JUnitTestClassExecutor.java:38)
	at org.gradle.api.internal.tasks.testing.junit.AbstractJUnitTestClassProcessor.processTestClass(AbstractJUnitTestClassProcessor.java:62)
	at org.gradle.api.internal.tasks.testing.SuiteTestClassProcessor.processTestClass(SuiteTestClassProcessor.java:51)
	at java.base/jdk.internal.reflect.NativeMethodAccessorImpl.invoke0(Native Method)
	at java.base/jdk.internal.reflect.NativeMethodAccessorImpl.invoke(NativeMethodAccessorImpl.java:77)
	at java.base/jdk.internal.reflect.DelegatingMethodAccessorImpl.invoke(DelegatingMethodAccessorImpl.java:43)
	at java.base/java.lang.reflect.Method.invoke(Method.java:568)
	at org.gradle.internal.dispatch.ReflectionDispatch.dispatch(ReflectionDispatch.java:36)
	at org.gradle.internal.dispatch.ReflectionDispatch.dispatch(ReflectionDispatch.java:24)
	at org.gradle.internal.dispatch.ContextClassLoaderDispatch.dispatch(ContextClassLoaderDispatch.java:33)
	at org.gradle.internal.dispatch.ProxyDispatchAdapter$DispatchingInvocationHandler.invoke(ProxyDispatchAdapter.java:94)
	at jdk.proxy1/jdk.proxy1.$Proxy2.processTestClass(Unknown Source)
	at org.gradle.api.internal.tasks.testing.worker.TestWorker$2.run(TestWorker.java:176)
	at org.gradle.api.internal.tasks.testing.worker.TestWorker.executeAndMaintainThreadName(TestWorker.java:129)
	at org.gradle.api.internal.tasks.testing.worker.TestWorker.execute(TestWorker.java:100)
	at org.gradle.api.internal.tasks.testing.worker.TestWorker.execute(TestWorker.java:60)
	at org.gradle.process.internal.worker.child.ActionExecutionWorker.execute(ActionExecutionWorker.java:56)
	at org.gradle.process.internal.worker.child.SystemApplicationClassLoaderWorker.call(SystemApplicationClassLoaderWorker.java:133)
	at org.gradle.process.internal.worker.child.SystemApplicationClassLoaderWorker.call(SystemApplicationClassLoaderWorker.java:71)
	at worker.org.gradle.process.internal.worker.GradleWorkerMain.run(GradleWorkerMain.java:69)
	at worker.org.gradle.process.internal.worker.GradleWorkerMain.main(GradleWorkerMain.java:74)
Caused by: net.spy.memcached.internal.CheckedOperationTimeoutException: Timed out waiting for operation - failing node: <unknown>
	at net.spy.memcached.internal.OperationFuture.get(OperationFuture.java:167)
	at net.spy.memcached.internal.GetFuture.get(GetFuture.java:69)
	at net.spy.memcached.MemcachedClient.get(MemcachedClient.java:1229)
	... 47 more
12300 [Test worker] DEBUG com.nicindustries.hibernate.memcached.spymemcached.SpyMemcache  - Shutting down spy MemcachedClient
12303 [Test worker] DEBUG net.spy.memcached.MemcachedConnection  - Shut down channel java.nio.channels.SocketChannel[closed]
12304 [Memcached IO over {MemcachedConnection to localhost/127.0.0.1:11211} - SHUTTING DOWN (telling client)] DEBUG net.spy.memcached.MemcachedConnection  - No IO while shut down.
12304 [Memcached IO over {MemcachedConnection to localhost/127.0.0.1:11211} - SHUTTING DOWN (telling client)] DEBUG net.spy.memcached.MemcachedConnection  - No IO while shut down.
12304 [Memcached IO over {MemcachedConnection to localhost/127.0.0.1:11211} - SHUTTING DOWN (telling client)] DEBUG net.spy.memcached.MemcachedConnection  - No IO while shut down.
12304 [Memcached IO over {MemcachedConnection to localhost/127.0.0.1:11211} - SHUTTING DOWN (telling client)] DEBUG net.spy.memcached.MemcachedConnection  - No IO while shut down.
12304 [Memcached IO over {MemcachedConnection to localhost/127.0.0.1:11211} - SHUTTING DOWN (telling client)] DEBUG net.spy.memcached.MemcachedConnection  - No IO while shut down.
12304 [Memcached IO over {MemcachedConnection to localhost/127.0.0.1:11211} - SHUTTING DOWN (telling client)] DEBUG net.spy.memcached.MemcachedConnection  - No IO while shut down.
12304 [Memcached IO over {MemcachedConnection to localhost/127.0.0.1:11211} - SHUTTING DOWN (telling client)] DEBUG net.spy.memcached.MemcachedConnection  - No IO while shut down.
12304 [Memcached IO over {MemcachedConnection to localhost/127.0.0.1:11211} - SHUTTING DOWN (telling client)] DEBUG net.spy.memcached.MemcachedConnection  - No IO while shut down.
12304 [Memcached IO over {MemcachedConnection to localhost/127.0.0.1:11211} - SHUTTING DOWN (telling client)] DEBUG net.spy.memcached.MemcachedConnection  - No IO while shut down.
12304 [Memcached IO over {MemcachedConnection to localhost/127.0.0.1:11211} - SHUTTING DOWN (telling client)] DEBUG net.spy.memcached.MemcachedConnection  - No IO while shut down.
12304 [Memcached IO over {MemcachedConnection to localhost/127.0.0.1:11211} - SHUTTING DOWN (telling client)] DEBUG net.spy.memcached.MemcachedConnection  - No IO while shut down.
12304 [Memcached IO over {MemcachedConnection to localhost/127.0.0.1:11211} - SHUTTING DOWN (telling client)] DEBUG net.spy.memcached.MemcachedConnection  - No IO while shut down.
12304 [Memcached IO over {MemcachedConnection to localhost/127.0.0.1:11211} - SHUTTING DOWN (telling client)] DEBUG net.spy.memcached.MemcachedConnection  - No IO while shut down.
12304 [Memcached IO over {MemcachedConnection to localhost/127.0.0.1:11211} - SHUTTING DOWN (telling client)] DEBUG net.spy.memcached.MemcachedConnection  - No IO while shut down.
12304 [Memcached IO over {MemcachedConnection to localhost/127.0.0.1:11211} - SHUTTING DOWN (telling client)] DEBUG net.spy.memcached.MemcachedConnection  - No IO while shut down.
12304 [Memcached IO over {MemcachedConnection to localhost/127.0.0.1:11211} - SHUTTING DOWN (telling client)] DEBUG net.spy.memcached.MemcachedConnection  - No IO while shut down.
12304 [Memcached IO over {MemcachedConnection to localhost/127.0.0.1:11211} - SHUTTING DOWN (telling client)] DEBUG net.spy.memcached.MemcachedConnection  - No IO while shut down.
12304 [Memcached IO over {MemcachedConnection to localhost/127.0.0.1:11211} - SHUTTING DOWN (telling client)] DEBUG net.spy.memcached.MemcachedConnection  - No IO while shut down.
12304 [Memcached IO over {MemcachedConnection to localhost/127.0.0.1:11211} - SHUTTING DOWN (telling client)] DEBUG net.spy.memcached.MemcachedConnection  - No IO while shut down.
12304 [Memcached IO over {MemcachedConnection to localhost/127.0.0.1:11211} - SHUTTING DOWN (telling client)] DEBUG net.spy.memcached.MemcachedConnection  - No IO while shut down.
12304 [Memcached IO over {MemcachedConnection to localhost/127.0.0.1:11211} - SHUTTING DOWN (telling client)] DEBUG net.spy.memcached.MemcachedConnection  - No IO while shut down.
12304 [Memcached IO over {MemcachedConnection to localhost/127.0.0.1:11211} - SHUTTING DOWN (telling client)] DEBUG net.spy.memcached.MemcachedConnection  - No IO while shut down.
12304 [Memcached IO over {MemcachedConnection to localhost/127.0.0.1:11211} - SHUTTING DOWN (telling client)] DEBUG net.spy.memcached.MemcachedConnection  - No IO while shut down.
12304 [Memcached IO over {MemcachedConnection to localhost/127.0.0.1:11211} - SHUTTING DOWN (telling client)] DEBUG net.spy.memcached.MemcachedConnection  - No IO while shut down.
12304 [Memcached IO over {MemcachedConnection to localhost/127.0.0.1:11211} - SHUTTING DOWN (telling client)] DEBUG net.spy.memcached.MemcachedConnection  - No IO while shut down.
12305 [Memcached IO over {MemcachedConnection to localhost/127.0.0.1:11211} - SHUTTING DOWN (telling client)] DEBUG net.spy.memcached.MemcachedConnection  - No IO while shut down.
12305 [Memcached IO over {MemcachedConnection to localhost/127.0.0.1:11211} - SHUTTING DOWN (telling client)] DEBUG net.spy.memcached.MemcachedConnection  - No IO while shut down.
12305 [Memcached IO over {MemcachedConnection to localhost/127.0.0.1:11211} - SHUTTING DOWN (telling client)] DEBUG net.spy.memcached.MemcachedConnection  - No IO while shut down.
12305 [Memcached IO over {MemcachedConnection to localhost/127.0.0.1:11211} - SHUTTING DOWN (telling client)] DEBUG net.spy.memcached.MemcachedConnection  - No IO while shut down.
12305 [Memcached IO over {MemcachedConnection to localhost/127.0.0.1:11211} - SHUTTING DOWN (telling client)] DEBUG net.spy.memcached.MemcachedConnection  - No IO while shut down.
12305 [Memcached IO over {MemcachedConnection to localhost/127.0.0.1:11211} - SHUTTING DOWN (telling client)] DEBUG net.spy.memcached.MemcachedConnection  - No IO while shut down.
12305 [Memcached IO over {MemcachedConnection to localhost/127.0.0.1:11211} - SHUTTING DOWN (telling client)] DEBUG net.spy.memcached.MemcachedConnection  - No IO while shut down.
12305 [Memcached IO over {MemcachedConnection to localhost/127.0.0.1:11211} - SHUTTING DOWN (telling client)] DEBUG net.spy.memcached.MemcachedConnection  - No IO while shut down.
12305 [Memcached IO over {MemcachedConnection to localhost/127.0.0.1:11211} - SHUTTING DOWN (telling client)] DEBUG net.spy.memcached.MemcachedConnection  - No IO while shut down.
12305 [Memcached IO over {MemcachedConnection to localhost/127.0.0.1:11211} - SHUTTING DOWN (telling client)] DEBUG net.spy.memcached.MemcachedConnection  - No IO while shut down.
12305 [Memcached IO over {MemcachedConnection to localhost/127.0.0.1:11211} - SHUTTING DOWN (telling client)] DEBUG net.spy.memcached.MemcachedConnection  - No IO while shut down.
12305 [Memcached IO over {MemcachedConnection to localhost/127.0.0.1:11211} - SHUTTING DOWN (telling client)] DEBUG net.spy.memcached.MemcachedConnection  - No IO while shut down.
12305 [Memcached IO over {MemcachedConnection to localhost/127.0.0.1:11211} - SHUTTING DOWN (telling client)] DEBUG net.spy.memcached.MemcachedConnection  - No IO while shut down.
12305 [Memcached IO over {MemcachedConnection to localhost/127.0.0.1:11211} - SHUTTING DOWN (telling client)] DEBUG net.spy.memcached.MemcachedConnection  - No IO while shut down.
12305 [Memcached IO over {MemcachedConnection to localhost/127.0.0.1:11211} - SHUTTING DOWN (telling client)] DEBUG net.spy.memcached.MemcachedConnection  - No IO while shut down.
12305 [Memcached IO over {MemcachedConnection to localhost/127.0.0.1:11211} - SHUTTING DOWN (telling client)] DEBUG net.spy.memcached.MemcachedConnection  - No IO while shut down.
12305 [Memcached IO over {MemcachedConnection to localhost/127.0.0.1:11211} - SHUTTING DOWN (telling client)] DEBUG net.spy.memcached.MemcachedConnection  - No IO while shut down.
12305 [Memcached IO over {MemcachedConnection to localhost/127.0.0.1:11211} - SHUTTING DOWN (telling client)] DEBUG net.spy.memcached.MemcachedConnection  - No IO while shut down.
12305 [Memcached IO over {MemcachedConnection to localhost/127.0.0.1:11211} - SHUTTING DOWN (telling client)] DEBUG net.spy.memcached.MemcachedConnection  - No IO while shut down.
12305 [Memcached IO over {MemcachedConnection to localhost/127.0.0.1:11211} - SHUTTING DOWN (telling client)] DEBUG net.spy.memcached.MemcachedConnection  - No IO while shut down.
12305 [Memcached IO over {MemcachedConnection to localhost/127.0.0.1:11211} - SHUTTING DOWN (telling client)] DEBUG net.spy.memcached.MemcachedConnection  - No IO while shut down.
12305 [Memcached IO over {MemcachedConnection to localhost/127.0.0.1:11211} - SHUTTING DOWN (telling client)] DEBUG net.spy.memcached.MemcachedConnection  - No IO while shut down.
12305 [Memcached IO over {MemcachedConnection to localhost/127.0.0.1:11211} - SHUTTING DOWN (telling client)] DEBUG net.spy.memcached.MemcachedConnection  - No IO while shut down.
12305 [Memcached IO over {MemcachedConnection to localhost/127.0.0.1:11211} - SHUTTING DOWN (telling client)] DEBUG net.spy.memcached.MemcachedConnection  - No IO while shut down.
12305 [Memcached IO over {MemcachedConnection to localhost/127.0.0.1:11211} - SHUTTING DOWN (telling client)] DEBUG net.spy.memcached.MemcachedConnection  - No IO while shut down.
12305 [Memcached IO over {MemcachedConnection to localhost/127.0.0.1:11211} - SHUTTING DOWN (telling client)] DEBUG net.spy.memcached.MemcachedConnection  - No IO while shut down.
12305 [Memcached IO over {MemcachedConnection to localhost/127.0.0.1:11211} - SHUTTING DOWN (telling client)] DEBUG net.spy.memcached.MemcachedConnection  - No IO while shut down.
12305 [Memcached IO over {MemcachedConnection to localhost/127.0.0.1:11211} - SHUTTING DOWN (telling client)] DEBUG net.spy.memcached.MemcachedConnection  - No IO while shut down.
12305 [Memcached IO over {MemcachedConnection to localhost/127.0.0.1:11211} - SHUTTING DOWN (telling client)] DEBUG net.spy.memcached.MemcachedConnection  - No IO while shut down.
12305 [Memcached IO over {MemcachedConnection to localhost/127.0.0.1:11211} - SHUTTING DOWN (telling client)] DEBUG net.spy.memcached.MemcachedConnection  - No IO while shut down.
12305 [Memcached IO over {MemcachedConnection to localhost/127.0.0.1:11211} - SHUTTING DOWN (telling client)] DEBUG net.spy.memcached.MemcachedConnection  - No IO while shut down.
12305 [Memcached IO over {MemcachedConnection to localhost/127.0.0.1:11211} - SHUTTING DOWN (telling client)] DEBUG net.spy.memcached.MemcachedConnection  - No IO while shut down.
12305 [Memcached IO over {MemcachedConnection to localhost/127.0.0.1:11211} - SHUTTING DOWN (telling client)] DEBUG net.spy.memcached.MemcachedConnection  - No IO while shut down.
12305 [Memcached IO over {MemcachedConnection to localhost/127.0.0.1:11211} - SHUTTING DOWN (telling client)] DEBUG net.spy.memcached.MemcachedConnection  - No IO while shut down.
12305 [Memcached IO over {MemcachedConnection to localhost/127.0.0.1:11211} - SHUTTING DOWN (telling client)] DEBUG net.spy.memcached.MemcachedConnection  - No IO while shut down.
12305 [Memcached IO over {MemcachedConnection to localhost/127.0.0.1:11211} - SHUTTING DOWN (telling client)] DEBUG net.spy.memcached.MemcachedConnection  - No IO while shut down.
12305 [Memcached IO over {MemcachedConnection to localhost/127.0.0.1:11211} - SHUTTING DOWN (telling client)] DEBUG net.spy.memcached.MemcachedConnection  - No IO while shut down.
12305 [Memcached IO over {MemcachedConnection to localhost/127.0.0.1:11211} - SHUTTING DOWN (telling client)] DEBUG net.spy.memcached.MemcachedConnection  - No IO while shut down.
12305 [Memcached IO over {MemcachedConnection to localhost/127.0.0.1:11211} - SHUTTING DOWN (telling client)] DEBUG net.spy.memcached.MemcachedConnection  - No IO while shut down.
12305 [Memcached IO over {MemcachedConnection to localhost/127.0.0.1:11211} - SHUTTING DOWN (telling client)] DEBUG net.spy.memcached.MemcachedConnection  - No IO while shut down.
12305 [Memcached IO over {MemcachedConnection to localhost/127.0.0.1:11211} - SHUTTING DOWN (telling client)] DEBUG net.spy.memcached.MemcachedConnection  - No IO while shut down.
12305 [Memcached IO over {MemcachedConnection to localhost/127.0.0.1:11211} - SHUTTING DOWN (telling client)] DEBUG net.spy.memcached.MemcachedConnection  - No IO while shut down.
12305 [Memcached IO over {MemcachedConnection to localhost/127.0.0.1:11211} - SHUTTING DOWN (telling client)] DEBUG net.spy.memcached.MemcachedConnection  - No IO while shut down.
12305 [Memcached IO over {MemcachedConnection to localhost/127.0.0.1:11211} - SHUTTING DOWN (telling client)] DEBUG net.spy.memcached.MemcachedConnection  - No IO while shut down.
12305 [Memcached IO over {MemcachedConnection to localhost/127.0.0.1:11211} - SHUTTING DOWN (telling client)] DEBUG net.spy.memcached.MemcachedConnection  - No IO while shut down.
12305 [Memcached IO over {MemcachedConnection to localhost/127.0.0.1:11211} - SHUTTING DOWN (telling client)] DEBUG net.spy.memcached.MemcachedConnection  - No IO while shut down.
12305 [Memcached IO over {MemcachedConnection to localhost/127.0.0.1:11211} - SHUTTING DOWN (telling client)] DEBUG net.spy.memcached.MemcachedConnection  - No IO while shut down.
12305 [Memcached IO over {MemcachedConnection to localhost/127.0.0.1:11211} - SHUTTING DOWN (telling client)] DEBUG net.spy.memcached.MemcachedConnection  - No IO while shut down.
12305 [Memcached IO over {MemcachedConnection to localhost/127.0.0.1:11211} - SHUTTING DOWN (telling client)] DEBUG net.spy.memcached.MemcachedConnection  - No IO while shut down.
12305 [Memcached IO over {MemcachedConnection to localhost/127.0.0.1:11211} - SHUTTING DOWN (telling client)] DEBUG net.spy.memcached.MemcachedConnection  - No IO while shut down.
12305 [Memcached IO over {MemcachedConnection to localhost/127.0.0.1:11211} - SHUTTING DOWN (telling client)] DEBUG net.spy.memcached.MemcachedConnection  - No IO while shut down.
12305 [Memcached IO over {MemcachedConnection to localhost/127.0.0.1:11211} - SHUTTING DOWN (telling client)] DEBUG net.spy.memcached.MemcachedConnection  - No IO while shut down.
12305 [Memcached IO over {MemcachedConnection to localhost/127.0.0.1:11211} - SHUTTING DOWN (telling client)] DEBUG net.spy.memcached.MemcachedConnection  - No IO while shut down.
12305 [Memcached IO over {MemcachedConnection to localhost/127.0.0.1:11211} - SHUTTING DOWN (telling client)] DEBUG net.spy.memcached.MemcachedConnection  - No IO while shut down.
12305 [Memcached IO over {MemcachedConnection to localhost/127.0.0.1:11211} - SHUTTING DOWN (telling client)] DEBUG net.spy.memcached.MemcachedConnection  - No IO while shut down.
12305 [Memcached IO over {MemcachedConnection to localhost/127.0.0.1:11211} - SHUTTING DOWN (telling client)] DEBUG net.spy.memcached.MemcachedConnection  - No IO while shut down.
12305 [Memcached IO over {MemcachedConnection to localhost/127.0.0.1:11211} - SHUTTING DOWN (telling client)] DEBUG net.spy.memcached.MemcachedConnection  - No IO while shut down.
12305 [Memcached IO over {MemcachedConnection to localhost/127.0.0.1:11211} - SHUTTING DOWN (telling client)] DEBUG net.spy.memcached.MemcachedConnection  - No IO while shut down.
12305 [Memcached IO over {MemcachedConnection to localhost/127.0.0.1:11211} - SHUTTING DOWN (telling client)] DEBUG net.spy.memcached.MemcachedConnection  - No IO while shut down.
12305 [Memcached IO over {MemcachedConnection to localhost/127.0.0.1:11211} - SHUTTING DOWN (telling client)] DEBUG net.spy.memcached.MemcachedConnection  - No IO while shut down.
12305 [Memcached IO over {MemcachedConnection to localhost/127.0.0.1:11211} - SHUTTING DOWN (telling client)] DEBUG net.spy.memcached.MemcachedConnection  - No IO while shut down.
12305 [Memcached IO over {MemcachedConnection to localhost/127.0.0.1:11211} - SHUTTING DOWN (telling client)] DEBUG net.spy.memcached.MemcachedConnection  - No IO while shut down.
12305 [Memcached IO over {MemcachedConnection to localhost/127.0.0.1:11211} - SHUTTING DOWN (telling client)] DEBUG net.spy.memcached.MemcachedConnection  - No IO while shut down.
12305 [Memcached IO over {MemcachedConnection to localhost/127.0.0.1:11211} - SHUTTING DOWN (telling client)] DEBUG net.spy.memcached.MemcachedConnection  - No IO while shut down.
12305 [Memcached IO over {MemcachedConnection to localhost/127.0.0.1:11211} - SHUTTING DOWN (telling client)] DEBUG net.spy.memcached.MemcachedConnection  - No IO while shut down.
12305 [Memcached IO over {MemcachedConnection to localhost/127.0.0.1:11211} - SHUTTING DOWN (telling client)] DEBUG net.spy.memcached.MemcachedConnection  - No IO while shut down.
12305 [Memcached IO over {MemcachedConnection to localhost/127.0.0.1:11211} - SHUTTING DOWN (telling client)] DEBUG net.spy.memcached.MemcachedConnection  - No IO while shut down.
12305 [Memcached IO over {MemcachedConnection to localhost/127.0.0.1:11211} - SHUTTING DOWN (telling client)] DEBUG net.spy.memcached.MemcachedConnection  - No IO while shut down.
12305 [Memcached IO over {MemcachedConnection to localhost/127.0.0.1:11211} - SHUTTING DOWN (telling client)] DEBUG net.spy.memcached.MemcachedConnection  - No IO while shut down.
12305 [Memcached IO over {MemcachedConnection to localhost/127.0.0.1:11211} - SHUTTING DOWN (telling client)] DEBUG net.spy.memcached.MemcachedConnection  - No IO while shut down.
12305 [Memcached IO over {MemcachedConnection to localhost/127.0.0.1:11211} - SHUTTING DOWN (telling client)] DEBUG net.spy.memcached.MemcachedConnection  - No IO while shut down.
12305 [Memcached IO over {MemcachedConnection to localhost/127.0.0.1:11211} - SHUTTING DOWN (telling client)] DEBUG net.spy.memcached.MemcachedConnection  - No IO while shut down.
12305 [Memcached IO over {MemcachedConnection to localhost/127.0.0.1:11211} - SHUTTING DOWN (telling client)] DEBUG net.spy.memcached.MemcachedConnection  - No IO while shut down.
12305 [Memcached IO over {MemcachedConnection to localhost/127.0.0.1:11211} - SHUTTING DOWN (telling client)] DEBUG net.spy.memcached.MemcachedConnection  - No IO while shut down.
12305 [Memcached IO over {MemcachedConnection to localhost/127.0.0.1:11211} - SHUTTING DOWN (telling client)] DEBUG net.spy.memcached.MemcachedConnection  - No IO while shut down.
12305 [Memcached IO over {MemcachedConnection to localhost/127.0.0.1:11211} - SHUTTING DOWN (telling client)] DEBUG net.spy.memcached.MemcachedConnection  - No IO while shut down.
12305 [Memcached IO over {MemcachedConnection to localhost/127.0.0.1:11211} - SHUTTING DOWN (telling client)] DEBUG net.spy.memcached.MemcachedConnection  - No IO while shut down.
12305 [Memcached IO over {MemcachedConnection to localhost/127.0.0.1:11211} - SHUTTING DOWN (telling client)] DEBUG net.spy.memcached.MemcachedConnection  - No IO while shut down.
12305 [Memcached IO over {MemcachedConnection to localhost/127.0.0.1:11211} - SHUTTING DOWN (telling client)] DEBUG net.spy.memcached.MemcachedConnection  - No IO while shut down.
12305 [Memcached IO over {MemcachedConnection to localhost/127.0.0.1:11211} - SHUTTING DOWN (telling client)] DEBUG net.spy.memcached.MemcachedConnection  - No IO while shut down.
12305 [Memcached IO over {MemcachedConnection to localhost/127.0.0.1:11211} - SHUTTING DOWN (telling client)] DEBUG net.spy.memcached.MemcachedConnection  - No IO while shut down.
12306 [Memcached IO over {MemcachedConnection to localhost/127.0.0.1:11211} - SHUTTING DOWN (telling client)] DEBUG net.spy.memcached.MemcachedConnection  - No IO while shut down.
12306 [Memcached IO over {MemcachedConnection to localhost/127.0.0.1:11211} - SHUTTING DOWN (telling client)] DEBUG net.spy.memcached.MemcachedConnection  - No IO while shut down.
12306 [Memcached IO over {MemcachedConnection to localhost/127.0.0.1:11211} - SHUTTING DOWN (telling client)] DEBUG net.spy.memcached.MemcachedConnection  - No IO while shut down.
12306 [Memcached IO over {MemcachedConnection to localhost/127.0.0.1:11211} - SHUTTING DOWN (telling client)] DEBUG net.spy.memcached.MemcachedConnection  - No IO while shut down.
12306 [Memcached IO over {MemcachedConnection to localhost/127.0.0.1:11211} - SHUTTING DOWN (telling client)] DEBUG net.spy.memcached.MemcachedConnection  - No IO while shut down.
12306 [Memcached IO over {MemcachedConnection to localhost/127.0.0.1:11211} - SHUTTING DOWN (telling client)] DEBUG net.spy.memcached.MemcachedConnection  - No IO while shut down.
12306 [Memcached IO over {MemcachedConnection to localhost/127.0.0.1:11211} - SHUTTING DOWN (telling client)] DEBUG net.spy.memcached.MemcachedConnection  - No IO while shut down.
12306 [Memcached IO over {MemcachedConnection to localhost/127.0.0.1:11211} - SHUTTING DOWN (telling client)] DEBUG net.spy.memcached.MemcachedConnection  - No IO while shut down.
12306 [Memcached IO over {MemcachedConnection to localhost/127.0.0.1:11211} - SHUTTING DOWN (telling client)] DEBUG net.spy.memcached.MemcachedConnection  - No IO while shut down.
12306 [Memcached IO over {MemcachedConnection to localhost/127.0.0.1:11211} - SHUTTING DOWN (telling client)] DEBUG net.spy.memcached.MemcachedConnection  - No IO while shut down.
12306 [Memcached IO over {MemcachedConnection to localhost/127.0.0.1:11211} - SHUTTING DOWN (telling client)] DEBUG net.spy.memcached.MemcachedConnection  - No IO while shut down.
12306 [Memcached IO over {MemcachedConnection to localhost/127.0.0.1:11211} - SHUTTING DOWN (telling client)] DEBUG net.spy.memcached.MemcachedConnection  - No IO while shut down.
12306 [Memcached IO over {MemcachedConnection to localhost/127.0.0.1:11211} - SHUTTING DOWN (telling client)] DEBUG net.spy.memcached.MemcachedConnection  - No IO while shut down.
12306 [Memcached IO over {MemcachedConnection to localhost/127.0.0.1:11211} - SHUTTING DOWN (telling client)] DEBUG net.spy.memcached.MemcachedConnection  - No IO while shut down.
12306 [Memcached IO over {MemcachedConnection to localhost/127.0.0.1:11211} - SHUTTING DOWN (telling client)] DEBUG net.spy.memcached.MemcachedConnection  - No IO while shut down.
12306 [Memcached IO over {MemcachedConnection to localhost/127.0.0.1:11211} - SHUTTING DOWN (telling client)] DEBUG net.spy.memcached.MemcachedConnection  - No IO while shut down.
12306 [Memcached IO over {MemcachedConnection to localhost/127.0.0.1:11211} - SHUTTING DOWN (telling client)] DEBUG net.spy.memcached.MemcachedConnection  - No IO while shut down.
12306 [Memcached IO over {MemcachedConnection to localhost/127.0.0.1:11211} - SHUTTING DOWN (telling client)] DEBUG net.spy.memcached.MemcachedConnection  - No IO while shut down.
12306 [Memcached IO over {MemcachedConnection to localhost/127.0.0.1:11211} - SHUTTING DOWN (telling client)] DEBUG net.spy.memcached.MemcachedConnection  - No IO while shut down.
12306 [Memcached IO over {MemcachedConnection to localhost/127.0.0.1:11211} - SHUTTING DOWN (telling client)] DEBUG net.spy.memcached.MemcachedConnection  - No IO while shut down.
12306 [Memcached IO over {MemcachedConnection to localhost/127.0.0.1:11211} - SHUTTING DOWN (telling client)] DEBUG net.spy.memcached.MemcachedConnection  - No IO while shut down.
12306 [Memcached IO over {MemcachedConnection to localhost/127.0.0.1:11211} - SHUTTING DOWN (telling client)] DEBUG net.spy.memcached.MemcachedConnection  - No IO while shut down.
12306 [Memcached IO over {MemcachedConnection to localhost/127.0.0.1:11211} - SHUTTING DOWN (telling client)] DEBUG net.spy.memcached.MemcachedConnection  - No IO while shut down.
12306 [Memcached IO over {MemcachedConnection to localhost/127.0.0.1:11211} - SHUTTING DOWN (telling client)] DEBUG net.spy.memcached.MemcachedConnection  - No IO while shut down.
12306 [Memcached IO over {MemcachedConnection to localhost/127.0.0.1:11211} - SHUTTING DOWN (telling client)] DEBUG net.spy.memcached.MemcachedConnection  - No IO while shut down.
12306 [Memcached IO over {MemcachedConnection to localhost/127.0.0.1:11211} - SHUTTING DOWN (telling client)] DEBUG net.spy.memcached.MemcachedConnection  - No IO while shut down.
12306 [Memcached IO over {MemcachedConnection to localhost/127.0.0.1:11211} - SHUTTING DOWN (telling client)] DEBUG net.spy.memcached.MemcachedConnection  - No IO while shut down.
12306 [Memcached IO over {MemcachedConnection to localhost/127.0.0.1:11211} - SHUTTING DOWN (telling client)] DEBUG net.spy.memcached.MemcachedConnection  - No IO while shut down.
12306 [Memcached IO over {MemcachedConnection to localhost/127.0.0.1:11211} - SHUTTING DOWN (telling client)] DEBUG net.spy.memcached.MemcachedConnection  - No IO while shut down.
12306 [Memcached IO over {MemcachedConnection to localhost/127.0.0.1:11211} - SHUTTING DOWN (telling client)] DEBUG net.spy.memcached.MemcachedConnection  - No IO while shut down.
12306 [Memcached IO over {MemcachedConnection to localhost/127.0.0.1:11211} - SHUTTING DOWN (telling client)] DEBUG net.spy.memcached.MemcachedConnection  - No IO while shut down.
12306 [Memcached IO over {MemcachedConnection to localhost/127.0.0.1:11211} - SHUTTING DOWN (telling client)] DEBUG net.spy.memcached.MemcachedConnection  - No IO while shut down.
12306 [Memcached IO over {MemcachedConnection to localhost/127.0.0.1:11211} - SHUTTING DOWN (telling client)] DEBUG net.spy.memcached.MemcachedConnection  - No IO while shut down.
12306 [Memcached IO over {MemcachedConnection to localhost/127.0.0.1:11211} - SHUTTING DOWN (telling client)] DEBUG net.spy.memcached.MemcachedConnection  - No IO while shut down.
12306 [Memcached IO over {MemcachedConnection to localhost/127.0.0.1:11211} - SHUTTING DOWN (telling client)] DEBUG net.spy.memcached.MemcachedConnection  - No IO while shut down.
12306 [Memcached IO over {MemcachedConnection to localhost/127.0.0.1:11211} - SHUTTING DOWN (telling client)] DEBUG net.spy.memcached.MemcachedConnection  - No IO while shut down.
12306 [Memcached IO over {MemcachedConnection to localhost/127.0.0.1:11211} - SHUTTING DOWN (telling client)] DEBUG net.spy.memcached.MemcachedConnection  - No IO while shut down.
12306 [Memcached IO over {MemcachedConnection to localhost/127.0.0.1:11211} - SHUTTING DOWN (telling client)] DEBUG net.spy.memcached.MemcachedConnection  - No IO while shut down.
12306 [Memcached IO over {MemcachedConnection to localhost/127.0.0.1:11211} - SHUTTING DOWN (telling client)] DEBUG net.spy.memcached.MemcachedConnection  - No IO while shut down.
12306 [Memcached IO over {MemcachedConnection to localhost/127.0.0.1:11211} - SHUTTING DOWN (telling client)] DEBUG net.spy.memcached.MemcachedConnection  - No IO while shut down.
12306 [Memcached IO over {MemcachedConnection to localhost/127.0.0.1:11211} - SHUTTING DOWN (telling client)] DEBUG net.spy.memcached.MemcachedConnection  - No IO while shut down.
12306 [Memcached IO over {MemcachedConnection to localhost/127.0.0.1:11211} - SHUTTING DOWN (telling client)] DEBUG net.spy.memcached.MemcachedConnection  - No IO while shut down.
12306 [Memcached IO over {MemcachedConnection to localhost/127.0.0.1:11211} - SHUTTING DOWN (telling client)] DEBUG net.spy.memcached.MemcachedConnection  - No IO while shut down.
12306 [Memcached IO over {MemcachedConnection to localhost/127.0.0.1:11211} - SHUTTING DOWN (telling client)] DEBUG net.spy.memcached.MemcachedConnection  - No IO while shut down.
12306 [Memcached IO over {MemcachedConnection to localhost/127.0.0.1:11211} - SHUTTING DOWN (telling client)] DEBUG net.spy.memcached.MemcachedConnection  - No IO while shut down.
12306 [Memcached IO over {MemcachedConnection to localhost/127.0.0.1:11211} - SHUTTING DOWN (telling client)] DEBUG net.spy.memcached.MemcachedConnection  - No IO while shut down.
12306 [Memcached IO over {MemcachedConnection to localhost/127.0.0.1:11211} - SHUTTING DOWN (telling client)] DEBUG net.spy.memcached.MemcachedConnection  - No IO while shut down.
12306 [Memcached IO over {MemcachedConnection to localhost/127.0.0.1:11211} - SHUTTING DOWN (telling client)] DEBUG net.spy.memcached.MemcachedConnection  - No IO while shut down.
12306 [Memcached IO over {MemcachedConnection to localhost/127.0.0.1:11211} - SHUTTING DOWN (telling client)] DEBUG net.spy.memcached.MemcachedConnection  - No IO while shut down.
12306 [Memcached IO over {MemcachedConnection to localhost/127.0.0.1:11211} - SHUTTING DOWN (telling client)] DEBUG net.spy.memcached.MemcachedConnection  - No IO while shut down.
12306 [Memcached IO over {MemcachedConnection to localhost/127.0.0.1:11211} - SHUTTING DOWN (telling client)] DEBUG net.spy.memcached.MemcachedConnection  - No IO while shut down.
12306 [Memcached IO over {MemcachedConnection to localhost/127.0.0.1:11211} - SHUTTING DOWN (telling client)] DEBUG net.spy.memcached.MemcachedConnection  - No IO while shut down.
12306 [Memcached IO over {MemcachedConnection to localhost/127.0.0.1:11211} - SHUTTING DOWN (telling client)] DEBUG net.spy.memcached.MemcachedConnection  - No IO while shut down.
12306 [Memcached IO over {MemcachedConnection to localhost/127.0.0.1:11211} - SHUTTING DOWN (telling client)] DEBUG net.spy.memcached.MemcachedConnection  - No IO while shut down.
12306 [Memcached IO over {MemcachedConnection to localhost/127.0.0.1:11211} - SHUTTING DOWN (telling client)] DEBUG net.spy.memcached.MemcachedConnection  - No IO while shut down.
12306 [Memcached IO over {MemcachedConnection to localhost/127.0.0.1:11211} - SHUTTING DOWN (telling client)] DEBUG net.spy.memcached.MemcachedConnection  - No IO while shut down.
12306 [Memcached IO over {MemcachedConnection to localhost/127.0.0.1:11211} - SHUTTING DOWN (telling client)] DEBUG net.spy.memcached.MemcachedConnection  - No IO while shut down.
12306 [Memcached IO over {MemcachedConnection to localhost/127.0.0.1:11211} - SHUTTING DOWN (telling client)] DEBUG net.spy.memcached.MemcachedConnection  - No IO while shut down.
12306 [Memcached IO over {MemcachedConnection to localhost/127.0.0.1:11211} - SHUTTING DOWN (telling client)] DEBUG net.spy.memcached.MemcachedConnection  - No IO while shut down.
12306 [Memcached IO over {MemcachedConnection to localhost/127.0.0.1:11211} - SHUTTING DOWN (telling client)] DEBUG net.spy.memcached.MemcachedConnection  - No IO while shut down.
12306 [Memcached IO over {MemcachedConnection to localhost/127.0.0.1:11211} - SHUTTING DOWN (telling client)] DEBUG net.spy.memcached.MemcachedConnection  - No IO while shut down.
12306 [Memcached IO over {MemcachedConnection to localhost/127.0.0.1:11211} - SHUTTING DOWN (telling client)] DEBUG net.spy.memcached.MemcachedConnection  - No IO while shut down.
12306 [Memcached IO over {MemcachedConnection to localhost/127.0.0.1:11211} - SHUTTING DOWN (telling client)] DEBUG net.spy.memcached.MemcachedConnection  - No IO while shut down.
12306 [Memcached IO over {MemcachedConnection to localhost/127.0.0.1:11211} - SHUTTING DOWN (telling client)] DEBUG net.spy.memcached.MemcachedConnection  - No IO while shut down.
12306 [Memcached IO over {MemcachedConnection to localhost/127.0.0.1:11211} - SHUTTING DOWN (telling client)] DEBUG net.spy.memcached.MemcachedConnection  - No IO while shut down.
12306 [Memcached IO over {MemcachedConnection to localhost/127.0.0.1:11211} - SHUTTING DOWN (telling client)] DEBUG net.spy.memcached.MemcachedConnection  - No IO while shut down.
12306 [Memcached IO over {MemcachedConnection to localhost/127.0.0.1:11211} - SHUTTING DOWN (telling client)] DEBUG net.spy.memcached.MemcachedConnection  - No IO while shut down.
12306 [Memcached IO over {MemcachedConnection to localhost/127.0.0.1:11211} - SHUTTING DOWN (telling client)] DEBUG net.spy.memcached.MemcachedConnection  - No IO while shut down.
12306 [Memcached IO over {MemcachedConnection to localhost/127.0.0.1:11211} - SHUTTING DOWN (telling client)] DEBUG net.spy.memcached.MemcachedConnection  - No IO while shut down.
12306 [Memcached IO over {MemcachedConnection to localhost/127.0.0.1:11211} - SHUTTING DOWN (telling client)] DEBUG net.spy.memcached.MemcachedConnection  - No IO while shut down.
12306 [Memcached IO over {MemcachedConnection to localhost/127.0.0.1:11211} - SHUTTING DOWN (telling client)] DEBUG net.spy.memcached.MemcachedConnection  - No IO while shut down.
12306 [Memcached IO over {MemcachedConnection to localhost/127.0.0.1:11211} - SHUTTING DOWN (telling client)] DEBUG net.spy.memcached.MemcachedConnection  - No IO while shut down.
12306 [Memcached IO over {MemcachedConnection to localhost/127.0.0.1:11211} - SHUTTING DOWN (telling client)] DEBUG net.spy.memcached.MemcachedConnection  - No IO while shut down.
12306 [Memcached IO over {MemcachedConnection to localhost/127.0.0.1:11211} - SHUTTING DOWN (telling client)] DEBUG net.spy.memcached.MemcachedConnection  - No IO while shut down.
12306 [Memcached IO over {MemcachedConnection to localhost/127.0.0.1:11211} - SHUTTING DOWN (telling client)] DEBUG net.spy.memcached.MemcachedConnection  - No IO while shut down.
12306 [Memcached IO over {MemcachedConnection to localhost/127.0.0.1:11211} - SHUTTING DOWN (telling client)] DEBUG net.spy.memcached.MemcachedConnection  - No IO while shut down.
12306 [Memcached IO over {MemcachedConnection to localhost/127.0.0.1:11211} - SHUTTING DOWN (telling client)] DEBUG net.spy.memcached.MemcachedConnection  - No IO while shut down.
12306 [Memcached IO over {MemcachedConnection to localhost/127.0.0.1:11211} - SHUTTING DOWN (telling client)] DEBUG net.spy.memcached.MemcachedConnection  - No IO while shut down.
12306 [Memcached IO over {MemcachedConnection to localhost/127.0.0.1:11211} - SHUTTING DOWN (telling client)] DEBUG net.spy.memcached.MemcachedConnection  - No IO while shut down.
12306 [Memcached IO over {MemcachedConnection to localhost/127.0.0.1:11211} - SHUTTING DOWN (telling client)] DEBUG net.spy.memcached.MemcachedConnection  - No IO while shut down.
12306 [Memcached IO over {MemcachedConnection to localhost/127.0.0.1:11211} - SHUTTING DOWN (telling client)] DEBUG net.spy.memcached.MemcachedConnection  - No IO while shut down.
12306 [Memcached IO over {MemcachedConnection to localhost/127.0.0.1:11211} - SHUTTING DOWN (telling client)] DEBUG net.spy.memcached.MemcachedConnection  - No IO while shut down.
12306 [Memcached IO over {MemcachedConnection to localhost/127.0.0.1:11211} - SHUTTING DOWN (telling client)] DEBUG net.spy.memcached.MemcachedConnection  - No IO while shut down.
12306 [Memcached IO over {MemcachedConnection to localhost/127.0.0.1:11211} - SHUTTING DOWN (telling client)] DEBUG net.spy.memcached.MemcachedConnection  - No IO while shut down.
12306 [Memcached IO over {MemcachedConnection to localhost/127.0.0.1:11211} - SHUTTING DOWN (telling client)] DEBUG net.spy.memcached.MemcachedConnection  - No IO while shut down.
12306 [Memcached IO over {MemcachedConnection to localhost/127.0.0.1:11211} - SHUTTING DOWN (telling client)] DEBUG net.spy.memcached.MemcachedConnection  - No IO while shut down.
12307 [Memcached IO over {MemcachedConnection to localhost/127.0.0.1:11211} - SHUTTING DOWN (telling client)] DEBUG net.spy.memcached.MemcachedConnection  - No IO while shut down.
12307 [Memcached IO over {MemcachedConnection to localhost/127.0.0.1:11211} - SHUTTING DOWN (telling client)] DEBUG net.spy.memcached.MemcachedConnection  - No IO while shut down.
12307 [Memcached IO over {MemcachedConnection to localhost/127.0.0.1:11211} - SHUTTING DOWN (telling client)] DEBUG net.spy.memcached.MemcachedConnection  - No IO while shut down.
12307 [Memcached IO over {MemcachedConnection to localhost/127.0.0.1:11211} - SHUTTING DOWN (telling client)] DEBUG net.spy.memcached.MemcachedConnection  - No IO while shut down.
12307 [Memcached IO over {MemcachedConnection to localhost/127.0.0.1:11211} - SHUTTING DOWN (telling client)] DEBUG net.spy.memcached.MemcachedConnection  - No IO while shut down.
12307 [Memcached IO over {MemcachedConnection to localhost/127.0.0.1:11211} - SHUTTING DOWN (telling client)] DEBUG net.spy.memcached.MemcachedConnection  - No IO while shut down.
12307 [Memcached IO over {MemcachedConnection to localhost/127.0.0.1:11211} - SHUTTING DOWN (telling client)] DEBUG net.spy.memcached.MemcachedConnection  - No IO while shut down.
12307 [Memcached IO over {MemcachedConnection to localhost/127.0.0.1:11211} - SHUTTING DOWN (telling client)] DEBUG net.spy.memcached.MemcachedConnection  - No IO while shut down.
12307 [Memcached IO over {MemcachedConnection to localhost/127.0.0.1:11211} - SHUTTING DOWN (telling client)] DEBUG net.spy.memcached.MemcachedConnection  - No IO while shut down.
12307 [Memcached IO over {MemcachedConnection to localhost/127.0.0.1:11211} - SHUTTING DOWN (telling client)] DEBUG net.spy.memcached.MemcachedConnection  - No IO while shut down.
12307 [Memcached IO over {MemcachedConnection to localhost/127.0.0.1:11211} - SHUTTING DOWN (telling client)] DEBUG net.spy.memcached.MemcachedConnection  - No IO while shut down.
12307 [Memcached IO over {MemcachedConnection to localhost/127.0.0.1:11211} - SHUTTING DOWN (telling client)] DEBUG net.spy.memcached.MemcachedConnection  - No IO while shut down.
12307 [Memcached IO over {MemcachedConnection to localhost/127.0.0.1:11211} - SHUTTING DOWN (telling client)] DEBUG net.spy.memcached.MemcachedConnection  - No IO while shut down.
12307 [Memcached IO over {MemcachedConnection to localhost/127.0.0.1:11211} - SHUTTING DOWN (telling client)] DEBUG net.spy.memcached.MemcachedConnection  - No IO while shut down.
12307 [Memcached IO over {MemcachedConnection to localhost/127.0.0.1:11211} - SHUTTING DOWN (telling client)] DEBUG net.spy.memcached.MemcachedConnection  - No IO while shut down.
12307 [Memcached IO over {MemcachedConnection to localhost/127.0.0.1:11211} - SHUTTING DOWN (telling client)] DEBUG net.spy.memcached.MemcachedConnection  - No IO while shut down.
12307 [Memcached IO over {MemcachedConnection to localhost/127.0.0.1:11211} - SHUTTING DOWN (telling client)] DEBUG net.spy.memcached.MemcachedConnection  - No IO while shut down.
12307 [Memcached IO over {MemcachedConnection to localhost/127.0.0.1:11211} - SHUTTING DOWN (telling client)] DEBUG net.spy.memcached.MemcachedConnection  - No IO while shut down.
12307 [Memcached IO over {MemcachedConnection to localhost/127.0.0.1:11211} - SHUTTING DOWN (telling client)] DEBUG net.spy.memcached.MemcachedConnection  - No IO while shut down.
12307 [Memcached IO over {MemcachedConnection to localhost/127.0.0.1:11211} - SHUTTING DOWN (telling client)] DEBUG net.spy.memcached.MemcachedConnection  - No IO while shut down.
12307 [Memcached IO over {MemcachedConnection to localhost/127.0.0.1:11211} - SHUTTING DOWN (telling client)] DEBUG net.spy.memcached.MemcachedConnection  - No IO while shut down.
12307 [Memcached IO over {MemcachedConnection to localhost/127.0.0.1:11211} - SHUTTING DOWN (telling client)] DEBUG net.spy.memcached.MemcachedConnection  - No IO while shut down.
12307 [Memcached IO over {MemcachedConnection to localhost/127.0.0.1:11211} - SHUTTING DOWN (telling client)] DEBUG net.spy.memcached.MemcachedConnection  - No IO while shut down.
12307 [Memcached IO over {MemcachedConnection to localhost/127.0.0.1:11211} - SHUTTING DOWN (telling client)] DEBUG net.spy.memcached.MemcachedConnection  - No IO while shut down.
12307 [Memcached IO over {MemcachedConnection to localhost/127.0.0.1:11211} - SHUTTING DOWN (telling client)] DEBUG net.spy.memcached.MemcachedConnection  - No IO while shut down.
12307 [Memcached IO over {MemcachedConnection to localhost/127.0.0.1:11211} - SHUTTING DOWN (telling client)] DEBUG net.spy.memcached.MemcachedConnection  - No IO while shut down.
12307 [Memcached IO over {MemcachedConnection to localhost/127.0.0.1:11211} - SHUTTING DOWN (telling client)] DEBUG net.spy.memcached.MemcachedConnection  - No IO while shut down.
12307 [Memcached IO over {MemcachedConnection to localhost/127.0.0.1:11211} - SHUTTING DOWN (telling client)] DEBUG net.spy.memcached.MemcachedConnection  - No IO while shut down.
12307 [Memcached IO over {MemcachedConnection to localhost/127.0.0.1:11211} - SHUTTING DOWN (telling client)] DEBUG net.spy.memcached.MemcachedConnection  - No IO while shut down.
12307 [Memcached IO over {MemcachedConnection to localhost/127.0.0.1:11211} - SHUTTING DOWN (telling client)] DEBUG net.spy.memcached.MemcachedConnection  - No IO while shut down.
12307 [Memcached IO over {MemcachedConnection to localhost/127.0.0.1:11211} - SHUTTING DOWN (telling client)] DEBUG net.spy.memcached.MemcachedConnection  - No IO while shut down.
12307 [Memcached IO over {MemcachedConnection to localhost/127.0.0.1:11211} - SHUTTING DOWN (telling client)] DEBUG net.spy.memcached.MemcachedConnection  - No IO while shut down.
12307 [Memcached IO over {MemcachedConnection to localhost/127.0.0.1:11211} - SHUTTING DOWN (telling client)] DEBUG net.spy.memcached.MemcachedConnection  - No IO while shut down.
12307 [Memcached IO over {MemcachedConnection to localhost/127.0.0.1:11211} - SHUTTING DOWN (telling client)] DEBUG net.spy.memcached.MemcachedConnection  - No IO while shut down.
12307 [Memcached IO over {MemcachedConnection to localhost/127.0.0.1:11211} - SHUTTING DOWN (telling client)] DEBUG net.spy.memcached.MemcachedConnection  - No IO while shut down.
12307 [Memcached IO over {MemcachedConnection to localhost/127.0.0.1:11211} - SHUTTING DOWN (telling client)] DEBUG net.spy.memcached.MemcachedConnection  - No IO while shut down.
12307 [Memcached IO over {MemcachedConnection to localhost/127.0.0.1:11211} - SHUTTING DOWN (telling client)] DEBUG net.spy.memcached.MemcachedConnection  - No IO while shut down.
12307 [Memcached IO over {MemcachedConnection to localhost/127.0.0.1:11211} - SHUTTING DOWN (telling client)] DEBUG net.spy.memcached.MemcachedConnection  - No IO while shut down.
12307 [Memcached IO over {MemcachedConnection to localhost/127.0.0.1:11211} - SHUTTING DOWN (telling client)] DEBUG net.spy.memcached.MemcachedConnection  - No IO while shut down.
12307 [Memcached IO over {MemcachedConnection to localhost/127.0.0.1:11211} - SHUTTING DOWN (telling client)] DEBUG net.spy.memcached.MemcachedConnection  - No IO while shut down.
12307 [Memcached IO over {MemcachedConnection to localhost/127.0.0.1:11211} - SHUTTING DOWN (telling client)] DEBUG net.spy.memcached.MemcachedConnection  - No IO while shut down.
12307 [Memcached IO over {MemcachedConnection to localhost/127.0.0.1:11211} - SHUTTING DOWN (telling client)] DEBUG net.spy.memcached.MemcachedConnection  - No IO while shut down.
12307 [Memcached IO over {MemcachedConnection to localhost/127.0.0.1:11211} - SHUTTING DOWN (telling client)] DEBUG net.spy.memcached.MemcachedConnection  - No IO while shut down.
12307 [Memcached IO over {MemcachedConnection to localhost/127.0.0.1:11211} - SHUTTING DOWN (telling client)] DEBUG net.spy.memcached.MemcachedConnection  - No IO while shut down.
12307 [Memcached IO over {MemcachedConnection to localhost/127.0.0.1:11211} - SHUTTING DOWN (telling client)] DEBUG net.spy.memcached.MemcachedConnection  - No IO while shut down.
12307 [Memcached IO over {MemcachedConnection to localhost/127.0.0.1:11211} - SHUTTING DOWN (telling client)] DEBUG net.spy.memcached.MemcachedConnection  - No IO while shut down.
12307 [Memcached IO over {MemcachedConnection to localhost/127.0.0.1:11211} - SHUTTING DOWN (telling client)] DEBUG net.spy.memcached.MemcachedConnection  - No IO while shut down.
12307 [Memcached IO over {MemcachedConnection to localhost/127.0.0.1:11211} - SHUTTING DOWN (telling client)] DEBUG net.spy.memcached.MemcachedConnection  - No IO while shut down.
12307 [Memcached IO over {MemcachedConnection to localhost/127.0.0.1:11211} - SHUTTING DOWN (telling client)] DEBUG net.spy.memcached.MemcachedConnection  - No IO while shut down.
12307 [Memcached IO over {MemcachedConnection to localhost/127.0.0.1:11211} - SHUTTING DOWN (telling client)] DEBUG net.spy.memcached.MemcachedConnection  - No IO while shut down.
12307 [Memcached IO over {MemcachedConnection to localhost/127.0.0.1:11211} - SHUTTING DOWN (telling client)] DEBUG net.spy.memcached.MemcachedConnection  - No IO while shut down.
12307 [Memcached IO over {MemcachedConnection to localhost/127.0.0.1:11211} - SHUTTING DOWN (telling client)] DEBUG net.spy.memcached.MemcachedConnection  - No IO while shut down.
12307 [Memcached IO over {MemcachedConnection to localhost/127.0.0.1:11211} - SHUTTING DOWN (telling client)] DEBUG net.spy.memcached.MemcachedConnection  - No IO while shut down.
12307 [Memcached IO over {MemcachedConnection to localhost/127.0.0.1:11211} - SHUTTING DOWN (telling client)] DEBUG net.spy.memcached.MemcachedConnection  - No IO while shut down.
12307 [Memcached IO over {MemcachedConnection to localhost/127.0.0.1:11211} - SHUTTING DOWN (telling client)] DEBUG net.spy.memcached.MemcachedConnection  - No IO while shut down.
12307 [Memcached IO over {MemcachedConnection to localhost/127.0.0.1:11211} - SHUTTING DOWN (telling client)] DEBUG net.spy.memcached.MemcachedConnection  - No IO while shut down.
12307 [Memcached IO over {MemcachedConnection to localhost/127.0.0.1:11211} - SHUTTING DOWN (telling client)] DEBUG net.spy.memcached.MemcachedConnection  - No IO while shut down.
12307 [Memcached IO over {MemcachedConnection to localhost/127.0.0.1:11211} - SHUTTING DOWN (telling client)] DEBUG net.spy.memcached.MemcachedConnection  - No IO while shut down.
12307 [Memcached IO over {MemcachedConnection to localhost/127.0.0.1:11211} - SHUTTING DOWN (telling client)] DEBUG net.spy.memcached.MemcachedConnection  - No IO while shut down.
12307 [Memcached IO over {MemcachedConnection to localhost/127.0.0.1:11211} - SHUTTING DOWN (telling client)] DEBUG net.spy.memcached.MemcachedConnection  - No IO while shut down.
12307 [Memcached IO over {MemcachedConnection to localhost/127.0.0.1:11211} - SHUTTING DOWN (telling client)] DEBUG net.spy.memcached.MemcachedConnection  - No IO while shut down.
12307 [Memcached IO over {MemcachedConnection to localhost/127.0.0.1:11211} - SHUTTING DOWN (telling client)] DEBUG net.spy.memcached.MemcachedConnection  - No IO while shut down.
12307 [Memcached IO over {MemcachedConnection to localhost/127.0.0.1:11211} - SHUTTING DOWN (telling client)] DEBUG net.spy.memcached.MemcachedConnection  - No IO while shut down.
12307 [Memcached IO over {MemcachedConnection to localhost/127.0.0.1:11211} - SHUTTING DOWN (telling client)] DEBUG net.spy.memcached.MemcachedConnection  - No IO while shut down.
12307 [Memcached IO over {MemcachedConnection to localhost/127.0.0.1:11211} - SHUTTING DOWN (telling client)] DEBUG net.spy.memcached.MemcachedConnection  - No IO while shut down.
12307 [Memcached IO over {MemcachedConnection to localhost/127.0.0.1:11211} - SHUTTING DOWN (telling client)] DEBUG net.spy.memcached.MemcachedConnection  - No IO while shut down.
12307 [Memcached IO over {MemcachedConnection to localhost/127.0.0.1:11211} - SHUTTING DOWN (telling client)] DEBUG net.spy.memcached.MemcachedConnection  - No IO while shut down.
12307 [Memcached IO over {MemcachedConnection to localhost/127.0.0.1:11211} - SHUTTING DOWN (telling client)] DEBUG net.spy.memcached.MemcachedConnection  - No IO while shut down.
12307 [Memcached IO over {MemcachedConnection to localhost/127.0.0.1:11211} - SHUTTING DOWN (telling client)] DEBUG net.spy.memcached.MemcachedConnection  - No IO while shut down.
12307 [Memcached IO over {MemcachedConnection to localhost/127.0.0.1:11211} - SHUTTING DOWN (telling client)] DEBUG net.spy.memcached.MemcachedConnection  - No IO while shut down.
12307 [Memcached IO over {MemcachedConnection to localhost/127.0.0.1:11211} - SHUTTING DOWN (telling client)] DEBUG net.spy.memcached.MemcachedConnection  - No IO while shut down.
12307 [Memcached IO over {MemcachedConnection to localhost/127.0.0.1:11211} - SHUTTING DOWN (telling client)] DEBUG net.spy.memcached.MemcachedConnection  - No IO while shut down.
12307 [Memcached IO over {MemcachedConnection to localhost/127.0.0.1:11211} - SHUTTING DOWN (telling client)] DEBUG net.spy.memcached.MemcachedConnection  - No IO while shut down.
12307 [Memcached IO over {MemcachedConnection to localhost/127.0.0.1:11211} - SHUTTING DOWN (telling client)] DEBUG net.spy.memcached.MemcachedConnection  - No IO while shut down.
12307 [Memcached IO over {MemcachedConnection to localhost/127.0.0.1:11211} - SHUTTING DOWN (telling client)] DEBUG net.spy.memcached.MemcachedConnection  - No IO while shut down.
12307 [Memcached IO over {MemcachedConnection to localhost/127.0.0.1:11211} - SHUTTING DOWN (telling client)] DEBUG net.spy.memcached.MemcachedConnection  - No IO while shut down.
12307 [Memcached IO over {MemcachedConnection to localhost/127.0.0.1:11211} - SHUTTING DOWN (telling client)] DEBUG net.spy.memcached.MemcachedConnection  - No IO while shut down.
12307 [Memcached IO over {MemcachedConnection to localhost/127.0.0.1:11211} - SHUTTING DOWN (telling client)] DEBUG net.spy.memcached.MemcachedConnection  - No IO while shut down.
12307 [Memcached IO over {MemcachedConnection to localhost/127.0.0.1:11211} - SHUTTING DOWN (telling client)] DEBUG net.spy.memcached.MemcachedConnection  - No IO while shut down.
12307 [Memcached IO over {MemcachedConnection to localhost/127.0.0.1:11211} - SHUTTING DOWN (telling client)] DEBUG net.spy.memcached.MemcachedConnection  - No IO while shut down.
12307 [Memcached IO over {MemcachedConnection to localhost/127.0.0.1:11211} - SHUTTING DOWN (telling client)] DEBUG net.spy.memcached.MemcachedConnection  - No IO while shut down.
12307 [Memcached IO over {MemcachedConnection to localhost/127.0.0.1:11211} - SHUTTING DOWN (telling client)] DEBUG net.spy.memcached.MemcachedConnection  - No IO while shut down.
12308 [Memcached IO over {MemcachedConnection to localhost/127.0.0.1:11211} - SHUTTING DOWN (telling client)] DEBUG net.spy.memcached.MemcachedConnection  - No IO while shut down.
12308 [Memcached IO over {MemcachedConnection to localhost/127.0.0.1:11211} - SHUTTING DOWN (telling client)] DEBUG net.spy.memcached.MemcachedConnection  - No IO while shut down.
12308 [Memcached IO over {MemcachedConnection to localhost/127.0.0.1:11211} - SHUTTING DOWN (telling client)] DEBUG net.spy.memcached.MemcachedConnection  - No IO while shut down.
12308 [Memcached IO over {MemcachedConnection to localhost/127.0.0.1:11211} - SHUTTING DOWN (telling client)] DEBUG net.spy.memcached.MemcachedConnection  - No IO while shut down.
12308 [Memcached IO over {MemcachedConnection to localhost/127.0.0.1:11211} - SHUTTING DOWN (telling client)] DEBUG net.spy.memcached.MemcachedConnection  - No IO while shut down.
12308 [Memcached IO over {MemcachedConnection to localhost/127.0.0.1:11211} - SHUTTING DOWN (telling client)] DEBUG net.spy.memcached.MemcachedConnection  - No IO while shut down.
12308 [Memcached IO over {MemcachedConnection to localhost/127.0.0.1:11211} - SHUTTING DOWN (telling client)] DEBUG net.spy.memcached.MemcachedConnection  - No IO while shut down.
12308 [Memcached IO over {MemcachedConnection to localhost/127.0.0.1:11211} - SHUTTING DOWN (telling client)] DEBUG net.spy.memcached.MemcachedConnection  - No IO while shut down.
12308 [Memcached IO over {MemcachedConnection to localhost/127.0.0.1:11211} - SHUTTING DOWN (telling client)] DEBUG net.spy.memcached.MemcachedConnection  - No IO while shut down.
12308 [Memcached IO over {MemcachedConnection to localhost/127.0.0.1:11211} - SHUTTING DOWN (telling client)] DEBUG net.spy.memcached.MemcachedConnection  - No IO while shut down.
12308 [Memcached IO over {MemcachedConnection to localhost/127.0.0.1:11211} - SHUTTING DOWN (telling client)] DEBUG net.spy.memcached.MemcachedConnection  - No IO while shut down.
12308 [Memcached IO over {MemcachedConnection to localhost/127.0.0.1:11211} - SHUTTING DOWN (telling client)] DEBUG net.spy.memcached.MemcachedConnection  - No IO while shut down.
12308 [Memcached IO over {MemcachedConnection to localhost/127.0.0.1:11211} - SHUTTING DOWN (telling client)] DEBUG net.spy.memcached.MemcachedConnection  - No IO while shut down.
12308 [Memcached IO over {MemcachedConnection to localhost/127.0.0.1:11211} - SHUTTING DOWN (telling client)] DEBUG net.spy.memcached.MemcachedConnection  - No IO while shut down.
12308 [Memcached IO over {MemcachedConnection to localhost/127.0.0.1:11211} - SHUTTING DOWN (telling client)] DEBUG net.spy.memcached.MemcachedConnection  - No IO while shut down.
12308 [Memcached IO over {MemcachedConnection to localhost/127.0.0.1:11211} - SHUTTING DOWN (telling client)] DEBUG net.spy.memcached.MemcachedConnection  - No IO while shut down.
12308 [Memcached IO over {MemcachedConnection to localhost/127.0.0.1:11211} - SHUTTING DOWN (telling client)] DEBUG net.spy.memcached.MemcachedConnection  - No IO while shut down.
12308 [Memcached IO over {MemcachedConnection to localhost/127.0.0.1:11211} - SHUTTING DOWN (telling client)] DEBUG net.spy.memcached.MemcachedConnection  - No IO while shut down.
12308 [Memcached IO over {MemcachedConnection to localhost/127.0.0.1:11211} - SHUTTING DOWN (telling client)] DEBUG net.spy.memcached.MemcachedConnection  - No IO while shut down.
12308 [Memcached IO over {MemcachedConnection to localhost/127.0.0.1:11211} - SHUTTING DOWN (telling client)] DEBUG net.spy.memcached.MemcachedConnection  - No IO while shut down.
12308 [Memcached IO over {MemcachedConnection to localhost/127.0.0.1:11211} - SHUTTING DOWN (telling client)] DEBUG net.spy.memcached.MemcachedConnection  - No IO while shut down.
12308 [Memcached IO over {MemcachedConnection to localhost/127.0.0.1:11211} - SHUTTING DOWN (telling client)] DEBUG net.spy.memcached.MemcachedConnection  - No IO while shut down.
12308 [Memcached IO over {MemcachedConnection to localhost/127.0.0.1:11211} - SHUTTING DOWN (telling client)] DEBUG net.spy.memcached.MemcachedConnection  - No IO while shut down.
12308 [Memcached IO over {MemcachedConnection to localhost/127.0.0.1:11211} - SHUTTING DOWN (telling client)] DEBUG net.spy.memcached.MemcachedConnection  - No IO while shut down.
12308 [Memcached IO over {MemcachedConnection to localhost/127.0.0.1:11211} - SHUTTING DOWN (telling client)] DEBUG net.spy.memcached.MemcachedConnection  - No IO while shut down.
12308 [Memcached IO over {MemcachedConnection to localhost/127.0.0.1:11211} - SHUTTING DOWN (telling client)] DEBUG net.spy.memcached.MemcachedConnection  - No IO while shut down.
12308 [Memcached IO over {MemcachedConnection to localhost/127.0.0.1:11211} - SHUTTING DOWN (telling client)] DEBUG net.spy.memcached.MemcachedConnection  - No IO while shut down.
12308 [Memcached IO over {MemcachedConnection to localhost/127.0.0.1:11211} - SHUTTING DOWN (telling client)] DEBUG net.spy.memcached.MemcachedConnection  - No IO while shut down.
12308 [Memcached IO over {MemcachedConnection to localhost/127.0.0.1:11211} - SHUTTING DOWN (telling client)] DEBUG net.spy.memcached.MemcachedConnection  - No IO while shut down.
12308 [Memcached IO over {MemcachedConnection to localhost/127.0.0.1:11211} - SHUTTING DOWN (telling client)] DEBUG net.spy.memcached.MemcachedConnection  - No IO while shut down.
12308 [Memcached IO over {MemcachedConnection to localhost/127.0.0.1:11211} - SHUTTING DOWN (telling client)] DEBUG net.spy.memcached.MemcachedConnection  - No IO while shut down.
12308 [Memcached IO over {MemcachedConnection to localhost/127.0.0.1:11211} - SHUTTING DOWN (telling client)] DEBUG net.spy.memcached.MemcachedConnection  - No IO while shut down.
12308 [Memcached IO over {MemcachedConnection to localhost/127.0.0.1:11211} - SHUTTING DOWN (telling client)] DEBUG net.spy.memcached.MemcachedConnection  - No IO while shut down.
12308 [Memcached IO over {MemcachedConnection to localhost/127.0.0.1:11211} - SHUTTING DOWN (telling client)] DEBUG net.spy.memcached.MemcachedConnection  - No IO while shut down.
12308 [Memcached IO over {MemcachedConnection to localhost/127.0.0.1:11211} - SHUTTING DOWN (telling client)] DEBUG net.spy.memcached.MemcachedConnection  - No IO while shut down.
12308 [Memcached IO over {MemcachedConnection to localhost/127.0.0.1:11211} - SHUTTING DOWN (telling client)] DEBUG net.spy.memcached.MemcachedConnection  - No IO while shut down.
12308 [Memcached IO over {MemcachedConnection to localhost/127.0.0.1:11211} - SHUTTING DOWN (telling client)] DEBUG net.spy.memcached.MemcachedConnection  - No IO while shut down.
12308 [Memcached IO over {MemcachedConnection to localhost/127.0.0.1:11211} - SHUTTING DOWN (telling client)] DEBUG net.spy.memcached.MemcachedConnection  - No IO while shut down.
12308 [Memcached IO over {MemcachedConnection to localhost/127.0.0.1:11211} - SHUTTING DOWN (telling client)] DEBUG net.spy.memcached.MemcachedConnection  - No IO while shut down.
12308 [Memcached IO over {MemcachedConnection to localhost/127.0.0.1:11211} - SHUTTING DOWN (telling client)] DEBUG net.spy.memcached.MemcachedConnection  - No IO while shut down.
12308 [Memcached IO over {MemcachedConnection to localhost/127.0.0.1:11211} - SHUTTING DOWN (telling client)] DEBUG net.spy.memcached.MemcachedConnection  - No IO while shut down.
12308 [Memcached IO over {MemcachedConnection to localhost/127.0.0.1:11211} - SHUTTING DOWN (telling client)] DEBUG net.spy.memcached.MemcachedConnection  - No IO while shut down.
12308 [Memcached IO over {MemcachedConnection to localhost/127.0.0.1:11211} - SHUTTING DOWN (telling client)] DEBUG net.spy.memcached.MemcachedConnection  - No IO while shut down.
12308 [Memcached IO over {MemcachedConnection to localhost/127.0.0.1:11211} - SHUTTING DOWN (telling client)] DEBUG net.spy.memcached.MemcachedConnection  - No IO while shut down.
12308 [Memcached IO over {MemcachedConnection to localhost/127.0.0.1:11211} - SHUTTING DOWN (telling client)] DEBUG net.spy.memcached.MemcachedConnection  - No IO while shut down.
12308 [Memcached IO over {MemcachedConnection to localhost/127.0.0.1:11211} - SHUTTING DOWN (telling client)] DEBUG net.spy.memcached.MemcachedConnection  - No IO while shut down.
12308 [Memcached IO over {MemcachedConnection to localhost/127.0.0.1:11211} - SHUTTING DOWN (telling client)] DEBUG net.spy.memcached.MemcachedConnection  - No IO while shut down.
12308 [Memcached IO over {MemcachedConnection to localhost/127.0.0.1:11211} - SHUTTING DOWN (telling client)] DEBUG net.spy.memcached.MemcachedConnection  - No IO while shut down.
12308 [Memcached IO over {MemcachedConnection to localhost/127.0.0.1:11211} - SHUTTING DOWN (telling client)] DEBUG net.spy.memcached.MemcachedConnection  - No IO while shut down.
12308 [Memcached IO over {MemcachedConnection to localhost/127.0.0.1:11211} - SHUTTING DOWN (telling client)] DEBUG net.spy.memcached.MemcachedConnection  - No IO while shut down.
12308 [Memcached IO over {MemcachedConnection to localhost/127.0.0.1:11211} - SHUTTING DOWN (telling client)] DEBUG net.spy.memcached.MemcachedConnection  - No IO while shut down.
12308 [Memcached IO over {MemcachedConnection to localhost/127.0.0.1:11211} - SHUTTING DOWN (telling client)] DEBUG net.spy.memcached.MemcachedConnection  - No IO while shut down.
12308 [Memcached IO over {MemcachedConnection to localhost/127.0.0.1:11211} - SHUTTING DOWN (telling client)] DEBUG net.spy.memcached.MemcachedConnection  - No IO while shut down.
12308 [Memcached IO over {MemcachedConnection to localhost/127.0.0.1:11211} - SHUTTING DOWN (telling client)] DEBUG net.spy.memcached.MemcachedConnection  - No IO while shut down.
12308 [Memcached IO over {MemcachedConnection to localhost/127.0.0.1:11211} - SHUTTING DOWN (telling client)] DEBUG net.spy.memcached.MemcachedConnection  - No IO while shut down.
12308 [Memcached IO over {MemcachedConnection to localhost/127.0.0.1:11211} - SHUTTING DOWN (telling client)] DEBUG net.spy.memcached.MemcachedConnection  - No IO while shut down.
12308 [Memcached IO over {MemcachedConnection to localhost/127.0.0.1:11211} - SHUTTING DOWN (telling client)] DEBUG net.spy.memcached.MemcachedConnection  - No IO while shut down.
12308 [Memcached IO over {MemcachedConnection to localhost/127.0.0.1:11211} - SHUTTING DOWN (telling client)] DEBUG net.spy.memcached.MemcachedConnection  - No IO while shut down.
12308 [Memcached IO over {MemcachedConnection to localhost/127.0.0.1:11211} - SHUTTING DOWN (telling client)] DEBUG net.spy.memcached.MemcachedConnection  - No IO while shut down.
12308 [Memcached IO over {MemcachedConnection to localhost/127.0.0.1:11211} - SHUTTING DOWN (telling client)] DEBUG net.spy.memcached.MemcachedConnection  - No IO while shut down.
12308 [Memcached IO over {MemcachedConnection to localhost/127.0.0.1:11211} - SHUTTING DOWN (telling client)] DEBUG net.spy.memcached.MemcachedConnection  - No IO while shut down.
12308 [Memcached IO over {MemcachedConnection to localhost/127.0.0.1:11211} - SHUTTING DOWN (telling client)] DEBUG net.spy.memcached.MemcachedConnection  - No IO while shut down.
12308 [Memcached IO over {MemcachedConnection to localhost/127.0.0.1:11211} - SHUTTING DOWN (telling client)] DEBUG net.spy.memcached.MemcachedConnection  - No IO while shut down.
12308 [Memcached IO over {MemcachedConnection to localhost/127.0.0.1:11211} - SHUTTING DOWN (telling client)] DEBUG net.spy.memcached.MemcachedConnection  - No IO while shut down.
12308 [Memcached IO over {MemcachedConnection to localhost/127.0.0.1:11211} - SHUTTING DOWN (telling client)] DEBUG net.spy.memcached.MemcachedConnection  - No IO while shut down.
12308 [Memcached IO over {MemcachedConnection to localhost/127.0.0.1:11211} - SHUTTING DOWN (telling client)] DEBUG net.spy.memcached.MemcachedConnection  - No IO while shut down.
12308 [Memcached IO over {MemcachedConnection to localhost/127.0.0.1:11211} - SHUTTING DOWN (telling client)] DEBUG net.spy.memcached.MemcachedConnection  - No IO while shut down.
12308 [Memcached IO over {MemcachedConnection to localhost/127.0.0.1:11211} - SHUTTING DOWN (telling client)] DEBUG net.spy.memcached.MemcachedConnection  - No IO while shut down.
12308 [Memcached IO over {MemcachedConnection to localhost/127.0.0.1:11211} - SHUTTING DOWN (telling client)] DEBUG net.spy.memcached.MemcachedConnection  - No IO while shut down.
12308 [Memcached IO over {MemcachedConnection to localhost/127.0.0.1:11211} - SHUTTING DOWN (telling client)] DEBUG net.spy.memcached.MemcachedConnection  - No IO while shut down.
12308 [Memcached IO over {MemcachedConnection to localhost/127.0.0.1:11211} - SHUTTING DOWN (telling client)] DEBUG net.spy.memcached.MemcachedConnection  - No IO while shut down.
12308 [Memcached IO over {MemcachedConnection to localhost/127.0.0.1:11211} - SHUTTING DOWN (telling client)] DEBUG net.spy.memcached.MemcachedConnection  - No IO while shut down.
12308 [Memcached IO over {MemcachedConnection to localhost/127.0.0.1:11211} - SHUTTING DOWN (telling client)] DEBUG net.spy.memcached.MemcachedConnection  - No IO while shut down.
12308 [Memcached IO over {MemcachedConnection to localhost/127.0.0.1:11211} - SHUTTING DOWN (telling client)] DEBUG net.spy.memcached.MemcachedConnection  - No IO while shut down.
12308 [Memcached IO over {MemcachedConnection to localhost/127.0.0.1:11211} - SHUTTING DOWN (telling client)] DEBUG net.spy.memcached.MemcachedConnection  - No IO while shut down.
12308 [Memcached IO over {MemcachedConnection to localhost/127.0.0.1:11211} - SHUTTING DOWN (telling client)] DEBUG net.spy.memcached.MemcachedConnection  - No IO while shut down.
12308 [Memcached IO over {MemcachedConnection to localhost/127.0.0.1:11211} - SHUTTING DOWN (telling client)] DEBUG net.spy.memcached.MemcachedConnection  - No IO while shut down.
12308 [Memcached IO over {MemcachedConnection to localhost/127.0.0.1:11211} - SHUTTING DOWN (telling client)] DEBUG net.spy.memcached.MemcachedConnection  - No IO while shut down.
12308 [Memcached IO over {MemcachedConnection to localhost/127.0.0.1:11211} - SHUTTING DOWN (telling client)] DEBUG net.spy.memcached.MemcachedConnection  - No IO while shut down.
12308 [Memcached IO over {MemcachedConnection to localhost/127.0.0.1:11211} - SHUTTING DOWN (telling client)] DEBUG net.spy.memcached.MemcachedConnection  - No IO while shut down.
12308 [Memcached IO over {MemcachedConnection to localhost/127.0.0.1:11211} - SHUTTING DOWN (telling client)] DEBUG net.spy.memcached.MemcachedConnection  - No IO while shut down.
12308 [Memcached IO over {MemcachedConnection to localhost/127.0.0.1:11211} - SHUTTING DOWN (telling client)] DEBUG net.spy.memcached.MemcachedConnection  - No IO while shut down.
12308 [Memcached IO over {MemcachedConnection to localhost/127.0.0.1:11211} - SHUTTING DOWN (telling client)] DEBUG net.spy.memcached.MemcachedConnection  - No IO while shut down.
12308 [Memcached IO over {MemcachedConnection to localhost/127.0.0.1:11211} - SHUTTING DOWN (telling client)] DEBUG net.spy.memcached.MemcachedConnection  - No IO while shut down.
12308 [Memcached IO over {MemcachedConnection to localhost/127.0.0.1:11211} - SHUTTING DOWN (telling client)] DEBUG net.spy.memcached.MemcachedConnection  - No IO while shut down.
12308 [Memcached IO over {MemcachedConnection to localhost/127.0.0.1:11211} - SHUTTING DOWN (telling client)] DEBUG net.spy.memcached.MemcachedConnection  - No IO while shut down.
12308 [Memcached IO over {MemcachedConnection to localhost/127.0.0.1:11211} - SHUTTING DOWN (telling client)] DEBUG net.spy.memcached.MemcachedConnection  - No IO while shut down.
12308 [Memcached IO over {MemcachedConnection to localhost/127.0.0.1:11211} - SHUTTING DOWN (telling client)] DEBUG net.spy.memcached.MemcachedConnection  - No IO while shut down.
12308 [Memcached IO over {MemcachedConnection to localhost/127.0.0.1:11211} - SHUTTING DOWN (telling client)] DEBUG net.spy.memcached.MemcachedConnection  - No IO while shut down.
12308 [Memcached IO over {MemcachedConnection to localhost/127.0.0.1:11211} - SHUTTING DOWN (telling client)] DEBUG net.spy.memcached.MemcachedConnection  - No IO while shut down.
12308 [Memcached IO over {MemcachedConnection to localhost/127.0.0.1:11211} - SHUTTING DOWN (telling client)] DEBUG net.spy.memcached.MemcachedConnection  - No IO while shut down.
12308 [Memcached IO over {MemcachedConnection to localhost/127.0.0.1:11211} - SHUTTING DOWN (telling client)] DEBUG net.spy.memcached.MemcachedConnection  - No IO while shut down.
12308 [Memcached IO over {MemcachedConnection to localhost/127.0.0.1:11211} - SHUTTING DOWN (telling client)] DEBUG net.spy.memcached.MemcachedConnection  - No IO while shut down.
12308 [Memcached IO over {MemcachedConnection to localhost/127.0.0.1:11211} - SHUTTING DOWN (telling client)] DEBUG net.spy.memcached.MemcachedConnection  - No IO while shut down.
12308 [Memcached IO over {MemcachedConnection to localhost/127.0.0.1:11211} - SHUTTING DOWN (telling client)] DEBUG net.spy.memcached.MemcachedConnection  - No IO while shut down.
12308 [Memcached IO over {MemcachedConnection to localhost/127.0.0.1:11211} - SHUTTING DOWN (telling client)] DEBUG net.spy.memcached.MemcachedConnection  - No IO while shut down.
12308 [Memcached IO over {MemcachedConnection to localhost/127.0.0.1:11211} - SHUTTING DOWN (telling client)] DEBUG net.spy.memcached.MemcachedConnection  - No IO while shut down.
12308 [Memcached IO over {MemcachedConnection to localhost/127.0.0.1:11211} - SHUTTING DOWN (telling client)] DEBUG net.spy.memcached.MemcachedConnection  - No IO while shut down.
12308 [Memcached IO over {MemcachedConnection to localhost/127.0.0.1:11211} - SHUTTING DOWN (telling client)] DEBUG net.spy.memcached.MemcachedConnection  - No IO while shut down.
12308 [Memcached IO over {MemcachedConnection to localhost/127.0.0.1:11211} - SHUTTING DOWN (telling client)] DEBUG net.spy.memcached.MemcachedConnection  - No IO while shut down.
12308 [Memcached IO over {MemcachedConnection to localhost/127.0.0.1:11211} - SHUTTING DOWN (telling client)] DEBUG net.spy.memcached.MemcachedConnection  - No IO while shut down.
12308 [Memcached IO over {MemcachedConnection to localhost/127.0.0.1:11211} - SHUTTING DOWN (telling client)] DEBUG net.spy.memcached.MemcachedConnection  - No IO while shut down.
12308 [Memcached IO over {MemcachedConnection to localhost/127.0.0.1:11211} - SHUTTING DOWN (telling client)] DEBUG net.spy.memcached.MemcachedConnection  - No IO while shut down.
12308 [Memcached IO over {MemcachedConnection to localhost/127.0.0.1:11211} - SHUTTING DOWN (telling client)] DEBUG net.spy.memcached.MemcachedConnection  - No IO while shut down.
12308 [Memcached IO over {MemcachedConnection to localhost/127.0.0.1:11211} - SHUTTING DOWN (telling client)] DEBUG net.spy.memcached.MemcachedConnection  - No IO while shut down.
12308 [Memcached IO over {MemcachedConnection to localhost/127.0.0.1:11211} - SHUTTING DOWN (telling client)] DEBUG net.spy.memcached.MemcachedConnection  - No IO while shut down.
12308 [Memcached IO over {MemcachedConnection to localhost/127.0.0.1:11211} - SHUTTING DOWN (telling client)] DEBUG net.spy.memcached.MemcachedConnection  - No IO while shut down.
12308 [Memcached IO over {MemcachedConnection to localhost/127.0.0.1:11211} - SHUTTING DOWN (telling client)] DEBUG net.spy.memcached.MemcachedConnection  - No IO while shut down.
12308 [Memcached IO over {MemcachedConnection to localhost/127.0.0.1:11211} - SHUTTING DOWN (telling client)] DEBUG net.spy.memcached.MemcachedConnection  - No IO while shut down.
12308 [Memcached IO over {MemcachedConnection to localhost/127.0.0.1:11211} - SHUTTING DOWN (telling client)] DEBUG net.spy.memcached.MemcachedConnection  - No IO while shut down.
12308 [Memcached IO over {MemcachedConnection to localhost/127.0.0.1:11211} - SHUTTING DOWN (telling client)] DEBUG net.spy.memcached.MemcachedConnection  - No IO while shut down.
12308 [Memcached IO over {MemcachedConnection to localhost/127.0.0.1:11211} - SHUTTING DOWN (telling client)] DEBUG net.spy.memcached.MemcachedConnection  - No IO while shut down.
12308 [Memcached IO over {MemcachedConnection to localhost/127.0.0.1:11211} - SHUTTING DOWN (telling client)] DEBUG net.spy.memcached.MemcachedConnection  - No IO while shut down.
12308 [Memcached IO over {MemcachedConnection to localhost/127.0.0.1:11211} - SHUTTING DOWN (telling client)] DEBUG net.spy.memcached.MemcachedConnection  - No IO while shut down.
12308 [Memcached IO over {MemcachedConnection to localhost/127.0.0.1:11211} - SHUTTING DOWN (telling client)] DEBUG net.spy.memcached.MemcachedConnection  - No IO while shut down.
12308 [Memcached IO over {MemcachedConnection to localhost/127.0.0.1:11211} - SHUTTING DOWN (telling client)] DEBUG net.spy.memcached.MemcachedConnection  - No IO while shut down.
12308 [Memcached IO over {MemcachedConnection to localhost/127.0.0.1:11211} - SHUTTING DOWN (telling client)] DEBUG net.spy.memcached.MemcachedConnection  - No IO while shut down.
12308 [Memcached IO over {MemcachedConnection to localhost/127.0.0.1:11211} - SHUTTING DOWN (telling client)] DEBUG net.spy.memcached.MemcachedConnection  - No IO while shut down.
12308 [Memcached IO over {MemcachedConnection to localhost/127.0.0.1:11211} - SHUTTING DOWN (telling client)] DEBUG net.spy.memcached.MemcachedConnection  - No IO while shut down.
12308 [Memcached IO over {MemcachedConnection to localhost/127.0.0.1:11211} - SHUTTING DOWN (telling client)] DEBUG net.spy.memcached.MemcachedConnection  - No IO while shut down.
12308 [Memcached IO over {MemcachedConnection to localhost/127.0.0.1:11211} - SHUTTING DOWN (telling client)] DEBUG net.spy.memcached.MemcachedConnection  - No IO while shut down.
12308 [Memcached IO over {MemcachedConnection to localhost/127.0.0.1:11211} - SHUTTING DOWN (telling client)] DEBUG net.spy.memcached.MemcachedConnection  - No IO while shut down.
12308 [Memcached IO over {MemcachedConnection to localhost/127.0.0.1:11211} - SHUTTING DOWN (telling client)] DEBUG net.spy.memcached.MemcachedConnection  - No IO while shut down.
12308 [Memcached IO over {MemcachedConnection to localhost/127.0.0.1:11211} - SHUTTING DOWN (telling client)] DEBUG net.spy.memcached.MemcachedConnection  - No IO while shut down.
12308 [Memcached IO over {MemcachedConnection to localhost/127.0.0.1:11211} - SHUTTING DOWN (telling client)] DEBUG net.spy.memcached.MemcachedConnection  - No IO while shut down.
12308 [Memcached IO over {MemcachedConnection to localhost/127.0.0.1:11211} - SHUTTING DOWN (telling client)] DEBUG net.spy.memcached.MemcachedConnection  - No IO while shut down.
12308 [Memcached IO over {MemcachedConnection to localhost/127.0.0.1:11211} - SHUTTING DOWN (telling client)] DEBUG net.spy.memcached.MemcachedConnection  - No IO while shut down.
12308 [Memcached IO over {MemcachedConnection to localhost/127.0.0.1:11211} - SHUTTING DOWN (telling client)] DEBUG net.spy.memcached.MemcachedConnection  - No IO while shut down.
12308 [Memcached IO over {MemcachedConnection to localhost/127.0.0.1:11211} - SHUTTING DOWN (telling client)] DEBUG net.spy.memcached.MemcachedConnection  - No IO while shut down.
12308 [Memcached IO over {MemcachedConnection to localhost/127.0.0.1:11211} - SHUTTING DOWN (telling client)] DEBUG net.spy.memcached.MemcachedConnection  - No IO while shut down.
12308 [Memcached IO over {MemcachedConnection to localhost/127.0.0.1:11211} - SHUTTING DOWN (telling client)] DEBUG net.spy.memcached.MemcachedConnection  - No IO while shut down.
12308 [Memcached IO over {MemcachedConnection to localhost/127.0.0.1:11211} - SHUTTING DOWN (telling client)] DEBUG net.spy.memcached.MemcachedConnection  - No IO while shut down.
12308 [Memcached IO over {MemcachedConnection to localhost/127.0.0.1:11211} - SHUTTING DOWN (telling client)] DEBUG net.spy.memcached.MemcachedConnection  - No IO while shut down.
12308 [Memcached IO over {MemcachedConnection to localhost/127.0.0.1:11211} - SHUTTING DOWN (telling client)] DEBUG net.spy.memcached.MemcachedConnection  - No IO while shut down.
12308 [Memcached IO over {MemcachedConnection to localhost/127.0.0.1:11211} - SHUTTING DOWN (telling client)] DEBUG net.spy.memcached.MemcachedConnection  - No IO while shut down.
12308 [Memcached IO over {MemcachedConnection to localhost/127.0.0.1:11211} - SHUTTING DOWN (telling client)] DEBUG net.spy.memcached.MemcachedConnection  - No IO while shut down.
12308 [Memcached IO over {MemcachedConnection to localhost/127.0.0.1:11211} - SHUTTING DOWN (telling client)] DEBUG net.spy.memcached.MemcachedConnection  - No IO while shut down.
12308 [Memcached IO over {MemcachedConnection to localhost/127.0.0.1:11211} - SHUTTING DOWN (telling client)] DEBUG net.spy.memcached.MemcachedConnection  - No IO while shut down.
12308 [Memcached IO over {MemcachedConnection to localhost/127.0.0.1:11211} - SHUTTING DOWN (telling client)] DEBUG net.spy.memcached.MemcachedConnection  - No IO while shut down.
12308 [Memcached IO over {MemcachedConnection to localhost/127.0.0.1:11211} - SHUTTING DOWN (telling client)] DEBUG net.spy.memcached.MemcachedConnection  - No IO while shut down.
12308 [Memcached IO over {MemcachedConnection to localhost/127.0.0.1:11211} - SHUTTING DOWN (telling client)] DEBUG net.spy.memcached.MemcachedConnection  - No IO while shut down.
12308 [Memcached IO over {MemcachedConnection to localhost/127.0.0.1:11211} - SHUTTING DOWN (telling client)] DEBUG net.spy.memcached.MemcachedConnection  - No IO while shut down.
12308 [Memcached IO over {MemcachedConnection to localhost/127.0.0.1:11211} - SHUTTING DOWN (telling client)] DEBUG net.spy.memcached.MemcachedConnection  - No IO while shut down.
12309 [Memcached IO over {MemcachedConnection to localhost/127.0.0.1:11211} - SHUTTING DOWN (telling client)] DEBUG net.spy.memcached.MemcachedConnection  - No IO while shut down.
12309 [Memcached IO over {MemcachedConnection to localhost/127.0.0.1:11211} - SHUTTING DOWN (telling client)] DEBUG net.spy.memcached.MemcachedConnection  - No IO while shut down.
12309 [Memcached IO over {MemcachedConnection to localhost/127.0.0.1:11211} - SHUTTING DOWN (telling client)] DEBUG net.spy.memcached.MemcachedConnection  - No IO while shut down.
12309 [Memcached IO over {MemcachedConnection to localhost/127.0.0.1:11211} - SHUTTING DOWN (telling client)] DEBUG net.spy.memcached.MemcachedConnection  - No IO while shut down.
12309 [Memcached IO over {MemcachedConnection to localhost/127.0.0.1:11211} - SHUTTING DOWN (telling client)] DEBUG net.spy.memcached.MemcachedConnection  - No IO while shut down.
12309 [Memcached IO over {MemcachedConnection to localhost/127.0.0.1:11211} - SHUTTING DOWN (telling client)] DEBUG net.spy.memcached.MemcachedConnection  - No IO while shut down.
12309 [Memcached IO over {MemcachedConnection to localhost/127.0.0.1:11211} - SHUTTING DOWN (telling client)] DEBUG net.spy.memcached.MemcachedConnection  - No IO while shut down.
12309 [Memcached IO over {MemcachedConnection to localhost/127.0.0.1:11211} - SHUTTING DOWN (telling client)] DEBUG net.spy.memcached.MemcachedConnection  - No IO while shut down.
12309 [Memcached IO over {MemcachedConnection to localhost/127.0.0.1:11211} - SHUTTING DOWN (telling client)] DEBUG net.spy.memcached.MemcachedConnection  - No IO while shut down.
12309 [Memcached IO over {MemcachedConnection to localhost/127.0.0.1:11211} - SHUTTING DOWN (telling client)] DEBUG net.spy.memcached.MemcachedConnection  - No IO while shut down.
12309 [Memcached IO over {MemcachedConnection to localhost/127.0.0.1:11211} - SHUTTING DOWN (telling client)] DEBUG net.spy.memcached.MemcachedConnection  - No IO while shut down.
12309 [Memcached IO over {MemcachedConnection to localhost/127.0.0.1:11211} - SHUTTING DOWN (telling client)] DEBUG net.spy.memcached.MemcachedConnection  - No IO while shut down.
12309 [Memcached IO over {MemcachedConnection to localhost/127.0.0.1:11211} - SHUTTING DOWN (telling client)] DEBUG net.spy.memcached.MemcachedConnection  - No IO while shut down.
12309 [Memcached IO over {MemcachedConnection to localhost/127.0.0.1:11211} - SHUTTING DOWN (telling client)] DEBUG net.spy.memcached.MemcachedConnection  - No IO while shut down.
12309 [Memcached IO over {MemcachedConnection to localhost/127.0.0.1:11211} - SHUTTING DOWN (telling client)] DEBUG net.spy.memcached.MemcachedConnection  - No IO while shut down.
12309 [Memcached IO over {MemcachedConnection to localhost/127.0.0.1:11211} - SHUTTING DOWN (telling client)] DEBUG net.spy.memcached.MemcachedConnection  - No IO while shut down.
12309 [Memcached IO over {MemcachedConnection to localhost/127.0.0.1:11211} - SHUTTING DOWN (telling client)] DEBUG net.spy.memcached.MemcachedConnection  - No IO while shut down.
12309 [Memcached IO over {MemcachedConnection to localhost/127.0.0.1:11211} - SHUTTING DOWN (telling client)] DEBUG net.spy.memcached.MemcachedConnection  - No IO while shut down.
12309 [Memcached IO over {MemcachedConnection to localhost/127.0.0.1:11211} - SHUTTING DOWN (telling client)] DEBUG net.spy.memcached.MemcachedConnection  - No IO while shut down.
12309 [Memcached IO over {MemcachedConnection to localhost/127.0.0.1:11211} - SHUTTING DOWN (telling client)] DEBUG net.spy.memcached.MemcachedConnection  - No IO while shut down.
12309 [Memcached IO over {MemcachedConnection to localhost/127.0.0.1:11211} - SHUTTING DOWN (telling client)] DEBUG net.spy.memcached.MemcachedConnection  - No IO while shut down.
12309 [Memcached IO over {MemcachedConnection to localhost/127.0.0.1:11211} - SHUTTING DOWN (telling client)] DEBUG net.spy.memcached.MemcachedConnection  - No IO while shut down.
12309 [Memcached IO over {MemcachedConnection to localhost/127.0.0.1:11211} - SHUTTING DOWN (telling client)] DEBUG net.spy.memcached.MemcachedConnection  - No IO while shut down.
12309 [Memcached IO over {MemcachedConnection to localhost/127.0.0.1:11211} - SHUTTING DOWN (telling client)] DEBUG net.spy.memcached.MemcachedConnection  - No IO while shut down.
12309 [Memcached IO over {MemcachedConnection to localhost/127.0.0.1:11211} - SHUTTING DOWN (telling client)] DEBUG net.spy.memcached.MemcachedConnection  - No IO while shut down.
12309 [Memcached IO over {MemcachedConnection to localhost/127.0.0.1:11211} - SHUTTING DOWN (telling client)] DEBUG net.spy.memcached.MemcachedConnection  - No IO while shut down.
12309 [Memcached IO over {MemcachedConnection to localhost/127.0.0.1:11211} - SHUTTING DOWN (telling client)] DEBUG net.spy.memcached.MemcachedConnection  - No IO while shut down.
12309 [Memcached IO over {MemcachedConnection to localhost/127.0.0.1:11211} - SHUTTING DOWN (telling client)] DEBUG net.spy.memcached.MemcachedConnection  - No IO while shut down.
12309 [Memcached IO over {MemcachedConnection to localhost/127.0.0.1:11211} - SHUTTING DOWN (telling client)] DEBUG net.spy.memcached.MemcachedConnection  - No IO while shut down.
12309 [Memcached IO over {MemcachedConnection to localhost/127.0.0.1:11211} - SHUTTING DOWN (telling client)] DEBUG net.spy.memcached.MemcachedConnection  - No IO while shut down.
12309 [Memcached IO over {MemcachedConnection to localhost/127.0.0.1:11211} - SHUTTING DOWN (telling client)] DEBUG net.spy.memcached.MemcachedConnection  - No IO while shut down.
12309 [Memcached IO over {MemcachedConnection to localhost/127.0.0.1:11211} - SHUTTING DOWN (telling client)] DEBUG net.spy.memcached.MemcachedConnection  - No IO while shut down.
12309 [Memcached IO over {MemcachedConnection to localhost/127.0.0.1:11211} - SHUTTING DOWN (telling client)] DEBUG net.spy.memcached.MemcachedConnection  - No IO while shut down.
12309 [Memcached IO over {MemcachedConnection to localhost/127.0.0.1:11211} - SHUTTING DOWN (telling client)] DEBUG net.spy.memcached.MemcachedConnection  - No IO while shut down.
12309 [Memcached IO over {MemcachedConnection to localhost/127.0.0.1:11211} - SHUTTING DOWN (telling client)] DEBUG net.spy.memcached.MemcachedConnection  - No IO while shut down.
12309 [Memcached IO over {MemcachedConnection to localhost/127.0.0.1:11211} - SHUTTING DOWN (telling client)] DEBUG net.spy.memcached.MemcachedConnection  - No IO while shut down.
12309 [Memcached IO over {MemcachedConnection to localhost/127.0.0.1:11211} - SHUTTING DOWN (telling client)] DEBUG net.spy.memcached.MemcachedConnection  - No IO while shut down.
12309 [Memcached IO over {MemcachedConnection to localhost/127.0.0.1:11211} - SHUTTING DOWN (telling client)] DEBUG net.spy.memcached.MemcachedConnection  - No IO while shut down.
12309 [Memcached IO over {MemcachedConnection to localhost/127.0.0.1:11211} - SHUTTING DOWN (telling client)] DEBUG net.spy.memcached.MemcachedConnection  - No IO while shut down.
12309 [Memcached IO over {MemcachedConnection to localhost/127.0.0.1:11211} - SHUTTING DOWN (telling client)] DEBUG net.spy.memcached.MemcachedConnection  - No IO while shut down.
12309 [Memcached IO over {MemcachedConnection to localhost/127.0.0.1:11211} - SHUTTING DOWN (telling client)] DEBUG net.spy.memcached.MemcachedConnection  - No IO while shut down.
12309 [Memcached IO over {MemcachedConnection to localhost/127.0.0.1:11211} - SHUTTING DOWN (telling client)] DEBUG net.spy.memcached.MemcachedConnection  - No IO while shut down.
12309 [Memcached IO over {MemcachedConnection to localhost/127.0.0.1:11211} - SHUTTING DOWN (telling client)] DEBUG net.spy.memcached.MemcachedConnection  - No IO while shut down.
12309 [Memcached IO over {MemcachedConnection to localhost/127.0.0.1:11211} - SHUTTING DOWN (telling client)] DEBUG net.spy.memcached.MemcachedConnection  - No IO while shut down.
12309 [Memcached IO over {MemcachedConnection to localhost/127.0.0.1:11211} - SHUTTING DOWN (telling client)] DEBUG net.spy.memcached.MemcachedConnection  - No IO while shut down.
12309 [Memcached IO over {MemcachedConnection to localhost/127.0.0.1:11211} - SHUTTING DOWN (telling client)] DEBUG net.spy.memcached.MemcachedConnection  - No IO while shut down.
12309 [Memcached IO over {MemcachedConnection to localhost/127.0.0.1:11211} - SHUTTING DOWN (telling client)] DEBUG net.spy.memcached.MemcachedConnection  - No IO while shut down.
12310 [Memcached IO over {MemcachedConnection to localhost/127.0.0.1:11211} - SHUTTING DOWN (telling client)] DEBUG net.spy.memcached.MemcachedConnection  - No IO while shut down.
12310 [Memcached IO over {MemcachedConnection to localhost/127.0.0.1:11211} - SHUTTING DOWN (telling client)] DEBUG net.spy.memcached.MemcachedConnection  - No IO while shut down.
12310 [Memcached IO over {MemcachedConnection to localhost/127.0.0.1:11211} - SHUTTING DOWN (telling client)] DEBUG net.spy.memcached.MemcachedConnection  - No IO while shut down.
12310 [Memcached IO over {MemcachedConnection to localhost/127.0.0.1:11211} - SHUTTING DOWN (telling client)] DEBUG net.spy.memcached.MemcachedConnection  - No IO while shut down.
12310 [Memcached IO over {MemcachedConnection to localhost/127.0.0.1:11211} - SHUTTING DOWN (telling client)] DEBUG net.spy.memcached.MemcachedConnection  - No IO while shut down.
12310 [Memcached IO over {MemcachedConnection to localhost/127.0.0.1:11211} - SHUTTING DOWN (telling client)] DEBUG net.spy.memcached.MemcachedConnection  - No IO while shut down.
12310 [Memcached IO over {MemcachedConnection to localhost/127.0.0.1:11211} - SHUTTING DOWN (telling client)] DEBUG net.spy.memcached.MemcachedConnection  - No IO while shut down.
12310 [Memcached IO over {MemcachedConnection to localhost/127.0.0.1:11211} - SHUTTING DOWN (telling client)] DEBUG net.spy.memcached.MemcachedConnection  - No IO while shut down.
12310 [Memcached IO over {MemcachedConnection to localhost/127.0.0.1:11211} - SHUTTING DOWN (telling client)] DEBUG net.spy.memcached.MemcachedConnection  - No IO while shut down.
12310 [Memcached IO over {MemcachedConnection to localhost/127.0.0.1:11211} - SHUTTING DOWN (telling client)] DEBUG net.spy.memcached.MemcachedConnection  - No IO while shut down.
12310 [Memcached IO over {MemcachedConnection to localhost/127.0.0.1:11211} - SHUTTING DOWN (telling client)] DEBUG net.spy.memcached.MemcachedConnection  - No IO while shut down.
12310 [Memcached IO over {MemcachedConnection to localhost/127.0.0.1:11211} - SHUTTING DOWN (telling client)] DEBUG net.spy.memcached.MemcachedConnection  - No IO while shut down.
12310 [Memcached IO over {MemcachedConnection to localhost/127.0.0.1:11211} - SHUTTING DOWN (telling client)] DEBUG net.spy.memcached.MemcachedConnection  - No IO while shut down.
12310 [Memcached IO over {MemcachedConnection to localhost/127.0.0.1:11211} - SHUTTING DOWN (telling client)] DEBUG net.spy.memcached.MemcachedConnection  - No IO while shut down.
12310 [Memcached IO over {MemcachedConnection to localhost/127.0.0.1:11211} - SHUTTING DOWN (telling client)] DEBUG net.spy.memcached.MemcachedConnection  - No IO while shut down.
12310 [Memcached IO over {MemcachedConnection to localhost/127.0.0.1:11211} - SHUTTING DOWN (telling client)] DEBUG net.spy.memcached.MemcachedConnection  - No IO while shut down.
12310 [Memcached IO over {MemcachedConnection to localhost/127.0.0.1:11211} - SHUTTING DOWN (telling client)] DEBUG net.spy.memcached.MemcachedConnection  - No IO while shut down.
12310 [Memcached IO over {MemcachedConnection to localhost/127.0.0.1:11211} - SHUTTING DOWN (telling client)] DEBUG net.spy.memcached.MemcachedConnection  - No IO while shut down.
12310 [Memcached IO over {MemcachedConnection to localhost/127.0.0.1:11211} - SHUTTING DOWN (telling client)] DEBUG net.spy.memcached.MemcachedConnection  - No IO while shut down.
12310 [Memcached IO over {MemcachedConnection to localhost/127.0.0.1:11211} - SHUTTING DOWN (telling client)] DEBUG net.spy.memcached.MemcachedConnection  - No IO while shut down.
12310 [Memcached IO over {MemcachedConnection to localhost/127.0.0.1:11211} - SHUTTING DOWN (telling client)] DEBUG net.spy.memcached.MemcachedConnection  - No IO while shut down.
12310 [Memcached IO over {MemcachedConnection to localhost/127.0.0.1:11211} - SHUTTING DOWN (telling client)] DEBUG net.spy.memcached.MemcachedConnection  - No IO while shut down.
12310 [Memcached IO over {MemcachedConnection to localhost/127.0.0.1:11211} - SHUTTING DOWN (telling client)] DEBUG net.spy.memcached.MemcachedConnection  - No IO while shut down.
12310 [Memcached IO over {MemcachedConnection to localhost/127.0.0.1:11211} - SHUTTING DOWN (telling client)] DEBUG net.spy.memcached.MemcachedConnection  - No IO while shut down.
12310 [Memcached IO over {MemcachedConnection to localhost/127.0.0.1:11211} - SHUTTING DOWN (telling client)] DEBUG net.spy.memcached.MemcachedConnection  - No IO while shut down.
12310 [Memcached IO over {MemcachedConnection to localhost/127.0.0.1:11211} - SHUTTING DOWN (telling client)] DEBUG net.spy.memcached.MemcachedConnection  - No IO while shut down.
12310 [Memcached IO over {MemcachedConnection to localhost/127.0.0.1:11211} - SHUTTING DOWN (telling client)] DEBUG net.spy.memcached.MemcachedConnection  - No IO while shut down.
12310 [Memcached IO over {MemcachedConnection to localhost/127.0.0.1:11211} - SHUTTING DOWN (telling client)] DEBUG net.spy.memcached.MemcachedConnection  - No IO while shut down.
12310 [Memcached IO over {MemcachedConnection to localhost/127.0.0.1:11211} - SHUTTING DOWN (telling client)] DEBUG net.spy.memcached.MemcachedConnection  - No IO while shut down.
12310 [Memcached IO over {MemcachedConnection to localhost/127.0.0.1:11211} - SHUTTING DOWN (telling client)] DEBUG net.spy.memcached.MemcachedConnection  - No IO while shut down.
12310 [Memcached IO over {MemcachedConnection to localhost/127.0.0.1:11211} - SHUTTING DOWN (telling client)] DEBUG net.spy.memcached.MemcachedConnection  - No IO while shut down.
12310 [Memcached IO over {MemcachedConnection to localhost/127.0.0.1:11211} - SHUTTING DOWN (telling client)] DEBUG net.spy.memcached.MemcachedConnection  - No IO while shut down.
12310 [Memcached IO over {MemcachedConnection to localhost/127.0.0.1:11211} - SHUTTING DOWN (telling client)] DEBUG net.spy.memcached.MemcachedConnection  - No IO while shut down.
12310 [Memcached IO over {MemcachedConnection to localhost/127.0.0.1:11211} - SHUTTING DOWN (telling client)] DEBUG net.spy.memcached.MemcachedConnection  - No IO while shut down.
12310 [Memcached IO over {MemcachedConnection to localhost/127.0.0.1:11211} - SHUTTING DOWN (telling client)] DEBUG net.spy.memcached.MemcachedConnection  - No IO while shut down.
12310 [Memcached IO over {MemcachedConnection to localhost/127.0.0.1:11211} - SHUTTING DOWN (telling client)] DEBUG net.spy.memcached.MemcachedConnection  - No IO while shut down.
12310 [Memcached IO over {MemcachedConnection to localhost/127.0.0.1:11211} - SHUTTING DOWN (telling client)] DEBUG net.spy.memcached.MemcachedConnection  - No IO while shut down.
12310 [Memcached IO over {MemcachedConnection to localhost/127.0.0.1:11211} - SHUTTING DOWN (telling client)] DEBUG net.spy.memcached.MemcachedConnection  - No IO while shut down.
12310 [Memcached IO over {MemcachedConnection to localhost/127.0.0.1:11211} - SHUTTING DOWN (telling client)] DEBUG net.spy.memcached.MemcachedConnection  - No IO while shut down.
12310 [Memcached IO over {MemcachedConnection to localhost/127.0.0.1:11211} - SHUTTING DOWN (telling client)] DEBUG net.spy.memcached.MemcachedConnection  - No IO while shut down.
12310 [Memcached IO over {MemcachedConnection to localhost/127.0.0.1:11211} - SHUTTING DOWN (telling client)] DEBUG net.spy.memcached.MemcachedConnection  - No IO while shut down.
12310 [Memcached IO over {MemcachedConnection to localhost/127.0.0.1:11211} - SHUTTING DOWN (telling client)] DEBUG net.spy.memcached.MemcachedConnection  - No IO while shut down.
12310 [Memcached IO over {MemcachedConnection to localhost/127.0.0.1:11211} - SHUTTING DOWN (telling client)] DEBUG net.spy.memcached.MemcachedConnection  - No IO while shut down.
12310 [Memcached IO over {MemcachedConnection to localhost/127.0.0.1:11211} - SHUTTING DOWN (telling client)] DEBUG net.spy.memcached.MemcachedConnection  - No IO while shut down.
12310 [Memcached IO over {MemcachedConnection to localhost/127.0.0.1:11211} - SHUTTING DOWN (telling client)] DEBUG net.spy.memcached.MemcachedConnection  - No IO while shut down.
12310 [Memcached IO over {MemcachedConnection to localhost/127.0.0.1:11211} - SHUTTING DOWN (telling client)] DEBUG net.spy.memcached.MemcachedConnection  - No IO while shut down.
12310 [Memcached IO over {MemcachedConnection to localhost/127.0.0.1:11211} - SHUTTING DOWN (telling client)] DEBUG net.spy.memcached.MemcachedConnection  - No IO while shut down.
12310 [Memcached IO over {MemcachedConnection to localhost/127.0.0.1:11211} - SHUTTING DOWN (telling client)] DEBUG net.spy.memcached.MemcachedConnection  - No IO while shut down.
12310 [Memcached IO over {MemcachedConnection to localhost/127.0.0.1:11211} - SHUTTING DOWN (telling client)] DEBUG net.spy.memcached.MemcachedConnection  - No IO while shut down.
12310 [Memcached IO over {MemcachedConnection to localhost/127.0.0.1:11211} - SHUTTING DOWN (telling client)] DEBUG net.spy.memcached.MemcachedConnection  - No IO while shut down.
12310 [Memcached IO over {MemcachedConnection to localhost/127.0.0.1:11211} - SHUTTING DOWN (telling client)] DEBUG net.spy.memcached.MemcachedConnection  - No IO while shut down.
12310 [Memcached IO over {MemcachedConnection to localhost/127.0.0.1:11211} - SHUTTING DOWN (telling client)] DEBUG net.spy.memcached.MemcachedConnection  - No IO while shut down.
12310 [Memcached IO over {MemcachedConnection to localhost/127.0.0.1:11211} - SHUTTING DOWN (telling client)] DEBUG net.spy.memcached.MemcachedConnection  - No IO while shut down.
12310 [Memcached IO over {MemcachedConnection to localhost/127.0.0.1:11211} - SHUTTING DOWN (telling client)] DEBUG net.spy.memcached.MemcachedConnection  - No IO while shut down.
12310 [Memcached IO over {MemcachedConnection to localhost/127.0.0.1:11211} - SHUTTING DOWN (telling client)] DEBUG net.spy.memcached.MemcachedConnection  - No IO while shut down.
12310 [Memcached IO over {MemcachedConnection to localhost/127.0.0.1:11211} - SHUTTING DOWN (telling client)] DEBUG net.spy.memcached.MemcachedConnection  - No IO while shut down.
12310 [Memcached IO over {MemcachedConnection to localhost/127.0.0.1:11211} - SHUTTING DOWN (telling client)] DEBUG net.spy.memcached.MemcachedConnection  - No IO while shut down.
12310 [Memcached IO over {MemcachedConnection to localhost/127.0.0.1:11211} - SHUTTING DOWN (telling client)] DEBUG net.spy.memcached.MemcachedConnection  - No IO while shut down.
12310 [Memcached IO over {MemcachedConnection to localhost/127.0.0.1:11211} - SHUTTING DOWN (telling client)] DEBUG net.spy.memcached.MemcachedConnection  - No IO while shut down.
12310 [Memcached IO over {MemcachedConnection to localhost/127.0.0.1:11211} - SHUTTING DOWN (telling client)] DEBUG net.spy.memcached.MemcachedConnection  - No IO while shut down.
12310 [Memcached IO over {MemcachedConnection to localhost/127.0.0.1:11211} - SHUTTING DOWN (telling client)] DEBUG net.spy.memcached.MemcachedConnection  - No IO while shut down.
12310 [Memcached IO over {MemcachedConnection to localhost/127.0.0.1:11211} - SHUTTING DOWN (telling client)] DEBUG net.spy.memcached.MemcachedConnection  - No IO while shut down.
12310 [Memcached IO over {MemcachedConnection to localhost/127.0.0.1:11211} - SHUTTING DOWN (telling client)] DEBUG net.spy.memcached.MemcachedConnection  - No IO while shut down.
12310 [Memcached IO over {MemcachedConnection to localhost/127.0.0.1:11211} - SHUTTING DOWN (telling client)] DEBUG net.spy.memcached.MemcachedConnection  - No IO while shut down.
12310 [Memcached IO over {MemcachedConnection to localhost/127.0.0.1:11211} - SHUTTING DOWN (telling client)] DEBUG net.spy.memcached.MemcachedConnection  - No IO while shut down.
12310 [Memcached IO over {MemcachedConnection to localhost/127.0.0.1:11211} - SHUTTING DOWN (telling client)] DEBUG net.spy.memcached.MemcachedConnection  - No IO while shut down.
12310 [Memcached IO over {MemcachedConnection to localhost/127.0.0.1:11211} - SHUTTING DOWN (telling client)] DEBUG net.spy.memcached.MemcachedConnection  - No IO while shut down.
12310 [Memcached IO over {MemcachedConnection to localhost/127.0.0.1:11211} - SHUTTING DOWN (telling client)] DEBUG net.spy.memcached.MemcachedConnection  - No IO while shut down.
12310 [Memcached IO over {MemcachedConnection to localhost/127.0.0.1:11211} - SHUTTING DOWN (telling client)] DEBUG net.spy.memcached.MemcachedConnection  - No IO while shut down.
12310 [Memcached IO over {MemcachedConnection to localhost/127.0.0.1:11211} - SHUTTING DOWN (telling client)] DEBUG net.spy.memcached.MemcachedConnection  - No IO while shut down.
12310 [Memcached IO over {MemcachedConnection to localhost/127.0.0.1:11211} - SHUTTING DOWN (telling client)] DEBUG net.spy.memcached.MemcachedConnection  - No IO while shut down.
12310 [Memcached IO over {MemcachedConnection to localhost/127.0.0.1:11211} - SHUTTING DOWN (telling client)] DEBUG net.spy.memcached.MemcachedConnection  - No IO while shut down.
12310 [Memcached IO over {MemcachedConnection to localhost/127.0.0.1:11211} - SHUTTING DOWN (telling client)] DEBUG net.spy.memcached.MemcachedConnection  - No IO while shut down.
12310 [Memcached IO over {MemcachedConnection to localhost/127.0.0.1:11211} - SHUTTING DOWN (telling client)] DEBUG net.spy.memcached.MemcachedConnection  - No IO while shut down.
12310 [Memcached IO over {MemcachedConnection to localhost/127.0.0.1:11211} - SHUTTING DOWN (telling client)] DEBUG net.spy.memcached.MemcachedConnection  - No IO while shut down.
12310 [Memcached IO over {MemcachedConnection to localhost/127.0.0.1:11211} - SHUTTING DOWN (telling client)] DEBUG net.spy.memcached.MemcachedConnection  - No IO while shut down.
12310 [Memcached IO over {MemcachedConnection to localhost/127.0.0.1:11211} - SHUTTING DOWN (telling client)] DEBUG net.spy.memcached.MemcachedConnection  - No IO while shut down.
12310 [Memcached IO over {MemcachedConnection to localhost/127.0.0.1:11211} - SHUTTING DOWN (telling client)] DEBUG net.spy.memcached.MemcachedConnection  - No IO while shut down.
12310 [Memcached IO over {MemcachedConnection to localhost/127.0.0.1:11211} - SHUTTING DOWN (telling client)] DEBUG net.spy.memcached.MemcachedConnection  - No IO while shut down.
12310 [Memcached IO over {MemcachedConnection to localhost/127.0.0.1:11211} - SHUTTING DOWN (telling client)] DEBUG net.spy.memcached.MemcachedConnection  - No IO while shut down.
12310 [Memcached IO over {MemcachedConnection to localhost/127.0.0.1:11211} - SHUTTING DOWN (telling client)] DEBUG net.spy.memcached.MemcachedConnection  - No IO while shut down.
12310 [Memcached IO over {MemcachedConnection to localhost/127.0.0.1:11211} - SHUTTING DOWN (telling client)] DEBUG net.spy.memcached.MemcachedConnection  - No IO while shut down.
12310 [Memcached IO over {MemcachedConnection to localhost/127.0.0.1:11211} - SHUTTING DOWN (telling client)] DEBUG net.spy.memcached.MemcachedConnection  - No IO while shut down.
12310 [Memcached IO over {MemcachedConnection to localhost/127.0.0.1:11211} - SHUTTING DOWN (telling client)] DEBUG net.spy.memcached.MemcachedConnection  - No IO while shut down.
12310 [Memcached IO over {MemcachedConnection to localhost/127.0.0.1:11211} - SHUTTING DOWN (telling client)] DEBUG net.spy.memcached.MemcachedConnection  - No IO while shut down.
12310 [Memcached IO over {MemcachedConnection to localhost/127.0.0.1:11211} - SHUTTING DOWN (telling client)] DEBUG net.spy.memcached.MemcachedConnection  - No IO while shut down.
12310 [Memcached IO over {MemcachedConnection to localhost/127.0.0.1:11211} - SHUTTING DOWN (telling client)] DEBUG net.spy.memcached.MemcachedConnection  - No IO while shut down.
12310 [Memcached IO over {MemcachedConnection to localhost/127.0.0.1:11211} - SHUTTING DOWN (telling client)] DEBUG net.spy.memcached.MemcachedConnection  - No IO while shut down.
12310 [Memcached IO over {MemcachedConnection to localhost/127.0.0.1:11211} - SHUTTING DOWN (telling client)] DEBUG net.spy.memcached.MemcachedConnection  - No IO while shut down.
12310 [Memcached IO over {MemcachedConnection to localhost/127.0.0.1:11211} - SHUTTING DOWN (telling client)] DEBUG net.spy.memcached.MemcachedConnection  - No IO while shut down.
12310 [Memcached IO over {MemcachedConnection to localhost/127.0.0.1:11211} - SHUTTING DOWN (telling client)] DEBUG net.spy.memcached.MemcachedConnection  - No IO while shut down.
12310 [Memcached IO over {MemcachedConnection to localhost/127.0.0.1:11211} - SHUTTING DOWN (telling client)] DEBUG net.spy.memcached.MemcachedConnection  - No IO while shut down.
12310 [Memcached IO over {MemcachedConnection to localhost/127.0.0.1:11211} - SHUTTING DOWN (telling client)] DEBUG net.spy.memcached.MemcachedConnection  - No IO while shut down.
12310 [Memcached IO over {MemcachedConnection to localhost/127.0.0.1:11211} - SHUTTING DOWN (telling client)] DEBUG net.spy.memcached.MemcachedConnection  - No IO while shut down.
12310 [Memcached IO over {MemcachedConnection to localhost/127.0.0.1:11211} - SHUTTING DOWN (telling client)] DEBUG net.spy.memcached.MemcachedConnection  - No IO while shut down.
12310 [Memcached IO over {MemcachedConnection to localhost/127.0.0.1:11211} - SHUTTING DOWN (telling client)] DEBUG net.spy.memcached.MemcachedConnection  - No IO while shut down.
12310 [Memcached IO over {MemcachedConnection to localhost/127.0.0.1:11211} - SHUTTING DOWN (telling client)] DEBUG net.spy.memcached.MemcachedConnection  - No IO while shut down.
12310 [Memcached IO over {MemcachedConnection to localhost/127.0.0.1:11211} - SHUTTING DOWN (telling client)] DEBUG net.spy.memcached.MemcachedConnection  - No IO while shut down.
12310 [Memcached IO over {MemcachedConnection to localhost/127.0.0.1:11211} - SHUTTING DOWN (telling client)] DEBUG net.spy.memcached.MemcachedConnection  - No IO while shut down.
12310 [Memcached IO over {MemcachedConnection to localhost/127.0.0.1:11211} - SHUTTING DOWN (telling client)] DEBUG net.spy.memcached.MemcachedConnection  - No IO while shut down.
12310 [Memcached IO over {MemcachedConnection to localhost/127.0.0.1:11211} - SHUTTING DOWN (telling client)] DEBUG net.spy.memcached.MemcachedConnection  - No IO while shut down.
12310 [Memcached IO over {MemcachedConnection to localhost/127.0.0.1:11211} - SHUTTING DOWN (telling client)] DEBUG net.spy.memcached.MemcachedConnection  - No IO while shut down.
12310 [Memcached IO over {MemcachedConnection to localhost/127.0.0.1:11211} - SHUTTING DOWN (telling client)] DEBUG net.spy.memcached.MemcachedConnection  - No IO while shut down.
12310 [Memcached IO over {MemcachedConnection to localhost/127.0.0.1:11211} - SHUTTING DOWN (telling client)] DEBUG net.spy.memcached.MemcachedConnection  - No IO while shut down.
12310 [Memcached IO over {MemcachedConnection to localhost/127.0.0.1:11211} - SHUTTING DOWN (telling client)] DEBUG net.spy.memcached.MemcachedConnection  - No IO while shut down.
12310 [Memcached IO over {MemcachedConnection to localhost/127.0.0.1:11211} - SHUTTING DOWN (telling client)] DEBUG net.spy.memcached.MemcachedConnection  - No IO while shut down.
12310 [Memcached IO over {MemcachedConnection to localhost/127.0.0.1:11211} - SHUTTING DOWN (telling client)] DEBUG net.spy.memcached.MemcachedConnection  - No IO while shut down.
12310 [Memcached IO over {MemcachedConnection to localhost/127.0.0.1:11211} - SHUTTING DOWN (telling client)] DEBUG net.spy.memcached.MemcachedConnection  - No IO while shut down.
12310 [Memcached IO over {MemcachedConnection to localhost/127.0.0.1:11211} - SHUTTING DOWN (telling client)] DEBUG net.spy.memcached.MemcachedConnection  - No IO while shut down.
12310 [Memcached IO over {MemcachedConnection to localhost/127.0.0.1:11211} - SHUTTING DOWN (telling client)] DEBUG net.spy.memcached.MemcachedConnection  - No IO while shut down.
12310 [Memcached IO over {MemcachedConnection to localhost/127.0.0.1:11211} - SHUTTING DOWN (telling client)] DEBUG net.spy.memcached.MemcachedConnection  - No IO while shut down.
12310 [Memcached IO over {MemcachedConnection to localhost/127.0.0.1:11211} - SHUTTING DOWN (telling client)] DEBUG net.spy.memcached.MemcachedConnection  - No IO while shut down.
12310 [Memcached IO over {MemcachedConnection to localhost/127.0.0.1:11211} - SHUTTING DOWN (telling client)] DEBUG net.spy.memcached.MemcachedConnection  - No IO while shut down.
12310 [Memcached IO over {MemcachedConnection to localhost/127.0.0.1:11211} - SHUTTING DOWN (telling client)] DEBUG net.spy.memcached.MemcachedConnection  - No IO while shut down.
12310 [Memcached IO over {MemcachedConnection to localhost/127.0.0.1:11211} - SHUTTING DOWN (telling client)] DEBUG net.spy.memcached.MemcachedConnection  - No IO while shut down.
12310 [Memcached IO over {MemcachedConnection to localhost/127.0.0.1:11211} - SHUTTING DOWN (telling client)] DEBUG net.spy.memcached.MemcachedConnection  - No IO while shut down.
12310 [Memcached IO over {MemcachedConnection to localhost/127.0.0.1:11211} - SHUTTING DOWN (telling client)] DEBUG net.spy.memcached.MemcachedConnection  - No IO while shut down.
12310 [Memcached IO over {MemcachedConnection to localhost/127.0.0.1:11211} - SHUTTING DOWN (telling client)] DEBUG net.spy.memcached.MemcachedConnection  - No IO while shut down.
12310 [Memcached IO over {MemcachedConnection to localhost/127.0.0.1:11211} - SHUTTING DOWN (telling client)] DEBUG net.spy.memcached.MemcachedConnection  - No IO while shut down.
12310 [Memcached IO over {MemcachedConnection to localhost/127.0.0.1:11211} - SHUTTING DOWN (telling client)] DEBUG net.spy.memcached.MemcachedConnection  - No IO while shut down.
12310 [Memcached IO over {MemcachedConnection to localhost/127.0.0.1:11211} - SHUTTING DOWN (telling client)] DEBUG net.spy.memcached.MemcachedConnection  - No IO while shut down.
12310 [Memcached IO over {MemcachedConnection to localhost/127.0.0.1:11211} - SHUTTING DOWN (telling client)] DEBUG net.spy.memcached.MemcachedConnection  - No IO while shut down.
12310 [Memcached IO over {MemcachedConnection to localhost/127.0.0.1:11211} - SHUTTING DOWN (telling client)] DEBUG net.spy.memcached.MemcachedConnection  - No IO while shut down.
12310 [Memcached IO over {MemcachedConnection to localhost/127.0.0.1:11211} - SHUTTING DOWN (telling client)] DEBUG net.spy.memcached.MemcachedConnection  - No IO while shut down.
12310 [Memcached IO over {MemcachedConnection to localhost/127.0.0.1:11211} - SHUTTING DOWN (telling client)] DEBUG net.spy.memcached.MemcachedConnection  - No IO while shut down.
12310 [Memcached IO over {MemcachedConnection to localhost/127.0.0.1:11211} - SHUTTING DOWN (telling client)] DEBUG net.spy.memcached.MemcachedConnection  - No IO while shut down.
12310 [Memcached IO over {MemcachedConnection to localhost/127.0.0.1:11211} - SHUTTING DOWN (telling client)] DEBUG net.spy.memcached.MemcachedConnection  - No IO while shut down.
12310 [Memcached IO over {MemcachedConnection to localhost/127.0.0.1:11211} - SHUTTING DOWN (telling client)] DEBUG net.spy.memcached.MemcachedConnection  - No IO while shut down.
12310 [Memcached IO over {MemcachedConnection to localhost/127.0.0.1:11211} - SHUTTING DOWN (telling client)] DEBUG net.spy.memcached.MemcachedConnection  - No IO while shut down.
12310 [Memcached IO over {MemcachedConnection to localhost/127.0.0.1:11211} - SHUTTING DOWN (telling client)] DEBUG net.spy.memcached.MemcachedConnection  - No IO while shut down.
12310 [Memcached IO over {MemcachedConnection to localhost/127.0.0.1:11211} - SHUTTING DOWN (telling client)] DEBUG net.spy.memcached.MemcachedConnection  - No IO while shut down.
12310 [Memcached IO over {MemcachedConnection to localhost/127.0.0.1:11211} - SHUTTING DOWN (telling client)] DEBUG net.spy.memcached.MemcachedConnection  - No IO while shut down.
12310 [Memcached IO over {MemcachedConnection to localhost/127.0.0.1:11211} - SHUTTING DOWN (telling client)] DEBUG net.spy.memcached.MemcachedConnection  - No IO while shut down.
12310 [Memcached IO over {MemcachedConnection to localhost/127.0.0.1:11211} - SHUTTING DOWN (telling client)] DEBUG net.spy.memcached.MemcachedConnection  - No IO while shut down.
12310 [Memcached IO over {MemcachedConnection to localhost/127.0.0.1:11211} - SHUTTING DOWN (telling client)] DEBUG net.spy.memcached.MemcachedConnection  - No IO while shut down.
12310 [Memcached IO over {MemcachedConnection to localhost/127.0.0.1:11211} - SHUTTING DOWN (telling client)] DEBUG net.spy.memcached.MemcachedConnection  - No IO while shut down.
12310 [Memcached IO over {MemcachedConnection to localhost/127.0.0.1:11211} - SHUTTING DOWN (telling client)] DEBUG net.spy.memcached.MemcachedConnection  - No IO while shut down.
12310 [Memcached IO over {MemcachedConnection to localhost/127.0.0.1:11211} - SHUTTING DOWN (telling client)] DEBUG net.spy.memcached.MemcachedConnection  - No IO while shut down.
12310 [Memcached IO over {MemcachedConnection to localhost/127.0.0.1:11211} - SHUTTING DOWN (telling client)] DEBUG net.spy.memcached.MemcachedConnection  - No IO while shut down.
12310 [Memcached IO over {MemcachedConnection to localhost/127.0.0.1:11211} - SHUTTING DOWN (telling client)] DEBUG net.spy.memcached.MemcachedConnection  - No IO while shut down.
12310 [Memcached IO over {MemcachedConnection to localhost/127.0.0.1:11211} - SHUTTING DOWN (telling client)] DEBUG net.spy.memcached.MemcachedConnection  - No IO while shut down.
12310 [Memcached IO over {MemcachedConnection to localhost/127.0.0.1:11211} - SHUTTING DOWN (telling client)] DEBUG net.spy.memcached.MemcachedConnection  - No IO while shut down.
12310 [Memcached IO over {MemcachedConnection to localhost/127.0.0.1:11211} - SHUTTING DOWN (telling client)] DEBUG net.spy.memcached.MemcachedConnection  - No IO while shut down.
12311 [Memcached IO over {MemcachedConnection to localhost/127.0.0.1:11211} - SHUTTING DOWN (telling client)] DEBUG net.spy.memcached.MemcachedConnection  - No IO while shut down.
12311 [Memcached IO over {MemcachedConnection to localhost/127.0.0.1:11211} - SHUTTING DOWN (telling client)] DEBUG net.spy.memcached.MemcachedConnection  - No IO while shut down.
12311 [Memcached IO over {MemcachedConnection to localhost/127.0.0.1:11211} - SHUTTING DOWN (telling client)] DEBUG net.spy.memcached.MemcachedConnection  - No IO while shut down.
12311 [Memcached IO over {MemcachedConnection to localhost/127.0.0.1:11211} - SHUTTING DOWN (telling client)] DEBUG net.spy.memcached.MemcachedConnection  - No IO while shut down.
12311 [Memcached IO over {MemcachedConnection to localhost/127.0.0.1:11211} - SHUTTING DOWN (telling client)] DEBUG net.spy.memcached.MemcachedConnection  - No IO while shut down.
12311 [Memcached IO over {MemcachedConnection to localhost/127.0.0.1:11211} - SHUTTING DOWN (telling client)] DEBUG net.spy.memcached.MemcachedConnection  - No IO while shut down.
12311 [Memcached IO over {MemcachedConnection to localhost/127.0.0.1:11211} - SHUTTING DOWN (telling client)] DEBUG net.spy.memcached.MemcachedConnection  - No IO while shut down.
12311 [Memcached IO over {MemcachedConnection to localhost/127.0.0.1:11211} - SHUTTING DOWN (telling client)] DEBUG net.spy.memcached.MemcachedConnection  - No IO while shut down.
12311 [Memcached IO over {MemcachedConnection to localhost/127.0.0.1:11211} - SHUTTING DOWN (telling client)] DEBUG net.spy.memcached.MemcachedConnection  - No IO while shut down.
12311 [Memcached IO over {MemcachedConnection to localhost/127.0.0.1:11211} - SHUTTING DOWN (telling client)] DEBUG net.spy.memcached.MemcachedConnection  - No IO while shut down.
12311 [Memcached IO over {MemcachedConnection to localhost/127.0.0.1:11211} - SHUTTING DOWN (telling client)] DEBUG net.spy.memcached.MemcachedConnection  - No IO while shut down.
12311 [Memcached IO over {MemcachedConnection to localhost/127.0.0.1:11211} - SHUTTING DOWN (telling client)] DEBUG net.spy.memcached.MemcachedConnection  - No IO while shut down.
12311 [Memcached IO over {MemcachedConnection to localhost/127.0.0.1:11211} - SHUTTING DOWN (telling client)] DEBUG net.spy.memcached.MemcachedConnection  - No IO while shut down.
12311 [Memcached IO over {MemcachedConnection to localhost/127.0.0.1:11211} - SHUTTING DOWN (telling client)] DEBUG net.spy.memcached.MemcachedConnection  - No IO while shut down.
12311 [Memcached IO over {MemcachedConnection to localhost/127.0.0.1:11211} - SHUTTING DOWN (telling client)] DEBUG net.spy.memcached.MemcachedConnection  - No IO while shut down.
12311 [Memcached IO over {MemcachedConnection to localhost/127.0.0.1:11211} - SHUTTING DOWN (telling client)] DEBUG net.spy.memcached.MemcachedConnection  - No IO while shut down.
12311 [Memcached IO over {MemcachedConnection to localhost/127.0.0.1:11211} - SHUTTING DOWN (telling client)] DEBUG net.spy.memcached.MemcachedConnection  - No IO while shut down.
12311 [Memcached IO over {MemcachedConnection to localhost/127.0.0.1:11211} - SHUTTING DOWN (telling client)] DEBUG net.spy.memcached.MemcachedConnection  - No IO while shut down.
12311 [Memcached IO over {MemcachedConnection to localhost/127.0.0.1:11211} - SHUTTING DOWN (telling client)] DEBUG net.spy.memcached.MemcachedConnection  - No IO while shut down.
12311 [Memcached IO over {MemcachedConnection to localhost/127.0.0.1:11211} - SHUTTING DOWN (telling client)] DEBUG net.spy.memcached.MemcachedConnection  - No IO while shut down.
12311 [Memcached IO over {MemcachedConnection to localhost/127.0.0.1:11211} - SHUTTING DOWN (telling client)] DEBUG net.spy.memcached.MemcachedConnection  - No IO while shut down.
12311 [Memcached IO over {MemcachedConnection to localhost/127.0.0.1:11211} - SHUTTING DOWN (telling client)] DEBUG net.spy.memcached.MemcachedConnection  - No IO while shut down.
12311 [Memcached IO over {MemcachedConnection to localhost/127.0.0.1:11211} - SHUTTING DOWN (telling client)] DEBUG net.spy.memcached.MemcachedConnection  - No IO while shut down.
12311 [Memcached IO over {MemcachedConnection to localhost/127.0.0.1:11211} - SHUTTING DOWN (telling client)] DEBUG net.spy.memcached.MemcachedConnection  - No IO while shut down.
12311 [Memcached IO over {MemcachedConnection to localhost/127.0.0.1:11211} - SHUTTING DOWN (telling client)] DEBUG net.spy.memcached.MemcachedConnection  - No IO while shut down.
12311 [Memcached IO over {MemcachedConnection to localhost/127.0.0.1:11211} - SHUTTING DOWN (telling client)] DEBUG net.spy.memcached.MemcachedConnection  - No IO while shut down.
12311 [Memcached IO over {MemcachedConnection to localhost/127.0.0.1:11211} - SHUTTING DOWN (telling client)] DEBUG net.spy.memcached.MemcachedConnection  - No IO while shut down.
12311 [Memcached IO over {MemcachedConnection to localhost/127.0.0.1:11211} - SHUTTING DOWN (telling client)] DEBUG net.spy.memcached.MemcachedConnection  - No IO while shut down.
12311 [Memcached IO over {MemcachedConnection to localhost/127.0.0.1:11211} - SHUTTING DOWN (telling client)] DEBUG net.spy.memcached.MemcachedConnection  - No IO while shut down.
12311 [Memcached IO over {MemcachedConnection to localhost/127.0.0.1:11211} - SHUTTING DOWN (telling client)] DEBUG net.spy.memcached.MemcachedConnection  - No IO while shut down.
12311 [Memcached IO over {MemcachedConnection to localhost/127.0.0.1:11211} - SHUTTING DOWN (telling client)] DEBUG net.spy.memcached.MemcachedConnection  - No IO while shut down.
12311 [Memcached IO over {MemcachedConnection to localhost/127.0.0.1:11211} - SHUTTING DOWN (telling client)] DEBUG net.spy.memcached.MemcachedConnection  - No IO while shut down.
12311 [Memcached IO over {MemcachedConnection to localhost/127.0.0.1:11211} - SHUTTING DOWN (telling client)] DEBUG net.spy.memcached.MemcachedConnection  - No IO while shut down.
12311 [Memcached IO over {MemcachedConnection to localhost/127.0.0.1:11211} - SHUTTING DOWN (telling client)] DEBUG net.spy.memcached.MemcachedConnection  - No IO while shut down.
12311 [Memcached IO over {MemcachedConnection to localhost/127.0.0.1:11211} - SHUTTING DOWN (telling client)] DEBUG net.spy.memcached.MemcachedConnection  - No IO while shut down.
12311 [Memcached IO over {MemcachedConnection to localhost/127.0.0.1:11211} - SHUTTING DOWN (telling client)] DEBUG net.spy.memcached.MemcachedConnection  - No IO while shut down.
12311 [Memcached IO over {MemcachedConnection to localhost/127.0.0.1:11211} - SHUTTING DOWN (telling client)] DEBUG net.spy.memcached.MemcachedConnection  - No IO while shut down.
12311 [Memcached IO over {MemcachedConnection to localhost/127.0.0.1:11211} - SHUTTING DOWN (telling client)] DEBUG net.spy.memcached.MemcachedConnection  - No IO while shut down.
12311 [Memcached IO over {MemcachedConnection to localhost/127.0.0.1:11211} - SHUTTING DOWN (telling client)] DEBUG net.spy.memcached.MemcachedConnection  - No IO while shut down.
12311 [Memcached IO over {MemcachedConnection to localhost/127.0.0.1:11211} - SHUTTING DOWN (telling client)] DEBUG net.spy.memcached.MemcachedConnection  - No IO while shut down.
12311 [Test worker] DEBUG net.spy.memcached.MemcachedConnection  - Shut down selector sun.nio.ch.KQueueSelectorImpl@2bb038ca
12311 [Memcached IO over {MemcachedConnection to localhost/127.0.0.1:11211} - SHUTTING DOWN (informed client)] DEBUG net.spy.memcached.MemcachedConnection  - No IO while shut down.
12312 [Memcached IO over {MemcachedConnection to localhost/127.0.0.1:11211} - SHUTTING DOWN (informed client)] INFO net.spy.memcached.MemcachedConnection  - Shut down memcached client
12312 [Test worker] WARN net.spy.memcached.auth.AuthThreadMonitor  - Connection shutdown in progress - interrupting waiting authentication thread.
12312 [Thread-10] DEBUG net.spy.memcached.protocol.binary.SASLStepOperationImpl  - was cancelled.
12312 [Thread-10] DEBUG net.spy.memcached.auth.AuthThread  - SASL Step took 58ms on {QA sa=localhost/127.0.0.1:11211, #Rops=0, #Wops=0, #iq=0, topRop=null, topWop=null, toWrite=0, interested=0}
12312 [Thread-10] WARN net.spy.memcached.auth.AuthThread  - Authentication failed to localhost/127.0.0.1:11211, Status: {OperationStatus success=false:  cancelled}
12312 [Thread-10] DEBUG net.spy.memcached.auth.AuthThread  - SASL Auth took 2528ms on {QA sa=localhost/127.0.0.1:11211, #Rops=0, #Wops=0, #iq=0, topRop=null, topWop=null, toWrite=0, interested=0}
12314 [Test worker] INFO net.spy.memcached.MemcachedConnection  - Setting retryQueueSize to -1
12314 [Test worker] INFO net.spy.memcached.MemcachedConnection  - Added {QA sa=localhost/127.0.0.1:11211, #Rops=0, #Wops=0, #iq=0, topRop=null, topWop=null, toWrite=0, interested=0} to connect queue
12315 [Test worker] INFO net.spy.memcached.MemcachedConnection  - Added {QA sa=localhost/127.0.0.1:11212, #Rops=0, #Wops=0, #iq=0, topRop=null, topWop=null, toWrite=0, interested=0} to connect queue
12315 [Test worker] DEBUG com.nicindustries.hibernate.memcached.spymemcached.SpyMemcacheClientFactory$1  - Metric collection disabled.
12315 [Test worker] DEBUG com.nicindustries.hibernate.memcached.spymemcached.SpyMemcache  - Shutting down spy MemcachedClient
12315 [Memcached IO over {MemcachedConnection to localhost/127.0.0.1:11211 localhost/127.0.0.1:11212} - SHUTTING DOWN (telling client)] DEBUG net.spy.memcached.MemcachedConnection  - No IO while shut down.
12316 [Test worker] DEBUG net.spy.memcached.MemcachedConnection  - Shut down channel java.nio.channels.SocketChannel[closed]
12316 [Test worker] DEBUG net.spy.memcached.MemcachedConnection  - Shut down channel java.nio.channels.SocketChannel[closed]
12316 [Memcached IO over {MemcachedConnection to localhost/127.0.0.1:11211 localhost/127.0.0.1:11212} - SHUTTING DOWN (telling client)] DEBUG net.spy.memcached.MemcachedConnection  - No IO while shut down.
12316 [Memcached IO over {MemcachedConnection to localhost/127.0.0.1:11211 localhost/127.0.0.1:11212} - SHUTTING DOWN (telling client)] DEBUG net.spy.memcached.MemcachedConnection  - No IO while shut down.
12316 [Memcached IO over {MemcachedConnection to localhost/127.0.0.1:11211 localhost/127.0.0.1:11212} - SHUTTING DOWN (telling client)] DEBUG net.spy.memcached.MemcachedConnection  - No IO while shut down.
12316 [Memcached IO over {MemcachedConnection to localhost/127.0.0.1:11211 localhost/127.0.0.1:11212} - SHUTTING DOWN (telling client)] DEBUG net.spy.memcached.MemcachedConnection  - No IO while shut down.
12316 [Memcached IO over {MemcachedConnection to localhost/127.0.0.1:11211 localhost/127.0.0.1:11212} - SHUTTING DOWN (telling client)] DEBUG net.spy.memcached.MemcachedConnection  - No IO while shut down.
12316 [Memcached IO over {MemcachedConnection to localhost/127.0.0.1:11211 localhost/127.0.0.1:11212} - SHUTTING DOWN (telling client)] DEBUG net.spy.memcached.MemcachedConnection  - No IO while shut down.
12316 [Memcached IO over {MemcachedConnection to localhost/127.0.0.1:11211 localhost/127.0.0.1:11212} - SHUTTING DOWN (telling client)] DEBUG net.spy.memcached.MemcachedConnection  - No IO while shut down.
12316 [Test worker] DEBUG net.spy.memcached.MemcachedConnection  - Shut down selector sun.nio.ch.KQueueSelectorImpl@7e8279e5
12316 [Memcached IO over {MemcachedConnection to localhost/127.0.0.1:11211 localhost/127.0.0.1:11212} - SHUTTING DOWN (informed client)] DEBUG net.spy.memcached.MemcachedConnection  - No IO while shut down.
12316 [Memcached IO over {MemcachedConnection to localhost/127.0.0.1:11211 localhost/127.0.0.1:11212} - SHUTTING DOWN (informed client)] INFO net.spy.memcached.MemcachedConnection  - Shut down memcached client
12317 [Test worker] INFO net.spy.memcached.MemcachedConnection  - Setting retryQueueSize to -1
12317 [Test worker] INFO net.spy.memcached.MemcachedConnection  - Added {QA sa=localhost/127.0.0.1:11211, #Rops=0, #Wops=0, #iq=0, topRop=null, topWop=null, toWrite=0, interested=0} to connect queue
12317 [Test worker] DEBUG com.nicindustries.hibernate.memcached.spymemcached.SpyMemcacheClientFactory$1  - Metric collection disabled.
12317 [Test worker] DEBUG com.nicindustries.hibernate.memcached.spymemcached.SpyMemcache  - Shutting down spy MemcachedClient
12317 [Memcached IO over {MemcachedConnection to localhost/127.0.0.1:11211} - SHUTTING DOWN (telling client)] DEBUG net.spy.memcached.MemcachedConnection  - Done dealing with queue.
12317 [Test worker] DEBUG net.spy.memcached.MemcachedConnection  - Shut down channel java.nio.channels.SocketChannel[closed]
12317 [Memcached IO over {MemcachedConnection to localhost/127.0.0.1:11211} - SHUTTING DOWN (telling client)] DEBUG net.spy.memcached.MemcachedConnection  - Selecting with delay of 1000ms
12317 [Memcached IO over {MemcachedConnection to localhost/127.0.0.1:11211} - SHUTTING DOWN (telling client)] DEBUG net.spy.memcached.MemcachedConnection  - Checked the selectors.
12317 [Test worker] DEBUG net.spy.memcached.MemcachedConnection  - Shut down selector sun.nio.ch.KQueueSelectorImpl@3caafa67
12318 [Memcached IO over {MemcachedConnection to localhost/127.0.0.1:11211} - SHUTTING DOWN (informed client)] DEBUG net.spy.memcached.MemcachedConnection  - Exception occurred during shutdown
java.nio.channels.ClosedSelectorException
	at java.base/sun.nio.ch.SelectorImpl.ensureOpen(SelectorImpl.java:80)
	at java.base/sun.nio.ch.SelectorImpl.lockAndDoSelect(SelectorImpl.java:123)
	at java.base/sun.nio.ch.SelectorImpl.select(SelectorImpl.java:141)
	at net.spy.memcached.MemcachedConnection.handleIO(MemcachedConnection.java:434)
	at net.spy.memcached.MemcachedConnection.run(MemcachedConnection.java:1457)
12318 [Memcached IO over {MemcachedConnection to localhost/127.0.0.1:11211} - SHUTTING DOWN (informed client)] INFO net.spy.memcached.MemcachedConnection  - Shut down memcached client
12318 [Test worker] INFO net.spy.memcached.MemcachedConnection  - Setting retryQueueSize to -1
12319 [Test worker] INFO net.spy.memcached.MemcachedConnection  - Added {QA sa=localhost/127.0.0.1:11211, #Rops=0, #Wops=0, #iq=0, topRop=null, topWop=null, toWrite=0, interested=0} to connect queue
12319 [Test worker] DEBUG com.nicindustries.hibernate.memcached.spymemcached.SpyMemcacheClientFactory$1  - Metric collection disabled.
12319 [Test worker] DEBUG com.nicindustries.hibernate.memcached.spymemcached.SpyMemcache  - MemcachedClient.set(994020842)
12319 [Memcached IO over {MemcachedConnection to localhost/127.0.0.1:11211}] DEBUG net.spy.memcached.MemcachedConnection  - Done dealing with queue.
12319 [Memcached IO over {MemcachedConnection to localhost/127.0.0.1:11211}] DEBUG net.spy.memcached.MemcachedConnection  - Selecting with delay of 1000ms
12319 [Memcached IO over {MemcachedConnection to localhost/127.0.0.1:11211}] DEBUG net.spy.memcached.MemcachedConnection  - Checked the selectors.
12319 [Memcached IO over {MemcachedConnection to localhost/127.0.0.1:11211}] DEBUG net.spy.memcached.MemcachedConnection  - Selected 1, selected 1 keys
12319 [Memcached IO over {MemcachedConnection to localhost/127.0.0.1:11211}] DEBUG net.spy.memcached.MemcachedConnection  - Handling IO for:  channel=java.nio.channels.SocketChannel[connection-pending remote=localhost/127.0.0.1:11211], selector=sun.nio.ch.KQueueSelectorImpl@4c877005, interestOps=8, readyOps=8 (r=false, w=false, c=true, op={QA sa=localhost/127.0.0.1:11211, #Rops=0, #Wops=0, #iq=0, topRop=null, topWop=null, toWrite=0, interested=8})
12320 [Memcached IO over {MemcachedConnection to localhost/127.0.0.1:11211}] DEBUG net.spy.memcached.MemcachedConnection  - Connection state changed for channel=java.nio.channels.SocketChannel[connection-pending remote=localhost/127.0.0.1:11211], selector=sun.nio.ch.KQueueSelectorImpl@4c877005, interestOps=8, readyOps=8
12320 [Test worker] WARN net.spy.memcached.MemcachedConnection  - Could not redistribute to another node, retrying primary node for 994020842.
12320 [Memcached IO over {MemcachedConnection to localhost/127.0.0.1:11211}] DEBUG net.spy.memcached.protocol.ascii.AsciiMemcachedNodeImpl  - Setting interested opts to 0
12320 [Memcached IO over {MemcachedConnection to localhost/127.0.0.1:11211}] DEBUG net.spy.memcached.MemcachedConnection  - Handling queue
12320 [Test worker] DEBUG net.spy.memcached.MemcachedConnection  - Added Cmd: set Key: 994020842 Flags: 512 Exp: 1 Data Length: 4 to {QA sa=localhost/127.0.0.1:11211, #Rops=0, #Wops=0, #iq=1, topRop=null, topWop=null, toWrite=0, interested=0}
12320 [Test worker] DEBUG com.nicindustries.hibernate.memcached.spymemcached.SpyMemcache  - MemcachedClient.get(994020842)
12320 [Memcached IO over {MemcachedConnection to localhost/127.0.0.1:11211}] DEBUG net.spy.memcached.protocol.ascii.AsciiMemcachedNodeImpl  - Setting interested opts to 4
12320 [Memcached IO over {MemcachedConnection to localhost/127.0.0.1:11211}] DEBUG net.spy.memcached.MemcachedConnection  - Done dealing with queue.
12320 [Memcached IO over {MemcachedConnection to localhost/127.0.0.1:11211}] DEBUG net.spy.memcached.MemcachedConnection  - Selecting with delay of 1000ms
12320 [Memcached IO over {MemcachedConnection to localhost/127.0.0.1:11211}] DEBUG net.spy.memcached.MemcachedConnection  - Checked the selectors.
12320 [Test worker] DEBUG net.spy.memcached.MemcachedConnection  - Added Cmd: get Keys: 994020842Exp: 0 to {QA sa=localhost/127.0.0.1:11211, #Rops=0, #Wops=1, #iq=1, topRop=null, topWop=Cmd: set Key: 994020842 Flags: 512 Exp: 1 Data Length: 4, toWrite=0, interested=4}
12320 [Memcached IO over {MemcachedConnection to localhost/127.0.0.1:11211}] DEBUG net.spy.memcached.MemcachedConnection  - Selected 1, selected 1 keys
12320 [Memcached IO over {MemcachedConnection to localhost/127.0.0.1:11211}] DEBUG net.spy.memcached.MemcachedConnection  - Handling IO for:  channel=java.nio.channels.SocketChannel[connected local=/127.0.0.1:61838 remote=localhost/127.0.0.1:11211], selector=sun.nio.ch.KQueueSelectorImpl@4c877005, interestOps=4, readyOps=4 (r=false, w=true, c=false, op={QA sa=localhost/127.0.0.1:11211, #Rops=0, #Wops=1, #iq=1, topRop=null, topWop=Cmd: set Key: 994020842 Flags: 512 Exp: 1 Data Length: 4, toWrite=0, interested=4})
12320 [Memcached IO over {MemcachedConnection to localhost/127.0.0.1:11211}] DEBUG net.spy.memcached.protocol.ascii.StoreOperationImpl  - Transitioned state from WRITE_QUEUED to WRITING
12320 [Memcached IO over {MemcachedConnection to localhost/127.0.0.1:11211}] DEBUG net.spy.memcached.protocol.ascii.AsciiMemcachedNodeImpl  - After copying stuff from Cmd: set Key: 994020842 Flags: 512 Exp: 1 Data Length: 4: java.nio.DirectByteBuffer[pos=29 lim=16384 cap=16384]
12320 [Memcached IO over {MemcachedConnection to localhost/127.0.0.1:11211}] DEBUG net.spy.memcached.protocol.ascii.StoreOperationImpl  - Transitioned state from WRITING to READING
12320 [Memcached IO over {MemcachedConnection to localhost/127.0.0.1:11211}] DEBUG net.spy.memcached.protocol.ascii.AsciiMemcachedNodeImpl  - Finished writing Cmd: set Key: 994020842 Flags: 512 Exp: 1 Data Length: 4
12320 [Memcached IO over {MemcachedConnection to localhost/127.0.0.1:11211}] DEBUG net.spy.memcached.protocol.ascii.GetOperationImpl  - Transitioned state from WRITE_QUEUED to WRITING
12320 [Memcached IO over {MemcachedConnection to localhost/127.0.0.1:11211}] DEBUG net.spy.memcached.protocol.ascii.AsciiMemcachedNodeImpl  - After copying stuff from Cmd: get Keys: 994020842Exp: 0: java.nio.DirectByteBuffer[pos=44 lim=16384 cap=16384]
12320 [Memcached IO over {MemcachedConnection to localhost/127.0.0.1:11211}] DEBUG net.spy.memcached.protocol.ascii.GetOperationImpl  - Transitioned state from WRITING to READING
12320 [Memcached IO over {MemcachedConnection to localhost/127.0.0.1:11211}] DEBUG net.spy.memcached.protocol.ascii.AsciiMemcachedNodeImpl  - Finished writing Cmd: get Keys: 994020842Exp: 0
12320 [Memcached IO over {MemcachedConnection to localhost/127.0.0.1:11211}] DEBUG net.spy.memcached.protocol.ascii.AsciiMemcachedNodeImpl  - Wrote 44 bytes
12320 [Memcached IO over {MemcachedConnection to localhost/127.0.0.1:11211}] DEBUG net.spy.memcached.protocol.ascii.AsciiMemcachedNodeImpl  - Setting interested opts to 1
12320 [Memcached IO over {MemcachedConnection to localhost/127.0.0.1:11211}] DEBUG net.spy.memcached.MemcachedConnection  - Handling queue
12320 [Memcached IO over {MemcachedConnection to localhost/127.0.0.1:11211}] DEBUG net.spy.memcached.protocol.ascii.AsciiMemcachedNodeImpl  - Setting interested opts to 1
12320 [Memcached IO over {MemcachedConnection to localhost/127.0.0.1:11211}] DEBUG net.spy.memcached.MemcachedConnection  - Done dealing with queue.
12320 [Memcached IO over {MemcachedConnection to localhost/127.0.0.1:11211}] DEBUG net.spy.memcached.MemcachedConnection  - Selecting with delay of 1000ms
12320 [Memcached IO over {MemcachedConnection to localhost/127.0.0.1:11211}] DEBUG net.spy.memcached.MemcachedConnection  - Checked the selectors.
12329 [Memcached IO over {MemcachedConnection to localhost/127.0.0.1:11211}] DEBUG net.spy.memcached.MemcachedConnection  - Selected 1, selected 1 keys
12329 [Memcached IO over {MemcachedConnection to localhost/127.0.0.1:11211}] DEBUG net.spy.memcached.MemcachedConnection  - Handling IO for:  channel=java.nio.channels.SocketChannel[connected local=/127.0.0.1:61838 remote=localhost/127.0.0.1:11211], selector=sun.nio.ch.KQueueSelectorImpl@4c877005, interestOps=1, readyOps=1 (r=true, w=false, c=false, op={QA sa=localhost/127.0.0.1:11211, #Rops=2, #Wops=0, #iq=0, topRop=Cmd: set Key: 994020842 Flags: 512 Exp: 1 Data Length: 4, topWop=null, toWrite=0, interested=1})
12329 [Memcached IO over {MemcachedConnection to localhost/127.0.0.1:11211}] DEBUG net.spy.memcached.MemcachedConnection  - Read 42 bytes
12329 [Memcached IO over {MemcachedConnection to localhost/127.0.0.1:11211}] DEBUG net.spy.memcached.protocol.ascii.StoreOperationImpl  - Transitioned state from READING to COMPLETE
12329 [Memcached IO over {MemcachedConnection to localhost/127.0.0.1:11211}] DEBUG net.spy.memcached.MemcachedConnection  - Completed read op: Cmd: set Key: 994020842 Flags: 512 Exp: 1 Data Length: 4 and giving the next 34 bytes
12329 [Memcached IO over {MemcachedConnection to localhost/127.0.0.1:11211}] DEBUG net.spy.memcached.protocol.ascii.GetOperationImpl  - Got line VALUE 994020842 512 4
12329 [Memcached IO over {MemcachedConnection to localhost/127.0.0.1:11211}] DEBUG net.spy.memcached.protocol.ascii.GetOperationImpl  - Set read type to data
12329 [Memcached IO over {MemcachedConnection to localhost/127.0.0.1:11211}] DEBUG net.spy.memcached.protocol.ascii.GetOperationImpl  - readOffset: 0, length: 4
12329 [Memcached IO over {MemcachedConnection to localhost/127.0.0.1:11211}] DEBUG net.spy.memcached.protocol.ascii.GetOperationImpl  - Reading 4 bytes
12329 [Memcached IO over {MemcachedConnection to localhost/127.0.0.1:11211}] DEBUG net.spy.memcached.protocol.ascii.GetOperationImpl  - Setting read type back to line.
12329 [Memcached IO over {MemcachedConnection to localhost/127.0.0.1:11211}] DEBUG net.spy.memcached.protocol.ascii.GetOperationImpl  - Get complete!
12329 [Memcached IO over {MemcachedConnection to localhost/127.0.0.1:11211}] DEBUG net.spy.memcached.protocol.ascii.GetOperationImpl  - Transitioned state from READING to COMPLETE
12329 [Memcached IO over {MemcachedConnection to localhost/127.0.0.1:11211}] DEBUG net.spy.memcached.MemcachedConnection  - Completed read op: Cmd: get Keys: 994020842Exp: 0 and giving the next 0 bytes
12329 [Memcached IO over {MemcachedConnection to localhost/127.0.0.1:11211}] DEBUG net.spy.memcached.protocol.ascii.AsciiMemcachedNodeImpl  - Setting interested opts to 0
12329 [Memcached IO over {MemcachedConnection to localhost/127.0.0.1:11211}] DEBUG net.spy.memcached.MemcachedConnection  - Done dealing with queue.
12329 [Memcached IO over {MemcachedConnection to localhost/127.0.0.1:11211}] DEBUG net.spy.memcached.MemcachedConnection  - Selecting with delay of 1000ms
12329 [Memcached IO over {MemcachedConnection to localhost/127.0.0.1:11211}] DEBUG net.spy.memcached.MemcachedConnection  - Checked the selectors.
12329 [Test worker] DEBUG com.nicindustries.hibernate.memcached.spymemcached.SpyMemcache  - Shutting down spy MemcachedClient
12330 [Test worker] DEBUG net.spy.memcached.MemcachedConnection  - Shut down channel java.nio.channels.SocketChannel[closed]
12330 [Memcached IO over {MemcachedConnection to localhost/127.0.0.1:11211} - SHUTTING DOWN (telling client)] DEBUG net.spy.memcached.MemcachedConnection  - No IO while shut down.
12330 [Memcached IO over {MemcachedConnection to localhost/127.0.0.1:11211} - SHUTTING DOWN (telling client)] DEBUG net.spy.memcached.MemcachedConnection  - No IO while shut down.
12330 [Memcached IO over {MemcachedConnection to localhost/127.0.0.1:11211} - SHUTTING DOWN (telling client)] DEBUG net.spy.memcached.MemcachedConnection  - No IO while shut down.
12330 [Memcached IO over {MemcachedConnection to localhost/127.0.0.1:11211} - SHUTTING DOWN (telling client)] DEBUG net.spy.memcached.MemcachedConnection  - No IO while shut down.
12330 [Memcached IO over {MemcachedConnection to localhost/127.0.0.1:11211} - SHUTTING DOWN (telling client)] DEBUG net.spy.memcached.MemcachedConnection  - No IO while shut down.
12330 [Memcached IO over {MemcachedConnection to localhost/127.0.0.1:11211} - SHUTTING DOWN (telling client)] DEBUG net.spy.memcached.MemcachedConnection  - No IO while shut down.
12330 [Memcached IO over {MemcachedConnection to localhost/127.0.0.1:11211} - SHUTTING DOWN (telling client)] DEBUG net.spy.memcached.MemcachedConnection  - No IO while shut down.
12330 [Memcached IO over {MemcachedConnection to localhost/127.0.0.1:11211} - SHUTTING DOWN (telling client)] DEBUG net.spy.memcached.MemcachedConnection  - No IO while shut down.
12330 [Memcached IO over {MemcachedConnection to localhost/127.0.0.1:11211} - SHUTTING DOWN (telling client)] DEBUG net.spy.memcached.MemcachedConnection  - No IO while shut down.
12330 [Memcached IO over {MemcachedConnection to localhost/127.0.0.1:11211} - SHUTTING DOWN (telling client)] DEBUG net.spy.memcached.MemcachedConnection  - No IO while shut down.
12330 [Memcached IO over {MemcachedConnection to localhost/127.0.0.1:11211} - SHUTTING DOWN (telling client)] DEBUG net.spy.memcached.MemcachedConnection  - No IO while shut down.
12330 [Memcached IO over {MemcachedConnection to localhost/127.0.0.1:11211} - SHUTTING DOWN (telling client)] DEBUG net.spy.memcached.MemcachedConnection  - No IO while shut down.
12330 [Test worker] DEBUG net.spy.memcached.MemcachedConnection  - Shut down selector sun.nio.ch.KQueueSelectorImpl@4c877005
12330 [Memcached IO over {MemcachedConnection to localhost/127.0.0.1:11211} - SHUTTING DOWN (informed client)] DEBUG net.spy.memcached.MemcachedConnection  - No IO while shut down.
12330 [Memcached IO over {MemcachedConnection to localhost/127.0.0.1:11211} - SHUTTING DOWN (informed client)] INFO net.spy.memcached.MemcachedConnection  - Shut down memcached client
]]></system-out>
  <system-err><![CDATA[]]></system-err>
</testsuite>
