<?xml version="1.0" encoding="UTF-8"?>
<testsuite name="com.nicindustries.hibernate.memcached.ConfigTest" tests="7" skipped="0" failures="0" errors="0" timestamp="2022-07-27T22:32:04" hostname="macbook-pro.nicindustries.local" time="0.002">
  <properties/>
  <testcase name="testDogpilePreventionExpirationFactor" classname="com.nicindustries.hibernate.memcached.ConfigTest" time="0.0"/>
  <testcase name="testKeyStrategyName" classname="com.nicindustries.hibernate.memcached.ConfigTest" time="0.001"/>
  <testcase name="testDogpilePrevention" classname="com.nicindustries.hibernate.memcached.ConfigTest" time="0.0"/>
  <testcase name="testMemcacheClientFactoryName" classname="com.nicindustries.hibernate.memcached.ConfigTest" time="0.0"/>
  <testcase name="testCacheLockTimeout" classname="com.nicindustries.hibernate.memcached.ConfigTest" time="0.0"/>
  <testcase name="testCacheTimeSeconds" classname="com.nicindustries.hibernate.memcached.ConfigTest" time="0.0"/>
  <testcase name="testClearSupported" classname="com.nicindustries.hibernate.memcached.ConfigTest" time="0.0"/>
  <system-out><![CDATA[]]></system-out>
  <system-err><![CDATA[]]></system-err>
</testsuite>
