<?xml version="1.0" encoding="UTF-8"?>
<testsuite name="com.integration.com.nicindustries.hibernate.memcached.spymemcached.SpyMemcacheIT" tests="7" skipped="0" failures="0" errors="0" timestamp="2022-07-27T22:32:03" hostname="macbook-pro.nicindustries.local" time="1.315">
  <properties/>
  <testcase name="testPropertiesKeyStrategy" classname="com.integration.com.nicindustries.hibernate.memcached.spymemcached.SpyMemcacheIT" time="0.133"/>
  <testcase name="testNoPropertyKeyStrategy" classname="com.integration.com.nicindustries.hibernate.memcached.spymemcached.SpyMemcacheIT" time="0.129"/>
  <testcase name="testPropertiesClear" classname="com.integration.com.nicindustries.hibernate.memcached.spymemcached.SpyMemcacheIT" time="0.263"/>
  <testcase name="testClearFalse" classname="com.integration.com.nicindustries.hibernate.memcached.spymemcached.SpyMemcacheIT" time="0.249"/>
  <testcase name="testClear" classname="com.integration.com.nicindustries.hibernate.memcached.spymemcached.SpyMemcacheIT" time="0.294"/>
  <testcase name="testGetFromCache" classname="com.integration.com.nicindustries.hibernate.memcached.spymemcached.SpyMemcacheIT" time="0.12"/>
  <testcase name="testInvalidPropertyKeyStrategy" classname="com.integration.com.nicindustries.hibernate.memcached.spymemcached.SpyMemcacheIT" time="0.126"/>
  <system-out><![CDATA[12333 [Test worker] INFO net.spy.memcached.MemcachedConnection  - Setting retryQueueSize to -1
12334 [Test worker] INFO net.spy.memcached.MemcachedConnection  - Added {QA sa=localhost/127.0.0.1:11211, #Rops=0, #Wops=0, #iq=0, topRop=null, topWop=null, toWrite=0, interested=0} to connect queue
12334 [Test worker] DEBUG net.spy.memcached.DefaultConnectionFactory  - Metric collection disabled.
12334 [Memcached IO over {MemcachedConnection to localhost/127.0.0.1:11211}] DEBUG net.spy.memcached.MemcachedConnection  - Done dealing with queue.
12334 [Memcached IO over {MemcachedConnection to localhost/127.0.0.1:11211}] DEBUG net.spy.memcached.MemcachedConnection  - Selecting with delay of 1000ms
12334 [Memcached IO over {MemcachedConnection to localhost/127.0.0.1:11211}] DEBUG net.spy.memcached.MemcachedConnection  - Checked the selectors.
12334 [Memcached IO over {MemcachedConnection to localhost/127.0.0.1:11211}] DEBUG net.spy.memcached.MemcachedConnection  - Selected 1, selected 1 keys
12334 [Memcached IO over {MemcachedConnection to localhost/127.0.0.1:11211}] DEBUG net.spy.memcached.MemcachedConnection  - Handling IO for:  channel=java.nio.channels.SocketChannel[connection-pending remote=localhost/127.0.0.1:11211], selector=sun.nio.ch.KQueueSelectorImpl@a39f52, interestOps=8, readyOps=8 (r=false, w=false, c=true, op={QA sa=localhost/127.0.0.1:11211, #Rops=0, #Wops=0, #iq=0, topRop=null, topWop=null, toWrite=0, interested=8})
12334 [Memcached IO over {MemcachedConnection to localhost/127.0.0.1:11211}] DEBUG net.spy.memcached.MemcachedConnection  - Connection state changed for channel=java.nio.channels.SocketChannel[connection-pending remote=localhost/127.0.0.1:11211], selector=sun.nio.ch.KQueueSelectorImpl@a39f52, interestOps=8, readyOps=8
12334 [Memcached IO over {MemcachedConnection to localhost/127.0.0.1:11211}] DEBUG net.spy.memcached.protocol.ascii.AsciiMemcachedNodeImpl  - Setting interested opts to 0
12334 [Memcached IO over {MemcachedConnection to localhost/127.0.0.1:11211}] DEBUG net.spy.memcached.MemcachedConnection  - Handling queue
12334 [Memcached IO over {MemcachedConnection to localhost/127.0.0.1:11211}] DEBUG net.spy.memcached.protocol.ascii.AsciiMemcachedNodeImpl  - Setting interested opts to 0
12334 [Memcached IO over {MemcachedConnection to localhost/127.0.0.1:11211}] DEBUG net.spy.memcached.MemcachedConnection  - Done dealing with queue.
12334 [Memcached IO over {MemcachedConnection to localhost/127.0.0.1:11211}] DEBUG net.spy.memcached.MemcachedConnection  - Selecting with delay of 1000ms
12334 [Memcached IO over {MemcachedConnection to localhost/127.0.0.1:11211}] DEBUG net.spy.memcached.MemcachedConnection  - Checked the selectors.
12336 [Test worker] DEBUG com.nicindustries.hibernate.memcached.keystrategy.Md5KeyStrategy  - Final cache key: [8db743545afdcf4a2f8009a1d140c4b0]
12336 [Test worker] DEBUG com.nicindustries.hibernate.memcached.MemcachedCache  - Memcache.set(8db743545afdcf4a2f8009a1d140c4b0)
12336 [Test worker] DEBUG com.nicindustries.hibernate.memcached.spymemcached.SpyMemcache  - MemcachedClient.set(8db743545afdcf4a2f8009a1d140c4b0)
12336 [Test worker] DEBUG net.spy.memcached.MemcachedConnection  - Added Cmd: set Key: 8db743545afdcf4a2f8009a1d140c4b0 Flags: 0 Exp: 300 Data Length: 5 to {QA sa=localhost/127.0.0.1:11211, #Rops=0, #Wops=0, #iq=1, topRop=null, topWop=null, toWrite=0, interested=0}
12337 [Memcached IO over {MemcachedConnection to localhost/127.0.0.1:11211}] DEBUG net.spy.memcached.MemcachedConnection  - No selectors ready, interrupted: false
12337 [Memcached IO over {MemcachedConnection to localhost/127.0.0.1:11211}] DEBUG net.spy.memcached.MemcachedConnection  - Handling queue
12337 [Memcached IO over {MemcachedConnection to localhost/127.0.0.1:11211}] DEBUG net.spy.memcached.protocol.ascii.AsciiMemcachedNodeImpl  - Setting interested opts to 4
12337 [Memcached IO over {MemcachedConnection to localhost/127.0.0.1:11211}] DEBUG net.spy.memcached.MemcachedConnection  - Done dealing with queue.
12337 [Memcached IO over {MemcachedConnection to localhost/127.0.0.1:11211}] DEBUG net.spy.memcached.MemcachedConnection  - Selecting with delay of 1000ms
12337 [Memcached IO over {MemcachedConnection to localhost/127.0.0.1:11211}] DEBUG net.spy.memcached.MemcachedConnection  - Checked the selectors.
12337 [Memcached IO over {MemcachedConnection to localhost/127.0.0.1:11211}] DEBUG net.spy.memcached.MemcachedConnection  - Selected 1, selected 1 keys
12337 [Memcached IO over {MemcachedConnection to localhost/127.0.0.1:11211}] DEBUG net.spy.memcached.MemcachedConnection  - Handling IO for:  channel=java.nio.channels.SocketChannel[connected local=/127.0.0.1:61839 remote=localhost/127.0.0.1:11211], selector=sun.nio.ch.KQueueSelectorImpl@a39f52, interestOps=4, readyOps=4 (r=false, w=true, c=false, op={QA sa=localhost/127.0.0.1:11211, #Rops=0, #Wops=1, #iq=0, topRop=null, topWop=Cmd: set Key: 8db743545afdcf4a2f8009a1d140c4b0 Flags: 0 Exp: 300 Data Length: 5, toWrite=0, interested=4})
12337 [Memcached IO over {MemcachedConnection to localhost/127.0.0.1:11211}] DEBUG net.spy.memcached.protocol.ascii.StoreOperationImpl  - Transitioned state from WRITE_QUEUED to WRITING
12337 [Memcached IO over {MemcachedConnection to localhost/127.0.0.1:11211}] DEBUG net.spy.memcached.protocol.ascii.AsciiMemcachedNodeImpl  - After copying stuff from Cmd: set Key: 8db743545afdcf4a2f8009a1d140c4b0 Flags: 0 Exp: 300 Data Length: 5: java.nio.DirectByteBuffer[pos=53 lim=16384 cap=16384]
12337 [Memcached IO over {MemcachedConnection to localhost/127.0.0.1:11211}] DEBUG net.spy.memcached.protocol.ascii.StoreOperationImpl  - Transitioned state from WRITING to READING
12337 [Memcached IO over {MemcachedConnection to localhost/127.0.0.1:11211}] DEBUG net.spy.memcached.protocol.ascii.AsciiMemcachedNodeImpl  - Finished writing Cmd: set Key: 8db743545afdcf4a2f8009a1d140c4b0 Flags: 0 Exp: 300 Data Length: 5
12337 [Memcached IO over {MemcachedConnection to localhost/127.0.0.1:11211}] DEBUG net.spy.memcached.protocol.ascii.AsciiMemcachedNodeImpl  - Wrote 53 bytes
12337 [Memcached IO over {MemcachedConnection to localhost/127.0.0.1:11211}] DEBUG net.spy.memcached.protocol.ascii.AsciiMemcachedNodeImpl  - Setting interested opts to 1
12337 [Memcached IO over {MemcachedConnection to localhost/127.0.0.1:11211}] DEBUG net.spy.memcached.MemcachedConnection  - Done dealing with queue.
12337 [Memcached IO over {MemcachedConnection to localhost/127.0.0.1:11211}] DEBUG net.spy.memcached.MemcachedConnection  - Selecting with delay of 1000ms
12337 [Memcached IO over {MemcachedConnection to localhost/127.0.0.1:11211}] DEBUG net.spy.memcached.MemcachedConnection  - Checked the selectors.
12339 [Memcached IO over {MemcachedConnection to localhost/127.0.0.1:11211}] DEBUG net.spy.memcached.MemcachedConnection  - Selected 1, selected 1 keys
12339 [Memcached IO over {MemcachedConnection to localhost/127.0.0.1:11211}] DEBUG net.spy.memcached.MemcachedConnection  - Handling IO for:  channel=java.nio.channels.SocketChannel[connected local=/127.0.0.1:61839 remote=localhost/127.0.0.1:11211], selector=sun.nio.ch.KQueueSelectorImpl@a39f52, interestOps=1, readyOps=1 (r=true, w=false, c=false, op={QA sa=localhost/127.0.0.1:11211, #Rops=1, #Wops=0, #iq=0, topRop=Cmd: set Key: 8db743545afdcf4a2f8009a1d140c4b0 Flags: 0 Exp: 300 Data Length: 5, topWop=null, toWrite=0, interested=1})
12339 [Memcached IO over {MemcachedConnection to localhost/127.0.0.1:11211}] DEBUG net.spy.memcached.MemcachedConnection  - Read 8 bytes
12339 [Memcached IO over {MemcachedConnection to localhost/127.0.0.1:11211}] DEBUG net.spy.memcached.protocol.ascii.StoreOperationImpl  - Transitioned state from READING to COMPLETE
12339 [Memcached IO over {MemcachedConnection to localhost/127.0.0.1:11211}] DEBUG net.spy.memcached.MemcachedConnection  - Completed read op: Cmd: set Key: 8db743545afdcf4a2f8009a1d140c4b0 Flags: 0 Exp: 300 Data Length: 5 and giving the next 0 bytes
12339 [Memcached IO over {MemcachedConnection to localhost/127.0.0.1:11211}] DEBUG net.spy.memcached.protocol.ascii.AsciiMemcachedNodeImpl  - Setting interested opts to 0
12339 [Memcached IO over {MemcachedConnection to localhost/127.0.0.1:11211}] DEBUG net.spy.memcached.MemcachedConnection  - Done dealing with queue.
12339 [Memcached IO over {MemcachedConnection to localhost/127.0.0.1:11211}] DEBUG net.spy.memcached.MemcachedConnection  - Selecting with delay of 1000ms
12339 [Memcached IO over {MemcachedConnection to localhost/127.0.0.1:11211}] DEBUG net.spy.memcached.MemcachedConnection  - Checked the selectors.
12442 [Test worker] DEBUG com.nicindustries.hibernate.memcached.keystrategy.Md5KeyStrategy  - Final cache key: [8db743545afdcf4a2f8009a1d140c4b0]
12442 [Test worker] DEBUG com.nicindustries.hibernate.memcached.MemcachedCache  - Memcache.get(8db743545afdcf4a2f8009a1d140c4b0)
12443 [Test worker] DEBUG com.nicindustries.hibernate.memcached.spymemcached.SpyMemcache  - MemcachedClient.get(8db743545afdcf4a2f8009a1d140c4b0)
12443 [Test worker] DEBUG net.spy.memcached.MemcachedConnection  - Added Cmd: get Keys: 8db743545afdcf4a2f8009a1d140c4b0Exp: 0 to {QA sa=localhost/127.0.0.1:11211, #Rops=0, #Wops=0, #iq=1, topRop=null, topWop=null, toWrite=0, interested=0}
12443 [Memcached IO over {MemcachedConnection to localhost/127.0.0.1:11211}] DEBUG net.spy.memcached.MemcachedConnection  - No selectors ready, interrupted: false
12443 [Memcached IO over {MemcachedConnection to localhost/127.0.0.1:11211}] DEBUG net.spy.memcached.MemcachedConnection  - Handling queue
12443 [Memcached IO over {MemcachedConnection to localhost/127.0.0.1:11211}] DEBUG net.spy.memcached.protocol.ascii.AsciiMemcachedNodeImpl  - Setting interested opts to 4
12443 [Memcached IO over {MemcachedConnection to localhost/127.0.0.1:11211}] DEBUG net.spy.memcached.MemcachedConnection  - Done dealing with queue.
12443 [Memcached IO over {MemcachedConnection to localhost/127.0.0.1:11211}] DEBUG net.spy.memcached.MemcachedConnection  - Selecting with delay of 1000ms
12443 [Memcached IO over {MemcachedConnection to localhost/127.0.0.1:11211}] DEBUG net.spy.memcached.MemcachedConnection  - Checked the selectors.
12444 [Memcached IO over {MemcachedConnection to localhost/127.0.0.1:11211}] DEBUG net.spy.memcached.MemcachedConnection  - Selected 1, selected 1 keys
12444 [Memcached IO over {MemcachedConnection to localhost/127.0.0.1:11211}] DEBUG net.spy.memcached.MemcachedConnection  - Handling IO for:  channel=java.nio.channels.SocketChannel[connected local=/127.0.0.1:61839 remote=localhost/127.0.0.1:11211], selector=sun.nio.ch.KQueueSelectorImpl@a39f52, interestOps=4, readyOps=4 (r=false, w=true, c=false, op={QA sa=localhost/127.0.0.1:11211, #Rops=0, #Wops=1, #iq=0, topRop=null, topWop=Cmd: get Keys: 8db743545afdcf4a2f8009a1d140c4b0Exp: 0, toWrite=0, interested=4})
12444 [Memcached IO over {MemcachedConnection to localhost/127.0.0.1:11211}] DEBUG net.spy.memcached.protocol.ascii.GetOperationImpl  - Transitioned state from WRITE_QUEUED to WRITING
12444 [Memcached IO over {MemcachedConnection to localhost/127.0.0.1:11211}] DEBUG net.spy.memcached.protocol.ascii.AsciiMemcachedNodeImpl  - After copying stuff from Cmd: get Keys: 8db743545afdcf4a2f8009a1d140c4b0Exp: 0: java.nio.DirectByteBuffer[pos=38 lim=16384 cap=16384]
12444 [Memcached IO over {MemcachedConnection to localhost/127.0.0.1:11211}] DEBUG net.spy.memcached.protocol.ascii.GetOperationImpl  - Transitioned state from WRITING to READING
12444 [Memcached IO over {MemcachedConnection to localhost/127.0.0.1:11211}] DEBUG net.spy.memcached.protocol.ascii.AsciiMemcachedNodeImpl  - Finished writing Cmd: get Keys: 8db743545afdcf4a2f8009a1d140c4b0Exp: 0
12444 [Memcached IO over {MemcachedConnection to localhost/127.0.0.1:11211}] DEBUG net.spy.memcached.protocol.ascii.AsciiMemcachedNodeImpl  - Wrote 38 bytes
12444 [Memcached IO over {MemcachedConnection to localhost/127.0.0.1:11211}] DEBUG net.spy.memcached.protocol.ascii.AsciiMemcachedNodeImpl  - Setting interested opts to 1
12444 [Memcached IO over {MemcachedConnection to localhost/127.0.0.1:11211}] DEBUG net.spy.memcached.MemcachedConnection  - Done dealing with queue.
12444 [Memcached IO over {MemcachedConnection to localhost/127.0.0.1:11211}] DEBUG net.spy.memcached.MemcachedConnection  - Selecting with delay of 1000ms
12444 [Memcached IO over {MemcachedConnection to localhost/127.0.0.1:11211}] DEBUG net.spy.memcached.MemcachedConnection  - Checked the selectors.
12452 [Memcached IO over {MemcachedConnection to localhost/127.0.0.1:11211}] DEBUG net.spy.memcached.MemcachedConnection  - Selected 1, selected 1 keys
12452 [Memcached IO over {MemcachedConnection to localhost/127.0.0.1:11211}] DEBUG net.spy.memcached.MemcachedConnection  - Handling IO for:  channel=java.nio.channels.SocketChannel[connected local=/127.0.0.1:61839 remote=localhost/127.0.0.1:11211], selector=sun.nio.ch.KQueueSelectorImpl@a39f52, interestOps=1, readyOps=1 (r=true, w=false, c=false, op={QA sa=localhost/127.0.0.1:11211, #Rops=1, #Wops=0, #iq=0, topRop=Cmd: get Keys: 8db743545afdcf4a2f8009a1d140c4b0Exp: 0, topWop=null, toWrite=0, interested=1})
12453 [Memcached IO over {MemcachedConnection to localhost/127.0.0.1:11211}] DEBUG net.spy.memcached.MemcachedConnection  - Read 56 bytes
12453 [Memcached IO over {MemcachedConnection to localhost/127.0.0.1:11211}] DEBUG net.spy.memcached.protocol.ascii.GetOperationImpl  - Got line VALUE 8db743545afdcf4a2f8009a1d140c4b0 0 5
12453 [Memcached IO over {MemcachedConnection to localhost/127.0.0.1:11211}] DEBUG net.spy.memcached.protocol.ascii.GetOperationImpl  - Set read type to data
12453 [Memcached IO over {MemcachedConnection to localhost/127.0.0.1:11211}] DEBUG net.spy.memcached.protocol.ascii.GetOperationImpl  - readOffset: 0, length: 5
12453 [Memcached IO over {MemcachedConnection to localhost/127.0.0.1:11211}] DEBUG net.spy.memcached.protocol.ascii.GetOperationImpl  - Reading 5 bytes
12453 [Memcached IO over {MemcachedConnection to localhost/127.0.0.1:11211}] DEBUG net.spy.memcached.protocol.ascii.GetOperationImpl  - Setting read type back to line.
12453 [Memcached IO over {MemcachedConnection to localhost/127.0.0.1:11211}] DEBUG net.spy.memcached.protocol.ascii.GetOperationImpl  - Get complete!
12453 [Memcached IO over {MemcachedConnection to localhost/127.0.0.1:11211}] DEBUG net.spy.memcached.protocol.ascii.GetOperationImpl  - Transitioned state from READING to COMPLETE
12453 [Memcached IO over {MemcachedConnection to localhost/127.0.0.1:11211}] DEBUG net.spy.memcached.MemcachedConnection  - Completed read op: Cmd: get Keys: 8db743545afdcf4a2f8009a1d140c4b0Exp: 0 and giving the next 0 bytes
12453 [Memcached IO over {MemcachedConnection to localhost/127.0.0.1:11211}] DEBUG net.spy.memcached.protocol.ascii.AsciiMemcachedNodeImpl  - Setting interested opts to 0
12453 [Memcached IO over {MemcachedConnection to localhost/127.0.0.1:11211}] DEBUG net.spy.memcached.MemcachedConnection  - Done dealing with queue.
12453 [Memcached IO over {MemcachedConnection to localhost/127.0.0.1:11211}] DEBUG net.spy.memcached.MemcachedConnection  - Selecting with delay of 1000ms
12453 [Memcached IO over {MemcachedConnection to localhost/127.0.0.1:11211}] DEBUG net.spy.memcached.MemcachedConnection  - Checked the selectors.
12454 [Test worker] DEBUG net.spy.memcached.MemcachedConnection  - Shut down channel java.nio.channels.SocketChannel[closed]
12465 [Memcached IO over {MemcachedConnection to localhost/127.0.0.1:11211} - SHUTTING DOWN (telling client)] DEBUG net.spy.memcached.MemcachedConnection  - No IO while shut down.
12465 [Memcached IO over {MemcachedConnection to localhost/127.0.0.1:11211} - SHUTTING DOWN (telling client)] DEBUG net.spy.memcached.MemcachedConnection  - No IO while shut down.
12465 [Memcached IO over {MemcachedConnection to localhost/127.0.0.1:11211} - SHUTTING DOWN (telling client)] DEBUG net.spy.memcached.MemcachedConnection  - No IO while shut down.
12465 [Memcached IO over {MemcachedConnection to localhost/127.0.0.1:11211} - SHUTTING DOWN (telling client)] DEBUG net.spy.memcached.MemcachedConnection  - No IO while shut down.
12465 [Memcached IO over {MemcachedConnection to localhost/127.0.0.1:11211} - SHUTTING DOWN (telling client)] DEBUG net.spy.memcached.MemcachedConnection  - No IO while shut down.
12465 [Memcached IO over {MemcachedConnection to localhost/127.0.0.1:11211} - SHUTTING DOWN (telling client)] DEBUG net.spy.memcached.MemcachedConnection  - No IO while shut down.
12465 [Memcached IO over {MemcachedConnection to localhost/127.0.0.1:11211} - SHUTTING DOWN (telling client)] DEBUG net.spy.memcached.MemcachedConnection  - No IO while shut down.
12465 [Memcached IO over {MemcachedConnection to localhost/127.0.0.1:11211} - SHUTTING DOWN (telling client)] DEBUG net.spy.memcached.MemcachedConnection  - No IO while shut down.
12465 [Memcached IO over {MemcachedConnection to localhost/127.0.0.1:11211} - SHUTTING DOWN (telling client)] DEBUG net.spy.memcached.MemcachedConnection  - No IO while shut down.
12465 [Memcached IO over {MemcachedConnection to localhost/127.0.0.1:11211} - SHUTTING DOWN (telling client)] DEBUG net.spy.memcached.MemcachedConnection  - No IO while shut down.
12465 [Memcached IO over {MemcachedConnection to localhost/127.0.0.1:11211} - SHUTTING DOWN (telling client)] DEBUG net.spy.memcached.MemcachedConnection  - No IO while shut down.
12465 [Memcached IO over {MemcachedConnection to localhost/127.0.0.1:11211} - SHUTTING DOWN (telling client)] DEBUG net.spy.memcached.MemcachedConnection  - No IO while shut down.
12465 [Memcached IO over {MemcachedConnection to localhost/127.0.0.1:11211} - SHUTTING DOWN (telling client)] DEBUG net.spy.memcached.MemcachedConnection  - No IO while shut down.
12465 [Memcached IO over {MemcachedConnection to localhost/127.0.0.1:11211} - SHUTTING DOWN (telling client)] DEBUG net.spy.memcached.MemcachedConnection  - No IO while shut down.
12465 [Memcached IO over {MemcachedConnection to localhost/127.0.0.1:11211} - SHUTTING DOWN (telling client)] DEBUG net.spy.memcached.MemcachedConnection  - No IO while shut down.
12465 [Memcached IO over {MemcachedConnection to localhost/127.0.0.1:11211} - SHUTTING DOWN (telling client)] DEBUG net.spy.memcached.MemcachedConnection  - No IO while shut down.
12465 [Memcached IO over {MemcachedConnection to localhost/127.0.0.1:11211} - SHUTTING DOWN (telling client)] DEBUG net.spy.memcached.MemcachedConnection  - No IO while shut down.
12465 [Memcached IO over {MemcachedConnection to localhost/127.0.0.1:11211} - SHUTTING DOWN (telling client)] DEBUG net.spy.memcached.MemcachedConnection  - No IO while shut down.
12465 [Memcached IO over {MemcachedConnection to localhost/127.0.0.1:11211} - SHUTTING DOWN (telling client)] DEBUG net.spy.memcached.MemcachedConnection  - No IO while shut down.
12465 [Memcached IO over {MemcachedConnection to localhost/127.0.0.1:11211} - SHUTTING DOWN (telling client)] DEBUG net.spy.memcached.MemcachedConnection  - No IO while shut down.
12465 [Memcached IO over {MemcachedConnection to localhost/127.0.0.1:11211} - SHUTTING DOWN (telling client)] DEBUG net.spy.memcached.MemcachedConnection  - No IO while shut down.
12465 [Memcached IO over {MemcachedConnection to localhost/127.0.0.1:11211} - SHUTTING DOWN (telling client)] DEBUG net.spy.memcached.MemcachedConnection  - No IO while shut down.
12465 [Memcached IO over {MemcachedConnection to localhost/127.0.0.1:11211} - SHUTTING DOWN (telling client)] DEBUG net.spy.memcached.MemcachedConnection  - No IO while shut down.
12465 [Memcached IO over {MemcachedConnection to localhost/127.0.0.1:11211} - SHUTTING DOWN (telling client)] DEBUG net.spy.memcached.MemcachedConnection  - No IO while shut down.
12465 [Memcached IO over {MemcachedConnection to localhost/127.0.0.1:11211} - SHUTTING DOWN (telling client)] DEBUG net.spy.memcached.MemcachedConnection  - No IO while shut down.
12465 [Memcached IO over {MemcachedConnection to localhost/127.0.0.1:11211} - SHUTTING DOWN (telling client)] DEBUG net.spy.memcached.MemcachedConnection  - No IO while shut down.
12465 [Memcached IO over {MemcachedConnection to localhost/127.0.0.1:11211} - SHUTTING DOWN (telling client)] DEBUG net.spy.memcached.MemcachedConnection  - No IO while shut down.
12465 [Memcached IO over {MemcachedConnection to localhost/127.0.0.1:11211} - SHUTTING DOWN (telling client)] DEBUG net.spy.memcached.MemcachedConnection  - No IO while shut down.
12465 [Memcached IO over {MemcachedConnection to localhost/127.0.0.1:11211} - SHUTTING DOWN (telling client)] DEBUG net.spy.memcached.MemcachedConnection  - No IO while shut down.
12465 [Memcached IO over {MemcachedConnection to localhost/127.0.0.1:11211} - SHUTTING DOWN (telling client)] DEBUG net.spy.memcached.MemcachedConnection  - No IO while shut down.
12465 [Memcached IO over {MemcachedConnection to localhost/127.0.0.1:11211} - SHUTTING DOWN (telling client)] DEBUG net.spy.memcached.MemcachedConnection  - No IO while shut down.
12465 [Memcached IO over {MemcachedConnection to localhost/127.0.0.1:11211} - SHUTTING DOWN (telling client)] DEBUG net.spy.memcached.MemcachedConnection  - No IO while shut down.
12465 [Memcached IO over {MemcachedConnection to localhost/127.0.0.1:11211} - SHUTTING DOWN (telling client)] DEBUG net.spy.memcached.MemcachedConnection  - No IO while shut down.
12465 [Memcached IO over {MemcachedConnection to localhost/127.0.0.1:11211} - SHUTTING DOWN (telling client)] DEBUG net.spy.memcached.MemcachedConnection  - No IO while shut down.
12465 [Memcached IO over {MemcachedConnection to localhost/127.0.0.1:11211} - SHUTTING DOWN (telling client)] DEBUG net.spy.memcached.MemcachedConnection  - No IO while shut down.
12465 [Memcached IO over {MemcachedConnection to localhost/127.0.0.1:11211} - SHUTTING DOWN (telling client)] DEBUG net.spy.memcached.MemcachedConnection  - No IO while shut down.
12465 [Memcached IO over {MemcachedConnection to localhost/127.0.0.1:11211} - SHUTTING DOWN (telling client)] DEBUG net.spy.memcached.MemcachedConnection  - No IO while shut down.
12465 [Memcached IO over {MemcachedConnection to localhost/127.0.0.1:11211} - SHUTTING DOWN (telling client)] DEBUG net.spy.memcached.MemcachedConnection  - No IO while shut down.
12465 [Memcached IO over {MemcachedConnection to localhost/127.0.0.1:11211} - SHUTTING DOWN (telling client)] DEBUG net.spy.memcached.MemcachedConnection  - No IO while shut down.
12465 [Memcached IO over {MemcachedConnection to localhost/127.0.0.1:11211} - SHUTTING DOWN (telling client)] DEBUG net.spy.memcached.MemcachedConnection  - No IO while shut down.
12465 [Memcached IO over {MemcachedConnection to localhost/127.0.0.1:11211} - SHUTTING DOWN (telling client)] DEBUG net.spy.memcached.MemcachedConnection  - No IO while shut down.
12465 [Memcached IO over {MemcachedConnection to localhost/127.0.0.1:11211} - SHUTTING DOWN (telling client)] DEBUG net.spy.memcached.MemcachedConnection  - No IO while shut down.
12465 [Memcached IO over {MemcachedConnection to localhost/127.0.0.1:11211} - SHUTTING DOWN (telling client)] DEBUG net.spy.memcached.MemcachedConnection  - No IO while shut down.
12465 [Memcached IO over {MemcachedConnection to localhost/127.0.0.1:11211} - SHUTTING DOWN (telling client)] DEBUG net.spy.memcached.MemcachedConnection  - No IO while shut down.
12465 [Memcached IO over {MemcachedConnection to localhost/127.0.0.1:11211} - SHUTTING DOWN (telling client)] DEBUG net.spy.memcached.MemcachedConnection  - No IO while shut down.
12465 [Memcached IO over {MemcachedConnection to localhost/127.0.0.1:11211} - SHUTTING DOWN (telling client)] DEBUG net.spy.memcached.MemcachedConnection  - No IO while shut down.
12466 [Memcached IO over {MemcachedConnection to localhost/127.0.0.1:11211} - SHUTTING DOWN (telling client)] DEBUG net.spy.memcached.MemcachedConnection  - No IO while shut down.
12466 [Memcached IO over {MemcachedConnection to localhost/127.0.0.1:11211} - SHUTTING DOWN (telling client)] DEBUG net.spy.memcached.MemcachedConnection  - No IO while shut down.
12466 [Memcached IO over {MemcachedConnection to localhost/127.0.0.1:11211} - SHUTTING DOWN (telling client)] DEBUG net.spy.memcached.MemcachedConnection  - No IO while shut down.
12466 [Memcached IO over {MemcachedConnection to localhost/127.0.0.1:11211} - SHUTTING DOWN (telling client)] DEBUG net.spy.memcached.MemcachedConnection  - No IO while shut down.
12466 [Memcached IO over {MemcachedConnection to localhost/127.0.0.1:11211} - SHUTTING DOWN (telling client)] DEBUG net.spy.memcached.MemcachedConnection  - No IO while shut down.
12466 [Memcached IO over {MemcachedConnection to localhost/127.0.0.1:11211} - SHUTTING DOWN (telling client)] DEBUG net.spy.memcached.MemcachedConnection  - No IO while shut down.
12466 [Memcached IO over {MemcachedConnection to localhost/127.0.0.1:11211} - SHUTTING DOWN (telling client)] DEBUG net.spy.memcached.MemcachedConnection  - No IO while shut down.
12466 [Memcached IO over {MemcachedConnection to localhost/127.0.0.1:11211} - SHUTTING DOWN (telling client)] DEBUG net.spy.memcached.MemcachedConnection  - No IO while shut down.
12466 [Memcached IO over {MemcachedConnection to localhost/127.0.0.1:11211} - SHUTTING DOWN (telling client)] DEBUG net.spy.memcached.MemcachedConnection  - No IO while shut down.
12466 [Memcached IO over {MemcachedConnection to localhost/127.0.0.1:11211} - SHUTTING DOWN (telling client)] DEBUG net.spy.memcached.MemcachedConnection  - No IO while shut down.
12466 [Memcached IO over {MemcachedConnection to localhost/127.0.0.1:11211} - SHUTTING DOWN (telling client)] DEBUG net.spy.memcached.MemcachedConnection  - No IO while shut down.
12466 [Memcached IO over {MemcachedConnection to localhost/127.0.0.1:11211} - SHUTTING DOWN (telling client)] DEBUG net.spy.memcached.MemcachedConnection  - No IO while shut down.
12466 [Memcached IO over {MemcachedConnection to localhost/127.0.0.1:11211} - SHUTTING DOWN (telling client)] DEBUG net.spy.memcached.MemcachedConnection  - No IO while shut down.
12466 [Memcached IO over {MemcachedConnection to localhost/127.0.0.1:11211} - SHUTTING DOWN (telling client)] DEBUG net.spy.memcached.MemcachedConnection  - No IO while shut down.
12466 [Memcached IO over {MemcachedConnection to localhost/127.0.0.1:11211} - SHUTTING DOWN (telling client)] DEBUG net.spy.memcached.MemcachedConnection  - No IO while shut down.
12466 [Memcached IO over {MemcachedConnection to localhost/127.0.0.1:11211} - SHUTTING DOWN (telling client)] DEBUG net.spy.memcached.MemcachedConnection  - No IO while shut down.
12466 [Memcached IO over {MemcachedConnection to localhost/127.0.0.1:11211} - SHUTTING DOWN (telling client)] DEBUG net.spy.memcached.MemcachedConnection  - No IO while shut down.
12466 [Memcached IO over {MemcachedConnection to localhost/127.0.0.1:11211} - SHUTTING DOWN (telling client)] DEBUG net.spy.memcached.MemcachedConnection  - No IO while shut down.
12466 [Memcached IO over {MemcachedConnection to localhost/127.0.0.1:11211} - SHUTTING DOWN (telling client)] DEBUG net.spy.memcached.MemcachedConnection  - No IO while shut down.
12466 [Memcached IO over {MemcachedConnection to localhost/127.0.0.1:11211} - SHUTTING DOWN (telling client)] DEBUG net.spy.memcached.MemcachedConnection  - No IO while shut down.
12466 [Memcached IO over {MemcachedConnection to localhost/127.0.0.1:11211} - SHUTTING DOWN (telling client)] DEBUG net.spy.memcached.MemcachedConnection  - No IO while shut down.
12466 [Memcached IO over {MemcachedConnection to localhost/127.0.0.1:11211} - SHUTTING DOWN (telling client)] DEBUG net.spy.memcached.MemcachedConnection  - No IO while shut down.
12466 [Memcached IO over {MemcachedConnection to localhost/127.0.0.1:11211} - SHUTTING DOWN (telling client)] DEBUG net.spy.memcached.MemcachedConnection  - No IO while shut down.
12466 [Memcached IO over {MemcachedConnection to localhost/127.0.0.1:11211} - SHUTTING DOWN (telling client)] DEBUG net.spy.memcached.MemcachedConnection  - No IO while shut down.
12466 [Memcached IO over {MemcachedConnection to localhost/127.0.0.1:11211} - SHUTTING DOWN (telling client)] DEBUG net.spy.memcached.MemcachedConnection  - No IO while shut down.
12466 [Memcached IO over {MemcachedConnection to localhost/127.0.0.1:11211} - SHUTTING DOWN (telling client)] DEBUG net.spy.memcached.MemcachedConnection  - No IO while shut down.
12466 [Test worker] DEBUG net.spy.memcached.MemcachedConnection  - Shut down selector sun.nio.ch.KQueueSelectorImpl@a39f52
12466 [Memcached IO over {MemcachedConnection to localhost/127.0.0.1:11211} - SHUTTING DOWN (informed client)] DEBUG net.spy.memcached.MemcachedConnection  - No IO while shut down.
12466 [Memcached IO over {MemcachedConnection to localhost/127.0.0.1:11211} - SHUTTING DOWN (informed client)] INFO net.spy.memcached.MemcachedConnection  - Shut down memcached client
12466 [Test worker] INFO net.spy.memcached.MemcachedConnection  - Setting retryQueueSize to -1
12467 [Test worker] INFO net.spy.memcached.MemcachedConnection  - Added {QA sa=localhost/127.0.0.1:11211, #Rops=0, #Wops=0, #iq=0, topRop=null, topWop=null, toWrite=0, interested=0} to connect queue
12467 [Test worker] DEBUG net.spy.memcached.DefaultConnectionFactory  - Metric collection disabled.
12467 [Memcached IO over {MemcachedConnection to localhost/127.0.0.1:11211}] DEBUG net.spy.memcached.MemcachedConnection  - Done dealing with queue.
12467 [Memcached IO over {MemcachedConnection to localhost/127.0.0.1:11211}] DEBUG net.spy.memcached.MemcachedConnection  - Selecting with delay of 1000ms
12467 [Memcached IO over {MemcachedConnection to localhost/127.0.0.1:11211}] DEBUG net.spy.memcached.MemcachedConnection  - Checked the selectors.
12467 [Memcached IO over {MemcachedConnection to localhost/127.0.0.1:11211}] DEBUG net.spy.memcached.MemcachedConnection  - Selected 1, selected 1 keys
12467 [Memcached IO over {MemcachedConnection to localhost/127.0.0.1:11211}] DEBUG net.spy.memcached.MemcachedConnection  - Handling IO for:  channel=java.nio.channels.SocketChannel[connection-pending remote=localhost/127.0.0.1:11211], selector=sun.nio.ch.KQueueSelectorImpl@79dcb849, interestOps=8, readyOps=8 (r=false, w=false, c=true, op={QA sa=localhost/127.0.0.1:11211, #Rops=0, #Wops=0, #iq=0, topRop=null, topWop=null, toWrite=0, interested=8})
12467 [Memcached IO over {MemcachedConnection to localhost/127.0.0.1:11211}] DEBUG net.spy.memcached.MemcachedConnection  - Connection state changed for channel=java.nio.channels.SocketChannel[connection-pending remote=localhost/127.0.0.1:11211], selector=sun.nio.ch.KQueueSelectorImpl@79dcb849, interestOps=8, readyOps=8
12467 [Memcached IO over {MemcachedConnection to localhost/127.0.0.1:11211}] DEBUG net.spy.memcached.protocol.ascii.AsciiMemcachedNodeImpl  - Setting interested opts to 0
12467 [Memcached IO over {MemcachedConnection to localhost/127.0.0.1:11211}] DEBUG net.spy.memcached.MemcachedConnection  - Handling queue
12467 [Memcached IO over {MemcachedConnection to localhost/127.0.0.1:11211}] DEBUG net.spy.memcached.protocol.ascii.AsciiMemcachedNodeImpl  - Setting interested opts to 0
12467 [Memcached IO over {MemcachedConnection to localhost/127.0.0.1:11211}] DEBUG net.spy.memcached.MemcachedConnection  - Done dealing with queue.
12467 [Memcached IO over {MemcachedConnection to localhost/127.0.0.1:11211}] DEBUG net.spy.memcached.MemcachedConnection  - Selecting with delay of 1000ms
12467 [Memcached IO over {MemcachedConnection to localhost/127.0.0.1:11211}] DEBUG net.spy.memcached.MemcachedConnection  - Checked the selectors.
12468 [Test worker] WARN com.nicindustries.hibernate.memcached.Config  - Could not instantiate keyStrategy class InvalidClass. Will use default: Sha1KeyStrategy
java.lang.ClassNotFoundException: InvalidClass
	at java.base/jdk.internal.loader.BuiltinClassLoader.loadClass(BuiltinClassLoader.java:641)
	at java.base/jdk.internal.loader.ClassLoaders$AppClassLoader.loadClass(ClassLoaders.java:188)
	at java.base/java.lang.ClassLoader.loadClass(ClassLoader.java:520)
	at java.base/java.lang.Class.forName0(Native Method)
	at java.base/java.lang.Class.forName(Class.java:375)
	at com.nicindustries.hibernate.memcached.Config.instantiateKeyStrategy(Config.java:67)
	at com.nicindustries.hibernate.memcached.Config.getKeyStrategy(Config.java:76)
	at com.nicindustries.hibernate.memcached.MemcachedCache.configureInstance(MemcachedCache.java:84)
	at com.nicindustries.hibernate.memcached.MemcachedCache.<init>(MemcachedCache.java:70)
	at com.integration.com.nicindustries.hibernate.memcached.spymemcached.SpyMemcacheIT.testNoPropertyKeyStrategy(SpyMemcacheIT.java:98)
	at java.base/jdk.internal.reflect.NativeMethodAccessorImpl.invoke0(Native Method)
	at java.base/jdk.internal.reflect.NativeMethodAccessorImpl.invoke(NativeMethodAccessorImpl.java:77)
	at java.base/jdk.internal.reflect.DelegatingMethodAccessorImpl.invoke(DelegatingMethodAccessorImpl.java:43)
	at java.base/java.lang.reflect.Method.invoke(Method.java:568)
	at org.junit.runners.model.FrameworkMethod$1.runReflectiveCall(FrameworkMethod.java:59)
	at org.junit.internal.runners.model.ReflectiveCallable.run(ReflectiveCallable.java:12)
	at org.junit.runners.model.FrameworkMethod.invokeExplosively(FrameworkMethod.java:56)
	at org.junit.internal.runners.statements.InvokeMethod.evaluate(InvokeMethod.java:17)
	at org.junit.internal.runners.statements.RunBefores.evaluate(RunBefores.java:26)
	at org.junit.internal.runners.statements.RunAfters.evaluate(RunAfters.java:27)
	at org.junit.runners.ParentRunner$3.evaluate(ParentRunner.java:306)
	at org.junit.runners.BlockJUnit4ClassRunner$1.evaluate(BlockJUnit4ClassRunner.java:100)
	at org.junit.runners.ParentRunner.runLeaf(ParentRunner.java:366)
	at org.junit.runners.BlockJUnit4ClassRunner.runChild(BlockJUnit4ClassRunner.java:103)
	at org.junit.runners.BlockJUnit4ClassRunner.runChild(BlockJUnit4ClassRunner.java:63)
	at org.junit.runners.ParentRunner$4.run(ParentRunner.java:331)
	at org.junit.runners.ParentRunner$1.schedule(ParentRunner.java:79)
	at org.junit.runners.ParentRunner.runChildren(ParentRunner.java:329)
	at org.junit.runners.ParentRunner.access$100(ParentRunner.java:66)
	at org.junit.runners.ParentRunner$2.evaluate(ParentRunner.java:293)
	at org.junit.runners.ParentRunner$3.evaluate(ParentRunner.java:306)
	at org.junit.runners.ParentRunner.run(ParentRunner.java:413)
	at org.gradle.api.internal.tasks.testing.junit.JUnitTestClassExecutor.runTestClass(JUnitTestClassExecutor.java:110)
	at org.gradle.api.internal.tasks.testing.junit.JUnitTestClassExecutor.execute(JUnitTestClassExecutor.java:58)
	at org.gradle.api.internal.tasks.testing.junit.JUnitTestClassExecutor.execute(JUnitTestClassExecutor.java:38)
	at org.gradle.api.internal.tasks.testing.junit.AbstractJUnitTestClassProcessor.processTestClass(AbstractJUnitTestClassProcessor.java:62)
	at org.gradle.api.internal.tasks.testing.SuiteTestClassProcessor.processTestClass(SuiteTestClassProcessor.java:51)
	at java.base/jdk.internal.reflect.NativeMethodAccessorImpl.invoke0(Native Method)
	at java.base/jdk.internal.reflect.NativeMethodAccessorImpl.invoke(NativeMethodAccessorImpl.java:77)
	at java.base/jdk.internal.reflect.DelegatingMethodAccessorImpl.invoke(DelegatingMethodAccessorImpl.java:43)
	at java.base/java.lang.reflect.Method.invoke(Method.java:568)
	at org.gradle.internal.dispatch.ReflectionDispatch.dispatch(ReflectionDispatch.java:36)
	at org.gradle.internal.dispatch.ReflectionDispatch.dispatch(ReflectionDispatch.java:24)
	at org.gradle.internal.dispatch.ContextClassLoaderDispatch.dispatch(ContextClassLoaderDispatch.java:33)
	at org.gradle.internal.dispatch.ProxyDispatchAdapter$DispatchingInvocationHandler.invoke(ProxyDispatchAdapter.java:94)
	at jdk.proxy1/jdk.proxy1.$Proxy2.processTestClass(Unknown Source)
	at org.gradle.api.internal.tasks.testing.worker.TestWorker$2.run(TestWorker.java:176)
	at org.gradle.api.internal.tasks.testing.worker.TestWorker.executeAndMaintainThreadName(TestWorker.java:129)
	at org.gradle.api.internal.tasks.testing.worker.TestWorker.execute(TestWorker.java:100)
	at org.gradle.api.internal.tasks.testing.worker.TestWorker.execute(TestWorker.java:60)
	at org.gradle.process.internal.worker.child.ActionExecutionWorker.execute(ActionExecutionWorker.java:56)
	at org.gradle.process.internal.worker.child.SystemApplicationClassLoaderWorker.call(SystemApplicationClassLoaderWorker.java:133)
	at org.gradle.process.internal.worker.child.SystemApplicationClassLoaderWorker.call(SystemApplicationClassLoaderWorker.java:71)
	at worker.org.gradle.process.internal.worker.GradleWorkerMain.run(GradleWorkerMain.java:69)
	at worker.org.gradle.process.internal.worker.GradleWorkerMain.main(GradleWorkerMain.java:74)
12468 [Test worker] DEBUG com.nicindustries.hibernate.memcached.keystrategy.Sha1KeyStrategy  - Final cache key: [d2a85b948dfa717dfe3ee084eb9111db6bd989bd]
12468 [Test worker] DEBUG com.nicindustries.hibernate.memcached.MemcachedCache  - Memcache.set(d2a85b948dfa717dfe3ee084eb9111db6bd989bd)
12468 [Test worker] DEBUG com.nicindustries.hibernate.memcached.spymemcached.SpyMemcache  - MemcachedClient.set(d2a85b948dfa717dfe3ee084eb9111db6bd989bd)
12468 [Test worker] DEBUG net.spy.memcached.MemcachedConnection  - Added Cmd: set Key: d2a85b948dfa717dfe3ee084eb9111db6bd989bd Flags: 0 Exp: 300 Data Length: 5 to {QA sa=localhost/127.0.0.1:11211, #Rops=0, #Wops=0, #iq=1, topRop=null, topWop=null, toWrite=0, interested=0}
12468 [Memcached IO over {MemcachedConnection to localhost/127.0.0.1:11211}] DEBUG net.spy.memcached.MemcachedConnection  - No selectors ready, interrupted: false
12468 [Memcached IO over {MemcachedConnection to localhost/127.0.0.1:11211}] DEBUG net.spy.memcached.MemcachedConnection  - Handling queue
12468 [Memcached IO over {MemcachedConnection to localhost/127.0.0.1:11211}] DEBUG net.spy.memcached.protocol.ascii.AsciiMemcachedNodeImpl  - Setting interested opts to 4
12468 [Memcached IO over {MemcachedConnection to localhost/127.0.0.1:11211}] DEBUG net.spy.memcached.MemcachedConnection  - Done dealing with queue.
12469 [Memcached IO over {MemcachedConnection to localhost/127.0.0.1:11211}] DEBUG net.spy.memcached.MemcachedConnection  - Selecting with delay of 1000ms
12469 [Memcached IO over {MemcachedConnection to localhost/127.0.0.1:11211}] DEBUG net.spy.memcached.MemcachedConnection  - Checked the selectors.
12469 [Memcached IO over {MemcachedConnection to localhost/127.0.0.1:11211}] DEBUG net.spy.memcached.MemcachedConnection  - Selected 1, selected 1 keys
12469 [Memcached IO over {MemcachedConnection to localhost/127.0.0.1:11211}] DEBUG net.spy.memcached.MemcachedConnection  - Handling IO for:  channel=java.nio.channels.SocketChannel[connected local=/127.0.0.1:61840 remote=localhost/127.0.0.1:11211], selector=sun.nio.ch.KQueueSelectorImpl@79dcb849, interestOps=4, readyOps=4 (r=false, w=true, c=false, op={QA sa=localhost/127.0.0.1:11211, #Rops=0, #Wops=1, #iq=0, topRop=null, topWop=Cmd: set Key: d2a85b948dfa717dfe3ee084eb9111db6bd989bd Flags: 0 Exp: 300 Data Length: 5, toWrite=0, interested=4})
12469 [Memcached IO over {MemcachedConnection to localhost/127.0.0.1:11211}] DEBUG net.spy.memcached.protocol.ascii.StoreOperationImpl  - Transitioned state from WRITE_QUEUED to WRITING
12469 [Memcached IO over {MemcachedConnection to localhost/127.0.0.1:11211}] DEBUG net.spy.memcached.protocol.ascii.AsciiMemcachedNodeImpl  - After copying stuff from Cmd: set Key: d2a85b948dfa717dfe3ee084eb9111db6bd989bd Flags: 0 Exp: 300 Data Length: 5: java.nio.DirectByteBuffer[pos=61 lim=16384 cap=16384]
12469 [Memcached IO over {MemcachedConnection to localhost/127.0.0.1:11211}] DEBUG net.spy.memcached.protocol.ascii.StoreOperationImpl  - Transitioned state from WRITING to READING
12469 [Memcached IO over {MemcachedConnection to localhost/127.0.0.1:11211}] DEBUG net.spy.memcached.protocol.ascii.AsciiMemcachedNodeImpl  - Finished writing Cmd: set Key: d2a85b948dfa717dfe3ee084eb9111db6bd989bd Flags: 0 Exp: 300 Data Length: 5
12469 [Memcached IO over {MemcachedConnection to localhost/127.0.0.1:11211}] DEBUG net.spy.memcached.protocol.ascii.AsciiMemcachedNodeImpl  - Wrote 61 bytes
12469 [Memcached IO over {MemcachedConnection to localhost/127.0.0.1:11211}] DEBUG net.spy.memcached.protocol.ascii.AsciiMemcachedNodeImpl  - Setting interested opts to 1
12469 [Memcached IO over {MemcachedConnection to localhost/127.0.0.1:11211}] DEBUG net.spy.memcached.MemcachedConnection  - Done dealing with queue.
12469 [Memcached IO over {MemcachedConnection to localhost/127.0.0.1:11211}] DEBUG net.spy.memcached.MemcachedConnection  - Selecting with delay of 1000ms
12469 [Memcached IO over {MemcachedConnection to localhost/127.0.0.1:11211}] DEBUG net.spy.memcached.MemcachedConnection  - Checked the selectors.
12475 [Memcached IO over {MemcachedConnection to localhost/127.0.0.1:11211}] DEBUG net.spy.memcached.MemcachedConnection  - Selected 1, selected 1 keys
12475 [Memcached IO over {MemcachedConnection to localhost/127.0.0.1:11211}] DEBUG net.spy.memcached.MemcachedConnection  - Handling IO for:  channel=java.nio.channels.SocketChannel[connected local=/127.0.0.1:61840 remote=localhost/127.0.0.1:11211], selector=sun.nio.ch.KQueueSelectorImpl@79dcb849, interestOps=1, readyOps=1 (r=true, w=false, c=false, op={QA sa=localhost/127.0.0.1:11211, #Rops=1, #Wops=0, #iq=0, topRop=Cmd: set Key: d2a85b948dfa717dfe3ee084eb9111db6bd989bd Flags: 0 Exp: 300 Data Length: 5, topWop=null, toWrite=0, interested=1})
12475 [Memcached IO over {MemcachedConnection to localhost/127.0.0.1:11211}] DEBUG net.spy.memcached.MemcachedConnection  - Read 8 bytes
12475 [Memcached IO over {MemcachedConnection to localhost/127.0.0.1:11211}] DEBUG net.spy.memcached.protocol.ascii.StoreOperationImpl  - Transitioned state from READING to COMPLETE
12475 [Memcached IO over {MemcachedConnection to localhost/127.0.0.1:11211}] DEBUG net.spy.memcached.MemcachedConnection  - Completed read op: Cmd: set Key: d2a85b948dfa717dfe3ee084eb9111db6bd989bd Flags: 0 Exp: 300 Data Length: 5 and giving the next 0 bytes
12476 [Memcached IO over {MemcachedConnection to localhost/127.0.0.1:11211}] DEBUG net.spy.memcached.protocol.ascii.AsciiMemcachedNodeImpl  - Setting interested opts to 0
12476 [Memcached IO over {MemcachedConnection to localhost/127.0.0.1:11211}] DEBUG net.spy.memcached.MemcachedConnection  - Done dealing with queue.
12476 [Memcached IO over {MemcachedConnection to localhost/127.0.0.1:11211}] DEBUG net.spy.memcached.MemcachedConnection  - Selecting with delay of 1000ms
12476 [Memcached IO over {MemcachedConnection to localhost/127.0.0.1:11211}] DEBUG net.spy.memcached.MemcachedConnection  - Checked the selectors.
12574 [Test worker] DEBUG com.nicindustries.hibernate.memcached.keystrategy.Sha1KeyStrategy  - Final cache key: [d2a85b948dfa717dfe3ee084eb9111db6bd989bd]
12574 [Test worker] DEBUG com.nicindustries.hibernate.memcached.MemcachedCache  - Memcache.get(d2a85b948dfa717dfe3ee084eb9111db6bd989bd)
12574 [Test worker] DEBUG com.nicindustries.hibernate.memcached.spymemcached.SpyMemcache  - MemcachedClient.get(d2a85b948dfa717dfe3ee084eb9111db6bd989bd)
12575 [Memcached IO over {MemcachedConnection to localhost/127.0.0.1:11211}] DEBUG net.spy.memcached.MemcachedConnection  - No selectors ready, interrupted: false
12575 [Test worker] DEBUG net.spy.memcached.MemcachedConnection  - Added Cmd: get Keys: d2a85b948dfa717dfe3ee084eb9111db6bd989bdExp: 0 to {QA sa=localhost/127.0.0.1:11211, #Rops=0, #Wops=0, #iq=1, topRop=null, topWop=null, toWrite=0, interested=0}
12575 [Memcached IO over {MemcachedConnection to localhost/127.0.0.1:11211}] DEBUG net.spy.memcached.MemcachedConnection  - Handling queue
12575 [Memcached IO over {MemcachedConnection to localhost/127.0.0.1:11211}] DEBUG net.spy.memcached.protocol.ascii.AsciiMemcachedNodeImpl  - Setting interested opts to 4
12575 [Memcached IO over {MemcachedConnection to localhost/127.0.0.1:11211}] DEBUG net.spy.memcached.MemcachedConnection  - Done dealing with queue.
12575 [Memcached IO over {MemcachedConnection to localhost/127.0.0.1:11211}] DEBUG net.spy.memcached.MemcachedConnection  - Selecting with delay of 1000ms
12575 [Memcached IO over {MemcachedConnection to localhost/127.0.0.1:11211}] DEBUG net.spy.memcached.MemcachedConnection  - Checked the selectors.
12575 [Memcached IO over {MemcachedConnection to localhost/127.0.0.1:11211}] DEBUG net.spy.memcached.MemcachedConnection  - Selected 1, selected 1 keys
12576 [Memcached IO over {MemcachedConnection to localhost/127.0.0.1:11211}] DEBUG net.spy.memcached.MemcachedConnection  - Handling IO for:  channel=java.nio.channels.SocketChannel[connected local=/127.0.0.1:61840 remote=localhost/127.0.0.1:11211], selector=sun.nio.ch.KQueueSelectorImpl@79dcb849, interestOps=4, readyOps=4 (r=false, w=true, c=false, op={QA sa=localhost/127.0.0.1:11211, #Rops=0, #Wops=1, #iq=0, topRop=null, topWop=Cmd: get Keys: d2a85b948dfa717dfe3ee084eb9111db6bd989bdExp: 0, toWrite=0, interested=4})
12576 [Memcached IO over {MemcachedConnection to localhost/127.0.0.1:11211}] DEBUG net.spy.memcached.protocol.ascii.GetOperationImpl  - Transitioned state from WRITE_QUEUED to WRITING
12576 [Memcached IO over {MemcachedConnection to localhost/127.0.0.1:11211}] DEBUG net.spy.memcached.protocol.ascii.AsciiMemcachedNodeImpl  - After copying stuff from Cmd: get Keys: d2a85b948dfa717dfe3ee084eb9111db6bd989bdExp: 0: java.nio.DirectByteBuffer[pos=46 lim=16384 cap=16384]
12576 [Memcached IO over {MemcachedConnection to localhost/127.0.0.1:11211}] DEBUG net.spy.memcached.protocol.ascii.GetOperationImpl  - Transitioned state from WRITING to READING
12576 [Memcached IO over {MemcachedConnection to localhost/127.0.0.1:11211}] DEBUG net.spy.memcached.protocol.ascii.AsciiMemcachedNodeImpl  - Finished writing Cmd: get Keys: d2a85b948dfa717dfe3ee084eb9111db6bd989bdExp: 0
12576 [Memcached IO over {MemcachedConnection to localhost/127.0.0.1:11211}] DEBUG net.spy.memcached.protocol.ascii.AsciiMemcachedNodeImpl  - Wrote 46 bytes
12576 [Memcached IO over {MemcachedConnection to localhost/127.0.0.1:11211}] DEBUG net.spy.memcached.protocol.ascii.AsciiMemcachedNodeImpl  - Setting interested opts to 1
12576 [Memcached IO over {MemcachedConnection to localhost/127.0.0.1:11211}] DEBUG net.spy.memcached.MemcachedConnection  - Done dealing with queue.
12576 [Memcached IO over {MemcachedConnection to localhost/127.0.0.1:11211}] DEBUG net.spy.memcached.MemcachedConnection  - Selecting with delay of 1000ms
12576 [Memcached IO over {MemcachedConnection to localhost/127.0.0.1:11211}] DEBUG net.spy.memcached.MemcachedConnection  - Checked the selectors.
12583 [Memcached IO over {MemcachedConnection to localhost/127.0.0.1:11211}] DEBUG net.spy.memcached.MemcachedConnection  - Selected 1, selected 1 keys
12584 [Memcached IO over {MemcachedConnection to localhost/127.0.0.1:11211}] DEBUG net.spy.memcached.MemcachedConnection  - Handling IO for:  channel=java.nio.channels.SocketChannel[connected local=/127.0.0.1:61840 remote=localhost/127.0.0.1:11211], selector=sun.nio.ch.KQueueSelectorImpl@79dcb849, interestOps=1, readyOps=1 (r=true, w=false, c=false, op={QA sa=localhost/127.0.0.1:11211, #Rops=1, #Wops=0, #iq=0, topRop=Cmd: get Keys: d2a85b948dfa717dfe3ee084eb9111db6bd989bdExp: 0, topWop=null, toWrite=0, interested=1})
12584 [Memcached IO over {MemcachedConnection to localhost/127.0.0.1:11211}] DEBUG net.spy.memcached.MemcachedConnection  - Read 64 bytes
12584 [Memcached IO over {MemcachedConnection to localhost/127.0.0.1:11211}] DEBUG net.spy.memcached.protocol.ascii.GetOperationImpl  - Got line VALUE d2a85b948dfa717dfe3ee084eb9111db6bd989bd 0 5
12584 [Memcached IO over {MemcachedConnection to localhost/127.0.0.1:11211}] DEBUG net.spy.memcached.protocol.ascii.GetOperationImpl  - Set read type to data
12584 [Memcached IO over {MemcachedConnection to localhost/127.0.0.1:11211}] DEBUG net.spy.memcached.protocol.ascii.GetOperationImpl  - readOffset: 0, length: 5
12584 [Memcached IO over {MemcachedConnection to localhost/127.0.0.1:11211}] DEBUG net.spy.memcached.protocol.ascii.GetOperationImpl  - Reading 5 bytes
12584 [Memcached IO over {MemcachedConnection to localhost/127.0.0.1:11211}] DEBUG net.spy.memcached.protocol.ascii.GetOperationImpl  - Setting read type back to line.
12584 [Memcached IO over {MemcachedConnection to localhost/127.0.0.1:11211}] DEBUG net.spy.memcached.protocol.ascii.GetOperationImpl  - Get complete!
12584 [Memcached IO over {MemcachedConnection to localhost/127.0.0.1:11211}] DEBUG net.spy.memcached.protocol.ascii.GetOperationImpl  - Transitioned state from READING to COMPLETE
12584 [Memcached IO over {MemcachedConnection to localhost/127.0.0.1:11211}] DEBUG net.spy.memcached.MemcachedConnection  - Completed read op: Cmd: get Keys: d2a85b948dfa717dfe3ee084eb9111db6bd989bdExp: 0 and giving the next 0 bytes
12584 [Memcached IO over {MemcachedConnection to localhost/127.0.0.1:11211}] DEBUG net.spy.memcached.protocol.ascii.AsciiMemcachedNodeImpl  - Setting interested opts to 0
12584 [Memcached IO over {MemcachedConnection to localhost/127.0.0.1:11211}] DEBUG net.spy.memcached.MemcachedConnection  - Done dealing with queue.
12584 [Memcached IO over {MemcachedConnection to localhost/127.0.0.1:11211}] DEBUG net.spy.memcached.MemcachedConnection  - Selecting with delay of 1000ms
12584 [Memcached IO over {MemcachedConnection to localhost/127.0.0.1:11211}] DEBUG net.spy.memcached.MemcachedConnection  - Checked the selectors.
12594 [Test worker] DEBUG net.spy.memcached.MemcachedConnection  - Shut down channel java.nio.channels.SocketChannel[closed]
12594 [Memcached IO over {MemcachedConnection to localhost/127.0.0.1:11211} - SHUTTING DOWN (telling client)] DEBUG net.spy.memcached.MemcachedConnection  - No IO while shut down.
12594 [Memcached IO over {MemcachedConnection to localhost/127.0.0.1:11211} - SHUTTING DOWN (telling client)] DEBUG net.spy.memcached.MemcachedConnection  - No IO while shut down.
12594 [Test worker] DEBUG net.spy.memcached.MemcachedConnection  - Shut down selector sun.nio.ch.KQueueSelectorImpl@79dcb849
12594 [Memcached IO over {MemcachedConnection to localhost/127.0.0.1:11211} - SHUTTING DOWN (telling client)] DEBUG net.spy.memcached.MemcachedConnection  - No IO while shut down.
12594 [Memcached IO over {MemcachedConnection to localhost/127.0.0.1:11211} - SHUTTING DOWN (informed client)] INFO net.spy.memcached.MemcachedConnection  - Shut down memcached client
12595 [Test worker] INFO net.spy.memcached.MemcachedConnection  - Setting retryQueueSize to -1
12595 [Test worker] INFO net.spy.memcached.MemcachedConnection  - Added {QA sa=localhost/127.0.0.1:11211, #Rops=0, #Wops=0, #iq=0, topRop=null, topWop=null, toWrite=0, interested=0} to connect queue
12595 [Test worker] DEBUG net.spy.memcached.DefaultConnectionFactory  - Metric collection disabled.
12595 [Memcached IO over {MemcachedConnection to localhost/127.0.0.1:11211}] DEBUG net.spy.memcached.MemcachedConnection  - Done dealing with queue.
12596 [Memcached IO over {MemcachedConnection to localhost/127.0.0.1:11211}] DEBUG net.spy.memcached.MemcachedConnection  - Selecting with delay of 1000ms
12596 [Memcached IO over {MemcachedConnection to localhost/127.0.0.1:11211}] DEBUG net.spy.memcached.MemcachedConnection  - Checked the selectors.
12596 [Test worker] DEBUG com.nicindustries.hibernate.memcached.spymemcached.SpyMemcache  - MemcachedClient.get(MemcachedCacheTest:index_key)
12596 [Memcached IO over {MemcachedConnection to localhost/127.0.0.1:11211}] DEBUG net.spy.memcached.MemcachedConnection  - Selected 1, selected 1 keys
12596 [Test worker] WARN net.spy.memcached.MemcachedConnection  - Could not redistribute to another node, retrying primary node for MemcachedCacheTest:index_key.
12596 [Memcached IO over {MemcachedConnection to localhost/127.0.0.1:11211}] DEBUG net.spy.memcached.MemcachedConnection  - Handling IO for:  channel=java.nio.channels.SocketChannel[connection-pending remote=localhost/127.0.0.1:11211], selector=sun.nio.ch.KQueueSelectorImpl@56823dd7, interestOps=8, readyOps=8 (r=false, w=false, c=true, op={QA sa=localhost/127.0.0.1:11211, #Rops=0, #Wops=0, #iq=0, topRop=null, topWop=null, toWrite=0, interested=8})
12596 [Memcached IO over {MemcachedConnection to localhost/127.0.0.1:11211}] DEBUG net.spy.memcached.MemcachedConnection  - Connection state changed for channel=java.nio.channels.SocketChannel[connection-pending remote=localhost/127.0.0.1:11211], selector=sun.nio.ch.KQueueSelectorImpl@56823dd7, interestOps=8, readyOps=8
12596 [Test worker] DEBUG net.spy.memcached.MemcachedConnection  - Added Cmd: get Keys: MemcachedCacheTest:index_keyExp: 0 to {QA sa=localhost/127.0.0.1:11211, #Rops=0, #Wops=0, #iq=1, topRop=null, topWop=null, toWrite=0, interested=8}
12596 [Memcached IO over {MemcachedConnection to localhost/127.0.0.1:11211}] DEBUG net.spy.memcached.protocol.ascii.AsciiMemcachedNodeImpl  - Setting interested opts to 0
12596 [Memcached IO over {MemcachedConnection to localhost/127.0.0.1:11211}] DEBUG net.spy.memcached.MemcachedConnection  - Handling queue
12596 [Memcached IO over {MemcachedConnection to localhost/127.0.0.1:11211}] DEBUG net.spy.memcached.protocol.ascii.AsciiMemcachedNodeImpl  - Setting interested opts to 4
12596 [Memcached IO over {MemcachedConnection to localhost/127.0.0.1:11211}] DEBUG net.spy.memcached.MemcachedConnection  - Done dealing with queue.
12596 [Memcached IO over {MemcachedConnection to localhost/127.0.0.1:11211}] DEBUG net.spy.memcached.MemcachedConnection  - Selecting with delay of 1000ms
12596 [Memcached IO over {MemcachedConnection to localhost/127.0.0.1:11211}] DEBUG net.spy.memcached.MemcachedConnection  - Checked the selectors.
12596 [Memcached IO over {MemcachedConnection to localhost/127.0.0.1:11211}] DEBUG net.spy.memcached.MemcachedConnection  - Selected 1, selected 1 keys
12596 [Memcached IO over {MemcachedConnection to localhost/127.0.0.1:11211}] DEBUG net.spy.memcached.MemcachedConnection  - Handling IO for:  channel=java.nio.channels.SocketChannel[connected local=/127.0.0.1:61841 remote=localhost/127.0.0.1:11211], selector=sun.nio.ch.KQueueSelectorImpl@56823dd7, interestOps=4, readyOps=4 (r=false, w=true, c=false, op={QA sa=localhost/127.0.0.1:11211, #Rops=0, #Wops=1, #iq=0, topRop=null, topWop=Cmd: get Keys: MemcachedCacheTest:index_keyExp: 0, toWrite=0, interested=4})
12596 [Memcached IO over {MemcachedConnection to localhost/127.0.0.1:11211}] DEBUG net.spy.memcached.protocol.ascii.GetOperationImpl  - Transitioned state from WRITE_QUEUED to WRITING
12596 [Memcached IO over {MemcachedConnection to localhost/127.0.0.1:11211}] DEBUG net.spy.memcached.protocol.ascii.AsciiMemcachedNodeImpl  - After copying stuff from Cmd: get Keys: MemcachedCacheTest:index_keyExp: 0: java.nio.DirectByteBuffer[pos=34 lim=16384 cap=16384]
12596 [Memcached IO over {MemcachedConnection to localhost/127.0.0.1:11211}] DEBUG net.spy.memcached.protocol.ascii.GetOperationImpl  - Transitioned state from WRITING to READING
12596 [Memcached IO over {MemcachedConnection to localhost/127.0.0.1:11211}] DEBUG net.spy.memcached.protocol.ascii.AsciiMemcachedNodeImpl  - Finished writing Cmd: get Keys: MemcachedCacheTest:index_keyExp: 0
12596 [Memcached IO over {MemcachedConnection to localhost/127.0.0.1:11211}] DEBUG net.spy.memcached.protocol.ascii.AsciiMemcachedNodeImpl  - Wrote 34 bytes
12596 [Memcached IO over {MemcachedConnection to localhost/127.0.0.1:11211}] DEBUG net.spy.memcached.protocol.ascii.AsciiMemcachedNodeImpl  - Setting interested opts to 1
12596 [Memcached IO over {MemcachedConnection to localhost/127.0.0.1:11211}] DEBUG net.spy.memcached.MemcachedConnection  - Done dealing with queue.
12596 [Memcached IO over {MemcachedConnection to localhost/127.0.0.1:11211}] DEBUG net.spy.memcached.MemcachedConnection  - Selecting with delay of 1000ms
12596 [Memcached IO over {MemcachedConnection to localhost/127.0.0.1:11211}] DEBUG net.spy.memcached.MemcachedConnection  - Checked the selectors.
12608 [Memcached IO over {MemcachedConnection to localhost/127.0.0.1:11211}] DEBUG net.spy.memcached.MemcachedConnection  - Selected 1, selected 1 keys
12609 [Memcached IO over {MemcachedConnection to localhost/127.0.0.1:11211}] DEBUG net.spy.memcached.MemcachedConnection  - Handling IO for:  channel=java.nio.channels.SocketChannel[connected local=/127.0.0.1:61841 remote=localhost/127.0.0.1:11211], selector=sun.nio.ch.KQueueSelectorImpl@56823dd7, interestOps=1, readyOps=1 (r=true, w=false, c=false, op={QA sa=localhost/127.0.0.1:11211, #Rops=1, #Wops=0, #iq=0, topRop=Cmd: get Keys: MemcachedCacheTest:index_keyExp: 0, topWop=null, toWrite=0, interested=1})
12609 [Memcached IO over {MemcachedConnection to localhost/127.0.0.1:11211}] DEBUG net.spy.memcached.MemcachedConnection  - Read 49 bytes
12609 [Memcached IO over {MemcachedConnection to localhost/127.0.0.1:11211}] DEBUG net.spy.memcached.protocol.ascii.GetOperationImpl  - Got line VALUE MemcachedCacheTest:index_key 0 2
12609 [Memcached IO over {MemcachedConnection to localhost/127.0.0.1:11211}] DEBUG net.spy.memcached.protocol.ascii.GetOperationImpl  - Set read type to data
12609 [Memcached IO over {MemcachedConnection to localhost/127.0.0.1:11211}] DEBUG net.spy.memcached.protocol.ascii.GetOperationImpl  - readOffset: 0, length: 2
12609 [Memcached IO over {MemcachedConnection to localhost/127.0.0.1:11211}] DEBUG net.spy.memcached.protocol.ascii.GetOperationImpl  - Reading 2 bytes
12609 [Memcached IO over {MemcachedConnection to localhost/127.0.0.1:11211}] DEBUG net.spy.memcached.protocol.ascii.GetOperationImpl  - Setting read type back to line.
12609 [Memcached IO over {MemcachedConnection to localhost/127.0.0.1:11211}] DEBUG net.spy.memcached.protocol.ascii.GetOperationImpl  - Get complete!
12609 [Memcached IO over {MemcachedConnection to localhost/127.0.0.1:11211}] DEBUG net.spy.memcached.protocol.ascii.GetOperationImpl  - Transitioned state from READING to COMPLETE
12609 [Memcached IO over {MemcachedConnection to localhost/127.0.0.1:11211}] DEBUG net.spy.memcached.MemcachedConnection  - Completed read op: Cmd: get Keys: MemcachedCacheTest:index_keyExp: 0 and giving the next 0 bytes
12609 [Memcached IO over {MemcachedConnection to localhost/127.0.0.1:11211}] DEBUG net.spy.memcached.protocol.ascii.AsciiMemcachedNodeImpl  - Setting interested opts to 0
12609 [Memcached IO over {MemcachedConnection to localhost/127.0.0.1:11211}] DEBUG net.spy.memcached.MemcachedConnection  - Done dealing with queue.
12609 [Memcached IO over {MemcachedConnection to localhost/127.0.0.1:11211}] DEBUG net.spy.memcached.MemcachedConnection  - Selecting with delay of 1000ms
12609 [Memcached IO over {MemcachedConnection to localhost/127.0.0.1:11211}] DEBUG net.spy.memcached.MemcachedConnection  - Checked the selectors.
12609 [Test worker] DEBUG com.nicindustries.hibernate.memcached.keystrategy.Sha1KeyStrategy  - Final cache key: [c1cf7a5411c419ac3b30d5e22ab9fcdde21ff2f2]
12609 [Test worker] DEBUG com.nicindustries.hibernate.memcached.MemcachedCache  - Memcache.set(c1cf7a5411c419ac3b30d5e22ab9fcdde21ff2f2)
12609 [Test worker] DEBUG com.nicindustries.hibernate.memcached.spymemcached.SpyMemcache  - MemcachedClient.set(c1cf7a5411c419ac3b30d5e22ab9fcdde21ff2f2)
12609 [Test worker] DEBUG net.spy.memcached.MemcachedConnection  - Added Cmd: set Key: c1cf7a5411c419ac3b30d5e22ab9fcdde21ff2f2 Flags: 0 Exp: 300 Data Length: 5 to {QA sa=localhost/127.0.0.1:11211, #Rops=0, #Wops=0, #iq=1, topRop=null, topWop=null, toWrite=0, interested=0}
12609 [Memcached IO over {MemcachedConnection to localhost/127.0.0.1:11211}] DEBUG net.spy.memcached.MemcachedConnection  - No selectors ready, interrupted: false
12609 [Memcached IO over {MemcachedConnection to localhost/127.0.0.1:11211}] DEBUG net.spy.memcached.MemcachedConnection  - Handling queue
12609 [Memcached IO over {MemcachedConnection to localhost/127.0.0.1:11211}] DEBUG net.spy.memcached.protocol.ascii.AsciiMemcachedNodeImpl  - Setting interested opts to 4
12609 [Memcached IO over {MemcachedConnection to localhost/127.0.0.1:11211}] DEBUG net.spy.memcached.MemcachedConnection  - Done dealing with queue.
12609 [Memcached IO over {MemcachedConnection to localhost/127.0.0.1:11211}] DEBUG net.spy.memcached.MemcachedConnection  - Selecting with delay of 1000ms
12609 [Memcached IO over {MemcachedConnection to localhost/127.0.0.1:11211}] DEBUG net.spy.memcached.MemcachedConnection  - Checked the selectors.
12609 [Memcached IO over {MemcachedConnection to localhost/127.0.0.1:11211}] DEBUG net.spy.memcached.MemcachedConnection  - Selected 1, selected 1 keys
12609 [Memcached IO over {MemcachedConnection to localhost/127.0.0.1:11211}] DEBUG net.spy.memcached.MemcachedConnection  - Handling IO for:  channel=java.nio.channels.SocketChannel[connected local=/127.0.0.1:61841 remote=localhost/127.0.0.1:11211], selector=sun.nio.ch.KQueueSelectorImpl@56823dd7, interestOps=4, readyOps=4 (r=false, w=true, c=false, op={QA sa=localhost/127.0.0.1:11211, #Rops=0, #Wops=1, #iq=0, topRop=null, topWop=Cmd: set Key: c1cf7a5411c419ac3b30d5e22ab9fcdde21ff2f2 Flags: 0 Exp: 300 Data Length: 5, toWrite=0, interested=4})
12609 [Memcached IO over {MemcachedConnection to localhost/127.0.0.1:11211}] DEBUG net.spy.memcached.protocol.ascii.StoreOperationImpl  - Transitioned state from WRITE_QUEUED to WRITING
12609 [Memcached IO over {MemcachedConnection to localhost/127.0.0.1:11211}] DEBUG net.spy.memcached.protocol.ascii.AsciiMemcachedNodeImpl  - After copying stuff from Cmd: set Key: c1cf7a5411c419ac3b30d5e22ab9fcdde21ff2f2 Flags: 0 Exp: 300 Data Length: 5: java.nio.DirectByteBuffer[pos=61 lim=16384 cap=16384]
12609 [Memcached IO over {MemcachedConnection to localhost/127.0.0.1:11211}] DEBUG net.spy.memcached.protocol.ascii.StoreOperationImpl  - Transitioned state from WRITING to READING
12609 [Memcached IO over {MemcachedConnection to localhost/127.0.0.1:11211}] DEBUG net.spy.memcached.protocol.ascii.AsciiMemcachedNodeImpl  - Finished writing Cmd: set Key: c1cf7a5411c419ac3b30d5e22ab9fcdde21ff2f2 Flags: 0 Exp: 300 Data Length: 5
12609 [Memcached IO over {MemcachedConnection to localhost/127.0.0.1:11211}] DEBUG net.spy.memcached.protocol.ascii.AsciiMemcachedNodeImpl  - Wrote 61 bytes
12609 [Memcached IO over {MemcachedConnection to localhost/127.0.0.1:11211}] DEBUG net.spy.memcached.protocol.ascii.AsciiMemcachedNodeImpl  - Setting interested opts to 1
12609 [Memcached IO over {MemcachedConnection to localhost/127.0.0.1:11211}] DEBUG net.spy.memcached.MemcachedConnection  - Done dealing with queue.
12609 [Memcached IO over {MemcachedConnection to localhost/127.0.0.1:11211}] DEBUG net.spy.memcached.MemcachedConnection  - Selecting with delay of 1000ms
12609 [Memcached IO over {MemcachedConnection to localhost/127.0.0.1:11211}] DEBUG net.spy.memcached.MemcachedConnection  - Checked the selectors.
12611 [Memcached IO over {MemcachedConnection to localhost/127.0.0.1:11211}] DEBUG net.spy.memcached.MemcachedConnection  - Selected 1, selected 1 keys
12611 [Memcached IO over {MemcachedConnection to localhost/127.0.0.1:11211}] DEBUG net.spy.memcached.MemcachedConnection  - Handling IO for:  channel=java.nio.channels.SocketChannel[connected local=/127.0.0.1:61841 remote=localhost/127.0.0.1:11211], selector=sun.nio.ch.KQueueSelectorImpl@56823dd7, interestOps=1, readyOps=1 (r=true, w=false, c=false, op={QA sa=localhost/127.0.0.1:11211, #Rops=1, #Wops=0, #iq=0, topRop=Cmd: set Key: c1cf7a5411c419ac3b30d5e22ab9fcdde21ff2f2 Flags: 0 Exp: 300 Data Length: 5, topWop=null, toWrite=0, interested=1})
12611 [Memcached IO over {MemcachedConnection to localhost/127.0.0.1:11211}] DEBUG net.spy.memcached.MemcachedConnection  - Read 8 bytes
12611 [Memcached IO over {MemcachedConnection to localhost/127.0.0.1:11211}] DEBUG net.spy.memcached.protocol.ascii.StoreOperationImpl  - Transitioned state from READING to COMPLETE
12611 [Memcached IO over {MemcachedConnection to localhost/127.0.0.1:11211}] DEBUG net.spy.memcached.MemcachedConnection  - Completed read op: Cmd: set Key: c1cf7a5411c419ac3b30d5e22ab9fcdde21ff2f2 Flags: 0 Exp: 300 Data Length: 5 and giving the next 0 bytes
12611 [Memcached IO over {MemcachedConnection to localhost/127.0.0.1:11211}] DEBUG net.spy.memcached.protocol.ascii.AsciiMemcachedNodeImpl  - Setting interested opts to 0
12611 [Memcached IO over {MemcachedConnection to localhost/127.0.0.1:11211}] DEBUG net.spy.memcached.MemcachedConnection  - Done dealing with queue.
12611 [Memcached IO over {MemcachedConnection to localhost/127.0.0.1:11211}] DEBUG net.spy.memcached.MemcachedConnection  - Selecting with delay of 1000ms
12611 [Memcached IO over {MemcachedConnection to localhost/127.0.0.1:11211}] DEBUG net.spy.memcached.MemcachedConnection  - Checked the selectors.
12655 [Memcached IO over {MemcachedConnection to localhost/127.0.0.1:11211}] DEBUG net.spy.memcached.MemcachedConnection  - Done dealing with queue.
12655 [Memcached IO over {MemcachedConnection to localhost/127.0.0.1:11211}] DEBUG net.spy.memcached.MemcachedConnection  - Selecting with delay of 1000ms
12655 [Memcached IO over {MemcachedConnection to localhost/127.0.0.1:11211}] DEBUG net.spy.memcached.MemcachedConnection  - Checked the selectors.
12708 [Memcached IO over {MemcachedConnection to localhost/127.0.0.1:11211}] DEBUG net.spy.memcached.MemcachedConnection  - Done dealing with queue.
12708 [Memcached IO over {MemcachedConnection to localhost/127.0.0.1:11211}] DEBUG net.spy.memcached.MemcachedConnection  - Selecting with delay of 1000ms
12708 [Memcached IO over {MemcachedConnection to localhost/127.0.0.1:11211}] DEBUG net.spy.memcached.MemcachedConnection  - Checked the selectors.
12714 [Test worker] DEBUG com.nicindustries.hibernate.memcached.spymemcached.SpyMemcache  - MemcachedClient.get(MemcachedCacheTest:index_key)
12715 [Test worker] DEBUG net.spy.memcached.MemcachedConnection  - Added Cmd: get Keys: MemcachedCacheTest:index_keyExp: 0 to {QA sa=localhost/127.0.0.1:11211, #Rops=0, #Wops=0, #iq=1, topRop=null, topWop=null, toWrite=0, interested=0}
12715 [Memcached IO over {MemcachedConnection to localhost/127.0.0.1:11211}] DEBUG net.spy.memcached.MemcachedConnection  - No selectors ready, interrupted: false
12715 [Memcached IO over {MemcachedConnection to localhost/127.0.0.1:11211}] DEBUG net.spy.memcached.MemcachedConnection  - Handling queue
12715 [Memcached IO over {MemcachedConnection to localhost/127.0.0.1:11211}] DEBUG net.spy.memcached.protocol.ascii.AsciiMemcachedNodeImpl  - Setting interested opts to 4
12715 [Memcached IO over {MemcachedConnection to localhost/127.0.0.1:11211}] DEBUG net.spy.memcached.MemcachedConnection  - Done dealing with queue.
12715 [Memcached IO over {MemcachedConnection to localhost/127.0.0.1:11211}] DEBUG net.spy.memcached.MemcachedConnection  - Selecting with delay of 1000ms
12715 [Memcached IO over {MemcachedConnection to localhost/127.0.0.1:11211}] DEBUG net.spy.memcached.MemcachedConnection  - Checked the selectors.
12715 [Memcached IO over {MemcachedConnection to localhost/127.0.0.1:11211}] DEBUG net.spy.memcached.MemcachedConnection  - Selected 1, selected 1 keys
12715 [Memcached IO over {MemcachedConnection to localhost/127.0.0.1:11211}] DEBUG net.spy.memcached.MemcachedConnection  - Handling IO for:  channel=java.nio.channels.SocketChannel[connected local=/127.0.0.1:61841 remote=localhost/127.0.0.1:11211], selector=sun.nio.ch.KQueueSelectorImpl@56823dd7, interestOps=4, readyOps=4 (r=false, w=true, c=false, op={QA sa=localhost/127.0.0.1:11211, #Rops=0, #Wops=1, #iq=0, topRop=null, topWop=Cmd: get Keys: MemcachedCacheTest:index_keyExp: 0, toWrite=0, interested=4})
12715 [Memcached IO over {MemcachedConnection to localhost/127.0.0.1:11211}] DEBUG net.spy.memcached.protocol.ascii.GetOperationImpl  - Transitioned state from WRITE_QUEUED to WRITING
12716 [Memcached IO over {MemcachedConnection to localhost/127.0.0.1:11211}] DEBUG net.spy.memcached.protocol.ascii.AsciiMemcachedNodeImpl  - After copying stuff from Cmd: get Keys: MemcachedCacheTest:index_keyExp: 0: java.nio.DirectByteBuffer[pos=34 lim=16384 cap=16384]
12716 [Memcached IO over {MemcachedConnection to localhost/127.0.0.1:11211}] DEBUG net.spy.memcached.protocol.ascii.GetOperationImpl  - Transitioned state from WRITING to READING
12716 [Memcached IO over {MemcachedConnection to localhost/127.0.0.1:11211}] DEBUG net.spy.memcached.protocol.ascii.AsciiMemcachedNodeImpl  - Finished writing Cmd: get Keys: MemcachedCacheTest:index_keyExp: 0
12716 [Memcached IO over {MemcachedConnection to localhost/127.0.0.1:11211}] DEBUG net.spy.memcached.protocol.ascii.AsciiMemcachedNodeImpl  - Wrote 34 bytes
12716 [Memcached IO over {MemcachedConnection to localhost/127.0.0.1:11211}] DEBUG net.spy.memcached.protocol.ascii.AsciiMemcachedNodeImpl  - Setting interested opts to 1
12716 [Memcached IO over {MemcachedConnection to localhost/127.0.0.1:11211}] DEBUG net.spy.memcached.MemcachedConnection  - Done dealing with queue.
12716 [Memcached IO over {MemcachedConnection to localhost/127.0.0.1:11211}] DEBUG net.spy.memcached.MemcachedConnection  - Selecting with delay of 1000ms
12716 [Memcached IO over {MemcachedConnection to localhost/127.0.0.1:11211}] DEBUG net.spy.memcached.MemcachedConnection  - Checked the selectors.
12725 [Memcached IO over {MemcachedConnection to localhost/127.0.0.1:11211}] DEBUG net.spy.memcached.MemcachedConnection  - Selected 1, selected 1 keys
12726 [Memcached IO over {MemcachedConnection to localhost/127.0.0.1:11211}] DEBUG net.spy.memcached.MemcachedConnection  - Handling IO for:  channel=java.nio.channels.SocketChannel[connected local=/127.0.0.1:61841 remote=localhost/127.0.0.1:11211], selector=sun.nio.ch.KQueueSelectorImpl@56823dd7, interestOps=1, readyOps=1 (r=true, w=false, c=false, op={QA sa=localhost/127.0.0.1:11211, #Rops=1, #Wops=0, #iq=0, topRop=Cmd: get Keys: MemcachedCacheTest:index_keyExp: 0, topWop=null, toWrite=0, interested=1})
12726 [Memcached IO over {MemcachedConnection to localhost/127.0.0.1:11211}] DEBUG net.spy.memcached.MemcachedConnection  - Read 49 bytes
12726 [Memcached IO over {MemcachedConnection to localhost/127.0.0.1:11211}] DEBUG net.spy.memcached.protocol.ascii.GetOperationImpl  - Got line VALUE MemcachedCacheTest:index_key 0 2
12726 [Memcached IO over {MemcachedConnection to localhost/127.0.0.1:11211}] DEBUG net.spy.memcached.protocol.ascii.GetOperationImpl  - Set read type to data
12726 [Memcached IO over {MemcachedConnection to localhost/127.0.0.1:11211}] DEBUG net.spy.memcached.protocol.ascii.GetOperationImpl  - readOffset: 0, length: 2
12726 [Memcached IO over {MemcachedConnection to localhost/127.0.0.1:11211}] DEBUG net.spy.memcached.protocol.ascii.GetOperationImpl  - Reading 2 bytes
12726 [Memcached IO over {MemcachedConnection to localhost/127.0.0.1:11211}] DEBUG net.spy.memcached.protocol.ascii.GetOperationImpl  - Setting read type back to line.
12726 [Memcached IO over {MemcachedConnection to localhost/127.0.0.1:11211}] DEBUG net.spy.memcached.protocol.ascii.GetOperationImpl  - Get complete!
12726 [Memcached IO over {MemcachedConnection to localhost/127.0.0.1:11211}] DEBUG net.spy.memcached.protocol.ascii.GetOperationImpl  - Transitioned state from READING to COMPLETE
12726 [Memcached IO over {MemcachedConnection to localhost/127.0.0.1:11211}] DEBUG net.spy.memcached.MemcachedConnection  - Completed read op: Cmd: get Keys: MemcachedCacheTest:index_keyExp: 0 and giving the next 0 bytes
12726 [Memcached IO over {MemcachedConnection to localhost/127.0.0.1:11211}] DEBUG net.spy.memcached.protocol.ascii.AsciiMemcachedNodeImpl  - Setting interested opts to 0
12726 [Memcached IO over {MemcachedConnection to localhost/127.0.0.1:11211}] DEBUG net.spy.memcached.MemcachedConnection  - Done dealing with queue.
12726 [Memcached IO over {MemcachedConnection to localhost/127.0.0.1:11211}] DEBUG net.spy.memcached.MemcachedConnection  - Selecting with delay of 1000ms
12726 [Memcached IO over {MemcachedConnection to localhost/127.0.0.1:11211}] DEBUG net.spy.memcached.MemcachedConnection  - Checked the selectors.
12727 [Test worker] DEBUG com.nicindustries.hibernate.memcached.keystrategy.Sha1KeyStrategy  - Final cache key: [c1cf7a5411c419ac3b30d5e22ab9fcdde21ff2f2]
12727 [Test worker] DEBUG com.nicindustries.hibernate.memcached.MemcachedCache  - Memcache.get(c1cf7a5411c419ac3b30d5e22ab9fcdde21ff2f2)
12727 [Test worker] DEBUG com.nicindustries.hibernate.memcached.spymemcached.SpyMemcache  - MemcachedClient.get(c1cf7a5411c419ac3b30d5e22ab9fcdde21ff2f2)
12727 [Test worker] DEBUG net.spy.memcached.MemcachedConnection  - Added Cmd: get Keys: c1cf7a5411c419ac3b30d5e22ab9fcdde21ff2f2Exp: 0 to {QA sa=localhost/127.0.0.1:11211, #Rops=0, #Wops=0, #iq=1, topRop=null, topWop=null, toWrite=0, interested=0}
12728 [Memcached IO over {MemcachedConnection to localhost/127.0.0.1:11211}] DEBUG net.spy.memcached.MemcachedConnection  - No selectors ready, interrupted: false
12728 [Memcached IO over {MemcachedConnection to localhost/127.0.0.1:11211}] DEBUG net.spy.memcached.MemcachedConnection  - Handling queue
12728 [Memcached IO over {MemcachedConnection to localhost/127.0.0.1:11211}] DEBUG net.spy.memcached.protocol.ascii.AsciiMemcachedNodeImpl  - Setting interested opts to 4
12728 [Memcached IO over {MemcachedConnection to localhost/127.0.0.1:11211}] DEBUG net.spy.memcached.MemcachedConnection  - Done dealing with queue.
12728 [Memcached IO over {MemcachedConnection to localhost/127.0.0.1:11211}] DEBUG net.spy.memcached.MemcachedConnection  - Selecting with delay of 1000ms
12728 [Memcached IO over {MemcachedConnection to localhost/127.0.0.1:11211}] DEBUG net.spy.memcached.MemcachedConnection  - Checked the selectors.
12728 [Memcached IO over {MemcachedConnection to localhost/127.0.0.1:11211}] DEBUG net.spy.memcached.MemcachedConnection  - Selected 1, selected 1 keys
12728 [Memcached IO over {MemcachedConnection to localhost/127.0.0.1:11211}] DEBUG net.spy.memcached.MemcachedConnection  - Handling IO for:  channel=java.nio.channels.SocketChannel[connected local=/127.0.0.1:61841 remote=localhost/127.0.0.1:11211], selector=sun.nio.ch.KQueueSelectorImpl@56823dd7, interestOps=4, readyOps=4 (r=false, w=true, c=false, op={QA sa=localhost/127.0.0.1:11211, #Rops=0, #Wops=1, #iq=0, topRop=null, topWop=Cmd: get Keys: c1cf7a5411c419ac3b30d5e22ab9fcdde21ff2f2Exp: 0, toWrite=0, interested=4})
12728 [Memcached IO over {MemcachedConnection to localhost/127.0.0.1:11211}] DEBUG net.spy.memcached.protocol.ascii.GetOperationImpl  - Transitioned state from WRITE_QUEUED to WRITING
12728 [Memcached IO over {MemcachedConnection to localhost/127.0.0.1:11211}] DEBUG net.spy.memcached.protocol.ascii.AsciiMemcachedNodeImpl  - After copying stuff from Cmd: get Keys: c1cf7a5411c419ac3b30d5e22ab9fcdde21ff2f2Exp: 0: java.nio.DirectByteBuffer[pos=46 lim=16384 cap=16384]
12728 [Memcached IO over {MemcachedConnection to localhost/127.0.0.1:11211}] DEBUG net.spy.memcached.protocol.ascii.GetOperationImpl  - Transitioned state from WRITING to READING
12728 [Memcached IO over {MemcachedConnection to localhost/127.0.0.1:11211}] DEBUG net.spy.memcached.protocol.ascii.AsciiMemcachedNodeImpl  - Finished writing Cmd: get Keys: c1cf7a5411c419ac3b30d5e22ab9fcdde21ff2f2Exp: 0
12729 [Memcached IO over {MemcachedConnection to localhost/127.0.0.1:11211}] DEBUG net.spy.memcached.protocol.ascii.AsciiMemcachedNodeImpl  - Wrote 46 bytes
12729 [Memcached IO over {MemcachedConnection to localhost/127.0.0.1:11211}] DEBUG net.spy.memcached.protocol.ascii.AsciiMemcachedNodeImpl  - Setting interested opts to 1
12729 [Memcached IO over {MemcachedConnection to localhost/127.0.0.1:11211}] DEBUG net.spy.memcached.MemcachedConnection  - Done dealing with queue.
12729 [Memcached IO over {MemcachedConnection to localhost/127.0.0.1:11211}] DEBUG net.spy.memcached.MemcachedConnection  - Selecting with delay of 1000ms
12729 [Memcached IO over {MemcachedConnection to localhost/127.0.0.1:11211}] DEBUG net.spy.memcached.MemcachedConnection  - Checked the selectors.
12738 [Memcached IO over {MemcachedConnection to localhost/127.0.0.1:11211}] DEBUG net.spy.memcached.MemcachedConnection  - Selected 1, selected 1 keys
12738 [Memcached IO over {MemcachedConnection to localhost/127.0.0.1:11211}] DEBUG net.spy.memcached.MemcachedConnection  - Handling IO for:  channel=java.nio.channels.SocketChannel[connected local=/127.0.0.1:61841 remote=localhost/127.0.0.1:11211], selector=sun.nio.ch.KQueueSelectorImpl@56823dd7, interestOps=1, readyOps=1 (r=true, w=false, c=false, op={QA sa=localhost/127.0.0.1:11211, #Rops=1, #Wops=0, #iq=0, topRop=Cmd: get Keys: c1cf7a5411c419ac3b30d5e22ab9fcdde21ff2f2Exp: 0, topWop=null, toWrite=0, interested=1})
12738 [Memcached IO over {MemcachedConnection to localhost/127.0.0.1:11211}] DEBUG net.spy.memcached.MemcachedConnection  - Read 64 bytes
12738 [Memcached IO over {MemcachedConnection to localhost/127.0.0.1:11211}] DEBUG net.spy.memcached.protocol.ascii.GetOperationImpl  - Got line VALUE c1cf7a5411c419ac3b30d5e22ab9fcdde21ff2f2 0 5
12738 [Memcached IO over {MemcachedConnection to localhost/127.0.0.1:11211}] DEBUG net.spy.memcached.protocol.ascii.GetOperationImpl  - Set read type to data
12738 [Memcached IO over {MemcachedConnection to localhost/127.0.0.1:11211}] DEBUG net.spy.memcached.protocol.ascii.GetOperationImpl  - readOffset: 0, length: 5
12738 [Memcached IO over {MemcachedConnection to localhost/127.0.0.1:11211}] DEBUG net.spy.memcached.protocol.ascii.GetOperationImpl  - Reading 5 bytes
12738 [Memcached IO over {MemcachedConnection to localhost/127.0.0.1:11211}] DEBUG net.spy.memcached.protocol.ascii.GetOperationImpl  - Setting read type back to line.
12738 [Memcached IO over {MemcachedConnection to localhost/127.0.0.1:11211}] DEBUG net.spy.memcached.protocol.ascii.GetOperationImpl  - Get complete!
12738 [Memcached IO over {MemcachedConnection to localhost/127.0.0.1:11211}] DEBUG net.spy.memcached.protocol.ascii.GetOperationImpl  - Transitioned state from READING to COMPLETE
12738 [Memcached IO over {MemcachedConnection to localhost/127.0.0.1:11211}] DEBUG net.spy.memcached.MemcachedConnection  - Completed read op: Cmd: get Keys: c1cf7a5411c419ac3b30d5e22ab9fcdde21ff2f2Exp: 0 and giving the next 0 bytes
12738 [Memcached IO over {MemcachedConnection to localhost/127.0.0.1:11211}] DEBUG net.spy.memcached.protocol.ascii.AsciiMemcachedNodeImpl  - Setting interested opts to 0
12738 [Memcached IO over {MemcachedConnection to localhost/127.0.0.1:11211}] DEBUG net.spy.memcached.MemcachedConnection  - Done dealing with queue.
12738 [Memcached IO over {MemcachedConnection to localhost/127.0.0.1:11211}] DEBUG net.spy.memcached.MemcachedConnection  - Selecting with delay of 1000ms
12738 [Memcached IO over {MemcachedConnection to localhost/127.0.0.1:11211}] DEBUG net.spy.memcached.MemcachedConnection  - Checked the selectors.
12740 [Test worker] DEBUG net.spy.memcached.MemcachedConnection  - Added Cmd: incr Key: MemcachedCacheTest:index_key Amount: 1 to {QA sa=localhost/127.0.0.1:11211, #Rops=0, #Wops=0, #iq=1, topRop=null, topWop=null, toWrite=0, interested=0}
12740 [Memcached IO over {MemcachedConnection to localhost/127.0.0.1:11211}] DEBUG net.spy.memcached.MemcachedConnection  - No selectors ready, interrupted: false
12740 [Memcached IO over {MemcachedConnection to localhost/127.0.0.1:11211}] DEBUG net.spy.memcached.MemcachedConnection  - Handling queue
12740 [Memcached IO over {MemcachedConnection to localhost/127.0.0.1:11211}] DEBUG net.spy.memcached.protocol.ascii.AsciiMemcachedNodeImpl  - Setting interested opts to 4
12740 [Memcached IO over {MemcachedConnection to localhost/127.0.0.1:11211}] DEBUG net.spy.memcached.MemcachedConnection  - Done dealing with queue.
12740 [Memcached IO over {MemcachedConnection to localhost/127.0.0.1:11211}] DEBUG net.spy.memcached.MemcachedConnection  - Selecting with delay of 1000ms
12740 [Memcached IO over {MemcachedConnection to localhost/127.0.0.1:11211}] DEBUG net.spy.memcached.MemcachedConnection  - Checked the selectors.
12740 [Memcached IO over {MemcachedConnection to localhost/127.0.0.1:11211}] DEBUG net.spy.memcached.MemcachedConnection  - Selected 1, selected 1 keys
12740 [Memcached IO over {MemcachedConnection to localhost/127.0.0.1:11211}] DEBUG net.spy.memcached.MemcachedConnection  - Handling IO for:  channel=java.nio.channels.SocketChannel[connected local=/127.0.0.1:61841 remote=localhost/127.0.0.1:11211], selector=sun.nio.ch.KQueueSelectorImpl@56823dd7, interestOps=4, readyOps=4 (r=false, w=true, c=false, op={QA sa=localhost/127.0.0.1:11211, #Rops=0, #Wops=1, #iq=0, topRop=null, topWop=Cmd: incr Key: MemcachedCacheTest:index_key Amount: 1, toWrite=0, interested=4})
12740 [Memcached IO over {MemcachedConnection to localhost/127.0.0.1:11211}] DEBUG net.spy.memcached.protocol.ascii.MutatorOperationImpl  - Transitioned state from WRITE_QUEUED to WRITING
12740 [Memcached IO over {MemcachedConnection to localhost/127.0.0.1:11211}] DEBUG net.spy.memcached.protocol.ascii.AsciiMemcachedNodeImpl  - After copying stuff from Cmd: incr Key: MemcachedCacheTest:index_key Amount: 1: java.nio.DirectByteBuffer[pos=37 lim=16384 cap=16384]
12740 [Memcached IO over {MemcachedConnection to localhost/127.0.0.1:11211}] DEBUG net.spy.memcached.protocol.ascii.MutatorOperationImpl  - Transitioned state from WRITING to READING
12740 [Memcached IO over {MemcachedConnection to localhost/127.0.0.1:11211}] DEBUG net.spy.memcached.protocol.ascii.AsciiMemcachedNodeImpl  - Finished writing Cmd: incr Key: MemcachedCacheTest:index_key Amount: 1
12740 [Memcached IO over {MemcachedConnection to localhost/127.0.0.1:11211}] DEBUG net.spy.memcached.protocol.ascii.AsciiMemcachedNodeImpl  - Wrote 37 bytes
12740 [Memcached IO over {MemcachedConnection to localhost/127.0.0.1:11211}] DEBUG net.spy.memcached.protocol.ascii.AsciiMemcachedNodeImpl  - Setting interested opts to 1
12740 [Memcached IO over {MemcachedConnection to localhost/127.0.0.1:11211}] DEBUG net.spy.memcached.MemcachedConnection  - Done dealing with queue.
12740 [Memcached IO over {MemcachedConnection to localhost/127.0.0.1:11211}] DEBUG net.spy.memcached.MemcachedConnection  - Selecting with delay of 1000ms
12740 [Memcached IO over {MemcachedConnection to localhost/127.0.0.1:11211}] DEBUG net.spy.memcached.MemcachedConnection  - Checked the selectors.
12742 [Memcached IO over {MemcachedConnection to localhost/127.0.0.1:11211}] DEBUG net.spy.memcached.MemcachedConnection  - Selected 1, selected 1 keys
12742 [Memcached IO over {MemcachedConnection to localhost/127.0.0.1:11211}] DEBUG net.spy.memcached.MemcachedConnection  - Handling IO for:  channel=java.nio.channels.SocketChannel[connected local=/127.0.0.1:61841 remote=localhost/127.0.0.1:11211], selector=sun.nio.ch.KQueueSelectorImpl@56823dd7, interestOps=1, readyOps=1 (r=true, w=false, c=false, op={QA sa=localhost/127.0.0.1:11211, #Rops=1, #Wops=0, #iq=0, topRop=Cmd: incr Key: MemcachedCacheTest:index_key Amount: 1, topWop=null, toWrite=0, interested=1})
12742 [Memcached IO over {MemcachedConnection to localhost/127.0.0.1:11211}] DEBUG net.spy.memcached.MemcachedConnection  - Read 4 bytes
12742 [Memcached IO over {MemcachedConnection to localhost/127.0.0.1:11211}] DEBUG net.spy.memcached.protocol.ascii.MutatorOperationImpl  - Result:  31
12743 [Memcached IO over {MemcachedConnection to localhost/127.0.0.1:11211}] DEBUG net.spy.memcached.protocol.ascii.MutatorOperationImpl  - Transitioned state from READING to COMPLETE
12743 [Memcached IO over {MemcachedConnection to localhost/127.0.0.1:11211}] DEBUG net.spy.memcached.MemcachedConnection  - Completed read op: Cmd: incr Key: MemcachedCacheTest:index_key Amount: 1 and giving the next 0 bytes
12743 [Memcached IO over {MemcachedConnection to localhost/127.0.0.1:11211}] DEBUG net.spy.memcached.protocol.ascii.AsciiMemcachedNodeImpl  - Setting interested opts to 0
12743 [Memcached IO over {MemcachedConnection to localhost/127.0.0.1:11211}] DEBUG net.spy.memcached.MemcachedConnection  - Done dealing with queue.
12743 [Memcached IO over {MemcachedConnection to localhost/127.0.0.1:11211}] DEBUG net.spy.memcached.MemcachedConnection  - Selecting with delay of 1000ms
12743 [Memcached IO over {MemcachedConnection to localhost/127.0.0.1:11211}] DEBUG net.spy.memcached.MemcachedConnection  - Checked the selectors.
12743 [Test worker] DEBUG net.spy.memcached.MemcachedClient  - Mutation returned 31
12786 [Memcached IO over {MemcachedConnection to localhost/127.0.0.1:11211}] DEBUG net.spy.memcached.MemcachedConnection  - Done dealing with queue.
12786 [Memcached IO over {MemcachedConnection to localhost/127.0.0.1:11211}] DEBUG net.spy.memcached.MemcachedConnection  - Selecting with delay of 1000ms
12786 [Memcached IO over {MemcachedConnection to localhost/127.0.0.1:11211}] DEBUG net.spy.memcached.MemcachedConnection  - Checked the selectors.
12848 [Test worker] DEBUG com.nicindustries.hibernate.memcached.spymemcached.SpyMemcache  - MemcachedClient.get(MemcachedCacheTest:index_key)
12848 [Test worker] DEBUG net.spy.memcached.MemcachedConnection  - Added Cmd: get Keys: MemcachedCacheTest:index_keyExp: 0 to {QA sa=localhost/127.0.0.1:11211, #Rops=0, #Wops=0, #iq=1, topRop=null, topWop=null, toWrite=0, interested=0}
12848 [Memcached IO over {MemcachedConnection to localhost/127.0.0.1:11211}] DEBUG net.spy.memcached.MemcachedConnection  - No selectors ready, interrupted: false
12848 [Memcached IO over {MemcachedConnection to localhost/127.0.0.1:11211}] DEBUG net.spy.memcached.MemcachedConnection  - Handling queue
12848 [Memcached IO over {MemcachedConnection to localhost/127.0.0.1:11211}] DEBUG net.spy.memcached.protocol.ascii.AsciiMemcachedNodeImpl  - Setting interested opts to 4
12848 [Memcached IO over {MemcachedConnection to localhost/127.0.0.1:11211}] DEBUG net.spy.memcached.MemcachedConnection  - Done dealing with queue.
12848 [Memcached IO over {MemcachedConnection to localhost/127.0.0.1:11211}] DEBUG net.spy.memcached.MemcachedConnection  - Selecting with delay of 1000ms
12848 [Memcached IO over {MemcachedConnection to localhost/127.0.0.1:11211}] DEBUG net.spy.memcached.MemcachedConnection  - Checked the selectors.
12848 [Memcached IO over {MemcachedConnection to localhost/127.0.0.1:11211}] DEBUG net.spy.memcached.MemcachedConnection  - Selected 1, selected 1 keys
12848 [Memcached IO over {MemcachedConnection to localhost/127.0.0.1:11211}] DEBUG net.spy.memcached.MemcachedConnection  - Handling IO for:  channel=java.nio.channels.SocketChannel[connected local=/127.0.0.1:61841 remote=localhost/127.0.0.1:11211], selector=sun.nio.ch.KQueueSelectorImpl@56823dd7, interestOps=4, readyOps=4 (r=false, w=true, c=false, op={QA sa=localhost/127.0.0.1:11211, #Rops=0, #Wops=1, #iq=0, topRop=null, topWop=Cmd: get Keys: MemcachedCacheTest:index_keyExp: 0, toWrite=0, interested=4})
12848 [Memcached IO over {MemcachedConnection to localhost/127.0.0.1:11211}] DEBUG net.spy.memcached.protocol.ascii.GetOperationImpl  - Transitioned state from WRITE_QUEUED to WRITING
12848 [Memcached IO over {MemcachedConnection to localhost/127.0.0.1:11211}] DEBUG net.spy.memcached.protocol.ascii.AsciiMemcachedNodeImpl  - After copying stuff from Cmd: get Keys: MemcachedCacheTest:index_keyExp: 0: java.nio.DirectByteBuffer[pos=34 lim=16384 cap=16384]
12849 [Memcached IO over {MemcachedConnection to localhost/127.0.0.1:11211}] DEBUG net.spy.memcached.protocol.ascii.GetOperationImpl  - Transitioned state from WRITING to READING
12849 [Memcached IO over {MemcachedConnection to localhost/127.0.0.1:11211}] DEBUG net.spy.memcached.protocol.ascii.AsciiMemcachedNodeImpl  - Finished writing Cmd: get Keys: MemcachedCacheTest:index_keyExp: 0
12849 [Memcached IO over {MemcachedConnection to localhost/127.0.0.1:11211}] DEBUG net.spy.memcached.protocol.ascii.AsciiMemcachedNodeImpl  - Wrote 34 bytes
12849 [Memcached IO over {MemcachedConnection to localhost/127.0.0.1:11211}] DEBUG net.spy.memcached.protocol.ascii.AsciiMemcachedNodeImpl  - Setting interested opts to 1
12849 [Memcached IO over {MemcachedConnection to localhost/127.0.0.1:11211}] DEBUG net.spy.memcached.MemcachedConnection  - Done dealing with queue.
12849 [Memcached IO over {MemcachedConnection to localhost/127.0.0.1:11211}] DEBUG net.spy.memcached.MemcachedConnection  - Selecting with delay of 1000ms
12849 [Memcached IO over {MemcachedConnection to localhost/127.0.0.1:11211}] DEBUG net.spy.memcached.MemcachedConnection  - Checked the selectors.
12853 [Memcached IO over {MemcachedConnection to localhost/127.0.0.1:11211}] DEBUG net.spy.memcached.MemcachedConnection  - Selected 1, selected 1 keys
12853 [Memcached IO over {MemcachedConnection to localhost/127.0.0.1:11211}] DEBUG net.spy.memcached.MemcachedConnection  - Handling IO for:  channel=java.nio.channels.SocketChannel[connected local=/127.0.0.1:61841 remote=localhost/127.0.0.1:11211], selector=sun.nio.ch.KQueueSelectorImpl@56823dd7, interestOps=1, readyOps=1 (r=true, w=false, c=false, op={QA sa=localhost/127.0.0.1:11211, #Rops=1, #Wops=0, #iq=0, topRop=Cmd: get Keys: MemcachedCacheTest:index_keyExp: 0, topWop=null, toWrite=0, interested=1})
12853 [Memcached IO over {MemcachedConnection to localhost/127.0.0.1:11211}] DEBUG net.spy.memcached.MemcachedConnection  - Read 49 bytes
12854 [Memcached IO over {MemcachedConnection to localhost/127.0.0.1:11211}] DEBUG net.spy.memcached.protocol.ascii.GetOperationImpl  - Got line VALUE MemcachedCacheTest:index_key 0 2
12854 [Memcached IO over {MemcachedConnection to localhost/127.0.0.1:11211}] DEBUG net.spy.memcached.protocol.ascii.GetOperationImpl  - Set read type to data
12854 [Memcached IO over {MemcachedConnection to localhost/127.0.0.1:11211}] DEBUG net.spy.memcached.protocol.ascii.GetOperationImpl  - readOffset: 0, length: 2
12854 [Memcached IO over {MemcachedConnection to localhost/127.0.0.1:11211}] DEBUG net.spy.memcached.protocol.ascii.GetOperationImpl  - Reading 2 bytes
12854 [Memcached IO over {MemcachedConnection to localhost/127.0.0.1:11211}] DEBUG net.spy.memcached.protocol.ascii.GetOperationImpl  - Setting read type back to line.
12854 [Memcached IO over {MemcachedConnection to localhost/127.0.0.1:11211}] DEBUG net.spy.memcached.protocol.ascii.GetOperationImpl  - Get complete!
12854 [Memcached IO over {MemcachedConnection to localhost/127.0.0.1:11211}] DEBUG net.spy.memcached.protocol.ascii.GetOperationImpl  - Transitioned state from READING to COMPLETE
12854 [Memcached IO over {MemcachedConnection to localhost/127.0.0.1:11211}] DEBUG net.spy.memcached.MemcachedConnection  - Completed read op: Cmd: get Keys: MemcachedCacheTest:index_keyExp: 0 and giving the next 0 bytes
12854 [Memcached IO over {MemcachedConnection to localhost/127.0.0.1:11211}] DEBUG net.spy.memcached.protocol.ascii.AsciiMemcachedNodeImpl  - Setting interested opts to 0
12854 [Memcached IO over {MemcachedConnection to localhost/127.0.0.1:11211}] DEBUG net.spy.memcached.MemcachedConnection  - Done dealing with queue.
12854 [Memcached IO over {MemcachedConnection to localhost/127.0.0.1:11211}] DEBUG net.spy.memcached.MemcachedConnection  - Selecting with delay of 1000ms
12854 [Memcached IO over {MemcachedConnection to localhost/127.0.0.1:11211}] DEBUG net.spy.memcached.MemcachedConnection  - Checked the selectors.
12854 [Test worker] DEBUG com.nicindustries.hibernate.memcached.keystrategy.Sha1KeyStrategy  - Final cache key: [fddb0700ef0f7f08bc81a175dbc61be4f8adccc5]
12854 [Test worker] DEBUG com.nicindustries.hibernate.memcached.MemcachedCache  - Memcache.get(fddb0700ef0f7f08bc81a175dbc61be4f8adccc5)
12854 [Test worker] DEBUG com.nicindustries.hibernate.memcached.spymemcached.SpyMemcache  - MemcachedClient.get(fddb0700ef0f7f08bc81a175dbc61be4f8adccc5)
12854 [Test worker] DEBUG net.spy.memcached.MemcachedConnection  - Added Cmd: get Keys: fddb0700ef0f7f08bc81a175dbc61be4f8adccc5Exp: 0 to {QA sa=localhost/127.0.0.1:11211, #Rops=0, #Wops=0, #iq=1, topRop=null, topWop=null, toWrite=0, interested=0}
12855 [Memcached IO over {MemcachedConnection to localhost/127.0.0.1:11211}] DEBUG net.spy.memcached.MemcachedConnection  - No selectors ready, interrupted: false
12855 [Memcached IO over {MemcachedConnection to localhost/127.0.0.1:11211}] DEBUG net.spy.memcached.MemcachedConnection  - Handling queue
12855 [Memcached IO over {MemcachedConnection to localhost/127.0.0.1:11211}] DEBUG net.spy.memcached.protocol.ascii.AsciiMemcachedNodeImpl  - Setting interested opts to 4
12855 [Memcached IO over {MemcachedConnection to localhost/127.0.0.1:11211}] DEBUG net.spy.memcached.MemcachedConnection  - Done dealing with queue.
12855 [Memcached IO over {MemcachedConnection to localhost/127.0.0.1:11211}] DEBUG net.spy.memcached.MemcachedConnection  - Selecting with delay of 1000ms
12855 [Memcached IO over {MemcachedConnection to localhost/127.0.0.1:11211}] DEBUG net.spy.memcached.MemcachedConnection  - Checked the selectors.
12855 [Memcached IO over {MemcachedConnection to localhost/127.0.0.1:11211}] DEBUG net.spy.memcached.MemcachedConnection  - Selected 1, selected 1 keys
12855 [Memcached IO over {MemcachedConnection to localhost/127.0.0.1:11211}] DEBUG net.spy.memcached.MemcachedConnection  - Handling IO for:  channel=java.nio.channels.SocketChannel[connected local=/127.0.0.1:61841 remote=localhost/127.0.0.1:11211], selector=sun.nio.ch.KQueueSelectorImpl@56823dd7, interestOps=4, readyOps=4 (r=false, w=true, c=false, op={QA sa=localhost/127.0.0.1:11211, #Rops=0, #Wops=1, #iq=0, topRop=null, topWop=Cmd: get Keys: fddb0700ef0f7f08bc81a175dbc61be4f8adccc5Exp: 0, toWrite=0, interested=4})
12855 [Memcached IO over {MemcachedConnection to localhost/127.0.0.1:11211}] DEBUG net.spy.memcached.protocol.ascii.GetOperationImpl  - Transitioned state from WRITE_QUEUED to WRITING
12855 [Memcached IO over {MemcachedConnection to localhost/127.0.0.1:11211}] DEBUG net.spy.memcached.protocol.ascii.AsciiMemcachedNodeImpl  - After copying stuff from Cmd: get Keys: fddb0700ef0f7f08bc81a175dbc61be4f8adccc5Exp: 0: java.nio.DirectByteBuffer[pos=46 lim=16384 cap=16384]
12855 [Memcached IO over {MemcachedConnection to localhost/127.0.0.1:11211}] DEBUG net.spy.memcached.protocol.ascii.GetOperationImpl  - Transitioned state from WRITING to READING
12855 [Memcached IO over {MemcachedConnection to localhost/127.0.0.1:11211}] DEBUG net.spy.memcached.protocol.ascii.AsciiMemcachedNodeImpl  - Finished writing Cmd: get Keys: fddb0700ef0f7f08bc81a175dbc61be4f8adccc5Exp: 0
12855 [Memcached IO over {MemcachedConnection to localhost/127.0.0.1:11211}] DEBUG net.spy.memcached.protocol.ascii.AsciiMemcachedNodeImpl  - Wrote 46 bytes
12855 [Memcached IO over {MemcachedConnection to localhost/127.0.0.1:11211}] DEBUG net.spy.memcached.protocol.ascii.AsciiMemcachedNodeImpl  - Setting interested opts to 1
12855 [Memcached IO over {MemcachedConnection to localhost/127.0.0.1:11211}] DEBUG net.spy.memcached.MemcachedConnection  - Done dealing with queue.
12855 [Memcached IO over {MemcachedConnection to localhost/127.0.0.1:11211}] DEBUG net.spy.memcached.MemcachedConnection  - Selecting with delay of 1000ms
12856 [Memcached IO over {MemcachedConnection to localhost/127.0.0.1:11211}] DEBUG net.spy.memcached.MemcachedConnection  - Checked the selectors.
12858 [Memcached IO over {MemcachedConnection to localhost/127.0.0.1:11211}] DEBUG net.spy.memcached.MemcachedConnection  - Selected 1, selected 1 keys
12859 [Memcached IO over {MemcachedConnection to localhost/127.0.0.1:11211}] DEBUG net.spy.memcached.MemcachedConnection  - Handling IO for:  channel=java.nio.channels.SocketChannel[connected local=/127.0.0.1:61841 remote=localhost/127.0.0.1:11211], selector=sun.nio.ch.KQueueSelectorImpl@56823dd7, interestOps=1, readyOps=1 (r=true, w=false, c=false, op={QA sa=localhost/127.0.0.1:11211, #Rops=1, #Wops=0, #iq=0, topRop=Cmd: get Keys: fddb0700ef0f7f08bc81a175dbc61be4f8adccc5Exp: 0, topWop=null, toWrite=0, interested=1})
12859 [Memcached IO over {MemcachedConnection to localhost/127.0.0.1:11211}] DEBUG net.spy.memcached.MemcachedConnection  - Read 5 bytes
12859 [Memcached IO over {MemcachedConnection to localhost/127.0.0.1:11211}] DEBUG net.spy.memcached.protocol.ascii.GetOperationImpl  - Get complete!
12859 [Memcached IO over {MemcachedConnection to localhost/127.0.0.1:11211}] DEBUG net.spy.memcached.protocol.ascii.GetOperationImpl  - Transitioned state from READING to COMPLETE
12859 [Memcached IO over {MemcachedConnection to localhost/127.0.0.1:11211}] DEBUG net.spy.memcached.MemcachedConnection  - Completed read op: Cmd: get Keys: fddb0700ef0f7f08bc81a175dbc61be4f8adccc5Exp: 0 and giving the next 0 bytes
12859 [Memcached IO over {MemcachedConnection to localhost/127.0.0.1:11211}] DEBUG net.spy.memcached.protocol.ascii.AsciiMemcachedNodeImpl  - Setting interested opts to 0
12859 [Memcached IO over {MemcachedConnection to localhost/127.0.0.1:11211}] DEBUG net.spy.memcached.MemcachedConnection  - Done dealing with queue.
12859 [Memcached IO over {MemcachedConnection to localhost/127.0.0.1:11211}] DEBUG net.spy.memcached.MemcachedConnection  - Selecting with delay of 1000ms
12859 [Memcached IO over {MemcachedConnection to localhost/127.0.0.1:11211}] DEBUG net.spy.memcached.MemcachedConnection  - Checked the selectors.
12859 [Test worker] DEBUG net.spy.memcached.MemcachedConnection  - Shut down channel java.nio.channels.SocketChannel[closed]
12859 [Memcached IO over {MemcachedConnection to localhost/127.0.0.1:11211} - SHUTTING DOWN (telling client)] DEBUG net.spy.memcached.MemcachedConnection  - No IO while shut down.
12859 [Memcached IO over {MemcachedConnection to localhost/127.0.0.1:11211} - SHUTTING DOWN (telling client)] DEBUG net.spy.memcached.MemcachedConnection  - No IO while shut down.
12859 [Memcached IO over {MemcachedConnection to localhost/127.0.0.1:11211} - SHUTTING DOWN (telling client)] DEBUG net.spy.memcached.MemcachedConnection  - No IO while shut down.
12859 [Test worker] DEBUG net.spy.memcached.MemcachedConnection  - Shut down selector sun.nio.ch.KQueueSelectorImpl@56823dd7
12859 [Memcached IO over {MemcachedConnection to localhost/127.0.0.1:11211} - SHUTTING DOWN (telling client)] DEBUG net.spy.memcached.MemcachedConnection  - No IO while shut down.
12859 [Memcached IO over {MemcachedConnection to localhost/127.0.0.1:11211} - SHUTTING DOWN (informed client)] INFO net.spy.memcached.MemcachedConnection  - Shut down memcached client
12860 [Test worker] INFO net.spy.memcached.MemcachedConnection  - Setting retryQueueSize to -1
12860 [Test worker] INFO net.spy.memcached.MemcachedConnection  - Added {QA sa=localhost/127.0.0.1:11211, #Rops=0, #Wops=0, #iq=0, topRop=null, topWop=null, toWrite=0, interested=0} to connect queue
12861 [Test worker] DEBUG net.spy.memcached.DefaultConnectionFactory  - Metric collection disabled.
12867 [Test worker] DEBUG com.nicindustries.hibernate.memcached.keystrategy.Sha1KeyStrategy  - Final cache key: [fec90a5a5d79dfb8d92342a444a96ce7b95525d7]
12867 [Test worker] DEBUG com.nicindustries.hibernate.memcached.MemcachedCache  - Memcache.set(fec90a5a5d79dfb8d92342a444a96ce7b95525d7)
12867 [Test worker] DEBUG com.nicindustries.hibernate.memcached.spymemcached.SpyMemcache  - MemcachedClient.set(fec90a5a5d79dfb8d92342a444a96ce7b95525d7)
12867 [Test worker] WARN net.spy.memcached.MemcachedConnection  - Could not redistribute to another node, retrying primary node for fec90a5a5d79dfb8d92342a444a96ce7b95525d7.
12867 [Memcached IO over {MemcachedConnection to localhost/127.0.0.1:11211}] DEBUG net.spy.memcached.MemcachedConnection  - Done dealing with queue.
12868 [Memcached IO over {MemcachedConnection to localhost/127.0.0.1:11211}] DEBUG net.spy.memcached.MemcachedConnection  - Selecting with delay of 1000ms
12868 [Test worker] DEBUG net.spy.memcached.MemcachedConnection  - Added Cmd: set Key: fec90a5a5d79dfb8d92342a444a96ce7b95525d7 Flags: 0 Exp: 300 Data Length: 5 to {QA sa=localhost/127.0.0.1:11211, #Rops=0, #Wops=0, #iq=1, topRop=null, topWop=null, toWrite=0, interested=8}
12868 [Memcached IO over {MemcachedConnection to localhost/127.0.0.1:11211}] DEBUG net.spy.memcached.MemcachedConnection  - Checked the selectors.
12868 [Memcached IO over {MemcachedConnection to localhost/127.0.0.1:11211}] DEBUG net.spy.memcached.MemcachedConnection  - Selected 1, selected 1 keys
12868 [Memcached IO over {MemcachedConnection to localhost/127.0.0.1:11211}] DEBUG net.spy.memcached.MemcachedConnection  - Handling IO for:  channel=java.nio.channels.SocketChannel[connection-pending remote=localhost/127.0.0.1:11211], selector=sun.nio.ch.KQueueSelectorImpl@59f9253d, interestOps=8, readyOps=8 (r=false, w=false, c=true, op={QA sa=localhost/127.0.0.1:11211, #Rops=0, #Wops=0, #iq=1, topRop=null, topWop=null, toWrite=0, interested=8})
12868 [Memcached IO over {MemcachedConnection to localhost/127.0.0.1:11211}] DEBUG net.spy.memcached.MemcachedConnection  - Connection state changed for channel=java.nio.channels.SocketChannel[connection-pending remote=localhost/127.0.0.1:11211], selector=sun.nio.ch.KQueueSelectorImpl@59f9253d, interestOps=8, readyOps=8
12868 [Memcached IO over {MemcachedConnection to localhost/127.0.0.1:11211}] DEBUG net.spy.memcached.protocol.ascii.AsciiMemcachedNodeImpl  - Setting interested opts to 0
12868 [Memcached IO over {MemcachedConnection to localhost/127.0.0.1:11211}] DEBUG net.spy.memcached.MemcachedConnection  - Handling queue
12868 [Memcached IO over {MemcachedConnection to localhost/127.0.0.1:11211}] DEBUG net.spy.memcached.protocol.ascii.AsciiMemcachedNodeImpl  - Setting interested opts to 4
12868 [Memcached IO over {MemcachedConnection to localhost/127.0.0.1:11211}] DEBUG net.spy.memcached.MemcachedConnection  - Done dealing with queue.
12868 [Memcached IO over {MemcachedConnection to localhost/127.0.0.1:11211}] DEBUG net.spy.memcached.MemcachedConnection  - Selecting with delay of 1000ms
12868 [Memcached IO over {MemcachedConnection to localhost/127.0.0.1:11211}] DEBUG net.spy.memcached.MemcachedConnection  - Checked the selectors.
12868 [Memcached IO over {MemcachedConnection to localhost/127.0.0.1:11211}] DEBUG net.spy.memcached.MemcachedConnection  - Selected 1, selected 1 keys
12868 [Memcached IO over {MemcachedConnection to localhost/127.0.0.1:11211}] DEBUG net.spy.memcached.MemcachedConnection  - Handling IO for:  channel=java.nio.channels.SocketChannel[connected local=/127.0.0.1:61844 remote=localhost/127.0.0.1:11211], selector=sun.nio.ch.KQueueSelectorImpl@59f9253d, interestOps=4, readyOps=4 (r=false, w=true, c=false, op={QA sa=localhost/127.0.0.1:11211, #Rops=0, #Wops=1, #iq=0, topRop=null, topWop=Cmd: set Key: fec90a5a5d79dfb8d92342a444a96ce7b95525d7 Flags: 0 Exp: 300 Data Length: 5, toWrite=0, interested=4})
12868 [Memcached IO over {MemcachedConnection to localhost/127.0.0.1:11211}] DEBUG net.spy.memcached.protocol.ascii.StoreOperationImpl  - Transitioned state from WRITE_QUEUED to WRITING
12868 [Memcached IO over {MemcachedConnection to localhost/127.0.0.1:11211}] DEBUG net.spy.memcached.protocol.ascii.AsciiMemcachedNodeImpl  - After copying stuff from Cmd: set Key: fec90a5a5d79dfb8d92342a444a96ce7b95525d7 Flags: 0 Exp: 300 Data Length: 5: java.nio.DirectByteBuffer[pos=61 lim=16384 cap=16384]
12868 [Memcached IO over {MemcachedConnection to localhost/127.0.0.1:11211}] DEBUG net.spy.memcached.protocol.ascii.StoreOperationImpl  - Transitioned state from WRITING to READING
12868 [Memcached IO over {MemcachedConnection to localhost/127.0.0.1:11211}] DEBUG net.spy.memcached.protocol.ascii.AsciiMemcachedNodeImpl  - Finished writing Cmd: set Key: fec90a5a5d79dfb8d92342a444a96ce7b95525d7 Flags: 0 Exp: 300 Data Length: 5
12868 [Memcached IO over {MemcachedConnection to localhost/127.0.0.1:11211}] DEBUG net.spy.memcached.protocol.ascii.AsciiMemcachedNodeImpl  - Wrote 61 bytes
12868 [Memcached IO over {MemcachedConnection to localhost/127.0.0.1:11211}] DEBUG net.spy.memcached.protocol.ascii.AsciiMemcachedNodeImpl  - Setting interested opts to 1
12868 [Memcached IO over {MemcachedConnection to localhost/127.0.0.1:11211}] DEBUG net.spy.memcached.MemcachedConnection  - Done dealing with queue.
12868 [Memcached IO over {MemcachedConnection to localhost/127.0.0.1:11211}] DEBUG net.spy.memcached.MemcachedConnection  - Selecting with delay of 1000ms
12868 [Memcached IO over {MemcachedConnection to localhost/127.0.0.1:11211}] DEBUG net.spy.memcached.MemcachedConnection  - Checked the selectors.
12874 [Memcached IO over {MemcachedConnection to localhost/127.0.0.1:11211}] DEBUG net.spy.memcached.MemcachedConnection  - Selected 1, selected 1 keys
12874 [Memcached IO over {MemcachedConnection to localhost/127.0.0.1:11211}] DEBUG net.spy.memcached.MemcachedConnection  - Handling IO for:  channel=java.nio.channels.SocketChannel[connected local=/127.0.0.1:61844 remote=localhost/127.0.0.1:11211], selector=sun.nio.ch.KQueueSelectorImpl@59f9253d, interestOps=1, readyOps=1 (r=true, w=false, c=false, op={QA sa=localhost/127.0.0.1:11211, #Rops=1, #Wops=0, #iq=0, topRop=Cmd: set Key: fec90a5a5d79dfb8d92342a444a96ce7b95525d7 Flags: 0 Exp: 300 Data Length: 5, topWop=null, toWrite=0, interested=1})
12874 [Memcached IO over {MemcachedConnection to localhost/127.0.0.1:11211}] DEBUG net.spy.memcached.MemcachedConnection  - Read 8 bytes
12874 [Memcached IO over {MemcachedConnection to localhost/127.0.0.1:11211}] DEBUG net.spy.memcached.protocol.ascii.StoreOperationImpl  - Transitioned state from READING to COMPLETE
12874 [Memcached IO over {MemcachedConnection to localhost/127.0.0.1:11211}] DEBUG net.spy.memcached.MemcachedConnection  - Completed read op: Cmd: set Key: fec90a5a5d79dfb8d92342a444a96ce7b95525d7 Flags: 0 Exp: 300 Data Length: 5 and giving the next 0 bytes
12874 [Memcached IO over {MemcachedConnection to localhost/127.0.0.1:11211}] DEBUG net.spy.memcached.protocol.ascii.AsciiMemcachedNodeImpl  - Setting interested opts to 0
12874 [Memcached IO over {MemcachedConnection to localhost/127.0.0.1:11211}] DEBUG net.spy.memcached.MemcachedConnection  - Done dealing with queue.
12874 [Memcached IO over {MemcachedConnection to localhost/127.0.0.1:11211}] DEBUG net.spy.memcached.MemcachedConnection  - Selecting with delay of 1000ms
12874 [Memcached IO over {MemcachedConnection to localhost/127.0.0.1:11211}] DEBUG net.spy.memcached.MemcachedConnection  - Checked the selectors.
12970 [Test worker] DEBUG com.nicindustries.hibernate.memcached.keystrategy.Sha1KeyStrategy  - Final cache key: [fec90a5a5d79dfb8d92342a444a96ce7b95525d7]
12970 [Test worker] DEBUG com.nicindustries.hibernate.memcached.MemcachedCache  - Memcache.get(fec90a5a5d79dfb8d92342a444a96ce7b95525d7)
12970 [Test worker] DEBUG com.nicindustries.hibernate.memcached.spymemcached.SpyMemcache  - MemcachedClient.get(fec90a5a5d79dfb8d92342a444a96ce7b95525d7)
12970 [Test worker] DEBUG net.spy.memcached.MemcachedConnection  - Added Cmd: get Keys: fec90a5a5d79dfb8d92342a444a96ce7b95525d7Exp: 0 to {QA sa=localhost/127.0.0.1:11211, #Rops=0, #Wops=0, #iq=1, topRop=null, topWop=null, toWrite=0, interested=0}
12971 [Memcached IO over {MemcachedConnection to localhost/127.0.0.1:11211}] DEBUG net.spy.memcached.MemcachedConnection  - No selectors ready, interrupted: false
12971 [Memcached IO over {MemcachedConnection to localhost/127.0.0.1:11211}] DEBUG net.spy.memcached.MemcachedConnection  - Handling queue
12971 [Memcached IO over {MemcachedConnection to localhost/127.0.0.1:11211}] DEBUG net.spy.memcached.protocol.ascii.AsciiMemcachedNodeImpl  - Setting interested opts to 4
12971 [Memcached IO over {MemcachedConnection to localhost/127.0.0.1:11211}] DEBUG net.spy.memcached.MemcachedConnection  - Done dealing with queue.
12971 [Memcached IO over {MemcachedConnection to localhost/127.0.0.1:11211}] DEBUG net.spy.memcached.MemcachedConnection  - Selecting with delay of 1000ms
12971 [Memcached IO over {MemcachedConnection to localhost/127.0.0.1:11211}] DEBUG net.spy.memcached.MemcachedConnection  - Checked the selectors.
12971 [Memcached IO over {MemcachedConnection to localhost/127.0.0.1:11211}] DEBUG net.spy.memcached.MemcachedConnection  - Selected 1, selected 1 keys
12971 [Memcached IO over {MemcachedConnection to localhost/127.0.0.1:11211}] DEBUG net.spy.memcached.MemcachedConnection  - Handling IO for:  channel=java.nio.channels.SocketChannel[connected local=/127.0.0.1:61844 remote=localhost/127.0.0.1:11211], selector=sun.nio.ch.KQueueSelectorImpl@59f9253d, interestOps=4, readyOps=4 (r=false, w=true, c=false, op={QA sa=localhost/127.0.0.1:11211, #Rops=0, #Wops=1, #iq=0, topRop=null, topWop=Cmd: get Keys: fec90a5a5d79dfb8d92342a444a96ce7b95525d7Exp: 0, toWrite=0, interested=4})
12971 [Memcached IO over {MemcachedConnection to localhost/127.0.0.1:11211}] DEBUG net.spy.memcached.protocol.ascii.GetOperationImpl  - Transitioned state from WRITE_QUEUED to WRITING
12971 [Memcached IO over {MemcachedConnection to localhost/127.0.0.1:11211}] DEBUG net.spy.memcached.protocol.ascii.AsciiMemcachedNodeImpl  - After copying stuff from Cmd: get Keys: fec90a5a5d79dfb8d92342a444a96ce7b95525d7Exp: 0: java.nio.DirectByteBuffer[pos=46 lim=16384 cap=16384]
12971 [Memcached IO over {MemcachedConnection to localhost/127.0.0.1:11211}] DEBUG net.spy.memcached.protocol.ascii.GetOperationImpl  - Transitioned state from WRITING to READING
12971 [Memcached IO over {MemcachedConnection to localhost/127.0.0.1:11211}] DEBUG net.spy.memcached.protocol.ascii.AsciiMemcachedNodeImpl  - Finished writing Cmd: get Keys: fec90a5a5d79dfb8d92342a444a96ce7b95525d7Exp: 0
12972 [Memcached IO over {MemcachedConnection to localhost/127.0.0.1:11211}] DEBUG net.spy.memcached.protocol.ascii.AsciiMemcachedNodeImpl  - Wrote 46 bytes
12972 [Memcached IO over {MemcachedConnection to localhost/127.0.0.1:11211}] DEBUG net.spy.memcached.protocol.ascii.AsciiMemcachedNodeImpl  - Setting interested opts to 1
12972 [Memcached IO over {MemcachedConnection to localhost/127.0.0.1:11211}] DEBUG net.spy.memcached.MemcachedConnection  - Done dealing with queue.
12972 [Memcached IO over {MemcachedConnection to localhost/127.0.0.1:11211}] DEBUG net.spy.memcached.MemcachedConnection  - Selecting with delay of 1000ms
12972 [Memcached IO over {MemcachedConnection to localhost/127.0.0.1:11211}] DEBUG net.spy.memcached.MemcachedConnection  - Checked the selectors.
12976 [Memcached IO over {MemcachedConnection to localhost/127.0.0.1:11211}] DEBUG net.spy.memcached.MemcachedConnection  - Selected 1, selected 1 keys
12976 [Memcached IO over {MemcachedConnection to localhost/127.0.0.1:11211}] DEBUG net.spy.memcached.MemcachedConnection  - Handling IO for:  channel=java.nio.channels.SocketChannel[connected local=/127.0.0.1:61844 remote=localhost/127.0.0.1:11211], selector=sun.nio.ch.KQueueSelectorImpl@59f9253d, interestOps=1, readyOps=1 (r=true, w=false, c=false, op={QA sa=localhost/127.0.0.1:11211, #Rops=1, #Wops=0, #iq=0, topRop=Cmd: get Keys: fec90a5a5d79dfb8d92342a444a96ce7b95525d7Exp: 0, topWop=null, toWrite=0, interested=1})
12976 [Memcached IO over {MemcachedConnection to localhost/127.0.0.1:11211}] DEBUG net.spy.memcached.MemcachedConnection  - Read 64 bytes
12976 [Memcached IO over {MemcachedConnection to localhost/127.0.0.1:11211}] DEBUG net.spy.memcached.protocol.ascii.GetOperationImpl  - Got line VALUE fec90a5a5d79dfb8d92342a444a96ce7b95525d7 0 5
12976 [Memcached IO over {MemcachedConnection to localhost/127.0.0.1:11211}] DEBUG net.spy.memcached.protocol.ascii.GetOperationImpl  - Set read type to data
12976 [Memcached IO over {MemcachedConnection to localhost/127.0.0.1:11211}] DEBUG net.spy.memcached.protocol.ascii.GetOperationImpl  - readOffset: 0, length: 5
12976 [Memcached IO over {MemcachedConnection to localhost/127.0.0.1:11211}] DEBUG net.spy.memcached.protocol.ascii.GetOperationImpl  - Reading 5 bytes
12976 [Memcached IO over {MemcachedConnection to localhost/127.0.0.1:11211}] DEBUG net.spy.memcached.protocol.ascii.GetOperationImpl  - Setting read type back to line.
12976 [Memcached IO over {MemcachedConnection to localhost/127.0.0.1:11211}] DEBUG net.spy.memcached.protocol.ascii.GetOperationImpl  - Get complete!
12976 [Memcached IO over {MemcachedConnection to localhost/127.0.0.1:11211}] DEBUG net.spy.memcached.protocol.ascii.GetOperationImpl  - Transitioned state from READING to COMPLETE
12976 [Memcached IO over {MemcachedConnection to localhost/127.0.0.1:11211}] DEBUG net.spy.memcached.MemcachedConnection  - Completed read op: Cmd: get Keys: fec90a5a5d79dfb8d92342a444a96ce7b95525d7Exp: 0 and giving the next 0 bytes
12977 [Memcached IO over {MemcachedConnection to localhost/127.0.0.1:11211}] DEBUG net.spy.memcached.protocol.ascii.AsciiMemcachedNodeImpl  - Setting interested opts to 0
12977 [Memcached IO over {MemcachedConnection to localhost/127.0.0.1:11211}] DEBUG net.spy.memcached.MemcachedConnection  - Done dealing with queue.
12977 [Memcached IO over {MemcachedConnection to localhost/127.0.0.1:11211}] DEBUG net.spy.memcached.MemcachedConnection  - Selecting with delay of 1000ms
12977 [Memcached IO over {MemcachedConnection to localhost/127.0.0.1:11211}] DEBUG net.spy.memcached.MemcachedConnection  - Checked the selectors.
13087 [Test worker] DEBUG com.nicindustries.hibernate.memcached.keystrategy.Sha1KeyStrategy  - Final cache key: [fec90a5a5d79dfb8d92342a444a96ce7b95525d7]
13088 [Test worker] DEBUG com.nicindustries.hibernate.memcached.MemcachedCache  - Memcache.get(fec90a5a5d79dfb8d92342a444a96ce7b95525d7)
13088 [Test worker] DEBUG com.nicindustries.hibernate.memcached.spymemcached.SpyMemcache  - MemcachedClient.get(fec90a5a5d79dfb8d92342a444a96ce7b95525d7)
13089 [Test worker] DEBUG net.spy.memcached.MemcachedConnection  - Added Cmd: get Keys: fec90a5a5d79dfb8d92342a444a96ce7b95525d7Exp: 0 to {QA sa=localhost/127.0.0.1:11211, #Rops=0, #Wops=0, #iq=1, topRop=null, topWop=null, toWrite=0, interested=0}
13090 [Memcached IO over {MemcachedConnection to localhost/127.0.0.1:11211}] DEBUG net.spy.memcached.MemcachedConnection  - No selectors ready, interrupted: false
13090 [Memcached IO over {MemcachedConnection to localhost/127.0.0.1:11211}] DEBUG net.spy.memcached.MemcachedConnection  - Handling queue
13091 [Memcached IO over {MemcachedConnection to localhost/127.0.0.1:11211}] DEBUG net.spy.memcached.protocol.ascii.AsciiMemcachedNodeImpl  - Setting interested opts to 4
13091 [Memcached IO over {MemcachedConnection to localhost/127.0.0.1:11211}] DEBUG net.spy.memcached.MemcachedConnection  - Done dealing with queue.
13091 [Memcached IO over {MemcachedConnection to localhost/127.0.0.1:11211}] DEBUG net.spy.memcached.MemcachedConnection  - Selecting with delay of 1000ms
13091 [Memcached IO over {MemcachedConnection to localhost/127.0.0.1:11211}] DEBUG net.spy.memcached.MemcachedConnection  - Checked the selectors.
13091 [Memcached IO over {MemcachedConnection to localhost/127.0.0.1:11211}] DEBUG net.spy.memcached.MemcachedConnection  - Selected 1, selected 1 keys
13091 [Memcached IO over {MemcachedConnection to localhost/127.0.0.1:11211}] DEBUG net.spy.memcached.MemcachedConnection  - Handling IO for:  channel=java.nio.channels.SocketChannel[connected local=/127.0.0.1:61844 remote=localhost/127.0.0.1:11211], selector=sun.nio.ch.KQueueSelectorImpl@59f9253d, interestOps=4, readyOps=4 (r=false, w=true, c=false, op={QA sa=localhost/127.0.0.1:11211, #Rops=0, #Wops=1, #iq=0, topRop=null, topWop=Cmd: get Keys: fec90a5a5d79dfb8d92342a444a96ce7b95525d7Exp: 0, toWrite=0, interested=4})
13091 [Memcached IO over {MemcachedConnection to localhost/127.0.0.1:11211}] DEBUG net.spy.memcached.protocol.ascii.GetOperationImpl  - Transitioned state from WRITE_QUEUED to WRITING
13091 [Memcached IO over {MemcachedConnection to localhost/127.0.0.1:11211}] DEBUG net.spy.memcached.protocol.ascii.AsciiMemcachedNodeImpl  - After copying stuff from Cmd: get Keys: fec90a5a5d79dfb8d92342a444a96ce7b95525d7Exp: 0: java.nio.DirectByteBuffer[pos=46 lim=16384 cap=16384]
13091 [Memcached IO over {MemcachedConnection to localhost/127.0.0.1:11211}] DEBUG net.spy.memcached.protocol.ascii.GetOperationImpl  - Transitioned state from WRITING to READING
13091 [Memcached IO over {MemcachedConnection to localhost/127.0.0.1:11211}] DEBUG net.spy.memcached.protocol.ascii.AsciiMemcachedNodeImpl  - Finished writing Cmd: get Keys: fec90a5a5d79dfb8d92342a444a96ce7b95525d7Exp: 0
13092 [Memcached IO over {MemcachedConnection to localhost/127.0.0.1:11211}] DEBUG net.spy.memcached.protocol.ascii.AsciiMemcachedNodeImpl  - Wrote 46 bytes
13092 [Memcached IO over {MemcachedConnection to localhost/127.0.0.1:11211}] DEBUG net.spy.memcached.protocol.ascii.AsciiMemcachedNodeImpl  - Setting interested opts to 1
13092 [Memcached IO over {MemcachedConnection to localhost/127.0.0.1:11211}] DEBUG net.spy.memcached.MemcachedConnection  - Done dealing with queue.
13092 [Memcached IO over {MemcachedConnection to localhost/127.0.0.1:11211}] DEBUG net.spy.memcached.MemcachedConnection  - Selecting with delay of 1000ms
13092 [Memcached IO over {MemcachedConnection to localhost/127.0.0.1:11211}] DEBUG net.spy.memcached.MemcachedConnection  - Checked the selectors.
13108 [Memcached IO over {MemcachedConnection to localhost/127.0.0.1:11211}] DEBUG net.spy.memcached.MemcachedConnection  - Selected 1, selected 1 keys
13108 [Memcached IO over {MemcachedConnection to localhost/127.0.0.1:11211}] DEBUG net.spy.memcached.MemcachedConnection  - Handling IO for:  channel=java.nio.channels.SocketChannel[connected local=/127.0.0.1:61844 remote=localhost/127.0.0.1:11211], selector=sun.nio.ch.KQueueSelectorImpl@59f9253d, interestOps=1, readyOps=1 (r=true, w=false, c=false, op={QA sa=localhost/127.0.0.1:11211, #Rops=1, #Wops=0, #iq=0, topRop=Cmd: get Keys: fec90a5a5d79dfb8d92342a444a96ce7b95525d7Exp: 0, topWop=null, toWrite=0, interested=1})
13108 [Memcached IO over {MemcachedConnection to localhost/127.0.0.1:11211}] DEBUG net.spy.memcached.MemcachedConnection  - Read 64 bytes
13108 [Memcached IO over {MemcachedConnection to localhost/127.0.0.1:11211}] DEBUG net.spy.memcached.protocol.ascii.GetOperationImpl  - Got line VALUE fec90a5a5d79dfb8d92342a444a96ce7b95525d7 0 5
13108 [Memcached IO over {MemcachedConnection to localhost/127.0.0.1:11211}] DEBUG net.spy.memcached.protocol.ascii.GetOperationImpl  - Set read type to data
13108 [Memcached IO over {MemcachedConnection to localhost/127.0.0.1:11211}] DEBUG net.spy.memcached.protocol.ascii.GetOperationImpl  - readOffset: 0, length: 5
13108 [Memcached IO over {MemcachedConnection to localhost/127.0.0.1:11211}] DEBUG net.spy.memcached.protocol.ascii.GetOperationImpl  - Reading 5 bytes
13109 [Memcached IO over {MemcachedConnection to localhost/127.0.0.1:11211}] DEBUG net.spy.memcached.protocol.ascii.GetOperationImpl  - Setting read type back to line.
13109 [Memcached IO over {MemcachedConnection to localhost/127.0.0.1:11211}] DEBUG net.spy.memcached.protocol.ascii.GetOperationImpl  - Get complete!
13109 [Memcached IO over {MemcachedConnection to localhost/127.0.0.1:11211}] DEBUG net.spy.memcached.protocol.ascii.GetOperationImpl  - Transitioned state from READING to COMPLETE
13109 [Memcached IO over {MemcachedConnection to localhost/127.0.0.1:11211}] DEBUG net.spy.memcached.MemcachedConnection  - Completed read op: Cmd: get Keys: fec90a5a5d79dfb8d92342a444a96ce7b95525d7Exp: 0 and giving the next 0 bytes
13109 [Memcached IO over {MemcachedConnection to localhost/127.0.0.1:11211}] DEBUG net.spy.memcached.protocol.ascii.AsciiMemcachedNodeImpl  - Setting interested opts to 0
13109 [Memcached IO over {MemcachedConnection to localhost/127.0.0.1:11211}] DEBUG net.spy.memcached.MemcachedConnection  - Done dealing with queue.
13109 [Memcached IO over {MemcachedConnection to localhost/127.0.0.1:11211}] DEBUG net.spy.memcached.MemcachedConnection  - Selecting with delay of 1000ms
13109 [Memcached IO over {MemcachedConnection to localhost/127.0.0.1:11211}] DEBUG net.spy.memcached.MemcachedConnection  - Checked the selectors.
13109 [Memcached IO over {MemcachedConnection to localhost/127.0.0.1:11211} - SHUTTING DOWN (telling client)] DEBUG net.spy.memcached.MemcachedConnection  - No IO while shut down.
13109 [Memcached IO over {MemcachedConnection to localhost/127.0.0.1:11211} - SHUTTING DOWN (telling client)] DEBUG net.spy.memcached.MemcachedConnection  - No IO while shut down.
13109 [Memcached IO over {MemcachedConnection to localhost/127.0.0.1:11211} - SHUTTING DOWN (telling client)] DEBUG net.spy.memcached.MemcachedConnection  - No IO while shut down.
13109 [Test worker] DEBUG net.spy.memcached.MemcachedConnection  - Shut down channel java.nio.channels.SocketChannel[closed]
13109 [Memcached IO over {MemcachedConnection to localhost/127.0.0.1:11211} - SHUTTING DOWN (telling client)] DEBUG net.spy.memcached.MemcachedConnection  - No IO while shut down.
13109 [Memcached IO over {MemcachedConnection to localhost/127.0.0.1:11211} - SHUTTING DOWN (telling client)] DEBUG net.spy.memcached.MemcachedConnection  - No IO while shut down.
13109 [Memcached IO over {MemcachedConnection to localhost/127.0.0.1:11211} - SHUTTING DOWN (telling client)] DEBUG net.spy.memcached.MemcachedConnection  - No IO while shut down.
13109 [Memcached IO over {MemcachedConnection to localhost/127.0.0.1:11211} - SHUTTING DOWN (telling client)] DEBUG net.spy.memcached.MemcachedConnection  - No IO while shut down.
13109 [Memcached IO over {MemcachedConnection to localhost/127.0.0.1:11211} - SHUTTING DOWN (telling client)] DEBUG net.spy.memcached.MemcachedConnection  - No IO while shut down.
13109 [Memcached IO over {MemcachedConnection to localhost/127.0.0.1:11211} - SHUTTING DOWN (telling client)] DEBUG net.spy.memcached.MemcachedConnection  - No IO while shut down.
13109 [Memcached IO over {MemcachedConnection to localhost/127.0.0.1:11211} - SHUTTING DOWN (telling client)] DEBUG net.spy.memcached.MemcachedConnection  - No IO while shut down.
13109 [Memcached IO over {MemcachedConnection to localhost/127.0.0.1:11211} - SHUTTING DOWN (telling client)] DEBUG net.spy.memcached.MemcachedConnection  - No IO while shut down.
13109 [Memcached IO over {MemcachedConnection to localhost/127.0.0.1:11211} - SHUTTING DOWN (telling client)] DEBUG net.spy.memcached.MemcachedConnection  - No IO while shut down.
13109 [Memcached IO over {MemcachedConnection to localhost/127.0.0.1:11211} - SHUTTING DOWN (telling client)] DEBUG net.spy.memcached.MemcachedConnection  - No IO while shut down.
13109 [Memcached IO over {MemcachedConnection to localhost/127.0.0.1:11211} - SHUTTING DOWN (telling client)] DEBUG net.spy.memcached.MemcachedConnection  - No IO while shut down.
13109 [Memcached IO over {MemcachedConnection to localhost/127.0.0.1:11211} - SHUTTING DOWN (telling client)] DEBUG net.spy.memcached.MemcachedConnection  - No IO while shut down.
13109 [Test worker] DEBUG net.spy.memcached.MemcachedConnection  - Shut down selector sun.nio.ch.KQueueSelectorImpl@59f9253d
13109 [Memcached IO over {MemcachedConnection to localhost/127.0.0.1:11211} - SHUTTING DOWN (telling client)] DEBUG net.spy.memcached.MemcachedConnection  - No IO while shut down.
13109 [Memcached IO over {MemcachedConnection to localhost/127.0.0.1:11211} - SHUTTING DOWN (informed client)] INFO net.spy.memcached.MemcachedConnection  - Shut down memcached client
13110 [Test worker] INFO net.spy.memcached.MemcachedConnection  - Setting retryQueueSize to -1
13110 [Test worker] INFO net.spy.memcached.MemcachedConnection  - Added {QA sa=localhost/127.0.0.1:11211, #Rops=0, #Wops=0, #iq=0, topRop=null, topWop=null, toWrite=0, interested=0} to connect queue
13110 [Test worker] DEBUG net.spy.memcached.DefaultConnectionFactory  - Metric collection disabled.
13110 [Memcached IO over {MemcachedConnection to localhost/127.0.0.1:11211}] DEBUG net.spy.memcached.MemcachedConnection  - Done dealing with queue.
13111 [Memcached IO over {MemcachedConnection to localhost/127.0.0.1:11211}] DEBUG net.spy.memcached.MemcachedConnection  - Selecting with delay of 1000ms
13111 [Memcached IO over {MemcachedConnection to localhost/127.0.0.1:11211}] DEBUG net.spy.memcached.MemcachedConnection  - Checked the selectors.
13111 [Test worker] DEBUG com.nicindustries.hibernate.memcached.spymemcached.SpyMemcache  - MemcachedClient.get(MemcachedCacheTest:index_key)
13111 [Memcached IO over {MemcachedConnection to localhost/127.0.0.1:11211}] DEBUG net.spy.memcached.MemcachedConnection  - Selected 1, selected 1 keys
13111 [Memcached IO over {MemcachedConnection to localhost/127.0.0.1:11211}] DEBUG net.spy.memcached.MemcachedConnection  - Handling IO for:  channel=java.nio.channels.SocketChannel[connection-pending remote=localhost/127.0.0.1:11211], selector=sun.nio.ch.KQueueSelectorImpl@30573903, interestOps=8, readyOps=8 (r=false, w=false, c=true, op={QA sa=localhost/127.0.0.1:11211, #Rops=0, #Wops=0, #iq=0, topRop=null, topWop=null, toWrite=0, interested=8})
13111 [Test worker] WARN net.spy.memcached.MemcachedConnection  - Could not redistribute to another node, retrying primary node for MemcachedCacheTest:index_key.
13111 [Memcached IO over {MemcachedConnection to localhost/127.0.0.1:11211}] DEBUG net.spy.memcached.MemcachedConnection  - Connection state changed for channel=java.nio.channels.SocketChannel[connection-pending remote=localhost/127.0.0.1:11211], selector=sun.nio.ch.KQueueSelectorImpl@30573903, interestOps=8, readyOps=8
13111 [Test worker] DEBUG net.spy.memcached.MemcachedConnection  - Added Cmd: get Keys: MemcachedCacheTest:index_keyExp: 0 to {QA sa=localhost/127.0.0.1:11211, #Rops=0, #Wops=0, #iq=1, topRop=null, topWop=null, toWrite=0, interested=8}
13111 [Memcached IO over {MemcachedConnection to localhost/127.0.0.1:11211}] DEBUG net.spy.memcached.protocol.ascii.AsciiMemcachedNodeImpl  - Setting interested opts to 0
13111 [Memcached IO over {MemcachedConnection to localhost/127.0.0.1:11211}] DEBUG net.spy.memcached.MemcachedConnection  - Handling queue
13111 [Memcached IO over {MemcachedConnection to localhost/127.0.0.1:11211}] DEBUG net.spy.memcached.protocol.ascii.AsciiMemcachedNodeImpl  - Setting interested opts to 4
13111 [Memcached IO over {MemcachedConnection to localhost/127.0.0.1:11211}] DEBUG net.spy.memcached.MemcachedConnection  - Done dealing with queue.
13111 [Memcached IO over {MemcachedConnection to localhost/127.0.0.1:11211}] DEBUG net.spy.memcached.MemcachedConnection  - Selecting with delay of 1000ms
13111 [Memcached IO over {MemcachedConnection to localhost/127.0.0.1:11211}] DEBUG net.spy.memcached.MemcachedConnection  - Checked the selectors.
13111 [Memcached IO over {MemcachedConnection to localhost/127.0.0.1:11211}] DEBUG net.spy.memcached.MemcachedConnection  - Selected 1, selected 1 keys
13111 [Memcached IO over {MemcachedConnection to localhost/127.0.0.1:11211}] DEBUG net.spy.memcached.MemcachedConnection  - Handling IO for:  channel=java.nio.channels.SocketChannel[connected local=/127.0.0.1:61845 remote=localhost/127.0.0.1:11211], selector=sun.nio.ch.KQueueSelectorImpl@30573903, interestOps=4, readyOps=4 (r=false, w=true, c=false, op={QA sa=localhost/127.0.0.1:11211, #Rops=0, #Wops=1, #iq=0, topRop=null, topWop=Cmd: get Keys: MemcachedCacheTest:index_keyExp: 0, toWrite=0, interested=4})
13111 [Memcached IO over {MemcachedConnection to localhost/127.0.0.1:11211}] DEBUG net.spy.memcached.protocol.ascii.GetOperationImpl  - Transitioned state from WRITE_QUEUED to WRITING
13111 [Memcached IO over {MemcachedConnection to localhost/127.0.0.1:11211}] DEBUG net.spy.memcached.protocol.ascii.AsciiMemcachedNodeImpl  - After copying stuff from Cmd: get Keys: MemcachedCacheTest:index_keyExp: 0: java.nio.DirectByteBuffer[pos=34 lim=16384 cap=16384]
13111 [Memcached IO over {MemcachedConnection to localhost/127.0.0.1:11211}] DEBUG net.spy.memcached.protocol.ascii.GetOperationImpl  - Transitioned state from WRITING to READING
13111 [Memcached IO over {MemcachedConnection to localhost/127.0.0.1:11211}] DEBUG net.spy.memcached.protocol.ascii.AsciiMemcachedNodeImpl  - Finished writing Cmd: get Keys: MemcachedCacheTest:index_keyExp: 0
13111 [Memcached IO over {MemcachedConnection to localhost/127.0.0.1:11211}] DEBUG net.spy.memcached.protocol.ascii.AsciiMemcachedNodeImpl  - Wrote 34 bytes
13111 [Memcached IO over {MemcachedConnection to localhost/127.0.0.1:11211}] DEBUG net.spy.memcached.protocol.ascii.AsciiMemcachedNodeImpl  - Setting interested opts to 1
13111 [Memcached IO over {MemcachedConnection to localhost/127.0.0.1:11211}] DEBUG net.spy.memcached.MemcachedConnection  - Done dealing with queue.
13111 [Memcached IO over {MemcachedConnection to localhost/127.0.0.1:11211}] DEBUG net.spy.memcached.MemcachedConnection  - Selecting with delay of 1000ms
13111 [Memcached IO over {MemcachedConnection to localhost/127.0.0.1:11211}] DEBUG net.spy.memcached.MemcachedConnection  - Checked the selectors.
13127 [Memcached IO over {MemcachedConnection to localhost/127.0.0.1:11211}] DEBUG net.spy.memcached.MemcachedConnection  - Selected 1, selected 1 keys
13128 [Memcached IO over {MemcachedConnection to localhost/127.0.0.1:11211}] DEBUG net.spy.memcached.MemcachedConnection  - Handling IO for:  channel=java.nio.channels.SocketChannel[connected local=/127.0.0.1:61845 remote=localhost/127.0.0.1:11211], selector=sun.nio.ch.KQueueSelectorImpl@30573903, interestOps=1, readyOps=1 (r=true, w=false, c=false, op={QA sa=localhost/127.0.0.1:11211, #Rops=1, #Wops=0, #iq=0, topRop=Cmd: get Keys: MemcachedCacheTest:index_keyExp: 0, topWop=null, toWrite=0, interested=1})
13128 [Memcached IO over {MemcachedConnection to localhost/127.0.0.1:11211}] DEBUG net.spy.memcached.MemcachedConnection  - Read 49 bytes
13128 [Memcached IO over {MemcachedConnection to localhost/127.0.0.1:11211}] DEBUG net.spy.memcached.protocol.ascii.GetOperationImpl  - Got line VALUE MemcachedCacheTest:index_key 0 2
13128 [Memcached IO over {MemcachedConnection to localhost/127.0.0.1:11211}] DEBUG net.spy.memcached.protocol.ascii.GetOperationImpl  - Set read type to data
13128 [Memcached IO over {MemcachedConnection to localhost/127.0.0.1:11211}] DEBUG net.spy.memcached.protocol.ascii.GetOperationImpl  - readOffset: 0, length: 2
13128 [Memcached IO over {MemcachedConnection to localhost/127.0.0.1:11211}] DEBUG net.spy.memcached.protocol.ascii.GetOperationImpl  - Reading 2 bytes
13128 [Memcached IO over {MemcachedConnection to localhost/127.0.0.1:11211}] DEBUG net.spy.memcached.protocol.ascii.GetOperationImpl  - Setting read type back to line.
13128 [Memcached IO over {MemcachedConnection to localhost/127.0.0.1:11211}] DEBUG net.spy.memcached.protocol.ascii.GetOperationImpl  - Get complete!
13128 [Memcached IO over {MemcachedConnection to localhost/127.0.0.1:11211}] DEBUG net.spy.memcached.protocol.ascii.GetOperationImpl  - Transitioned state from READING to COMPLETE
13128 [Memcached IO over {MemcachedConnection to localhost/127.0.0.1:11211}] DEBUG net.spy.memcached.MemcachedConnection  - Completed read op: Cmd: get Keys: MemcachedCacheTest:index_keyExp: 0 and giving the next 0 bytes
13128 [Memcached IO over {MemcachedConnection to localhost/127.0.0.1:11211}] DEBUG net.spy.memcached.protocol.ascii.AsciiMemcachedNodeImpl  - Setting interested opts to 0
13128 [Memcached IO over {MemcachedConnection to localhost/127.0.0.1:11211}] DEBUG net.spy.memcached.MemcachedConnection  - Done dealing with queue.
13128 [Memcached IO over {MemcachedConnection to localhost/127.0.0.1:11211}] DEBUG net.spy.memcached.MemcachedConnection  - Selecting with delay of 1000ms
13128 [Memcached IO over {MemcachedConnection to localhost/127.0.0.1:11211}] DEBUG net.spy.memcached.MemcachedConnection  - Checked the selectors.
13128 [Test worker] DEBUG com.nicindustries.hibernate.memcached.keystrategy.Sha1KeyStrategy  - Final cache key: [b7dee4ad91770f633fd041c0796fc1c293a2cb8d]
13128 [Test worker] DEBUG com.nicindustries.hibernate.memcached.MemcachedCache  - Memcache.set(b7dee4ad91770f633fd041c0796fc1c293a2cb8d)
13128 [Test worker] DEBUG com.nicindustries.hibernate.memcached.spymemcached.SpyMemcache  - MemcachedClient.set(b7dee4ad91770f633fd041c0796fc1c293a2cb8d)
13128 [Test worker] DEBUG net.spy.memcached.MemcachedConnection  - Added Cmd: set Key: b7dee4ad91770f633fd041c0796fc1c293a2cb8d Flags: 0 Exp: 300 Data Length: 5 to {QA sa=localhost/127.0.0.1:11211, #Rops=0, #Wops=0, #iq=1, topRop=null, topWop=null, toWrite=0, interested=0}
13128 [Memcached IO over {MemcachedConnection to localhost/127.0.0.1:11211}] DEBUG net.spy.memcached.MemcachedConnection  - No selectors ready, interrupted: false
13128 [Memcached IO over {MemcachedConnection to localhost/127.0.0.1:11211}] DEBUG net.spy.memcached.MemcachedConnection  - Handling queue
13128 [Memcached IO over {MemcachedConnection to localhost/127.0.0.1:11211}] DEBUG net.spy.memcached.protocol.ascii.AsciiMemcachedNodeImpl  - Setting interested opts to 4
13128 [Memcached IO over {MemcachedConnection to localhost/127.0.0.1:11211}] DEBUG net.spy.memcached.MemcachedConnection  - Done dealing with queue.
13128 [Memcached IO over {MemcachedConnection to localhost/127.0.0.1:11211}] DEBUG net.spy.memcached.MemcachedConnection  - Selecting with delay of 1000ms
13128 [Memcached IO over {MemcachedConnection to localhost/127.0.0.1:11211}] DEBUG net.spy.memcached.MemcachedConnection  - Checked the selectors.
13128 [Memcached IO over {MemcachedConnection to localhost/127.0.0.1:11211}] DEBUG net.spy.memcached.MemcachedConnection  - Selected 1, selected 1 keys
13128 [Memcached IO over {MemcachedConnection to localhost/127.0.0.1:11211}] DEBUG net.spy.memcached.MemcachedConnection  - Handling IO for:  channel=java.nio.channels.SocketChannel[connected local=/127.0.0.1:61845 remote=localhost/127.0.0.1:11211], selector=sun.nio.ch.KQueueSelectorImpl@30573903, interestOps=4, readyOps=4 (r=false, w=true, c=false, op={QA sa=localhost/127.0.0.1:11211, #Rops=0, #Wops=1, #iq=0, topRop=null, topWop=Cmd: set Key: b7dee4ad91770f633fd041c0796fc1c293a2cb8d Flags: 0 Exp: 300 Data Length: 5, toWrite=0, interested=4})
13129 [Memcached IO over {MemcachedConnection to localhost/127.0.0.1:11211}] DEBUG net.spy.memcached.protocol.ascii.StoreOperationImpl  - Transitioned state from WRITE_QUEUED to WRITING
13129 [Memcached IO over {MemcachedConnection to localhost/127.0.0.1:11211}] DEBUG net.spy.memcached.protocol.ascii.AsciiMemcachedNodeImpl  - After copying stuff from Cmd: set Key: b7dee4ad91770f633fd041c0796fc1c293a2cb8d Flags: 0 Exp: 300 Data Length: 5: java.nio.DirectByteBuffer[pos=61 lim=16384 cap=16384]
13129 [Memcached IO over {MemcachedConnection to localhost/127.0.0.1:11211}] DEBUG net.spy.memcached.protocol.ascii.StoreOperationImpl  - Transitioned state from WRITING to READING
13129 [Memcached IO over {MemcachedConnection to localhost/127.0.0.1:11211}] DEBUG net.spy.memcached.protocol.ascii.AsciiMemcachedNodeImpl  - Finished writing Cmd: set Key: b7dee4ad91770f633fd041c0796fc1c293a2cb8d Flags: 0 Exp: 300 Data Length: 5
13129 [Memcached IO over {MemcachedConnection to localhost/127.0.0.1:11211}] DEBUG net.spy.memcached.protocol.ascii.AsciiMemcachedNodeImpl  - Wrote 61 bytes
13129 [Memcached IO over {MemcachedConnection to localhost/127.0.0.1:11211}] DEBUG net.spy.memcached.protocol.ascii.AsciiMemcachedNodeImpl  - Setting interested opts to 1
13129 [Memcached IO over {MemcachedConnection to localhost/127.0.0.1:11211}] DEBUG net.spy.memcached.MemcachedConnection  - Done dealing with queue.
13129 [Memcached IO over {MemcachedConnection to localhost/127.0.0.1:11211}] DEBUG net.spy.memcached.MemcachedConnection  - Selecting with delay of 1000ms
13129 [Memcached IO over {MemcachedConnection to localhost/127.0.0.1:11211}] DEBUG net.spy.memcached.MemcachedConnection  - Checked the selectors.
13131 [Memcached IO over {MemcachedConnection to localhost/127.0.0.1:11211}] DEBUG net.spy.memcached.MemcachedConnection  - Selected 1, selected 1 keys
13131 [Memcached IO over {MemcachedConnection to localhost/127.0.0.1:11211}] DEBUG net.spy.memcached.MemcachedConnection  - Handling IO for:  channel=java.nio.channels.SocketChannel[connected local=/127.0.0.1:61845 remote=localhost/127.0.0.1:11211], selector=sun.nio.ch.KQueueSelectorImpl@30573903, interestOps=1, readyOps=1 (r=true, w=false, c=false, op={QA sa=localhost/127.0.0.1:11211, #Rops=1, #Wops=0, #iq=0, topRop=Cmd: set Key: b7dee4ad91770f633fd041c0796fc1c293a2cb8d Flags: 0 Exp: 300 Data Length: 5, topWop=null, toWrite=0, interested=1})
13131 [Memcached IO over {MemcachedConnection to localhost/127.0.0.1:11211}] DEBUG net.spy.memcached.MemcachedConnection  - Read 8 bytes
13131 [Memcached IO over {MemcachedConnection to localhost/127.0.0.1:11211}] DEBUG net.spy.memcached.protocol.ascii.StoreOperationImpl  - Transitioned state from READING to COMPLETE
13131 [Memcached IO over {MemcachedConnection to localhost/127.0.0.1:11211}] DEBUG net.spy.memcached.MemcachedConnection  - Completed read op: Cmd: set Key: b7dee4ad91770f633fd041c0796fc1c293a2cb8d Flags: 0 Exp: 300 Data Length: 5 and giving the next 0 bytes
13131 [Memcached IO over {MemcachedConnection to localhost/127.0.0.1:11211}] DEBUG net.spy.memcached.protocol.ascii.AsciiMemcachedNodeImpl  - Setting interested opts to 0
13131 [Memcached IO over {MemcachedConnection to localhost/127.0.0.1:11211}] DEBUG net.spy.memcached.MemcachedConnection  - Done dealing with queue.
13131 [Memcached IO over {MemcachedConnection to localhost/127.0.0.1:11211}] DEBUG net.spy.memcached.MemcachedConnection  - Selecting with delay of 1000ms
13131 [Memcached IO over {MemcachedConnection to localhost/127.0.0.1:11211}] DEBUG net.spy.memcached.MemcachedConnection  - Checked the selectors.
13233 [Test worker] DEBUG com.nicindustries.hibernate.memcached.spymemcached.SpyMemcache  - MemcachedClient.get(MemcachedCacheTest:index_key)
13234 [Test worker] DEBUG net.spy.memcached.MemcachedConnection  - Added Cmd: get Keys: MemcachedCacheTest:index_keyExp: 0 to {QA sa=localhost/127.0.0.1:11211, #Rops=0, #Wops=0, #iq=1, topRop=null, topWop=null, toWrite=0, interested=0}
13235 [Memcached IO over {MemcachedConnection to localhost/127.0.0.1:11211}] DEBUG net.spy.memcached.MemcachedConnection  - No selectors ready, interrupted: false
13235 [Memcached IO over {MemcachedConnection to localhost/127.0.0.1:11211}] DEBUG net.spy.memcached.MemcachedConnection  - Handling queue
13235 [Memcached IO over {MemcachedConnection to localhost/127.0.0.1:11211}] DEBUG net.spy.memcached.protocol.ascii.AsciiMemcachedNodeImpl  - Setting interested opts to 4
13235 [Memcached IO over {MemcachedConnection to localhost/127.0.0.1:11211}] DEBUG net.spy.memcached.MemcachedConnection  - Done dealing with queue.
13235 [Memcached IO over {MemcachedConnection to localhost/127.0.0.1:11211}] DEBUG net.spy.memcached.MemcachedConnection  - Selecting with delay of 1000ms
13235 [Memcached IO over {MemcachedConnection to localhost/127.0.0.1:11211}] DEBUG net.spy.memcached.MemcachedConnection  - Checked the selectors.
13235 [Memcached IO over {MemcachedConnection to localhost/127.0.0.1:11211}] DEBUG net.spy.memcached.MemcachedConnection  - Selected 1, selected 1 keys
13235 [Memcached IO over {MemcachedConnection to localhost/127.0.0.1:11211}] DEBUG net.spy.memcached.MemcachedConnection  - Handling IO for:  channel=java.nio.channels.SocketChannel[connected local=/127.0.0.1:61845 remote=localhost/127.0.0.1:11211], selector=sun.nio.ch.KQueueSelectorImpl@30573903, interestOps=4, readyOps=4 (r=false, w=true, c=false, op={QA sa=localhost/127.0.0.1:11211, #Rops=0, #Wops=1, #iq=0, topRop=null, topWop=Cmd: get Keys: MemcachedCacheTest:index_keyExp: 0, toWrite=0, interested=4})
13235 [Memcached IO over {MemcachedConnection to localhost/127.0.0.1:11211}] DEBUG net.spy.memcached.protocol.ascii.GetOperationImpl  - Transitioned state from WRITE_QUEUED to WRITING
13235 [Memcached IO over {MemcachedConnection to localhost/127.0.0.1:11211}] DEBUG net.spy.memcached.protocol.ascii.AsciiMemcachedNodeImpl  - After copying stuff from Cmd: get Keys: MemcachedCacheTest:index_keyExp: 0: java.nio.DirectByteBuffer[pos=34 lim=16384 cap=16384]
13236 [Memcached IO over {MemcachedConnection to localhost/127.0.0.1:11211}] DEBUG net.spy.memcached.protocol.ascii.GetOperationImpl  - Transitioned state from WRITING to READING
13236 [Memcached IO over {MemcachedConnection to localhost/127.0.0.1:11211}] DEBUG net.spy.memcached.protocol.ascii.AsciiMemcachedNodeImpl  - Finished writing Cmd: get Keys: MemcachedCacheTest:index_keyExp: 0
13236 [Memcached IO over {MemcachedConnection to localhost/127.0.0.1:11211}] DEBUG net.spy.memcached.protocol.ascii.AsciiMemcachedNodeImpl  - Wrote 34 bytes
13236 [Memcached IO over {MemcachedConnection to localhost/127.0.0.1:11211}] DEBUG net.spy.memcached.protocol.ascii.AsciiMemcachedNodeImpl  - Setting interested opts to 1
13236 [Memcached IO over {MemcachedConnection to localhost/127.0.0.1:11211}] DEBUG net.spy.memcached.MemcachedConnection  - Done dealing with queue.
13236 [Memcached IO over {MemcachedConnection to localhost/127.0.0.1:11211}] DEBUG net.spy.memcached.MemcachedConnection  - Selecting with delay of 1000ms
13236 [Memcached IO over {MemcachedConnection to localhost/127.0.0.1:11211}] DEBUG net.spy.memcached.MemcachedConnection  - Checked the selectors.
13242 [Memcached IO over {MemcachedConnection to localhost/127.0.0.1:11211}] DEBUG net.spy.memcached.MemcachedConnection  - Selected 1, selected 1 keys
13243 [Memcached IO over {MemcachedConnection to localhost/127.0.0.1:11211}] DEBUG net.spy.memcached.MemcachedConnection  - Handling IO for:  channel=java.nio.channels.SocketChannel[connected local=/127.0.0.1:61845 remote=localhost/127.0.0.1:11211], selector=sun.nio.ch.KQueueSelectorImpl@30573903, interestOps=1, readyOps=1 (r=true, w=false, c=false, op={QA sa=localhost/127.0.0.1:11211, #Rops=1, #Wops=0, #iq=0, topRop=Cmd: get Keys: MemcachedCacheTest:index_keyExp: 0, topWop=null, toWrite=0, interested=1})
13243 [Memcached IO over {MemcachedConnection to localhost/127.0.0.1:11211}] DEBUG net.spy.memcached.MemcachedConnection  - Read 49 bytes
13243 [Memcached IO over {MemcachedConnection to localhost/127.0.0.1:11211}] DEBUG net.spy.memcached.protocol.ascii.GetOperationImpl  - Got line VALUE MemcachedCacheTest:index_key 0 2
13243 [Memcached IO over {MemcachedConnection to localhost/127.0.0.1:11211}] DEBUG net.spy.memcached.protocol.ascii.GetOperationImpl  - Set read type to data
13243 [Memcached IO over {MemcachedConnection to localhost/127.0.0.1:11211}] DEBUG net.spy.memcached.protocol.ascii.GetOperationImpl  - readOffset: 0, length: 2
13243 [Memcached IO over {MemcachedConnection to localhost/127.0.0.1:11211}] DEBUG net.spy.memcached.protocol.ascii.GetOperationImpl  - Reading 2 bytes
13243 [Memcached IO over {MemcachedConnection to localhost/127.0.0.1:11211}] DEBUG net.spy.memcached.protocol.ascii.GetOperationImpl  - Setting read type back to line.
13243 [Memcached IO over {MemcachedConnection to localhost/127.0.0.1:11211}] DEBUG net.spy.memcached.protocol.ascii.GetOperationImpl  - Get complete!
13243 [Memcached IO over {MemcachedConnection to localhost/127.0.0.1:11211}] DEBUG net.spy.memcached.protocol.ascii.GetOperationImpl  - Transitioned state from READING to COMPLETE
13243 [Memcached IO over {MemcachedConnection to localhost/127.0.0.1:11211}] DEBUG net.spy.memcached.MemcachedConnection  - Completed read op: Cmd: get Keys: MemcachedCacheTest:index_keyExp: 0 and giving the next 0 bytes
13243 [Memcached IO over {MemcachedConnection to localhost/127.0.0.1:11211}] DEBUG net.spy.memcached.protocol.ascii.AsciiMemcachedNodeImpl  - Setting interested opts to 0
13243 [Memcached IO over {MemcachedConnection to localhost/127.0.0.1:11211}] DEBUG net.spy.memcached.MemcachedConnection  - Done dealing with queue.
13243 [Memcached IO over {MemcachedConnection to localhost/127.0.0.1:11211}] DEBUG net.spy.memcached.MemcachedConnection  - Selecting with delay of 1000ms
13243 [Memcached IO over {MemcachedConnection to localhost/127.0.0.1:11211}] DEBUG net.spy.memcached.MemcachedConnection  - Checked the selectors.
13244 [Test worker] DEBUG com.nicindustries.hibernate.memcached.keystrategy.Sha1KeyStrategy  - Final cache key: [b7dee4ad91770f633fd041c0796fc1c293a2cb8d]
13244 [Test worker] DEBUG com.nicindustries.hibernate.memcached.MemcachedCache  - Memcache.get(b7dee4ad91770f633fd041c0796fc1c293a2cb8d)
13244 [Test worker] DEBUG com.nicindustries.hibernate.memcached.spymemcached.SpyMemcache  - MemcachedClient.get(b7dee4ad91770f633fd041c0796fc1c293a2cb8d)
13244 [Test worker] DEBUG net.spy.memcached.MemcachedConnection  - Added Cmd: get Keys: b7dee4ad91770f633fd041c0796fc1c293a2cb8dExp: 0 to {QA sa=localhost/127.0.0.1:11211, #Rops=0, #Wops=0, #iq=1, topRop=null, topWop=null, toWrite=0, interested=0}
13244 [Memcached IO over {MemcachedConnection to localhost/127.0.0.1:11211}] DEBUG net.spy.memcached.MemcachedConnection  - No selectors ready, interrupted: false
13244 [Memcached IO over {MemcachedConnection to localhost/127.0.0.1:11211}] DEBUG net.spy.memcached.MemcachedConnection  - Handling queue
13244 [Memcached IO over {MemcachedConnection to localhost/127.0.0.1:11211}] DEBUG net.spy.memcached.protocol.ascii.AsciiMemcachedNodeImpl  - Setting interested opts to 4
13244 [Memcached IO over {MemcachedConnection to localhost/127.0.0.1:11211}] DEBUG net.spy.memcached.MemcachedConnection  - Done dealing with queue.
13244 [Memcached IO over {MemcachedConnection to localhost/127.0.0.1:11211}] DEBUG net.spy.memcached.MemcachedConnection  - Selecting with delay of 1000ms
13244 [Memcached IO over {MemcachedConnection to localhost/127.0.0.1:11211}] DEBUG net.spy.memcached.MemcachedConnection  - Checked the selectors.
13244 [Memcached IO over {MemcachedConnection to localhost/127.0.0.1:11211}] DEBUG net.spy.memcached.MemcachedConnection  - Selected 1, selected 1 keys
13244 [Memcached IO over {MemcachedConnection to localhost/127.0.0.1:11211}] DEBUG net.spy.memcached.MemcachedConnection  - Handling IO for:  channel=java.nio.channels.SocketChannel[connected local=/127.0.0.1:61845 remote=localhost/127.0.0.1:11211], selector=sun.nio.ch.KQueueSelectorImpl@30573903, interestOps=4, readyOps=4 (r=false, w=true, c=false, op={QA sa=localhost/127.0.0.1:11211, #Rops=0, #Wops=1, #iq=0, topRop=null, topWop=Cmd: get Keys: b7dee4ad91770f633fd041c0796fc1c293a2cb8dExp: 0, toWrite=0, interested=4})
13244 [Memcached IO over {MemcachedConnection to localhost/127.0.0.1:11211}] DEBUG net.spy.memcached.protocol.ascii.GetOperationImpl  - Transitioned state from WRITE_QUEUED to WRITING
13244 [Memcached IO over {MemcachedConnection to localhost/127.0.0.1:11211}] DEBUG net.spy.memcached.protocol.ascii.AsciiMemcachedNodeImpl  - After copying stuff from Cmd: get Keys: b7dee4ad91770f633fd041c0796fc1c293a2cb8dExp: 0: java.nio.DirectByteBuffer[pos=46 lim=16384 cap=16384]
13244 [Memcached IO over {MemcachedConnection to localhost/127.0.0.1:11211}] DEBUG net.spy.memcached.protocol.ascii.GetOperationImpl  - Transitioned state from WRITING to READING
13244 [Memcached IO over {MemcachedConnection to localhost/127.0.0.1:11211}] DEBUG net.spy.memcached.protocol.ascii.AsciiMemcachedNodeImpl  - Finished writing Cmd: get Keys: b7dee4ad91770f633fd041c0796fc1c293a2cb8dExp: 0
13244 [Memcached IO over {MemcachedConnection to localhost/127.0.0.1:11211}] DEBUG net.spy.memcached.protocol.ascii.AsciiMemcachedNodeImpl  - Wrote 46 bytes
13244 [Memcached IO over {MemcachedConnection to localhost/127.0.0.1:11211}] DEBUG net.spy.memcached.protocol.ascii.AsciiMemcachedNodeImpl  - Setting interested opts to 1
13244 [Memcached IO over {MemcachedConnection to localhost/127.0.0.1:11211}] DEBUG net.spy.memcached.MemcachedConnection  - Done dealing with queue.
13244 [Memcached IO over {MemcachedConnection to localhost/127.0.0.1:11211}] DEBUG net.spy.memcached.MemcachedConnection  - Selecting with delay of 1000ms
13244 [Memcached IO over {MemcachedConnection to localhost/127.0.0.1:11211}] DEBUG net.spy.memcached.MemcachedConnection  - Checked the selectors.
13257 [Memcached IO over {MemcachedConnection to localhost/127.0.0.1:11211}] DEBUG net.spy.memcached.MemcachedConnection  - Selected 1, selected 1 keys
13257 [Memcached IO over {MemcachedConnection to localhost/127.0.0.1:11211}] DEBUG net.spy.memcached.MemcachedConnection  - Handling IO for:  channel=java.nio.channels.SocketChannel[connected local=/127.0.0.1:61845 remote=localhost/127.0.0.1:11211], selector=sun.nio.ch.KQueueSelectorImpl@30573903, interestOps=1, readyOps=1 (r=true, w=false, c=false, op={QA sa=localhost/127.0.0.1:11211, #Rops=1, #Wops=0, #iq=0, topRop=Cmd: get Keys: b7dee4ad91770f633fd041c0796fc1c293a2cb8dExp: 0, topWop=null, toWrite=0, interested=1})
13257 [Memcached IO over {MemcachedConnection to localhost/127.0.0.1:11211}] DEBUG net.spy.memcached.MemcachedConnection  - Read 64 bytes
13257 [Memcached IO over {MemcachedConnection to localhost/127.0.0.1:11211}] DEBUG net.spy.memcached.protocol.ascii.GetOperationImpl  - Got line VALUE b7dee4ad91770f633fd041c0796fc1c293a2cb8d 0 5
13257 [Memcached IO over {MemcachedConnection to localhost/127.0.0.1:11211}] DEBUG net.spy.memcached.protocol.ascii.GetOperationImpl  - Set read type to data
13257 [Memcached IO over {MemcachedConnection to localhost/127.0.0.1:11211}] DEBUG net.spy.memcached.protocol.ascii.GetOperationImpl  - readOffset: 0, length: 5
13257 [Memcached IO over {MemcachedConnection to localhost/127.0.0.1:11211}] DEBUG net.spy.memcached.protocol.ascii.GetOperationImpl  - Reading 5 bytes
13257 [Memcached IO over {MemcachedConnection to localhost/127.0.0.1:11211}] DEBUG net.spy.memcached.protocol.ascii.GetOperationImpl  - Setting read type back to line.
13257 [Memcached IO over {MemcachedConnection to localhost/127.0.0.1:11211}] DEBUG net.spy.memcached.protocol.ascii.GetOperationImpl  - Get complete!
13257 [Memcached IO over {MemcachedConnection to localhost/127.0.0.1:11211}] DEBUG net.spy.memcached.protocol.ascii.GetOperationImpl  - Transitioned state from READING to COMPLETE
13257 [Memcached IO over {MemcachedConnection to localhost/127.0.0.1:11211}] DEBUG net.spy.memcached.MemcachedConnection  - Completed read op: Cmd: get Keys: b7dee4ad91770f633fd041c0796fc1c293a2cb8dExp: 0 and giving the next 0 bytes
13257 [Memcached IO over {MemcachedConnection to localhost/127.0.0.1:11211}] DEBUG net.spy.memcached.protocol.ascii.AsciiMemcachedNodeImpl  - Setting interested opts to 0
13258 [Memcached IO over {MemcachedConnection to localhost/127.0.0.1:11211}] DEBUG net.spy.memcached.MemcachedConnection  - Done dealing with queue.
13258 [Memcached IO over {MemcachedConnection to localhost/127.0.0.1:11211}] DEBUG net.spy.memcached.MemcachedConnection  - Selecting with delay of 1000ms
13258 [Memcached IO over {MemcachedConnection to localhost/127.0.0.1:11211}] DEBUG net.spy.memcached.MemcachedConnection  - Checked the selectors.
13258 [Test worker] DEBUG net.spy.memcached.MemcachedConnection  - Added Cmd: incr Key: MemcachedCacheTest:index_key Amount: 1 to {QA sa=localhost/127.0.0.1:11211, #Rops=0, #Wops=0, #iq=1, topRop=null, topWop=null, toWrite=0, interested=0}
13258 [Memcached IO over {MemcachedConnection to localhost/127.0.0.1:11211}] DEBUG net.spy.memcached.MemcachedConnection  - No selectors ready, interrupted: false
13258 [Memcached IO over {MemcachedConnection to localhost/127.0.0.1:11211}] DEBUG net.spy.memcached.MemcachedConnection  - Handling queue
13258 [Memcached IO over {MemcachedConnection to localhost/127.0.0.1:11211}] DEBUG net.spy.memcached.protocol.ascii.AsciiMemcachedNodeImpl  - Setting interested opts to 4
13258 [Memcached IO over {MemcachedConnection to localhost/127.0.0.1:11211}] DEBUG net.spy.memcached.MemcachedConnection  - Done dealing with queue.
13258 [Memcached IO over {MemcachedConnection to localhost/127.0.0.1:11211}] DEBUG net.spy.memcached.MemcachedConnection  - Selecting with delay of 1000ms
13258 [Memcached IO over {MemcachedConnection to localhost/127.0.0.1:11211}] DEBUG net.spy.memcached.MemcachedConnection  - Checked the selectors.
13258 [Memcached IO over {MemcachedConnection to localhost/127.0.0.1:11211}] DEBUG net.spy.memcached.MemcachedConnection  - Selected 1, selected 1 keys
13258 [Memcached IO over {MemcachedConnection to localhost/127.0.0.1:11211}] DEBUG net.spy.memcached.MemcachedConnection  - Handling IO for:  channel=java.nio.channels.SocketChannel[connected local=/127.0.0.1:61845 remote=localhost/127.0.0.1:11211], selector=sun.nio.ch.KQueueSelectorImpl@30573903, interestOps=4, readyOps=4 (r=false, w=true, c=false, op={QA sa=localhost/127.0.0.1:11211, #Rops=0, #Wops=1, #iq=0, topRop=null, topWop=Cmd: incr Key: MemcachedCacheTest:index_key Amount: 1, toWrite=0, interested=4})
13258 [Memcached IO over {MemcachedConnection to localhost/127.0.0.1:11211}] DEBUG net.spy.memcached.protocol.ascii.MutatorOperationImpl  - Transitioned state from WRITE_QUEUED to WRITING
13258 [Memcached IO over {MemcachedConnection to localhost/127.0.0.1:11211}] DEBUG net.spy.memcached.protocol.ascii.AsciiMemcachedNodeImpl  - After copying stuff from Cmd: incr Key: MemcachedCacheTest:index_key Amount: 1: java.nio.DirectByteBuffer[pos=37 lim=16384 cap=16384]
13258 [Memcached IO over {MemcachedConnection to localhost/127.0.0.1:11211}] DEBUG net.spy.memcached.protocol.ascii.MutatorOperationImpl  - Transitioned state from WRITING to READING
13258 [Memcached IO over {MemcachedConnection to localhost/127.0.0.1:11211}] DEBUG net.spy.memcached.protocol.ascii.AsciiMemcachedNodeImpl  - Finished writing Cmd: incr Key: MemcachedCacheTest:index_key Amount: 1
13258 [Memcached IO over {MemcachedConnection to localhost/127.0.0.1:11211}] DEBUG net.spy.memcached.protocol.ascii.AsciiMemcachedNodeImpl  - Wrote 37 bytes
13258 [Memcached IO over {MemcachedConnection to localhost/127.0.0.1:11211}] DEBUG net.spy.memcached.protocol.ascii.AsciiMemcachedNodeImpl  - Setting interested opts to 1
13258 [Memcached IO over {MemcachedConnection to localhost/127.0.0.1:11211}] DEBUG net.spy.memcached.MemcachedConnection  - Done dealing with queue.
13258 [Memcached IO over {MemcachedConnection to localhost/127.0.0.1:11211}] DEBUG net.spy.memcached.MemcachedConnection  - Selecting with delay of 1000ms
13258 [Memcached IO over {MemcachedConnection to localhost/127.0.0.1:11211}] DEBUG net.spy.memcached.MemcachedConnection  - Checked the selectors.
13267 [Memcached IO over {MemcachedConnection to localhost/127.0.0.1:11211}] DEBUG net.spy.memcached.MemcachedConnection  - Selected 1, selected 1 keys
13267 [Memcached IO over {MemcachedConnection to localhost/127.0.0.1:11211}] DEBUG net.spy.memcached.MemcachedConnection  - Handling IO for:  channel=java.nio.channels.SocketChannel[connected local=/127.0.0.1:61845 remote=localhost/127.0.0.1:11211], selector=sun.nio.ch.KQueueSelectorImpl@30573903, interestOps=1, readyOps=1 (r=true, w=false, c=false, op={QA sa=localhost/127.0.0.1:11211, #Rops=1, #Wops=0, #iq=0, topRop=Cmd: incr Key: MemcachedCacheTest:index_key Amount: 1, topWop=null, toWrite=0, interested=1})
13267 [Memcached IO over {MemcachedConnection to localhost/127.0.0.1:11211}] DEBUG net.spy.memcached.MemcachedConnection  - Read 4 bytes
13267 [Memcached IO over {MemcachedConnection to localhost/127.0.0.1:11211}] DEBUG net.spy.memcached.protocol.ascii.MutatorOperationImpl  - Result:  32
13267 [Memcached IO over {MemcachedConnection to localhost/127.0.0.1:11211}] DEBUG net.spy.memcached.protocol.ascii.MutatorOperationImpl  - Transitioned state from READING to COMPLETE
13267 [Memcached IO over {MemcachedConnection to localhost/127.0.0.1:11211}] DEBUG net.spy.memcached.MemcachedConnection  - Completed read op: Cmd: incr Key: MemcachedCacheTest:index_key Amount: 1 and giving the next 0 bytes
13267 [Memcached IO over {MemcachedConnection to localhost/127.0.0.1:11211}] DEBUG net.spy.memcached.protocol.ascii.AsciiMemcachedNodeImpl  - Setting interested opts to 0
13267 [Test worker] DEBUG net.spy.memcached.MemcachedClient  - Mutation returned 32
13268 [Memcached IO over {MemcachedConnection to localhost/127.0.0.1:11211}] DEBUG net.spy.memcached.MemcachedConnection  - Done dealing with queue.
13268 [Memcached IO over {MemcachedConnection to localhost/127.0.0.1:11211}] DEBUG net.spy.memcached.MemcachedConnection  - Selecting with delay of 1000ms
13268 [Memcached IO over {MemcachedConnection to localhost/127.0.0.1:11211}] DEBUG net.spy.memcached.MemcachedConnection  - Checked the selectors.
13373 [Test worker] DEBUG com.nicindustries.hibernate.memcached.spymemcached.SpyMemcache  - MemcachedClient.get(MemcachedCacheTest:index_key)
13373 [Test worker] DEBUG net.spy.memcached.MemcachedConnection  - Added Cmd: get Keys: MemcachedCacheTest:index_keyExp: 0 to {QA sa=localhost/127.0.0.1:11211, #Rops=0, #Wops=0, #iq=1, topRop=null, topWop=null, toWrite=0, interested=0}
13373 [Memcached IO over {MemcachedConnection to localhost/127.0.0.1:11211}] DEBUG net.spy.memcached.MemcachedConnection  - No selectors ready, interrupted: false
13374 [Memcached IO over {MemcachedConnection to localhost/127.0.0.1:11211}] DEBUG net.spy.memcached.MemcachedConnection  - Handling queue
13374 [Memcached IO over {MemcachedConnection to localhost/127.0.0.1:11211}] DEBUG net.spy.memcached.protocol.ascii.AsciiMemcachedNodeImpl  - Setting interested opts to 4
13374 [Memcached IO over {MemcachedConnection to localhost/127.0.0.1:11211}] DEBUG net.spy.memcached.MemcachedConnection  - Done dealing with queue.
13374 [Memcached IO over {MemcachedConnection to localhost/127.0.0.1:11211}] DEBUG net.spy.memcached.MemcachedConnection  - Selecting with delay of 1000ms
13374 [Memcached IO over {MemcachedConnection to localhost/127.0.0.1:11211}] DEBUG net.spy.memcached.MemcachedConnection  - Checked the selectors.
13374 [Memcached IO over {MemcachedConnection to localhost/127.0.0.1:11211}] DEBUG net.spy.memcached.MemcachedConnection  - Selected 1, selected 1 keys
13374 [Memcached IO over {MemcachedConnection to localhost/127.0.0.1:11211}] DEBUG net.spy.memcached.MemcachedConnection  - Handling IO for:  channel=java.nio.channels.SocketChannel[connected local=/127.0.0.1:61845 remote=localhost/127.0.0.1:11211], selector=sun.nio.ch.KQueueSelectorImpl@30573903, interestOps=4, readyOps=4 (r=false, w=true, c=false, op={QA sa=localhost/127.0.0.1:11211, #Rops=0, #Wops=1, #iq=0, topRop=null, topWop=Cmd: get Keys: MemcachedCacheTest:index_keyExp: 0, toWrite=0, interested=4})
13374 [Memcached IO over {MemcachedConnection to localhost/127.0.0.1:11211}] DEBUG net.spy.memcached.protocol.ascii.GetOperationImpl  - Transitioned state from WRITE_QUEUED to WRITING
13374 [Memcached IO over {MemcachedConnection to localhost/127.0.0.1:11211}] DEBUG net.spy.memcached.protocol.ascii.AsciiMemcachedNodeImpl  - After copying stuff from Cmd: get Keys: MemcachedCacheTest:index_keyExp: 0: java.nio.DirectByteBuffer[pos=34 lim=16384 cap=16384]
13374 [Memcached IO over {MemcachedConnection to localhost/127.0.0.1:11211}] DEBUG net.spy.memcached.protocol.ascii.GetOperationImpl  - Transitioned state from WRITING to READING
13374 [Memcached IO over {MemcachedConnection to localhost/127.0.0.1:11211}] DEBUG net.spy.memcached.protocol.ascii.AsciiMemcachedNodeImpl  - Finished writing Cmd: get Keys: MemcachedCacheTest:index_keyExp: 0
13374 [Memcached IO over {MemcachedConnection to localhost/127.0.0.1:11211}] DEBUG net.spy.memcached.protocol.ascii.AsciiMemcachedNodeImpl  - Wrote 34 bytes
13374 [Memcached IO over {MemcachedConnection to localhost/127.0.0.1:11211}] DEBUG net.spy.memcached.protocol.ascii.AsciiMemcachedNodeImpl  - Setting interested opts to 1
13374 [Memcached IO over {MemcachedConnection to localhost/127.0.0.1:11211}] DEBUG net.spy.memcached.MemcachedConnection  - Done dealing with queue.
13374 [Memcached IO over {MemcachedConnection to localhost/127.0.0.1:11211}] DEBUG net.spy.memcached.MemcachedConnection  - Selecting with delay of 1000ms
13375 [Memcached IO over {MemcachedConnection to localhost/127.0.0.1:11211}] DEBUG net.spy.memcached.MemcachedConnection  - Checked the selectors.
13381 [Memcached IO over {MemcachedConnection to localhost/127.0.0.1:11211}] DEBUG net.spy.memcached.MemcachedConnection  - Selected 1, selected 1 keys
13381 [Memcached IO over {MemcachedConnection to localhost/127.0.0.1:11211}] DEBUG net.spy.memcached.MemcachedConnection  - Handling IO for:  channel=java.nio.channels.SocketChannel[connected local=/127.0.0.1:61845 remote=localhost/127.0.0.1:11211], selector=sun.nio.ch.KQueueSelectorImpl@30573903, interestOps=1, readyOps=1 (r=true, w=false, c=false, op={QA sa=localhost/127.0.0.1:11211, #Rops=1, #Wops=0, #iq=0, topRop=Cmd: get Keys: MemcachedCacheTest:index_keyExp: 0, topWop=null, toWrite=0, interested=1})
13381 [Memcached IO over {MemcachedConnection to localhost/127.0.0.1:11211}] DEBUG net.spy.memcached.MemcachedConnection  - Read 49 bytes
13381 [Memcached IO over {MemcachedConnection to localhost/127.0.0.1:11211}] DEBUG net.spy.memcached.protocol.ascii.GetOperationImpl  - Got line VALUE MemcachedCacheTest:index_key 0 2
13382 [Memcached IO over {MemcachedConnection to localhost/127.0.0.1:11211}] DEBUG net.spy.memcached.protocol.ascii.GetOperationImpl  - Set read type to data
13382 [Memcached IO over {MemcachedConnection to localhost/127.0.0.1:11211}] DEBUG net.spy.memcached.protocol.ascii.GetOperationImpl  - readOffset: 0, length: 2
13382 [Memcached IO over {MemcachedConnection to localhost/127.0.0.1:11211}] DEBUG net.spy.memcached.protocol.ascii.GetOperationImpl  - Reading 2 bytes
13382 [Memcached IO over {MemcachedConnection to localhost/127.0.0.1:11211}] DEBUG net.spy.memcached.protocol.ascii.GetOperationImpl  - Setting read type back to line.
13382 [Memcached IO over {MemcachedConnection to localhost/127.0.0.1:11211}] DEBUG net.spy.memcached.protocol.ascii.GetOperationImpl  - Get complete!
13382 [Memcached IO over {MemcachedConnection to localhost/127.0.0.1:11211}] DEBUG net.spy.memcached.protocol.ascii.GetOperationImpl  - Transitioned state from READING to COMPLETE
13382 [Memcached IO over {MemcachedConnection to localhost/127.0.0.1:11211}] DEBUG net.spy.memcached.MemcachedConnection  - Completed read op: Cmd: get Keys: MemcachedCacheTest:index_keyExp: 0 and giving the next 0 bytes
13382 [Memcached IO over {MemcachedConnection to localhost/127.0.0.1:11211}] DEBUG net.spy.memcached.protocol.ascii.AsciiMemcachedNodeImpl  - Setting interested opts to 0
13382 [Memcached IO over {MemcachedConnection to localhost/127.0.0.1:11211}] DEBUG net.spy.memcached.MemcachedConnection  - Done dealing with queue.
13382 [Memcached IO over {MemcachedConnection to localhost/127.0.0.1:11211}] DEBUG net.spy.memcached.MemcachedConnection  - Selecting with delay of 1000ms
13382 [Memcached IO over {MemcachedConnection to localhost/127.0.0.1:11211}] DEBUG net.spy.memcached.MemcachedConnection  - Checked the selectors.
13384 [Test worker] DEBUG com.nicindustries.hibernate.memcached.keystrategy.Sha1KeyStrategy  - Final cache key: [9a362f5dd3c96f7193a41899eb92d424e443ac82]
13384 [Test worker] DEBUG com.nicindustries.hibernate.memcached.MemcachedCache  - Memcache.get(9a362f5dd3c96f7193a41899eb92d424e443ac82)
13384 [Test worker] DEBUG com.nicindustries.hibernate.memcached.spymemcached.SpyMemcache  - MemcachedClient.get(9a362f5dd3c96f7193a41899eb92d424e443ac82)
13385 [Test worker] DEBUG net.spy.memcached.MemcachedConnection  - Added Cmd: get Keys: 9a362f5dd3c96f7193a41899eb92d424e443ac82Exp: 0 to {QA sa=localhost/127.0.0.1:11211, #Rops=0, #Wops=0, #iq=1, topRop=null, topWop=null, toWrite=0, interested=0}
13385 [Memcached IO over {MemcachedConnection to localhost/127.0.0.1:11211}] DEBUG net.spy.memcached.MemcachedConnection  - No selectors ready, interrupted: false
13385 [Memcached IO over {MemcachedConnection to localhost/127.0.0.1:11211}] DEBUG net.spy.memcached.MemcachedConnection  - Handling queue
13385 [Memcached IO over {MemcachedConnection to localhost/127.0.0.1:11211}] DEBUG net.spy.memcached.protocol.ascii.AsciiMemcachedNodeImpl  - Setting interested opts to 4
13385 [Memcached IO over {MemcachedConnection to localhost/127.0.0.1:11211}] DEBUG net.spy.memcached.MemcachedConnection  - Done dealing with queue.
13385 [Memcached IO over {MemcachedConnection to localhost/127.0.0.1:11211}] DEBUG net.spy.memcached.MemcachedConnection  - Selecting with delay of 1000ms
13385 [Memcached IO over {MemcachedConnection to localhost/127.0.0.1:11211}] DEBUG net.spy.memcached.MemcachedConnection  - Checked the selectors.
13385 [Memcached IO over {MemcachedConnection to localhost/127.0.0.1:11211}] DEBUG net.spy.memcached.MemcachedConnection  - Selected 1, selected 1 keys
13385 [Memcached IO over {MemcachedConnection to localhost/127.0.0.1:11211}] DEBUG net.spy.memcached.MemcachedConnection  - Handling IO for:  channel=java.nio.channels.SocketChannel[connected local=/127.0.0.1:61845 remote=localhost/127.0.0.1:11211], selector=sun.nio.ch.KQueueSelectorImpl@30573903, interestOps=4, readyOps=4 (r=false, w=true, c=false, op={QA sa=localhost/127.0.0.1:11211, #Rops=0, #Wops=1, #iq=0, topRop=null, topWop=Cmd: get Keys: 9a362f5dd3c96f7193a41899eb92d424e443ac82Exp: 0, toWrite=0, interested=4})
13385 [Memcached IO over {MemcachedConnection to localhost/127.0.0.1:11211}] DEBUG net.spy.memcached.protocol.ascii.GetOperationImpl  - Transitioned state from WRITE_QUEUED to WRITING
13385 [Memcached IO over {MemcachedConnection to localhost/127.0.0.1:11211}] DEBUG net.spy.memcached.protocol.ascii.AsciiMemcachedNodeImpl  - After copying stuff from Cmd: get Keys: 9a362f5dd3c96f7193a41899eb92d424e443ac82Exp: 0: java.nio.DirectByteBuffer[pos=46 lim=16384 cap=16384]
13385 [Memcached IO over {MemcachedConnection to localhost/127.0.0.1:11211}] DEBUG net.spy.memcached.protocol.ascii.GetOperationImpl  - Transitioned state from WRITING to READING
13385 [Memcached IO over {MemcachedConnection to localhost/127.0.0.1:11211}] DEBUG net.spy.memcached.protocol.ascii.AsciiMemcachedNodeImpl  - Finished writing Cmd: get Keys: 9a362f5dd3c96f7193a41899eb92d424e443ac82Exp: 0
13385 [Memcached IO over {MemcachedConnection to localhost/127.0.0.1:11211}] DEBUG net.spy.memcached.protocol.ascii.AsciiMemcachedNodeImpl  - Wrote 46 bytes
13385 [Memcached IO over {MemcachedConnection to localhost/127.0.0.1:11211}] DEBUG net.spy.memcached.protocol.ascii.AsciiMemcachedNodeImpl  - Setting interested opts to 1
13385 [Memcached IO over {MemcachedConnection to localhost/127.0.0.1:11211}] DEBUG net.spy.memcached.MemcachedConnection  - Done dealing with queue.
13385 [Memcached IO over {MemcachedConnection to localhost/127.0.0.1:11211}] DEBUG net.spy.memcached.MemcachedConnection  - Selecting with delay of 1000ms
13385 [Memcached IO over {MemcachedConnection to localhost/127.0.0.1:11211}] DEBUG net.spy.memcached.MemcachedConnection  - Checked the selectors.
13402 [Memcached IO over {MemcachedConnection to localhost/127.0.0.1:11211}] DEBUG net.spy.memcached.MemcachedConnection  - Selected 1, selected 1 keys
13402 [Memcached IO over {MemcachedConnection to localhost/127.0.0.1:11211}] DEBUG net.spy.memcached.MemcachedConnection  - Handling IO for:  channel=java.nio.channels.SocketChannel[connected local=/127.0.0.1:61845 remote=localhost/127.0.0.1:11211], selector=sun.nio.ch.KQueueSelectorImpl@30573903, interestOps=1, readyOps=1 (r=true, w=false, c=false, op={QA sa=localhost/127.0.0.1:11211, #Rops=1, #Wops=0, #iq=0, topRop=Cmd: get Keys: 9a362f5dd3c96f7193a41899eb92d424e443ac82Exp: 0, topWop=null, toWrite=0, interested=1})
13402 [Memcached IO over {MemcachedConnection to localhost/127.0.0.1:11211}] DEBUG net.spy.memcached.MemcachedConnection  - Read 5 bytes
13402 [Memcached IO over {MemcachedConnection to localhost/127.0.0.1:11211}] DEBUG net.spy.memcached.protocol.ascii.GetOperationImpl  - Get complete!
13402 [Memcached IO over {MemcachedConnection to localhost/127.0.0.1:11211}] DEBUG net.spy.memcached.protocol.ascii.GetOperationImpl  - Transitioned state from READING to COMPLETE
13402 [Memcached IO over {MemcachedConnection to localhost/127.0.0.1:11211}] DEBUG net.spy.memcached.MemcachedConnection  - Completed read op: Cmd: get Keys: 9a362f5dd3c96f7193a41899eb92d424e443ac82Exp: 0 and giving the next 0 bytes
13402 [Memcached IO over {MemcachedConnection to localhost/127.0.0.1:11211}] DEBUG net.spy.memcached.protocol.ascii.AsciiMemcachedNodeImpl  - Setting interested opts to 0
13403 [Memcached IO over {MemcachedConnection to localhost/127.0.0.1:11211}] DEBUG net.spy.memcached.MemcachedConnection  - Done dealing with queue.
13403 [Memcached IO over {MemcachedConnection to localhost/127.0.0.1:11211}] DEBUG net.spy.memcached.MemcachedConnection  - Selecting with delay of 1000ms
13403 [Memcached IO over {MemcachedConnection to localhost/127.0.0.1:11211}] DEBUG net.spy.memcached.MemcachedConnection  - Checked the selectors.
13403 [Test worker] DEBUG net.spy.memcached.MemcachedConnection  - Shut down channel java.nio.channels.SocketChannel[closed]
13403 [Memcached IO over {MemcachedConnection to localhost/127.0.0.1:11211} - SHUTTING DOWN (telling client)] DEBUG net.spy.memcached.MemcachedConnection  - No IO while shut down.
13403 [Memcached IO over {MemcachedConnection to localhost/127.0.0.1:11211} - SHUTTING DOWN (telling client)] DEBUG net.spy.memcached.MemcachedConnection  - No IO while shut down.
13403 [Memcached IO over {MemcachedConnection to localhost/127.0.0.1:11211} - SHUTTING DOWN (telling client)] DEBUG net.spy.memcached.MemcachedConnection  - No IO while shut down.
13403 [Memcached IO over {MemcachedConnection to localhost/127.0.0.1:11211} - SHUTTING DOWN (telling client)] DEBUG net.spy.memcached.MemcachedConnection  - No IO while shut down.
13403 [Memcached IO over {MemcachedConnection to localhost/127.0.0.1:11211} - SHUTTING DOWN (telling client)] DEBUG net.spy.memcached.MemcachedConnection  - No IO while shut down.
13403 [Memcached IO over {MemcachedConnection to localhost/127.0.0.1:11211} - SHUTTING DOWN (telling client)] DEBUG net.spy.memcached.MemcachedConnection  - No IO while shut down.
13403 [Memcached IO over {MemcachedConnection to localhost/127.0.0.1:11211} - SHUTTING DOWN (telling client)] DEBUG net.spy.memcached.MemcachedConnection  - No IO while shut down.
13403 [Test worker] DEBUG net.spy.memcached.MemcachedConnection  - Shut down selector sun.nio.ch.KQueueSelectorImpl@30573903
13403 [Memcached IO over {MemcachedConnection to localhost/127.0.0.1:11211} - SHUTTING DOWN (telling client)] DEBUG net.spy.memcached.MemcachedConnection  - No IO while shut down.
13403 [Memcached IO over {MemcachedConnection to localhost/127.0.0.1:11211} - SHUTTING DOWN (informed client)] INFO net.spy.memcached.MemcachedConnection  - Shut down memcached client
13404 [Test worker] INFO net.spy.memcached.MemcachedConnection  - Setting retryQueueSize to -1
13404 [Test worker] INFO net.spy.memcached.MemcachedConnection  - Added {QA sa=localhost/127.0.0.1:11211, #Rops=0, #Wops=0, #iq=0, topRop=null, topWop=null, toWrite=0, interested=0} to connect queue
13404 [Test worker] DEBUG net.spy.memcached.DefaultConnectionFactory  - Metric collection disabled.
13406 [Memcached IO over {MemcachedConnection to localhost/127.0.0.1:11211}] DEBUG net.spy.memcached.MemcachedConnection  - Done dealing with queue.
13407 [Memcached IO over {MemcachedConnection to localhost/127.0.0.1:11211}] DEBUG net.spy.memcached.MemcachedConnection  - Selecting with delay of 1000ms
13407 [Memcached IO over {MemcachedConnection to localhost/127.0.0.1:11211}] DEBUG net.spy.memcached.MemcachedConnection  - Checked the selectors.
13407 [Memcached IO over {MemcachedConnection to localhost/127.0.0.1:11211}] DEBUG net.spy.memcached.MemcachedConnection  - Selected 1, selected 1 keys
13407 [Memcached IO over {MemcachedConnection to localhost/127.0.0.1:11211}] DEBUG net.spy.memcached.MemcachedConnection  - Handling IO for:  channel=java.nio.channels.SocketChannel[connection-pending remote=localhost/127.0.0.1:11211], selector=sun.nio.ch.KQueueSelectorImpl@597b5d88, interestOps=8, readyOps=8 (r=false, w=false, c=true, op={QA sa=localhost/127.0.0.1:11211, #Rops=0, #Wops=0, #iq=0, topRop=null, topWop=null, toWrite=0, interested=8})
13407 [Memcached IO over {MemcachedConnection to localhost/127.0.0.1:11211}] DEBUG net.spy.memcached.MemcachedConnection  - Connection state changed for channel=java.nio.channels.SocketChannel[connection-pending remote=localhost/127.0.0.1:11211], selector=sun.nio.ch.KQueueSelectorImpl@597b5d88, interestOps=8, readyOps=8
13407 [Memcached IO over {MemcachedConnection to localhost/127.0.0.1:11211}] DEBUG net.spy.memcached.protocol.ascii.AsciiMemcachedNodeImpl  - Setting interested opts to 0
13407 [Memcached IO over {MemcachedConnection to localhost/127.0.0.1:11211}] DEBUG net.spy.memcached.MemcachedConnection  - Handling queue
13407 [Memcached IO over {MemcachedConnection to localhost/127.0.0.1:11211}] DEBUG net.spy.memcached.protocol.ascii.AsciiMemcachedNodeImpl  - Setting interested opts to 0
13407 [Memcached IO over {MemcachedConnection to localhost/127.0.0.1:11211}] DEBUG net.spy.memcached.MemcachedConnection  - Done dealing with queue.
13407 [Memcached IO over {MemcachedConnection to localhost/127.0.0.1:11211}] DEBUG net.spy.memcached.MemcachedConnection  - Selecting with delay of 1000ms
13407 [Memcached IO over {MemcachedConnection to localhost/127.0.0.1:11211}] DEBUG net.spy.memcached.MemcachedConnection  - Checked the selectors.
13407 [Test worker] DEBUG com.nicindustries.hibernate.memcached.keystrategy.Sha1KeyStrategy  - Final cache key: [8ce931d0df1595a82cbb7c6f4200df2e9a297b3e]
13407 [Test worker] DEBUG com.nicindustries.hibernate.memcached.MemcachedCache  - Memcache.set(8ce931d0df1595a82cbb7c6f4200df2e9a297b3e)
13407 [Test worker] DEBUG com.nicindustries.hibernate.memcached.spymemcached.SpyMemcache  - MemcachedClient.set(8ce931d0df1595a82cbb7c6f4200df2e9a297b3e)
13407 [Test worker] DEBUG net.spy.memcached.MemcachedConnection  - Added Cmd: set Key: 8ce931d0df1595a82cbb7c6f4200df2e9a297b3e Flags: 0 Exp: 300 Data Length: 5 to {QA sa=localhost/127.0.0.1:11211, #Rops=0, #Wops=0, #iq=1, topRop=null, topWop=null, toWrite=0, interested=0}
13408 [Memcached IO over {MemcachedConnection to localhost/127.0.0.1:11211}] DEBUG net.spy.memcached.MemcachedConnection  - No selectors ready, interrupted: false
13408 [Memcached IO over {MemcachedConnection to localhost/127.0.0.1:11211}] DEBUG net.spy.memcached.MemcachedConnection  - Handling queue
13408 [Memcached IO over {MemcachedConnection to localhost/127.0.0.1:11211}] DEBUG net.spy.memcached.protocol.ascii.AsciiMemcachedNodeImpl  - Setting interested opts to 4
13408 [Memcached IO over {MemcachedConnection to localhost/127.0.0.1:11211}] DEBUG net.spy.memcached.MemcachedConnection  - Done dealing with queue.
13408 [Memcached IO over {MemcachedConnection to localhost/127.0.0.1:11211}] DEBUG net.spy.memcached.MemcachedConnection  - Selecting with delay of 1000ms
13408 [Memcached IO over {MemcachedConnection to localhost/127.0.0.1:11211}] DEBUG net.spy.memcached.MemcachedConnection  - Checked the selectors.
13408 [Memcached IO over {MemcachedConnection to localhost/127.0.0.1:11211}] DEBUG net.spy.memcached.MemcachedConnection  - Selected 1, selected 1 keys
13408 [Memcached IO over {MemcachedConnection to localhost/127.0.0.1:11211}] DEBUG net.spy.memcached.MemcachedConnection  - Handling IO for:  channel=java.nio.channels.SocketChannel[connected local=/127.0.0.1:61846 remote=localhost/127.0.0.1:11211], selector=sun.nio.ch.KQueueSelectorImpl@597b5d88, interestOps=4, readyOps=4 (r=false, w=true, c=false, op={QA sa=localhost/127.0.0.1:11211, #Rops=0, #Wops=1, #iq=0, topRop=null, topWop=Cmd: set Key: 8ce931d0df1595a82cbb7c6f4200df2e9a297b3e Flags: 0 Exp: 300 Data Length: 5, toWrite=0, interested=4})
13408 [Memcached IO over {MemcachedConnection to localhost/127.0.0.1:11211}] DEBUG net.spy.memcached.protocol.ascii.StoreOperationImpl  - Transitioned state from WRITE_QUEUED to WRITING
13408 [Memcached IO over {MemcachedConnection to localhost/127.0.0.1:11211}] DEBUG net.spy.memcached.protocol.ascii.AsciiMemcachedNodeImpl  - After copying stuff from Cmd: set Key: 8ce931d0df1595a82cbb7c6f4200df2e9a297b3e Flags: 0 Exp: 300 Data Length: 5: java.nio.DirectByteBuffer[pos=61 lim=16384 cap=16384]
13408 [Memcached IO over {MemcachedConnection to localhost/127.0.0.1:11211}] DEBUG net.spy.memcached.protocol.ascii.StoreOperationImpl  - Transitioned state from WRITING to READING
13408 [Memcached IO over {MemcachedConnection to localhost/127.0.0.1:11211}] DEBUG net.spy.memcached.protocol.ascii.AsciiMemcachedNodeImpl  - Finished writing Cmd: set Key: 8ce931d0df1595a82cbb7c6f4200df2e9a297b3e Flags: 0 Exp: 300 Data Length: 5
13408 [Memcached IO over {MemcachedConnection to localhost/127.0.0.1:11211}] DEBUG net.spy.memcached.protocol.ascii.AsciiMemcachedNodeImpl  - Wrote 61 bytes
13408 [Memcached IO over {MemcachedConnection to localhost/127.0.0.1:11211}] DEBUG net.spy.memcached.protocol.ascii.AsciiMemcachedNodeImpl  - Setting interested opts to 1
13408 [Memcached IO over {MemcachedConnection to localhost/127.0.0.1:11211}] DEBUG net.spy.memcached.MemcachedConnection  - Done dealing with queue.
13408 [Memcached IO over {MemcachedConnection to localhost/127.0.0.1:11211}] DEBUG net.spy.memcached.MemcachedConnection  - Selecting with delay of 1000ms
13408 [Memcached IO over {MemcachedConnection to localhost/127.0.0.1:11211}] DEBUG net.spy.memcached.MemcachedConnection  - Checked the selectors.
13409 [Memcached IO over {MemcachedConnection to localhost/127.0.0.1:11211}] DEBUG net.spy.memcached.MemcachedConnection  - Selected 1, selected 1 keys
13409 [Memcached IO over {MemcachedConnection to localhost/127.0.0.1:11211}] DEBUG net.spy.memcached.MemcachedConnection  - Handling IO for:  channel=java.nio.channels.SocketChannel[connected local=/127.0.0.1:61846 remote=localhost/127.0.0.1:11211], selector=sun.nio.ch.KQueueSelectorImpl@597b5d88, interestOps=1, readyOps=1 (r=true, w=false, c=false, op={QA sa=localhost/127.0.0.1:11211, #Rops=1, #Wops=0, #iq=0, topRop=Cmd: set Key: 8ce931d0df1595a82cbb7c6f4200df2e9a297b3e Flags: 0 Exp: 300 Data Length: 5, topWop=null, toWrite=0, interested=1})
13409 [Memcached IO over {MemcachedConnection to localhost/127.0.0.1:11211}] DEBUG net.spy.memcached.MemcachedConnection  - Read 8 bytes
13409 [Memcached IO over {MemcachedConnection to localhost/127.0.0.1:11211}] DEBUG net.spy.memcached.protocol.ascii.StoreOperationImpl  - Transitioned state from READING to COMPLETE
13410 [Memcached IO over {MemcachedConnection to localhost/127.0.0.1:11211}] DEBUG net.spy.memcached.MemcachedConnection  - Completed read op: Cmd: set Key: 8ce931d0df1595a82cbb7c6f4200df2e9a297b3e Flags: 0 Exp: 300 Data Length: 5 and giving the next 0 bytes
13410 [Memcached IO over {MemcachedConnection to localhost/127.0.0.1:11211}] DEBUG net.spy.memcached.protocol.ascii.AsciiMemcachedNodeImpl  - Setting interested opts to 0
13410 [Memcached IO over {MemcachedConnection to localhost/127.0.0.1:11211}] DEBUG net.spy.memcached.MemcachedConnection  - Done dealing with queue.
13410 [Memcached IO over {MemcachedConnection to localhost/127.0.0.1:11211}] DEBUG net.spy.memcached.MemcachedConnection  - Selecting with delay of 1000ms
13410 [Memcached IO over {MemcachedConnection to localhost/127.0.0.1:11211}] DEBUG net.spy.memcached.MemcachedConnection  - Checked the selectors.
13512 [Test worker] DEBUG com.nicindustries.hibernate.memcached.keystrategy.Sha1KeyStrategy  - Final cache key: [8ce931d0df1595a82cbb7c6f4200df2e9a297b3e]
13512 [Test worker] DEBUG com.nicindustries.hibernate.memcached.MemcachedCache  - Memcache.get(8ce931d0df1595a82cbb7c6f4200df2e9a297b3e)
13512 [Test worker] DEBUG com.nicindustries.hibernate.memcached.spymemcached.SpyMemcache  - MemcachedClient.get(8ce931d0df1595a82cbb7c6f4200df2e9a297b3e)
13513 [Test worker] DEBUG net.spy.memcached.MemcachedConnection  - Added Cmd: get Keys: 8ce931d0df1595a82cbb7c6f4200df2e9a297b3eExp: 0 to {QA sa=localhost/127.0.0.1:11211, #Rops=0, #Wops=0, #iq=1, topRop=null, topWop=null, toWrite=0, interested=0}
13514 [Memcached IO over {MemcachedConnection to localhost/127.0.0.1:11211}] DEBUG net.spy.memcached.MemcachedConnection  - No selectors ready, interrupted: false
13514 [Memcached IO over {MemcachedConnection to localhost/127.0.0.1:11211}] DEBUG net.spy.memcached.MemcachedConnection  - Handling queue
13515 [Memcached IO over {MemcachedConnection to localhost/127.0.0.1:11211}] DEBUG net.spy.memcached.protocol.ascii.AsciiMemcachedNodeImpl  - Setting interested opts to 4
13515 [Memcached IO over {MemcachedConnection to localhost/127.0.0.1:11211}] DEBUG net.spy.memcached.MemcachedConnection  - Done dealing with queue.
13515 [Memcached IO over {MemcachedConnection to localhost/127.0.0.1:11211}] DEBUG net.spy.memcached.MemcachedConnection  - Selecting with delay of 1000ms
13515 [Memcached IO over {MemcachedConnection to localhost/127.0.0.1:11211}] DEBUG net.spy.memcached.MemcachedConnection  - Checked the selectors.
13515 [Memcached IO over {MemcachedConnection to localhost/127.0.0.1:11211}] DEBUG net.spy.memcached.MemcachedConnection  - Selected 1, selected 1 keys
13515 [Memcached IO over {MemcachedConnection to localhost/127.0.0.1:11211}] DEBUG net.spy.memcached.MemcachedConnection  - Handling IO for:  channel=java.nio.channels.SocketChannel[connected local=/127.0.0.1:61846 remote=localhost/127.0.0.1:11211], selector=sun.nio.ch.KQueueSelectorImpl@597b5d88, interestOps=4, readyOps=4 (r=false, w=true, c=false, op={QA sa=localhost/127.0.0.1:11211, #Rops=0, #Wops=1, #iq=0, topRop=null, topWop=Cmd: get Keys: 8ce931d0df1595a82cbb7c6f4200df2e9a297b3eExp: 0, toWrite=0, interested=4})
13515 [Memcached IO over {MemcachedConnection to localhost/127.0.0.1:11211}] DEBUG net.spy.memcached.protocol.ascii.GetOperationImpl  - Transitioned state from WRITE_QUEUED to WRITING
13516 [Memcached IO over {MemcachedConnection to localhost/127.0.0.1:11211}] DEBUG net.spy.memcached.protocol.ascii.AsciiMemcachedNodeImpl  - After copying stuff from Cmd: get Keys: 8ce931d0df1595a82cbb7c6f4200df2e9a297b3eExp: 0: java.nio.DirectByteBuffer[pos=46 lim=16384 cap=16384]
13516 [Memcached IO over {MemcachedConnection to localhost/127.0.0.1:11211}] DEBUG net.spy.memcached.protocol.ascii.GetOperationImpl  - Transitioned state from WRITING to READING
13516 [Memcached IO over {MemcachedConnection to localhost/127.0.0.1:11211}] DEBUG net.spy.memcached.protocol.ascii.AsciiMemcachedNodeImpl  - Finished writing Cmd: get Keys: 8ce931d0df1595a82cbb7c6f4200df2e9a297b3eExp: 0
13516 [Memcached IO over {MemcachedConnection to localhost/127.0.0.1:11211}] DEBUG net.spy.memcached.protocol.ascii.AsciiMemcachedNodeImpl  - Wrote 46 bytes
13516 [Memcached IO over {MemcachedConnection to localhost/127.0.0.1:11211}] DEBUG net.spy.memcached.protocol.ascii.AsciiMemcachedNodeImpl  - Setting interested opts to 1
13516 [Memcached IO over {MemcachedConnection to localhost/127.0.0.1:11211}] DEBUG net.spy.memcached.MemcachedConnection  - Done dealing with queue.
13516 [Memcached IO over {MemcachedConnection to localhost/127.0.0.1:11211}] DEBUG net.spy.memcached.MemcachedConnection  - Selecting with delay of 1000ms
13516 [Memcached IO over {MemcachedConnection to localhost/127.0.0.1:11211}] DEBUG net.spy.memcached.MemcachedConnection  - Checked the selectors.
13520 [Memcached IO over {MemcachedConnection to localhost/127.0.0.1:11211}] DEBUG net.spy.memcached.MemcachedConnection  - Selected 1, selected 1 keys
13521 [Memcached IO over {MemcachedConnection to localhost/127.0.0.1:11211}] DEBUG net.spy.memcached.MemcachedConnection  - Handling IO for:  channel=java.nio.channels.SocketChannel[connected local=/127.0.0.1:61846 remote=localhost/127.0.0.1:11211], selector=sun.nio.ch.KQueueSelectorImpl@597b5d88, interestOps=1, readyOps=1 (r=true, w=false, c=false, op={QA sa=localhost/127.0.0.1:11211, #Rops=1, #Wops=0, #iq=0, topRop=Cmd: get Keys: 8ce931d0df1595a82cbb7c6f4200df2e9a297b3eExp: 0, topWop=null, toWrite=0, interested=1})
13521 [Memcached IO over {MemcachedConnection to localhost/127.0.0.1:11211}] DEBUG net.spy.memcached.MemcachedConnection  - Read 64 bytes
13521 [Memcached IO over {MemcachedConnection to localhost/127.0.0.1:11211}] DEBUG net.spy.memcached.protocol.ascii.GetOperationImpl  - Got line VALUE 8ce931d0df1595a82cbb7c6f4200df2e9a297b3e 0 5
13521 [Memcached IO over {MemcachedConnection to localhost/127.0.0.1:11211}] DEBUG net.spy.memcached.protocol.ascii.GetOperationImpl  - Set read type to data
13521 [Memcached IO over {MemcachedConnection to localhost/127.0.0.1:11211}] DEBUG net.spy.memcached.protocol.ascii.GetOperationImpl  - readOffset: 0, length: 5
13521 [Memcached IO over {MemcachedConnection to localhost/127.0.0.1:11211}] DEBUG net.spy.memcached.protocol.ascii.GetOperationImpl  - Reading 5 bytes
13521 [Memcached IO over {MemcachedConnection to localhost/127.0.0.1:11211}] DEBUG net.spy.memcached.protocol.ascii.GetOperationImpl  - Setting read type back to line.
13521 [Memcached IO over {MemcachedConnection to localhost/127.0.0.1:11211}] DEBUG net.spy.memcached.protocol.ascii.GetOperationImpl  - Get complete!
13521 [Memcached IO over {MemcachedConnection to localhost/127.0.0.1:11211}] DEBUG net.spy.memcached.protocol.ascii.GetOperationImpl  - Transitioned state from READING to COMPLETE
13521 [Memcached IO over {MemcachedConnection to localhost/127.0.0.1:11211}] DEBUG net.spy.memcached.MemcachedConnection  - Completed read op: Cmd: get Keys: 8ce931d0df1595a82cbb7c6f4200df2e9a297b3eExp: 0 and giving the next 0 bytes
13521 [Memcached IO over {MemcachedConnection to localhost/127.0.0.1:11211}] DEBUG net.spy.memcached.protocol.ascii.AsciiMemcachedNodeImpl  - Setting interested opts to 0
13521 [Memcached IO over {MemcachedConnection to localhost/127.0.0.1:11211}] DEBUG net.spy.memcached.MemcachedConnection  - Done dealing with queue.
13521 [Memcached IO over {MemcachedConnection to localhost/127.0.0.1:11211}] DEBUG net.spy.memcached.MemcachedConnection  - Selecting with delay of 1000ms
13521 [Memcached IO over {MemcachedConnection to localhost/127.0.0.1:11211}] DEBUG net.spy.memcached.MemcachedConnection  - Checked the selectors.
13521 [Test worker] DEBUG net.spy.memcached.MemcachedConnection  - Shut down channel java.nio.channels.SocketChannel[closed]
13523 [Memcached IO over {MemcachedConnection to localhost/127.0.0.1:11211} - SHUTTING DOWN (telling client)] DEBUG net.spy.memcached.MemcachedConnection  - No IO while shut down.
13523 [Memcached IO over {MemcachedConnection to localhost/127.0.0.1:11211} - SHUTTING DOWN (telling client)] DEBUG net.spy.memcached.MemcachedConnection  - No IO while shut down.
13523 [Memcached IO over {MemcachedConnection to localhost/127.0.0.1:11211} - SHUTTING DOWN (telling client)] DEBUG net.spy.memcached.MemcachedConnection  - No IO while shut down.
13523 [Memcached IO over {MemcachedConnection to localhost/127.0.0.1:11211} - SHUTTING DOWN (telling client)] DEBUG net.spy.memcached.MemcachedConnection  - No IO while shut down.
13523 [Memcached IO over {MemcachedConnection to localhost/127.0.0.1:11211} - SHUTTING DOWN (telling client)] DEBUG net.spy.memcached.MemcachedConnection  - No IO while shut down.
13523 [Test worker] DEBUG net.spy.memcached.MemcachedConnection  - Shut down selector sun.nio.ch.KQueueSelectorImpl@597b5d88
13523 [Memcached IO over {MemcachedConnection to localhost/127.0.0.1:11211} - SHUTTING DOWN (telling client)] DEBUG net.spy.memcached.MemcachedConnection  - No IO while shut down.
13523 [Memcached IO over {MemcachedConnection to localhost/127.0.0.1:11211} - SHUTTING DOWN (informed client)] INFO net.spy.memcached.MemcachedConnection  - Shut down memcached client
13525 [Test worker] INFO net.spy.memcached.MemcachedConnection  - Setting retryQueueSize to -1
13526 [Test worker] INFO net.spy.memcached.MemcachedConnection  - Added {QA sa=localhost/127.0.0.1:11211, #Rops=0, #Wops=0, #iq=0, topRop=null, topWop=null, toWrite=0, interested=0} to connect queue
13526 [Test worker] DEBUG net.spy.memcached.DefaultConnectionFactory  - Metric collection disabled.
13527 [Memcached IO over {MemcachedConnection to localhost/127.0.0.1:11211}] DEBUG net.spy.memcached.MemcachedConnection  - Done dealing with queue.
13527 [Memcached IO over {MemcachedConnection to localhost/127.0.0.1:11211}] DEBUG net.spy.memcached.MemcachedConnection  - Selecting with delay of 1000ms
13527 [Memcached IO over {MemcachedConnection to localhost/127.0.0.1:11211}] DEBUG net.spy.memcached.MemcachedConnection  - Checked the selectors.
13527 [Memcached IO over {MemcachedConnection to localhost/127.0.0.1:11211}] DEBUG net.spy.memcached.MemcachedConnection  - Selected 1, selected 1 keys
13527 [Memcached IO over {MemcachedConnection to localhost/127.0.0.1:11211}] DEBUG net.spy.memcached.MemcachedConnection  - Handling IO for:  channel=java.nio.channels.SocketChannel[connection-pending remote=localhost/127.0.0.1:11211], selector=sun.nio.ch.KQueueSelectorImpl@1b6b66ef, interestOps=8, readyOps=8 (r=false, w=false, c=true, op={QA sa=localhost/127.0.0.1:11211, #Rops=0, #Wops=0, #iq=0, topRop=null, topWop=null, toWrite=0, interested=8})
13527 [Memcached IO over {MemcachedConnection to localhost/127.0.0.1:11211}] DEBUG net.spy.memcached.MemcachedConnection  - Connection state changed for channel=java.nio.channels.SocketChannel[connection-pending remote=localhost/127.0.0.1:11211], selector=sun.nio.ch.KQueueSelectorImpl@1b6b66ef, interestOps=8, readyOps=8
13528 [Memcached IO over {MemcachedConnection to localhost/127.0.0.1:11211}] DEBUG net.spy.memcached.protocol.ascii.AsciiMemcachedNodeImpl  - Setting interested opts to 0
13528 [Memcached IO over {MemcachedConnection to localhost/127.0.0.1:11211}] DEBUG net.spy.memcached.MemcachedConnection  - Handling queue
13528 [Memcached IO over {MemcachedConnection to localhost/127.0.0.1:11211}] DEBUG net.spy.memcached.protocol.ascii.AsciiMemcachedNodeImpl  - Setting interested opts to 0
13528 [Memcached IO over {MemcachedConnection to localhost/127.0.0.1:11211}] DEBUG net.spy.memcached.MemcachedConnection  - Done dealing with queue.
13528 [Memcached IO over {MemcachedConnection to localhost/127.0.0.1:11211}] DEBUG net.spy.memcached.MemcachedConnection  - Selecting with delay of 1000ms
13528 [Memcached IO over {MemcachedConnection to localhost/127.0.0.1:11211}] DEBUG net.spy.memcached.MemcachedConnection  - Checked the selectors.
13528 [Test worker] DEBUG com.nicindustries.hibernate.memcached.keystrategy.Sha1KeyStrategy  - Final cache key: [b1e96017e4f984f442694c1a586ffd1422ef7029]
13528 [Test worker] DEBUG com.nicindustries.hibernate.memcached.MemcachedCache  - Memcache.set(b1e96017e4f984f442694c1a586ffd1422ef7029)
13528 [Test worker] DEBUG com.nicindustries.hibernate.memcached.spymemcached.SpyMemcache  - MemcachedClient.set(b1e96017e4f984f442694c1a586ffd1422ef7029)
13528 [Test worker] DEBUG net.spy.memcached.MemcachedConnection  - Added Cmd: set Key: b1e96017e4f984f442694c1a586ffd1422ef7029 Flags: 0 Exp: 300 Data Length: 5 to {QA sa=localhost/127.0.0.1:11211, #Rops=0, #Wops=0, #iq=1, topRop=null, topWop=null, toWrite=0, interested=0}
13528 [Memcached IO over {MemcachedConnection to localhost/127.0.0.1:11211}] DEBUG net.spy.memcached.MemcachedConnection  - No selectors ready, interrupted: false
13528 [Memcached IO over {MemcachedConnection to localhost/127.0.0.1:11211}] DEBUG net.spy.memcached.MemcachedConnection  - Handling queue
13528 [Memcached IO over {MemcachedConnection to localhost/127.0.0.1:11211}] DEBUG net.spy.memcached.protocol.ascii.AsciiMemcachedNodeImpl  - Setting interested opts to 4
13528 [Memcached IO over {MemcachedConnection to localhost/127.0.0.1:11211}] DEBUG net.spy.memcached.MemcachedConnection  - Done dealing with queue.
13528 [Memcached IO over {MemcachedConnection to localhost/127.0.0.1:11211}] DEBUG net.spy.memcached.MemcachedConnection  - Selecting with delay of 1000ms
13528 [Memcached IO over {MemcachedConnection to localhost/127.0.0.1:11211}] DEBUG net.spy.memcached.MemcachedConnection  - Checked the selectors.
13528 [Memcached IO over {MemcachedConnection to localhost/127.0.0.1:11211}] DEBUG net.spy.memcached.MemcachedConnection  - Selected 1, selected 1 keys
13528 [Memcached IO over {MemcachedConnection to localhost/127.0.0.1:11211}] DEBUG net.spy.memcached.MemcachedConnection  - Handling IO for:  channel=java.nio.channels.SocketChannel[connected local=/127.0.0.1:61847 remote=localhost/127.0.0.1:11211], selector=sun.nio.ch.KQueueSelectorImpl@1b6b66ef, interestOps=4, readyOps=4 (r=false, w=true, c=false, op={QA sa=localhost/127.0.0.1:11211, #Rops=0, #Wops=1, #iq=0, topRop=null, topWop=Cmd: set Key: b1e96017e4f984f442694c1a586ffd1422ef7029 Flags: 0 Exp: 300 Data Length: 5, toWrite=0, interested=4})
13528 [Memcached IO over {MemcachedConnection to localhost/127.0.0.1:11211}] DEBUG net.spy.memcached.protocol.ascii.StoreOperationImpl  - Transitioned state from WRITE_QUEUED to WRITING
13528 [Memcached IO over {MemcachedConnection to localhost/127.0.0.1:11211}] DEBUG net.spy.memcached.protocol.ascii.AsciiMemcachedNodeImpl  - After copying stuff from Cmd: set Key: b1e96017e4f984f442694c1a586ffd1422ef7029 Flags: 0 Exp: 300 Data Length: 5: java.nio.DirectByteBuffer[pos=61 lim=16384 cap=16384]
13528 [Memcached IO over {MemcachedConnection to localhost/127.0.0.1:11211}] DEBUG net.spy.memcached.protocol.ascii.StoreOperationImpl  - Transitioned state from WRITING to READING
13529 [Memcached IO over {MemcachedConnection to localhost/127.0.0.1:11211}] DEBUG net.spy.memcached.protocol.ascii.AsciiMemcachedNodeImpl  - Finished writing Cmd: set Key: b1e96017e4f984f442694c1a586ffd1422ef7029 Flags: 0 Exp: 300 Data Length: 5
13529 [Memcached IO over {MemcachedConnection to localhost/127.0.0.1:11211}] DEBUG net.spy.memcached.protocol.ascii.AsciiMemcachedNodeImpl  - Wrote 61 bytes
13529 [Memcached IO over {MemcachedConnection to localhost/127.0.0.1:11211}] DEBUG net.spy.memcached.protocol.ascii.AsciiMemcachedNodeImpl  - Setting interested opts to 1
13529 [Memcached IO over {MemcachedConnection to localhost/127.0.0.1:11211}] DEBUG net.spy.memcached.MemcachedConnection  - Done dealing with queue.
13529 [Memcached IO over {MemcachedConnection to localhost/127.0.0.1:11211}] DEBUG net.spy.memcached.MemcachedConnection  - Selecting with delay of 1000ms
13529 [Memcached IO over {MemcachedConnection to localhost/127.0.0.1:11211}] DEBUG net.spy.memcached.MemcachedConnection  - Checked the selectors.
13535 [Memcached IO over {MemcachedConnection to localhost/127.0.0.1:11211}] DEBUG net.spy.memcached.MemcachedConnection  - Selected 1, selected 1 keys
13536 [Memcached IO over {MemcachedConnection to localhost/127.0.0.1:11211}] DEBUG net.spy.memcached.MemcachedConnection  - Handling IO for:  channel=java.nio.channels.SocketChannel[connected local=/127.0.0.1:61847 remote=localhost/127.0.0.1:11211], selector=sun.nio.ch.KQueueSelectorImpl@1b6b66ef, interestOps=1, readyOps=1 (r=true, w=false, c=false, op={QA sa=localhost/127.0.0.1:11211, #Rops=1, #Wops=0, #iq=0, topRop=Cmd: set Key: b1e96017e4f984f442694c1a586ffd1422ef7029 Flags: 0 Exp: 300 Data Length: 5, topWop=null, toWrite=0, interested=1})
13536 [Memcached IO over {MemcachedConnection to localhost/127.0.0.1:11211}] DEBUG net.spy.memcached.MemcachedConnection  - Read 8 bytes
13536 [Memcached IO over {MemcachedConnection to localhost/127.0.0.1:11211}] DEBUG net.spy.memcached.protocol.ascii.StoreOperationImpl  - Transitioned state from READING to COMPLETE
13536 [Memcached IO over {MemcachedConnection to localhost/127.0.0.1:11211}] DEBUG net.spy.memcached.MemcachedConnection  - Completed read op: Cmd: set Key: b1e96017e4f984f442694c1a586ffd1422ef7029 Flags: 0 Exp: 300 Data Length: 5 and giving the next 0 bytes
13536 [Memcached IO over {MemcachedConnection to localhost/127.0.0.1:11211}] DEBUG net.spy.memcached.protocol.ascii.AsciiMemcachedNodeImpl  - Setting interested opts to 0
13536 [Memcached IO over {MemcachedConnection to localhost/127.0.0.1:11211}] DEBUG net.spy.memcached.MemcachedConnection  - Done dealing with queue.
13536 [Memcached IO over {MemcachedConnection to localhost/127.0.0.1:11211}] DEBUG net.spy.memcached.MemcachedConnection  - Selecting with delay of 1000ms
13536 [Memcached IO over {MemcachedConnection to localhost/127.0.0.1:11211}] DEBUG net.spy.memcached.MemcachedConnection  - Checked the selectors.
13633 [Test worker] DEBUG com.nicindustries.hibernate.memcached.keystrategy.Sha1KeyStrategy  - Final cache key: [b1e96017e4f984f442694c1a586ffd1422ef7029]
13634 [Test worker] DEBUG com.nicindustries.hibernate.memcached.MemcachedCache  - Memcache.get(b1e96017e4f984f442694c1a586ffd1422ef7029)
13634 [Test worker] DEBUG com.nicindustries.hibernate.memcached.spymemcached.SpyMemcache  - MemcachedClient.get(b1e96017e4f984f442694c1a586ffd1422ef7029)
13634 [Test worker] DEBUG net.spy.memcached.MemcachedConnection  - Added Cmd: get Keys: b1e96017e4f984f442694c1a586ffd1422ef7029Exp: 0 to {QA sa=localhost/127.0.0.1:11211, #Rops=0, #Wops=0, #iq=1, topRop=null, topWop=null, toWrite=0, interested=0}
13635 [Memcached IO over {MemcachedConnection to localhost/127.0.0.1:11211}] DEBUG net.spy.memcached.MemcachedConnection  - No selectors ready, interrupted: false
13635 [Memcached IO over {MemcachedConnection to localhost/127.0.0.1:11211}] DEBUG net.spy.memcached.MemcachedConnection  - Handling queue
13635 [Memcached IO over {MemcachedConnection to localhost/127.0.0.1:11211}] DEBUG net.spy.memcached.protocol.ascii.AsciiMemcachedNodeImpl  - Setting interested opts to 4
13635 [Memcached IO over {MemcachedConnection to localhost/127.0.0.1:11211}] DEBUG net.spy.memcached.MemcachedConnection  - Done dealing with queue.
13635 [Memcached IO over {MemcachedConnection to localhost/127.0.0.1:11211}] DEBUG net.spy.memcached.MemcachedConnection  - Selecting with delay of 1000ms
13635 [Memcached IO over {MemcachedConnection to localhost/127.0.0.1:11211}] DEBUG net.spy.memcached.MemcachedConnection  - Checked the selectors.
13636 [Memcached IO over {MemcachedConnection to localhost/127.0.0.1:11211}] DEBUG net.spy.memcached.MemcachedConnection  - Selected 1, selected 1 keys
13636 [Memcached IO over {MemcachedConnection to localhost/127.0.0.1:11211}] DEBUG net.spy.memcached.MemcachedConnection  - Handling IO for:  channel=java.nio.channels.SocketChannel[connected local=/127.0.0.1:61847 remote=localhost/127.0.0.1:11211], selector=sun.nio.ch.KQueueSelectorImpl@1b6b66ef, interestOps=4, readyOps=4 (r=false, w=true, c=false, op={QA sa=localhost/127.0.0.1:11211, #Rops=0, #Wops=1, #iq=0, topRop=null, topWop=Cmd: get Keys: b1e96017e4f984f442694c1a586ffd1422ef7029Exp: 0, toWrite=0, interested=4})
13636 [Memcached IO over {MemcachedConnection to localhost/127.0.0.1:11211}] DEBUG net.spy.memcached.protocol.ascii.GetOperationImpl  - Transitioned state from WRITE_QUEUED to WRITING
13636 [Memcached IO over {MemcachedConnection to localhost/127.0.0.1:11211}] DEBUG net.spy.memcached.protocol.ascii.AsciiMemcachedNodeImpl  - After copying stuff from Cmd: get Keys: b1e96017e4f984f442694c1a586ffd1422ef7029Exp: 0: java.nio.DirectByteBuffer[pos=46 lim=16384 cap=16384]
13636 [Memcached IO over {MemcachedConnection to localhost/127.0.0.1:11211}] DEBUG net.spy.memcached.protocol.ascii.GetOperationImpl  - Transitioned state from WRITING to READING
13636 [Memcached IO over {MemcachedConnection to localhost/127.0.0.1:11211}] DEBUG net.spy.memcached.protocol.ascii.AsciiMemcachedNodeImpl  - Finished writing Cmd: get Keys: b1e96017e4f984f442694c1a586ffd1422ef7029Exp: 0
13636 [Memcached IO over {MemcachedConnection to localhost/127.0.0.1:11211}] DEBUG net.spy.memcached.protocol.ascii.AsciiMemcachedNodeImpl  - Wrote 46 bytes
13636 [Memcached IO over {MemcachedConnection to localhost/127.0.0.1:11211}] DEBUG net.spy.memcached.protocol.ascii.AsciiMemcachedNodeImpl  - Setting interested opts to 1
13636 [Memcached IO over {MemcachedConnection to localhost/127.0.0.1:11211}] DEBUG net.spy.memcached.MemcachedConnection  - Done dealing with queue.
13636 [Memcached IO over {MemcachedConnection to localhost/127.0.0.1:11211}] DEBUG net.spy.memcached.MemcachedConnection  - Selecting with delay of 1000ms
13636 [Memcached IO over {MemcachedConnection to localhost/127.0.0.1:11211}] DEBUG net.spy.memcached.MemcachedConnection  - Checked the selectors.
13648 [Memcached IO over {MemcachedConnection to localhost/127.0.0.1:11211}] DEBUG net.spy.memcached.MemcachedConnection  - Selected 1, selected 1 keys
13648 [Memcached IO over {MemcachedConnection to localhost/127.0.0.1:11211}] DEBUG net.spy.memcached.MemcachedConnection  - Handling IO for:  channel=java.nio.channels.SocketChannel[connected local=/127.0.0.1:61847 remote=localhost/127.0.0.1:11211], selector=sun.nio.ch.KQueueSelectorImpl@1b6b66ef, interestOps=1, readyOps=1 (r=true, w=false, c=false, op={QA sa=localhost/127.0.0.1:11211, #Rops=1, #Wops=0, #iq=0, topRop=Cmd: get Keys: b1e96017e4f984f442694c1a586ffd1422ef7029Exp: 0, topWop=null, toWrite=0, interested=1})
13648 [Memcached IO over {MemcachedConnection to localhost/127.0.0.1:11211}] DEBUG net.spy.memcached.MemcachedConnection  - Read 64 bytes
13648 [Memcached IO over {MemcachedConnection to localhost/127.0.0.1:11211}] DEBUG net.spy.memcached.protocol.ascii.GetOperationImpl  - Got line VALUE b1e96017e4f984f442694c1a586ffd1422ef7029 0 5
13649 [Memcached IO over {MemcachedConnection to localhost/127.0.0.1:11211}] DEBUG net.spy.memcached.protocol.ascii.GetOperationImpl  - Set read type to data
13649 [Memcached IO over {MemcachedConnection to localhost/127.0.0.1:11211}] DEBUG net.spy.memcached.protocol.ascii.GetOperationImpl  - readOffset: 0, length: 5
13649 [Memcached IO over {MemcachedConnection to localhost/127.0.0.1:11211}] DEBUG net.spy.memcached.protocol.ascii.GetOperationImpl  - Reading 5 bytes
13649 [Memcached IO over {MemcachedConnection to localhost/127.0.0.1:11211}] DEBUG net.spy.memcached.protocol.ascii.GetOperationImpl  - Setting read type back to line.
13649 [Memcached IO over {MemcachedConnection to localhost/127.0.0.1:11211}] DEBUG net.spy.memcached.protocol.ascii.GetOperationImpl  - Get complete!
13649 [Memcached IO over {MemcachedConnection to localhost/127.0.0.1:11211}] DEBUG net.spy.memcached.protocol.ascii.GetOperationImpl  - Transitioned state from READING to COMPLETE
13649 [Memcached IO over {MemcachedConnection to localhost/127.0.0.1:11211}] DEBUG net.spy.memcached.MemcachedConnection  - Completed read op: Cmd: get Keys: b1e96017e4f984f442694c1a586ffd1422ef7029Exp: 0 and giving the next 0 bytes
13649 [Memcached IO over {MemcachedConnection to localhost/127.0.0.1:11211}] DEBUG net.spy.memcached.protocol.ascii.AsciiMemcachedNodeImpl  - Setting interested opts to 0
13649 [Memcached IO over {MemcachedConnection to localhost/127.0.0.1:11211}] DEBUG net.spy.memcached.MemcachedConnection  - Done dealing with queue.
13649 [Memcached IO over {MemcachedConnection to localhost/127.0.0.1:11211} - SHUTTING DOWN] DEBUG net.spy.memcached.MemcachedConnection  - Selecting with delay of 1000ms
13649 [Memcached IO over {MemcachedConnection to localhost/127.0.0.1:11211} - SHUTTING DOWN (telling client)] DEBUG net.spy.memcached.MemcachedConnection  - Checked the selectors.
13649 [Memcached IO over {MemcachedConnection to localhost/127.0.0.1:11211} - SHUTTING DOWN (telling client)] DEBUG net.spy.memcached.MemcachedConnection  - No IO while shut down.
13649 [Memcached IO over {MemcachedConnection to localhost/127.0.0.1:11211} - SHUTTING DOWN (telling client)] DEBUG net.spy.memcached.MemcachedConnection  - No IO while shut down.
13649 [Memcached IO over {MemcachedConnection to localhost/127.0.0.1:11211} - SHUTTING DOWN (telling client)] DEBUG net.spy.memcached.MemcachedConnection  - No IO while shut down.
13649 [Memcached IO over {MemcachedConnection to localhost/127.0.0.1:11211} - SHUTTING DOWN (telling client)] DEBUG net.spy.memcached.MemcachedConnection  - No IO while shut down.
13649 [Test worker] DEBUG net.spy.memcached.MemcachedConnection  - Shut down channel java.nio.channels.SocketChannel[closed]
13649 [Memcached IO over {MemcachedConnection to localhost/127.0.0.1:11211} - SHUTTING DOWN (telling client)] DEBUG net.spy.memcached.MemcachedConnection  - No IO while shut down.
13649 [Memcached IO over {MemcachedConnection to localhost/127.0.0.1:11211} - SHUTTING DOWN (telling client)] DEBUG net.spy.memcached.MemcachedConnection  - No IO while shut down.
13649 [Memcached IO over {MemcachedConnection to localhost/127.0.0.1:11211} - SHUTTING DOWN (telling client)] DEBUG net.spy.memcached.MemcachedConnection  - No IO while shut down.
13649 [Memcached IO over {MemcachedConnection to localhost/127.0.0.1:11211} - SHUTTING DOWN (telling client)] DEBUG net.spy.memcached.MemcachedConnection  - No IO while shut down.
13649 [Memcached IO over {MemcachedConnection to localhost/127.0.0.1:11211} - SHUTTING DOWN (telling client)] DEBUG net.spy.memcached.MemcachedConnection  - No IO while shut down.
13649 [Memcached IO over {MemcachedConnection to localhost/127.0.0.1:11211} - SHUTTING DOWN (telling client)] DEBUG net.spy.memcached.MemcachedConnection  - No IO while shut down.
13649 [Memcached IO over {MemcachedConnection to localhost/127.0.0.1:11211} - SHUTTING DOWN (telling client)] DEBUG net.spy.memcached.MemcachedConnection  - No IO while shut down.
13649 [Memcached IO over {MemcachedConnection to localhost/127.0.0.1:11211} - SHUTTING DOWN (telling client)] DEBUG net.spy.memcached.MemcachedConnection  - No IO while shut down.
13649 [Memcached IO over {MemcachedConnection to localhost/127.0.0.1:11211} - SHUTTING DOWN (telling client)] DEBUG net.spy.memcached.MemcachedConnection  - No IO while shut down.
13649 [Memcached IO over {MemcachedConnection to localhost/127.0.0.1:11211} - SHUTTING DOWN (telling client)] DEBUG net.spy.memcached.MemcachedConnection  - No IO while shut down.
13649 [Test worker] DEBUG net.spy.memcached.MemcachedConnection  - Shut down selector sun.nio.ch.KQueueSelectorImpl@1b6b66ef
13649 [Memcached IO over {MemcachedConnection to localhost/127.0.0.1:11211} - SHUTTING DOWN (informed client)] DEBUG net.spy.memcached.MemcachedConnection  - No IO while shut down.
13649 [Memcached IO over {MemcachedConnection to localhost/127.0.0.1:11211} - SHUTTING DOWN (informed client)] INFO net.spy.memcached.MemcachedConnection  - Shut down memcached client
]]></system-out>
  <system-err><![CDATA[]]></system-err>
</testsuite>
