<?xml version="1.0" encoding="UTF-8"?>
<testsuite name="com.nicindustries.hibernate.memcached.utils.StringUtilsTest" tests="6" skipped="0" failures="0" errors="0" timestamp="2022-07-27T22:32:04" hostname="macbook-pro.nicindustries.local" time="0.001">
  <properties/>
  <testcase name="test_sha1_hex" classname="com.nicindustries.hibernate.memcached.utils.StringUtilsTest" time="0.0"/>
  <testcase name="test_simple_join" classname="com.nicindustries.hibernate.memcached.utils.StringUtilsTest" time="0.0"/>
  <testcase name="test_md5_hex" classname="com.nicindustries.hibernate.memcached.utils.StringUtilsTest" time="0.0"/>
  <testcase name="test_null_join" classname="com.nicindustries.hibernate.memcached.utils.StringUtilsTest" time="0.0"/>
  <testcase name="test_empty_join" classname="com.nicindustries.hibernate.memcached.utils.StringUtilsTest" time="0.0"/>
  <testcase name="test_null_md5_hex" classname="com.nicindustries.hibernate.memcached.utils.StringUtilsTest" time="0.0"/>
  <system-out><![CDATA[]]></system-out>
  <system-err><![CDATA[]]></system-err>
</testsuite>
